Hmm ... looks like a package
Converting parsed Rd's to LaTeX .
Creating pdf output from LaTeX ...

This is pdfTeX, Version 3.141592653-2.6-1.40.26 (TeX Live 2024) (preloaded format=pdflatex)
 restricted \write18 enabled.
entering extended mode
LaTeX2e <2024-06-01> patch level 2
L3 programming layer <2024-08-30>
(./Rd2.tex
(/Users/kreutzer/Library/TinyTeX/texmf-dist/tex/latex/base/book.cls
Document Class: book 2024/02/08 v1.4n Standard LaTeX document class
(/Users/kreutzer/Library/TinyTeX/texmf-dist/tex/latex/base/bk10.clo)) (/Library/Frameworks/R.framework/Resources/share/texmf/tex/latex/Rd.sty (/Users/kreutzer/Library/TinyTeX/texmf-dist/tex/latex/base/ifthen.sty) (/Users/kreutzer/Library/TinyTeX/texmf-dist/tex/generic/iftex/iftex.sty) (/Users/kreutzer/Library/TinyTeX/texmf-dist/tex/latex/tools/longtable.sty) (/Users/kreutzer/Library/TinyTeX/texmf-dist/tex/latex/tools/bm.sty) (/Users/kreutzer/Library/TinyTeX/texmf-dist/tex/latex/base/alltt.sty) (/Users/kreutzer/Library/TinyTeX/texmf-dist/tex/latex/tools/verbatim.sty) (/Users/kreutzer/Library/TinyTeX/texmf-dist/tex/latex/url/url.sty) (/Users/kreutzer/Library/TinyTeX/texmf-dist/tex/latex/base/textcomp.sty) (/Users/kreutzer/Library/TinyTeX/texmf-dist/tex/latex/amsmath/amsmath.sty
For additional information on amsmath, use the `?' option.
(/Users/kreutzer/Library/TinyTeX/texmf-dist/tex/latex/amsmath/amstext.sty (/Users/kreutzer/Library/TinyTeX/texmf-dist/tex/latex/amsmath/amsgen.sty)) (/Users/kreutzer/Library/TinyTeX/texmf-dist/tex/latex/amsmath/amsbsy.sty) (/Users/kreutzer/Library/TinyTeX/texmf-dist/tex/latex/amsmath/amsopn.sty)) (/Users/kreutzer/Library/TinyTeX/texmf-dist/tex/latex/amsfonts/amsfonts.sty) (/Users/kreutzer/Library/TinyTeX/texmf-dist/tex/latex/amsfonts/amssymb.sty) (/Users/kreutzer/Library/TinyTeX/texmf-dist/tex/latex/amsfonts/eucal.sty) (/Users/kreutzer/Library/TinyTeX/texmf-dist/tex/latex/base/fontenc.sty) (/Users/kreutzer/Library/TinyTeX/texmf-dist/tex/latex/psnfss/times.sty) (/Users/kreutzer/Library/TinyTeX/texmf-dist/tex/latex/inconsolata/zi4.sty `inconsolata-zi4' v1.12, 2019/05/17 Text macros for Inconsolata (msharpe) (/Users/kreutzer/Library/TinyTeX/texmf-dist/tex/latex/xkeyval/xkeyval.sty (/Users/kreutzer/Library/TinyTeX/texmf-dist/tex/generic/xkeyval/xkeyval.tex (/Users/kreutzer/Library/TinyTeX/texmf-dist/tex/generic/xkeyval/xkvutils.tex (/Users/kreutzer/Library/TinyTeX/texmf-dist/tex/generic/xkeyval/keyval.tex))))) (/Users/kreutzer/Library/TinyTeX/texmf-dist/tex/latex/graphics/color.sty (/Users/kreutzer/Library/TinyTeX/texmf-dist/tex/latex/graphics-cfg/color.cfg) (/Users/kreutzer/Library/TinyTeX/texmf-dist/tex/latex/graphics-def/pdftex.def) (/Users/kreutzer/Library/TinyTeX/texmf-dist/tex/latex/graphics/mathcolor.ltx)) (/Users/kreutzer/Library/TinyTeX/texmf-dist/tex/latex/hyperref/hyperref.sty (/Users/kreutzer/Library/TinyTeX/texmf-dist/tex/latex/kvsetkeys/kvsetkeys.sty) (/Users/kreutzer/Library/TinyTeX/texmf-dist/tex/generic/kvdefinekeys/kvdefinekeys.sty) (/Users/kreutzer/Library/TinyTeX/texmf-dist/tex/generic/pdfescape/pdfescape.sty (/Users/kreutzer/Library/TinyTeX/texmf-dist/tex/generic/ltxcmds/ltxcmds.sty) (/Users/kreutzer/Library/TinyTeX/texmf-dist/tex/generic/pdftexcmds/pdftexcmds.sty (/Users/kreutzer/Library/TinyTeX/texmf-dist/tex/generic/infwarerr/infwarerr.sty))) (/Users/kreutzer/Library/TinyTeX/texmf-dist/tex/latex/hycolor/hycolor.sty) (/Users/kreutzer/Library/TinyTeX/texmf-dist/tex/latex/hyperref/nameref.sty (/Users/kreutzer/Library/TinyTeX/texmf-dist/tex/latex/refcount/refcount.sty) (/Users/kreutzer/Library/TinyTeX/texmf-dist/tex/generic/gettitlestring/gettitlestring.sty (/Users/kreutzer/Library/TinyTeX/texmf-dist/tex/latex/kvoptions/kvoptions.sty))) (/Users/kreutzer/Library/TinyTeX/texmf-dist/tex/latex/etoolbox/etoolbox.sty) (/Users/kreutzer/Library/TinyTeX/texmf-dist/tex/generic/stringenc/stringenc.sty) (/Users/kreutzer/Library/TinyTeX/texmf-dist/tex/latex/hyperref/pd1enc.def) (/Users/kreutzer/Library/TinyTeX/texmf-dist/tex/generic/intcalc/intcalc.sty) (/Users/kreutzer/Library/TinyTeX/texmf-dist/tex/latex/hyperref/puenc.def) (/Users/kreutzer/Library/TinyTeX/texmf-dist/tex/generic/bitset/bitset.sty (/Users/kreutzer/Library/TinyTeX/texmf-dist/tex/generic/bigintcalc/bigintcalc.sty)) (/Users/kreutzer/Library/TinyTeX/texmf-dist/tex/latex/base/atbegshi-ltx.sty)) (/Users/kreutzer/Library/TinyTeX/texmf-dist/tex/latex/hyperref/hpdftex.def (/Users/kreutzer/Library/TinyTeX/texmf-dist/tex/latex/base/atveryend-ltx.sty) (/Users/kreutzer/Library/TinyTeX/texmf-dist/tex/latex/rerunfilecheck/rerunfilecheck.sty (/Users/kreutzer/Library/TinyTeX/texmf-dist/tex/generic/uniquecounter/uniquecounter.sty)))) (/Users/kreutzer/Library/TinyTeX/texmf-dist/tex/latex/base/makeidx.sty)
Writing index file Rd2.idx
(/Users/kreutzer/Library/TinyTeX/texmf-dist/tex/latex/psnfss/t1ptm.fd) (/Users/kreutzer/Library/TinyTeX/texmf-dist/tex/latex/l3backend/l3backend-pdftex.def)
No file Rd2.aux.
(/Users/kreutzer/Library/TinyTeX/texmf-dist/tex/latex/inconsolata/t1zi4.fd) (/Users/kreutzer/Library/TinyTeX/texmf-dist/tex/latex/psnfss/ts1ptm.fd) (/Users/kreutzer/Library/TinyTeX/texmf-dist/tex/latex/amsfonts/umsa.fd) (/Users/kreutzer/Library/TinyTeX/texmf-dist/tex/latex/amsfonts/umsb.fd)
No file Rd2.toc.

[1{/Users/kreutzer/Library/TinyTeX/texmf-var/fonts/map/pdftex/updmap/pdftex.map}{/Users/kreutzer/Library/TinyTeX/texmf-dist/fonts/enc/dvips/base/8r.enc}{/Users/kreutzer/Library/TinyTeX/texmf-dist/fonts/enc/dvips/inconsolata/i4-t1-0.enc}]
[2]
Overfull \hbox (12.6373pt too wide) in paragraph at lines 158--161
[][][]\T1/ptm/m/n/10 character[][][] string (\T1/ptm/m/it/10 with de-fault\T1/ptm/m/n/10 ): in-te-gral er-ror es-ti-ma-tion ap-proach, ei-ther []\T1/zi4/m/n/10 "empiric"

[3]
Overfull \hbox (20.18642pt too wide) in paragraph at lines 199--204
[]\T1/ptm/m/n/10 As al-ter-na-tive al-go-rithm, Levenberg-Marquardt non-lin-ear re-gres-sion is avail-able, see [][]min-pack.lm::nlsLM[][][]

[4]
[5]
[6]
[7]
[8]
Overfull \hbox (66.25981pt too wide) in alignment at lines 481--481
 [] [] [] 

Overfull \hbox (54.05728pt too wide) in paragraph at lines 515--517
[][][]\T1/ptm/m/n/10 RLum.OSL_decomposition[][][], [][]sum_OSLcurves[][][], [][]de-com-pose_OSLcurve[][][], [][]plot_OSLcurve[][][], [][]plot_PhotoCrosssections[][][],

[9]
Overfull \hbox (26.68665pt too wide) in paragraph at lines 537--539
[]\T1/ptm/m/n/10 This func-tion de-fines in-te-gra-tion in-ter-vals for CW-OSL com-po-nent sep-a-ra-tion with [][]de-com-pose_OSLcurve[][][].

Overfull \hbox (10.46823pt too wide) in paragraph at lines 564--567
\T1/ptm/m/n/10 serves as time axis tem-plate. The in-put curve will be used to de-fine []\T1/zi4/m/n/10 channel.width

[10]
[11]
[12]
Overfull \hbox (53.98825pt too wide) in paragraph at lines 704--709
\T1/ptm/m/n/10 is for-warded to [][]gg-plot2::theme_set[][][]. Rec-om-mended themes are []\T1/zi4/m/n/10 ggplot2::theme_minimal()[]\T1/ptm/m/n/10 ,

Overfull \hbox (12.25989pt too wide) in paragraph at lines 704--709
[]\T1/zi4/m/n/10 ggplot2::theme_classic() []\T1/ptm/m/n/10 and []\T1/zi4/m/n/10 ggplot2::theme_bw()[]\T1/ptm/m/n/10 , see [][]gg-plot2::theme_bw[][][]

Overfull \hbox (350.49683pt too wide) in alignment at lines 742--742
 [] [] 

[13]
Overfull \hbox (6.75635pt too wide) in paragraph at lines 792--792
 []\T1/zi4/m/n/9 curve <- simulate_OSLcomponents(components, simulate.curve = TRUE, add.poisson.noise = TRUE)[] 

[14]
Overfull \hbox (14.02776pt too wide) in paragraph at lines 828--831
\T1/ptm/m/n/10 late the pho-toion-i-sa-tion cross sec-tions. If not given, the in-put value for [][]fit_OSLcurve[][][]

[15]
Overfull \hbox (6.75635pt too wide) in paragraph at lines 917--917
 []\T1/zi4/m/n/9 curve <- simulate_OSLcomponents(components, simulate.curve = TRUE, add.poisson.noise = TRUE)[] 

[16]
Overfull \hbox (16.50032pt too wide) in paragraph at lines 957--960
[]\T1/zi4/m/n/10 object[[]]@records[[]]@recordType[]\T1/ptm/m/n/10 . Com-mon are: []\T1/zi4/m/n/10 "OSL"[]\T1/ptm/m/n/10 ,[]\T1/zi4/m/n/10 "SGOSL" []\T1/ptm/m/n/10 or []\T1/zi4/m/n/10 "IRSL"[]\T1/ptm/m/n/10 . 

Overfull \hbox (73.82906pt too wide) in paragraph at lines 961--967
\T1/zi4/m/n/10 @recordType \T1/ptm/m/n/10 of the back-ground mea-sure-ments will be re-named to []\T1/zi4/m/n/10 "{record_type}background"[]\T1/ptm/m/n/10 . 

Overfull \hbox (13.25963pt too wide) in paragraph at lines 972--979
\T1/ptm/m/n/10 ram-e-ter will be enu-mer-ated []\T1/zi4/m/n/10 record_type "{record_type}2"[]\T1/ptm/m/n/10 , []\T1/zi4/m/n/10 "{record_type}3"

[17]
Overfull \hbox (18.74608pt too wide) in paragraph at lines 1003--1006
\T1/ptm/m/n/10 Those data sets must be for-mat-ted as [][]RLum.Analysis[][][] ob-jects. Out-put ob-jects will also be [][]RLum.Analysis[][][]

[18] (/Users/kreutzer/Library/TinyTeX/texmf-dist/tex/latex/inconsolata/ts1zi4.fd)
Overfull \hbox (15.75635pt too wide) in paragraph at lines 1106--1106
 []\T1/zi4/m/n/9 data_set_corrected <- RLum.OSL_correction(data_set, background = 11, remove_light_off = FALSE)[] 

[19{/Users/kreutzer/Library/TinyTeX/texmf-dist/fonts/enc/dvips/inconsolata/i4-ts1.enc}]
[20]
Overfull \hbox (8.89772pt too wide) in paragraph at lines 1198--1201
\T1/ptm/m/n/10 Uses the []\T1/zi4/m/n/10 "det" []\T1/ptm/m/n/10 al-go-rithm if a back-ground cor-rec-tion was per-formed with [][]RLum.OSL_correction[][][]

Overfull \hbox (60.96652pt too wide) in paragraph at lines 1206--1210
[]\T1/ptm/m/n/10 Data sets must be for-mat-ted as [][]RLum.Analysis[][][] ob-jects and should have been pro-cessed with [][]RLum.OSL_correction[][][]

Overfull \hbox (82.88737pt too wide) in paragraph at lines 1222--1224
[]\T1/ptm/m/n/10 The in-put []\T1/zi4/m/n/10 object[]\T1/ptm/m/n/10 , a [][]list[][][] of [][]RLum.Analysis[][][] ob-jects is re-turned but with a new list el-e-ment []\T1/zi4/m/n/10 object[["DECOMPOSITION"]][]\T1/ptm/m/n/10 ,

Overfull \hbox (2.3679pt too wide) in paragraph at lines 1234--1237
[]\T1/ptm/m/n/10 The [][]RLum.Data.Curve[][][] at-tribute \T1/zi4/m/n/10 @info \T1/ptm/m/n/10 of each CW-OSL record con-tains the new en-try \T1/zi4/m/n/10 $COMPONENTS

[21]
Overfull \hbox (62.81647pt too wide) in paragraph at lines 1265--1266
[][][]\T1/ptm/m/n/10 RLum.OSL_global_fitting[][][], [][]de-com-pose_OSLcurve[][][], [][]op-ti-mise_OSLintervals[][][], [][]Lu-mi-nes-cence::analyse_SAR.CWOSL[][][] 

[22]
Overfull \hbox (60.96652pt too wide) in paragraph at lines 1371--1375
[]\T1/ptm/m/n/10 Data sets must be for-mat-ted as [][]RLum.Analysis[][][] ob-jects and should have been pro-cessed with [][]RLum.OSL_correction[][][]

[23]
Overfull \hbox (87.88737pt too wide) in paragraph at lines 1387--1389
[]\T1/ptm/m/n/10 The in-put []\T1/zi4/m/n/10 object[]\T1/ptm/m/n/10 , a [][]list[][][] of [][]RLum.Analysis[][][] ob-jects is re-turned but with a new list el-e-ment []\T1/zi4/m/n/10 object[["OSL_COMPONENTS"]][]\T1/ptm/m/n/10 ,

[24]
[25]
Overfull \hbox (36.6179pt too wide) in paragraph at lines 1501--1503
[][][]\T1/ptm/m/n/10 logical[][][] (\T1/ptm/m/it/10 with de-fault\T1/ptm/m/n/10 ): Adds pois-son dis-tributed shot noise to \T1/zi4/m/n/10 $signal \T1/ptm/m/n/10 if []\T1/zi4/m/n/10 simulate.curve

[26]
Overfull \hbox (6.75635pt too wide) in paragraph at lines 1554--1554
 []\T1/zi4/m/n/9 curve <- simulate_OSLcomponents(components, simulate.curve = TRUE, add.poisson.noise = TRUE)[] 

[27]
No file Rd2.ind.

[28] (/private/var/folders/yz/3s5p1pss4352wtlzt9_bzbp00000gp/T/RtmpQNTLp3/Rd2pdfaf45bd785f/Rd2.aux)

Package rerunfilecheck Warning: File `Rd2.out' has changed.
(rerunfilecheck)                Rerun to get outlines right
(rerunfilecheck)                or use package `bookmark'.

 )
(see the transcript file for additional information)
pdfTeX warning (dest): name{Rfn.knitr::kable} has been referenced but does not exist, replaced by a fixed one


pdfTeX warning (dest): name{Rfn.rmarkdown.Rdash.package} has been referenced but does not exist, replaced by a fixed one


pdfTeX warning (dest): name{Rfn.Luminescence::analyse.Rul.SAR.CWOSL} has been referenced but does not exist, replaced by a fixed one


pdfTeX warning (dest): name{Rfn.rmarkdown} has been referenced but does not exist, replaced by a fixed one


pdfTeX warning (dest): name{Rfn.Luminescence.Rdash.package} has been referenced but does not exist, replaced by a fixed one


pdfTeX warning (dest): name{Rfn.RLum.Analysis.Rdash.class} has been referenced but does not exist, replaced by a fixed one


pdfTeX warning (dest): name{Rfn.ggplot2.Rdash.package} has been referenced but does not exist, replaced by a fixed one


pdfTeX warning (dest): name{Rfn.ggplot2::ggplot} has been referenced but does not exist, replaced by a fixed one


pdfTeX warning (dest): name{Rfn.ggplot2::ggsave} has been referenced but does not exist, replaced by a fixed one


pdfTeX warning (dest): name{Rfn.gridExtra::grid.arrange} has been referenced but does not exist, replaced by a fixed one


pdfTeX warning (dest): name{Rfn.ggplot2::theme.Rul.bw} has been referenced but does not exist, replaced by a fixed one


pdfTeX warning (dest): name{Rfn.ggplot2::theme.Rul.set} has been referenced but does not exist, replaced by a fixed one


pdfTeX warning (dest): name{Rfn.ggplot2} has been referenced but does not exist, replaced by a fixed one


pdfTeX warning (dest): name{Rfn.nls} has been referenced but does not exist, replaced by a fixed one


pdfTeX warning (dest): name{Rfn.vector} has been referenced but does not exist, replaced by a fixed one


pdfTeX warning (dest): name{Rfn.list} has been referenced but does not exist, replaced by a fixed one


pdfTeX warning (dest): name{Rfn.DEoptim::DEoptim} has been referenced but does not exist, replaced by a fixed one


pdfTeX warning (dest): name{Rfn.DEoptim::DEoptim.control} has been referenced but does not exist, replaced by a fixed one


pdfTeX warning (dest): name{Rfn.minpack.lm::nlsLM} has been referenced but does not exist, replaced by a fixed one


pdfTeX warning (dest): name{Rfn.character} has been referenced but does not exist, replaced by a fixed one


pdfTeX warning (dest): name{Rfn.logical} has been referenced but does not exist, replaced by a fixed one


pdfTeX warning (dest): name{Rfn.numeric} has been referenced but does not exist, replaced by a fixed one


pdfTeX warning (dest): name{Rfn.RLum.Data.Curve.Rdash.class} has been referenced but does not exist, replaced by a fixed one


pdfTeX warning (dest): name{Rfn.matrix} has been referenced but does not exist, replaced by a fixed one


pdfTeX warning (dest): name{Rfn.data.frame} has been referenced but does not exist, replaced by a fixed one

</Users/kreutzer/Library/TinyTeX/texmf-dist/fonts/type1/public/inconsolata/Inconsolata-zi4r.pfb></Users/kreutzer/Library/TinyTeX/texmf-dist/fonts/type1/public/amsfonts/cm/cmmi10.pfb></Users/kreutzer/Library/TinyTeX/texmf-dist/fonts/type1/public/amsfonts/cm/cmmi7.pfb></Users/kreutzer/Library/TinyTeX/texmf-dist/fonts/type1/public/amsfonts/cm/cmr10.pfb></Users/kreutzer/Library/TinyTeX/texmf-dist/fonts/type1/public/amsfonts/cm/cmr7.pfb></Users/kreutzer/Library/TinyTeX/texmf-dist/fonts/type1/public/amsfonts/cm/cmsy10.pfb></Users/kreutzer/Library/TinyTeX/texmf-dist/fonts/type1/public/amsfonts/cm/cmsy7.pfb></Users/kreutzer/Library/TinyTeX/texmf-dist/fonts/type1/urw/times/utmb8a.pfb></Users/kreutzer/Library/TinyTeX/texmf-dist/fonts/type1/urw/times/utmr8a.pfb></Users/kreutzer/Library/TinyTeX/texmf-dist/fonts/type1/urw/times/utmr8a.pfb></Users/kreutzer/Library/TinyTeX/texmf-dist/fonts/type1/urw/times/utmri8a.pfb>
Output written on Rd2.pdf (28 pages, 227885 bytes).
Transcript written on Rd2.log.
This is makeindex, version 2.17 [TeX Live 2024] (kpathsea + Thai support).
Scanning input file Rd2.idx....done (294 entries accepted, 0 rejected).
Sorting entries.....done (2570 comparisons).
Generating output file Rd2.ind....done (177 lines written, 1 warning).
Output written in Rd2.ind.
Transcript written in Rd2.ilg.
This is pdfTeX, Version 3.141592653-2.6-1.40.26 (TeX Live 2024) (preloaded format=pdflatex)
 restricted \write18 enabled.
entering extended mode
LaTeX2e <2024-06-01> patch level 2
L3 programming layer <2024-08-30>
(./Rd2.tex
(/Users/kreutzer/Library/TinyTeX/texmf-dist/tex/latex/base/book.cls
Document Class: book 2024/02/08 v1.4n Standard LaTeX document class
(/Users/kreutzer/Library/TinyTeX/texmf-dist/tex/latex/base/bk10.clo)) (/Library/Frameworks/R.framework/Resources/share/texmf/tex/latex/Rd.sty (/Users/kreutzer/Library/TinyTeX/texmf-dist/tex/latex/base/ifthen.sty) (/Users/kreutzer/Library/TinyTeX/texmf-dist/tex/generic/iftex/iftex.sty) (/Users/kreutzer/Library/TinyTeX/texmf-dist/tex/latex/tools/longtable.sty) (/Users/kreutzer/Library/TinyTeX/texmf-dist/tex/latex/tools/bm.sty) (/Users/kreutzer/Library/TinyTeX/texmf-dist/tex/latex/base/alltt.sty) (/Users/kreutzer/Library/TinyTeX/texmf-dist/tex/latex/tools/verbatim.sty) (/Users/kreutzer/Library/TinyTeX/texmf-dist/tex/latex/url/url.sty) (/Users/kreutzer/Library/TinyTeX/texmf-dist/tex/latex/base/textcomp.sty) (/Users/kreutzer/Library/TinyTeX/texmf-dist/tex/latex/amsmath/amsmath.sty
For additional information on amsmath, use the `?' option.
(/Users/kreutzer/Library/TinyTeX/texmf-dist/tex/latex/amsmath/amstext.sty (/Users/kreutzer/Library/TinyTeX/texmf-dist/tex/latex/amsmath/amsgen.sty)) (/Users/kreutzer/Library/TinyTeX/texmf-dist/tex/latex/amsmath/amsbsy.sty) (/Users/kreutzer/Library/TinyTeX/texmf-dist/tex/latex/amsmath/amsopn.sty)) (/Users/kreutzer/Library/TinyTeX/texmf-dist/tex/latex/amsfonts/amsfonts.sty) (/Users/kreutzer/Library/TinyTeX/texmf-dist/tex/latex/amsfonts/amssymb.sty) (/Users/kreutzer/Library/TinyTeX/texmf-dist/tex/latex/amsfonts/eucal.sty) (/Users/kreutzer/Library/TinyTeX/texmf-dist/tex/latex/base/fontenc.sty) (/Users/kreutzer/Library/TinyTeX/texmf-dist/tex/latex/psnfss/times.sty) (/Users/kreutzer/Library/TinyTeX/texmf-dist/tex/latex/inconsolata/zi4.sty `inconsolata-zi4' v1.12, 2019/05/17 Text macros for Inconsolata (msharpe) (/Users/kreutzer/Library/TinyTeX/texmf-dist/tex/latex/xkeyval/xkeyval.sty (/Users/kreutzer/Library/TinyTeX/texmf-dist/tex/generic/xkeyval/xkeyval.tex (/Users/kreutzer/Library/TinyTeX/texmf-dist/tex/generic/xkeyval/xkvutils.tex (/Users/kreutzer/Library/TinyTeX/texmf-dist/tex/generic/xkeyval/keyval.tex))))) (/Users/kreutzer/Library/TinyTeX/texmf-dist/tex/latex/graphics/color.sty (/Users/kreutzer/Library/TinyTeX/texmf-dist/tex/latex/graphics-cfg/color.cfg) (/Users/kreutzer/Library/TinyTeX/texmf-dist/tex/latex/graphics-def/pdftex.def) (/Users/kreutzer/Library/TinyTeX/texmf-dist/tex/latex/graphics/mathcolor.ltx)) (/Users/kreutzer/Library/TinyTeX/texmf-dist/tex/latex/hyperref/hyperref.sty (/Users/kreutzer/Library/TinyTeX/texmf-dist/tex/latex/kvsetkeys/kvsetkeys.sty) (/Users/kreutzer/Library/TinyTeX/texmf-dist/tex/generic/kvdefinekeys/kvdefinekeys.sty) (/Users/kreutzer/Library/TinyTeX/texmf-dist/tex/generic/pdfescape/pdfescape.sty (/Users/kreutzer/Library/TinyTeX/texmf-dist/tex/generic/ltxcmds/ltxcmds.sty) (/Users/kreutzer/Library/TinyTeX/texmf-dist/tex/generic/pdftexcmds/pdftexcmds.sty (/Users/kreutzer/Library/TinyTeX/texmf-dist/tex/generic/infwarerr/infwarerr.sty))) (/Users/kreutzer/Library/TinyTeX/texmf-dist/tex/latex/hycolor/hycolor.sty) (/Users/kreutzer/Library/TinyTeX/texmf-dist/tex/latex/hyperref/nameref.sty (/Users/kreutzer/Library/TinyTeX/texmf-dist/tex/latex/refcount/refcount.sty) (/Users/kreutzer/Library/TinyTeX/texmf-dist/tex/generic/gettitlestring/gettitlestring.sty (/Users/kreutzer/Library/TinyTeX/texmf-dist/tex/latex/kvoptions/kvoptions.sty))) (/Users/kreutzer/Library/TinyTeX/texmf-dist/tex/latex/etoolbox/etoolbox.sty) (/Users/kreutzer/Library/TinyTeX/texmf-dist/tex/generic/stringenc/stringenc.sty) (/Users/kreutzer/Library/TinyTeX/texmf-dist/tex/latex/hyperref/pd1enc.def) (/Users/kreutzer/Library/TinyTeX/texmf-dist/tex/generic/intcalc/intcalc.sty) (/Users/kreutzer/Library/TinyTeX/texmf-dist/tex/latex/hyperref/puenc.def) (/Users/kreutzer/Library/TinyTeX/texmf-dist/tex/generic/bitset/bitset.sty (/Users/kreutzer/Library/TinyTeX/texmf-dist/tex/generic/bigintcalc/bigintcalc.sty)) (/Users/kreutzer/Library/TinyTeX/texmf-dist/tex/latex/base/atbegshi-ltx.sty)) (/Users/kreutzer/Library/TinyTeX/texmf-dist/tex/latex/hyperref/hpdftex.def (/Users/kreutzer/Library/TinyTeX/texmf-dist/tex/latex/base/atveryend-ltx.sty) (/Users/kreutzer/Library/TinyTeX/texmf-dist/tex/latex/rerunfilecheck/rerunfilecheck.sty (/Users/kreutzer/Library/TinyTeX/texmf-dist/tex/generic/uniquecounter/uniquecounter.sty)))) (/Users/kreutzer/Library/TinyTeX/texmf-dist/tex/latex/base/makeidx.sty)
Writing index file Rd2.idx
(/Users/kreutzer/Library/TinyTeX/texmf-dist/tex/latex/psnfss/t1ptm.fd) (/Users/kreutzer/Library/TinyTeX/texmf-dist/tex/latex/l3backend/l3backend-pdftex.def) (/private/var/folders/yz/3s5p1pss4352wtlzt9_bzbp00000gp/T/RtmpQNTLp3/Rd2pdfaf45bd785f/Rd2.aux) (/private/var/folders/yz/3s5p1pss4352wtlzt9_bzbp00000gp/T/RtmpQNTLp3/Rd2pdfaf45bd785f/Rd2.out) (/private/var/folders/yz/3s5p1pss4352wtlzt9_bzbp00000gp/T/RtmpQNTLp3/Rd2pdfaf45bd785f/Rd2.out) (/Users/kreutzer/Library/TinyTeX/texmf-dist/tex/latex/inconsolata/t1zi4.fd) (/Users/kreutzer/Library/TinyTeX/texmf-dist/tex/latex/psnfss/ts1ptm.fd) (/Users/kreutzer/Library/TinyTeX/texmf-dist/tex/latex/amsfonts/umsa.fd) (/Users/kreutzer/Library/TinyTeX/texmf-dist/tex/latex/amsfonts/umsb.fd) (/private/var/folders/yz/3s5p1pss4352wtlzt9_bzbp00000gp/T/RtmpQNTLp3/Rd2pdfaf45bd785f/Rd2.toc
[1{/Users/kreutzer/Library/TinyTeX/texmf-var/fonts/map/pdftex/updmap/pdftex.map}{/Users/kreutzer/Library/TinyTeX/texmf-dist/fonts/enc/dvips/base/8r.enc}{/Users/kreutzer/Library/TinyTeX/texmf-dist/fonts/enc/dvips/inconsolata/i4-t1-0.enc}])
[2]
Overfull \hbox (12.6373pt too wide) in paragraph at lines 158--161
[][][]\T1/ptm/m/n/10 character[][][] string (\T1/ptm/m/it/10 with de-fault\T1/ptm/m/n/10 ): in-te-gral er-ror es-ti-ma-tion ap-proach, ei-ther []\T1/zi4/m/n/10 "empiric"

[3]
Overfull \hbox (20.18642pt too wide) in paragraph at lines 199--204
[]\T1/ptm/m/n/10 As al-ter-na-tive al-go-rithm, Levenberg-Marquardt non-lin-ear re-gres-sion is avail-able, see [][]min-pack.lm::nlsLM[][][]

[4]
[5]
[6]
[7]
[8]
Overfull \hbox (66.25981pt too wide) in alignment at lines 481--481
 [] [] [] 

Overfull \hbox (54.05728pt too wide) in paragraph at lines 515--517
[][][]\T1/ptm/m/n/10 RLum.OSL_decomposition[][][], [][]sum_OSLcurves[][][], [][]de-com-pose_OSLcurve[][][], [][]plot_OSLcurve[][][], [][]plot_PhotoCrosssections[][][],

[9]
Overfull \hbox (26.68665pt too wide) in paragraph at lines 537--539
[]\T1/ptm/m/n/10 This func-tion de-fines in-te-gra-tion in-ter-vals for CW-OSL com-po-nent sep-a-ra-tion with [][]de-com-pose_OSLcurve[][][].

Overfull \hbox (10.46823pt too wide) in paragraph at lines 564--567
\T1/ptm/m/n/10 serves as time axis tem-plate. The in-put curve will be used to de-fine []\T1/zi4/m/n/10 channel.width

[10]
[11]
[12]
Overfull \hbox (53.98825pt too wide) in paragraph at lines 704--709
\T1/ptm/m/n/10 is for-warded to [][]gg-plot2::theme_set[][][]. Rec-om-mended themes are []\T1/zi4/m/n/10 ggplot2::theme_minimal()[]\T1/ptm/m/n/10 ,

Overfull \hbox (12.25989pt too wide) in paragraph at lines 704--709
[]\T1/zi4/m/n/10 ggplot2::theme_classic() []\T1/ptm/m/n/10 and []\T1/zi4/m/n/10 ggplot2::theme_bw()[]\T1/ptm/m/n/10 , see [][]gg-plot2::theme_bw[][][]

Overfull \hbox (350.49683pt too wide) in alignment at lines 742--742
 [] [] 

[13]
Overfull \hbox (6.75635pt too wide) in paragraph at lines 792--792
 []\T1/zi4/m/n/9 curve <- simulate_OSLcomponents(components, simulate.curve = TRUE, add.poisson.noise = TRUE)[] 

[14]
Overfull \hbox (14.02776pt too wide) in paragraph at lines 828--831
\T1/ptm/m/n/10 late the pho-toion-i-sa-tion cross sec-tions. If not given, the in-put value for [][]fit_OSLcurve[][][]

[15]
Overfull \hbox (6.75635pt too wide) in paragraph at lines 917--917
 []\T1/zi4/m/n/9 curve <- simulate_OSLcomponents(components, simulate.curve = TRUE, add.poisson.noise = TRUE)[] 

[16]
Overfull \hbox (16.50032pt too wide) in paragraph at lines 957--960
[]\T1/zi4/m/n/10 object[[]]@records[[]]@recordType[]\T1/ptm/m/n/10 . Com-mon are: []\T1/zi4/m/n/10 "OSL"[]\T1/ptm/m/n/10 ,[]\T1/zi4/m/n/10 "SGOSL" []\T1/ptm/m/n/10 or []\T1/zi4/m/n/10 "IRSL"[]\T1/ptm/m/n/10 . 

Overfull \hbox (73.82906pt too wide) in paragraph at lines 961--967
\T1/zi4/m/n/10 @recordType \T1/ptm/m/n/10 of the back-ground mea-sure-ments will be re-named to []\T1/zi4/m/n/10 "{record_type}background"[]\T1/ptm/m/n/10 . 

Overfull \hbox (13.25963pt too wide) in paragraph at lines 972--979
\T1/ptm/m/n/10 ram-e-ter will be enu-mer-ated []\T1/zi4/m/n/10 record_type "{record_type}2"[]\T1/ptm/m/n/10 , []\T1/zi4/m/n/10 "{record_type}3"

[17]
Overfull \hbox (18.74608pt too wide) in paragraph at lines 1003--1006
\T1/ptm/m/n/10 Those data sets must be for-mat-ted as [][]RLum.Analysis[][][] ob-jects. Out-put ob-jects will also be [][]RLum.Analysis[][][]

[18] (/Users/kreutzer/Library/TinyTeX/texmf-dist/tex/latex/inconsolata/ts1zi4.fd)
Overfull \hbox (15.75635pt too wide) in paragraph at lines 1106--1106
 []\T1/zi4/m/n/9 data_set_corrected <- RLum.OSL_correction(data_set, background = 11, remove_light_off = FALSE)[] 

[19{/Users/kreutzer/Library/TinyTeX/texmf-dist/fonts/enc/dvips/inconsolata/i4-ts1.enc}]
[20]
Overfull \hbox (8.89772pt too wide) in paragraph at lines 1198--1201
\T1/ptm/m/n/10 Uses the []\T1/zi4/m/n/10 "det" []\T1/ptm/m/n/10 al-go-rithm if a back-ground cor-rec-tion was per-formed with [][]RLum.OSL_correction[][][]

Overfull \hbox (60.96652pt too wide) in paragraph at lines 1206--1210
[]\T1/ptm/m/n/10 Data sets must be for-mat-ted as [][]RLum.Analysis[][][] ob-jects and should have been pro-cessed with [][]RLum.OSL_correction[][][]

Overfull \hbox (82.88737pt too wide) in paragraph at lines 1222--1224
[]\T1/ptm/m/n/10 The in-put []\T1/zi4/m/n/10 object[]\T1/ptm/m/n/10 , a [][]list[][][] of [][]RLum.Analysis[][][] ob-jects is re-turned but with a new list el-e-ment []\T1/zi4/m/n/10 object[["DECOMPOSITION"]][]\T1/ptm/m/n/10 ,

Overfull \hbox (2.3679pt too wide) in paragraph at lines 1234--1237
[]\T1/ptm/m/n/10 The [][]RLum.Data.Curve[][][] at-tribute \T1/zi4/m/n/10 @info \T1/ptm/m/n/10 of each CW-OSL record con-tains the new en-try \T1/zi4/m/n/10 $COMPONENTS

[21]
Overfull \hbox (62.81647pt too wide) in paragraph at lines 1265--1266
[][][]\T1/ptm/m/n/10 RLum.OSL_global_fitting[][][], [][]de-com-pose_OSLcurve[][][], [][]op-ti-mise_OSLintervals[][][], [][]Lu-mi-nes-cence::analyse_SAR.CWOSL[][][] 

[22]
Overfull \hbox (60.96652pt too wide) in paragraph at lines 1371--1375
[]\T1/ptm/m/n/10 Data sets must be for-mat-ted as [][]RLum.Analysis[][][] ob-jects and should have been pro-cessed with [][]RLum.OSL_correction[][][]

[23]
Overfull \hbox (87.88737pt too wide) in paragraph at lines 1387--1389
[]\T1/ptm/m/n/10 The in-put []\T1/zi4/m/n/10 object[]\T1/ptm/m/n/10 , a [][]list[][][] of [][]RLum.Analysis[][][] ob-jects is re-turned but with a new list el-e-ment []\T1/zi4/m/n/10 object[["OSL_COMPONENTS"]][]\T1/ptm/m/n/10 ,

[24]
[25]
Overfull \hbox (36.6179pt too wide) in paragraph at lines 1501--1503
[][][]\T1/ptm/m/n/10 logical[][][] (\T1/ptm/m/it/10 with de-fault\T1/ptm/m/n/10 ): Adds pois-son dis-tributed shot noise to \T1/zi4/m/n/10 $signal \T1/ptm/m/n/10 if []\T1/zi4/m/n/10 simulate.curve

[26]
Overfull \hbox (6.75635pt too wide) in paragraph at lines 1554--1554
 []\T1/zi4/m/n/9 curve <- simulate_OSLcomponents(components, simulate.curve = TRUE, add.poisson.noise = TRUE)[] 

[27] (/private/var/folders/yz/3s5p1pss4352wtlzt9_bzbp00000gp/T/RtmpQNTLp3/Rd2pdfaf45bd785f/Rd2.ind
[28]

LaTeX Font Warning: Font shape `T1/zi4/m/it' undefined
(Font)              using `T1/zi4/m/n' instead on input line 119.



[29]) (/private/var/folders/yz/3s5p1pss4352wtlzt9_bzbp00000gp/T/RtmpQNTLp3/Rd2pdfaf45bd785f/Rd2.aux)

LaTeX Font Warning: Some font shapes were not available, defaults substituted.


Package rerunfilecheck Warning: File `Rd2.out' has changed.
(rerunfilecheck)                Rerun to get outlines right
(rerunfilecheck)                or use package `bookmark'.

 )
(see the transcript file for additional information)
pdfTeX warning (dest): name{Rfn.knitr::kable} has been referenced but does not exist, replaced by a fixed one


pdfTeX warning (dest): name{Rfn.rmarkdown.Rdash.package} has been referenced but does not exist, replaced by a fixed one


pdfTeX warning (dest): name{Rfn.Luminescence::analyse.Rul.SAR.CWOSL} has been referenced but does not exist, replaced by a fixed one


pdfTeX warning (dest): name{Rfn.rmarkdown} has been referenced but does not exist, replaced by a fixed one


pdfTeX warning (dest): name{Rfn.Luminescence.Rdash.package} has been referenced but does not exist, replaced by a fixed one


pdfTeX warning (dest): name{Rfn.RLum.Analysis.Rdash.class} has been referenced but does not exist, replaced by a fixed one


pdfTeX warning (dest): name{Rfn.ggplot2.Rdash.package} has been referenced but does not exist, replaced by a fixed one


pdfTeX warning (dest): name{Rfn.ggplot2::ggplot} has been referenced but does not exist, replaced by a fixed one


pdfTeX warning (dest): name{Rfn.ggplot2::ggsave} has been referenced but does not exist, replaced by a fixed one


pdfTeX warning (dest): name{Rfn.gridExtra::grid.arrange} has been referenced but does not exist, replaced by a fixed one


pdfTeX warning (dest): name{Rfn.ggplot2::theme.Rul.bw} has been referenced but does not exist, replaced by a fixed one


pdfTeX warning (dest): name{Rfn.ggplot2::theme.Rul.set} has been referenced but does not exist, replaced by a fixed one


pdfTeX warning (dest): name{Rfn.ggplot2} has been referenced but does not exist, replaced by a fixed one


pdfTeX warning (dest): name{Rfn.nls} has been referenced but does not exist, replaced by a fixed one


pdfTeX warning (dest): name{Rfn.vector} has been referenced but does not exist, replaced by a fixed one


pdfTeX warning (dest): name{Rfn.list} has been referenced but does not exist, replaced by a fixed one


pdfTeX warning (dest): name{Rfn.DEoptim::DEoptim} has been referenced but does not exist, replaced by a fixed one


pdfTeX warning (dest): name{Rfn.DEoptim::DEoptim.control} has been referenced but does not exist, replaced by a fixed one


pdfTeX warning (dest): name{Rfn.minpack.lm::nlsLM} has been referenced but does not exist, replaced by a fixed one


pdfTeX warning (dest): name{Rfn.character} has been referenced but does not exist, replaced by a fixed one


pdfTeX warning (dest): name{Rfn.logical} has been referenced but does not exist, replaced by a fixed one


pdfTeX warning (dest): name{Rfn.numeric} has been referenced but does not exist, replaced by a fixed one


pdfTeX warning (dest): name{Rfn.RLum.Data.Curve.Rdash.class} has been referenced but does not exist, replaced by a fixed one


pdfTeX warning (dest): name{Rfn.matrix} has been referenced but does not exist, replaced by a fixed one


pdfTeX warning (dest): name{Rfn.data.frame} has been referenced but does not exist, replaced by a fixed one

</Users/kreutzer/Library/TinyTeX/texmf-dist/fonts/type1/public/inconsolata/Inconsolata-zi4r.pfb></Users/kreutzer/Library/TinyTeX/texmf-dist/fonts/type1/public/amsfonts/cm/cmmi10.pfb></Users/kreutzer/Library/TinyTeX/texmf-dist/fonts/type1/public/amsfonts/cm/cmmi7.pfb></Users/kreutzer/Library/TinyTeX/texmf-dist/fonts/type1/public/amsfonts/cm/cmr10.pfb></Users/kreutzer/Library/TinyTeX/texmf-dist/fonts/type1/public/amsfonts/cm/cmr7.pfb></Users/kreutzer/Library/TinyTeX/texmf-dist/fonts/type1/public/amsfonts/cm/cmsy10.pfb></Users/kreutzer/Library/TinyTeX/texmf-dist/fonts/type1/public/amsfonts/cm/cmsy7.pfb></Users/kreutzer/Library/TinyTeX/texmf-dist/fonts/type1/urw/times/utmb8a.pfb></Users/kreutzer/Library/TinyTeX/texmf-dist/fonts/type1/urw/times/utmr8a.pfb></Users/kreutzer/Library/TinyTeX/texmf-dist/fonts/type1/urw/times/utmr8a.pfb></Users/kreutzer/Library/TinyTeX/texmf-dist/fonts/type1/urw/times/utmri8a.pfb>
Output written on Rd2.pdf (29 pages, 237295 bytes).
Transcript written on Rd2.log.
This is makeindex, version 2.17 [TeX Live 2024] (kpathsea + Thai support).
Scanning input file Rd2.idx....done (294 entries accepted, 0 rejected).
Sorting entries.....done (2570 comparisons).
Generating output file Rd2.ind....done (177 lines written, 1 warning).
Output written in Rd2.ind.
Transcript written in Rd2.ilg.
This is pdfTeX, Version 3.141592653-2.6-1.40.26 (TeX Live 2024) (preloaded format=pdflatex)
 restricted \write18 enabled.
entering extended mode
LaTeX2e <2024-06-01> patch level 2
L3 programming layer <2024-08-30>
(./Rd2.tex
(/Users/kreutzer/Library/TinyTeX/texmf-dist/tex/latex/base/book.cls
Document Class: book 2024/02/08 v1.4n Standard LaTeX document class
(/Users/kreutzer/Library/TinyTeX/texmf-dist/tex/latex/base/bk10.clo)) (/Library/Frameworks/R.framework/Resources/share/texmf/tex/latex/Rd.sty (/Users/kreutzer/Library/TinyTeX/texmf-dist/tex/latex/base/ifthen.sty) (/Users/kreutzer/Library/TinyTeX/texmf-dist/tex/generic/iftex/iftex.sty) (/Users/kreutzer/Library/TinyTeX/texmf-dist/tex/latex/tools/longtable.sty) (/Users/kreutzer/Library/TinyTeX/texmf-dist/tex/latex/tools/bm.sty) (/Users/kreutzer/Library/TinyTeX/texmf-dist/tex/latex/base/alltt.sty) (/Users/kreutzer/Library/TinyTeX/texmf-dist/tex/latex/tools/verbatim.sty) (/Users/kreutzer/Library/TinyTeX/texmf-dist/tex/latex/url/url.sty) (/Users/kreutzer/Library/TinyTeX/texmf-dist/tex/latex/base/textcomp.sty) (/Users/kreutzer/Library/TinyTeX/texmf-dist/tex/latex/amsmath/amsmath.sty
For additional information on amsmath, use the `?' option.
(/Users/kreutzer/Library/TinyTeX/texmf-dist/tex/latex/amsmath/amstext.sty (/Users/kreutzer/Library/TinyTeX/texmf-dist/tex/latex/amsmath/amsgen.sty)) (/Users/kreutzer/Library/TinyTeX/texmf-dist/tex/latex/amsmath/amsbsy.sty) (/Users/kreutzer/Library/TinyTeX/texmf-dist/tex/latex/amsmath/amsopn.sty)) (/Users/kreutzer/Library/TinyTeX/texmf-dist/tex/latex/amsfonts/amsfonts.sty) (/Users/kreutzer/Library/TinyTeX/texmf-dist/tex/latex/amsfonts/amssymb.sty) (/Users/kreutzer/Library/TinyTeX/texmf-dist/tex/latex/amsfonts/eucal.sty) (/Users/kreutzer/Library/TinyTeX/texmf-dist/tex/latex/base/fontenc.sty) (/Users/kreutzer/Library/TinyTeX/texmf-dist/tex/latex/psnfss/times.sty) (/Users/kreutzer/Library/TinyTeX/texmf-dist/tex/latex/inconsolata/zi4.sty `inconsolata-zi4' v1.12, 2019/05/17 Text macros for Inconsolata (msharpe) (/Users/kreutzer/Library/TinyTeX/texmf-dist/tex/latex/xkeyval/xkeyval.sty (/Users/kreutzer/Library/TinyTeX/texmf-dist/tex/generic/xkeyval/xkeyval.tex (/Users/kreutzer/Library/TinyTeX/texmf-dist/tex/generic/xkeyval/xkvutils.tex (/Users/kreutzer/Library/TinyTeX/texmf-dist/tex/generic/xkeyval/keyval.tex))))) (/Users/kreutzer/Library/TinyTeX/texmf-dist/tex/latex/graphics/color.sty (/Users/kreutzer/Library/TinyTeX/texmf-dist/tex/latex/graphics-cfg/color.cfg) (/Users/kreutzer/Library/TinyTeX/texmf-dist/tex/latex/graphics-def/pdftex.def) (/Users/kreutzer/Library/TinyTeX/texmf-dist/tex/latex/graphics/mathcolor.ltx)) (/Users/kreutzer/Library/TinyTeX/texmf-dist/tex/latex/hyperref/hyperref.sty (/Users/kreutzer/Library/TinyTeX/texmf-dist/tex/latex/kvsetkeys/kvsetkeys.sty) (/Users/kreutzer/Library/TinyTeX/texmf-dist/tex/generic/kvdefinekeys/kvdefinekeys.sty) (/Users/kreutzer/Library/TinyTeX/texmf-dist/tex/generic/pdfescape/pdfescape.sty (/Users/kreutzer/Library/TinyTeX/texmf-dist/tex/generic/ltxcmds/ltxcmds.sty) (/Users/kreutzer/Library/TinyTeX/texmf-dist/tex/generic/pdftexcmds/pdftexcmds.sty (/Users/kreutzer/Library/TinyTeX/texmf-dist/tex/generic/infwarerr/infwarerr.sty))) (/Users/kreutzer/Library/TinyTeX/texmf-dist/tex/latex/hycolor/hycolor.sty) (/Users/kreutzer/Library/TinyTeX/texmf-dist/tex/latex/hyperref/nameref.sty (/Users/kreutzer/Library/TinyTeX/texmf-dist/tex/latex/refcount/refcount.sty) (/Users/kreutzer/Library/TinyTeX/texmf-dist/tex/generic/gettitlestring/gettitlestring.sty (/Users/kreutzer/Library/TinyTeX/texmf-dist/tex/latex/kvoptions/kvoptions.sty))) (/Users/kreutzer/Library/TinyTeX/texmf-dist/tex/latex/etoolbox/etoolbox.sty) (/Users/kreutzer/Library/TinyTeX/texmf-dist/tex/generic/stringenc/stringenc.sty) (/Users/kreutzer/Library/TinyTeX/texmf-dist/tex/latex/hyperref/pd1enc.def) (/Users/kreutzer/Library/TinyTeX/texmf-dist/tex/generic/intcalc/intcalc.sty) (/Users/kreutzer/Library/TinyTeX/texmf-dist/tex/latex/hyperref/puenc.def) (/Users/kreutzer/Library/TinyTeX/texmf-dist/tex/generic/bitset/bitset.sty (/Users/kreutzer/Library/TinyTeX/texmf-dist/tex/generic/bigintcalc/bigintcalc.sty)) (/Users/kreutzer/Library/TinyTeX/texmf-dist/tex/latex/base/atbegshi-ltx.sty)) (/Users/kreutzer/Library/TinyTeX/texmf-dist/tex/latex/hyperref/hpdftex.def (/Users/kreutzer/Library/TinyTeX/texmf-dist/tex/latex/base/atveryend-ltx.sty) (/Users/kreutzer/Library/TinyTeX/texmf-dist/tex/latex/rerunfilecheck/rerunfilecheck.sty (/Users/kreutzer/Library/TinyTeX/texmf-dist/tex/generic/uniquecounter/uniquecounter.sty)))) (/Users/kreutzer/Library/TinyTeX/texmf-dist/tex/latex/base/makeidx.sty)
Writing index file Rd2.idx
(/Users/kreutzer/Library/TinyTeX/texmf-dist/tex/latex/psnfss/t1ptm.fd) (/Users/kreutzer/Library/TinyTeX/texmf-dist/tex/latex/l3backend/l3backend-pdftex.def) (/private/var/folders/yz/3s5p1pss4352wtlzt9_bzbp00000gp/T/RtmpQNTLp3/Rd2pdfaf45bd785f/Rd2.aux) (/private/var/folders/yz/3s5p1pss4352wtlzt9_bzbp00000gp/T/RtmpQNTLp3/Rd2pdfaf45bd785f/Rd2.out) (/private/var/folders/yz/3s5p1pss4352wtlzt9_bzbp00000gp/T/RtmpQNTLp3/Rd2pdfaf45bd785f/Rd2.out) (/Users/kreutzer/Library/TinyTeX/texmf-dist/tex/latex/inconsolata/t1zi4.fd) (/Users/kreutzer/Library/TinyTeX/texmf-dist/tex/latex/psnfss/ts1ptm.fd) (/Users/kreutzer/Library/TinyTeX/texmf-dist/tex/latex/amsfonts/umsa.fd) (/Users/kreutzer/Library/TinyTeX/texmf-dist/tex/latex/amsfonts/umsb.fd) (/private/var/folders/yz/3s5p1pss4352wtlzt9_bzbp00000gp/T/RtmpQNTLp3/Rd2pdfaf45bd785f/Rd2.toc
[1{/Users/kreutzer/Library/TinyTeX/texmf-var/fonts/map/pdftex/updmap/pdftex.map}{/Users/kreutzer/Library/TinyTeX/texmf-dist/fonts/enc/dvips/base/8r.enc}{/Users/kreutzer/Library/TinyTeX/texmf-dist/fonts/enc/dvips/inconsolata/i4-t1-0.enc}])
[2]
Overfull \hbox (12.6373pt too wide) in paragraph at lines 158--161
[][][]\T1/ptm/m/n/10 character[][][] string (\T1/ptm/m/it/10 with de-fault\T1/ptm/m/n/10 ): in-te-gral er-ror es-ti-ma-tion ap-proach, ei-ther []\T1/zi4/m/n/10 "empiric"

[3]
Overfull \hbox (20.18642pt too wide) in paragraph at lines 199--204
[]\T1/ptm/m/n/10 As al-ter-na-tive al-go-rithm, Levenberg-Marquardt non-lin-ear re-gres-sion is avail-able, see [][]min-pack.lm::nlsLM[][][]
[4]
[5]
[6]
[7]
[8]
Overfull \hbox (66.25981pt too wide) in alignment at lines 481--481
 [] [] [] 

Overfull \hbox (54.05728pt too wide) in paragraph at lines 515--517
[][][]\T1/ptm/m/n/10 RLum.OSL_decomposition[][][], [][]sum_OSLcurves[][][], [][]de-com-pose_OSLcurve[][][], [][]plot_OSLcurve[][][], [][]plot_PhotoCrosssections[][][],

[9]
Overfull \hbox (26.68665pt too wide) in paragraph at lines 537--539
[]\T1/ptm/m/n/10 This func-tion de-fines in-te-gra-tion in-ter-vals for CW-OSL com-po-nent sep-a-ra-tion with [][]de-com-pose_OSLcurve[][][].

Overfull \hbox (10.46823pt too wide) in paragraph at lines 564--567
\T1/ptm/m/n/10 serves as time axis tem-plate. The in-put curve will be used to de-fine []\T1/zi4/m/n/10 channel.width

[10]
[11]
[12]
Overfull \hbox (53.98825pt too wide) in paragraph at lines 704--709
\T1/ptm/m/n/10 is for-warded to [][]gg-plot2::theme_set[][][]. Rec-om-mended themes are []\T1/zi4/m/n/10 ggplot2::theme_minimal()[]\T1/ptm/m/n/10 ,

Overfull \hbox (12.25989pt too wide) in paragraph at lines 704--709
[]\T1/zi4/m/n/10 ggplot2::theme_classic() []\T1/ptm/m/n/10 and []\T1/zi4/m/n/10 ggplot2::theme_bw()[]\T1/ptm/m/n/10 , see [][]gg-plot2::theme_bw[][][]

Overfull \hbox (350.49683pt too wide) in alignment at lines 742--742
 [] [] 

[13]
Overfull \hbox (6.75635pt too wide) in paragraph at lines 792--792
 []\T1/zi4/m/n/9 curve <- simulate_OSLcomponents(components, simulate.curve = TRUE, add.poisson.noise = TRUE)[] 

[14]
Overfull \hbox (14.02776pt too wide) in paragraph at lines 828--831
\T1/ptm/m/n/10 late the pho-toion-i-sa-tion cross sec-tions. If not given, the in-put value for [][]fit_OSLcurve[][][]

[15]
Overfull \hbox (6.75635pt too wide) in paragraph at lines 917--917
 []\T1/zi4/m/n/9 curve <- simulate_OSLcomponents(components, simulate.curve = TRUE, add.poisson.noise = TRUE)[] 

[16]
Overfull \hbox (16.50032pt too wide) in paragraph at lines 957--960
[]\T1/zi4/m/n/10 object[[]]@records[[]]@recordType[]\T1/ptm/m/n/10 . Com-mon are: []\T1/zi4/m/n/10 "OSL"[]\T1/ptm/m/n/10 ,[]\T1/zi4/m/n/10 "SGOSL" []\T1/ptm/m/n/10 or []\T1/zi4/m/n/10 "IRSL"[]\T1/ptm/m/n/10 . 

Overfull \hbox (73.82906pt too wide) in paragraph at lines 961--967
\T1/zi4/m/n/10 @recordType \T1/ptm/m/n/10 of the back-ground mea-sure-ments will be re-named to []\T1/zi4/m/n/10 "{record_type}background"[]\T1/ptm/m/n/10 . 

Overfull \hbox (13.25963pt too wide) in paragraph at lines 972--979
\T1/ptm/m/n/10 ram-e-ter will be enu-mer-ated []\T1/zi4/m/n/10 record_type "{record_type}2"[]\T1/ptm/m/n/10 , []\T1/zi4/m/n/10 "{record_type}3"

[17]
Overfull \hbox (18.74608pt too wide) in paragraph at lines 1003--1006
\T1/ptm/m/n/10 Those data sets must be for-mat-ted as [][]RLum.Analysis[][][] ob-jects. Out-put ob-jects will also be [][]RLum.Analysis[][][]

[18] (/Users/kreutzer/Library/TinyTeX/texmf-dist/tex/latex/inconsolata/ts1zi4.fd)
Overfull \hbox (15.75635pt too wide) in paragraph at lines 1106--1106
 []\T1/zi4/m/n/9 data_set_corrected <- RLum.OSL_correction(data_set, background = 11, remove_light_off = FALSE)[] 

[19{/Users/kreutzer/Library/TinyTeX/texmf-dist/fonts/enc/dvips/inconsolata/i4-ts1.enc}]
[20]
Overfull \hbox (8.89772pt too wide) in paragraph at lines 1198--1201
\T1/ptm/m/n/10 Uses the []\T1/zi4/m/n/10 "det" []\T1/ptm/m/n/10 al-go-rithm if a back-ground cor-rec-tion was per-formed with [][]RLum.OSL_correction[][][]

Overfull \hbox (60.96652pt too wide) in paragraph at lines 1206--1210
[]\T1/ptm/m/n/10 Data sets must be for-mat-ted as [][]RLum.Analysis[][][] ob-jects and should have been pro-cessed with [][]RLum.OSL_correction[][][]

Overfull \hbox (82.88737pt too wide) in paragraph at lines 1222--1224
[]\T1/ptm/m/n/10 The in-put []\T1/zi4/m/n/10 object[]\T1/ptm/m/n/10 , a [][]list[][][] of [][]RLum.Analysis[][][] ob-jects is re-turned but with a new list el-e-ment []\T1/zi4/m/n/10 object[["DECOMPOSITION"]][]\T1/ptm/m/n/10 ,

Overfull \hbox (2.3679pt too wide) in paragraph at lines 1234--1237
[]\T1/ptm/m/n/10 The [][]RLum.Data.Curve[][][] at-tribute \T1/zi4/m/n/10 @info \T1/ptm/m/n/10 of each CW-OSL record con-tains the new en-try \T1/zi4/m/n/10 $COMPONENTS

[21]
Overfull \hbox (62.81647pt too wide) in paragraph at lines 1265--1266
[][][]\T1/ptm/m/n/10 RLum.OSL_global_fitting[][][], [][]de-com-pose_OSLcurve[][][], [][]op-ti-mise_OSLintervals[][][], [][]Lu-mi-nes-cence::analyse_SAR.CWOSL[][][] 

[22]
Overfull \hbox (60.96652pt too wide) in paragraph at lines 1371--1375
[]\T1/ptm/m/n/10 Data sets must be for-mat-ted as [][]RLum.Analysis[][][] ob-jects and should have been pro-cessed with [][]RLum.OSL_correction[][][]

[23]
Overfull \hbox (87.88737pt too wide) in paragraph at lines 1387--1389
[]\T1/ptm/m/n/10 The in-put []\T1/zi4/m/n/10 object[]\T1/ptm/m/n/10 , a [][]list[][][] of [][]RLum.Analysis[][][] ob-jects is re-turned but with a new list el-e-ment []\T1/zi4/m/n/10 object[["OSL_COMPONENTS"]][]\T1/ptm/m/n/10 ,

[24]
[25]
Overfull \hbox (36.6179pt too wide) in paragraph at lines 1501--1503
[][][]\T1/ptm/m/n/10 logical[][][] (\T1/ptm/m/it/10 with de-fault\T1/ptm/m/n/10 ): Adds pois-son dis-tributed shot noise to \T1/zi4/m/n/10 $signal \T1/ptm/m/n/10 if []\T1/zi4/m/n/10 simulate.curve

[26]
Overfull \hbox (6.75635pt too wide) in paragraph at lines 1554--1554
 []\T1/zi4/m/n/9 curve <- simulate_OSLcomponents(components, simulate.curve = TRUE, add.poisson.noise = TRUE)[] 

[27] (/private/var/folders/yz/3s5p1pss4352wtlzt9_bzbp00000gp/T/RtmpQNTLp3/Rd2pdfaf45bd785f/Rd2.ind
[28]

LaTeX Font Warning: Font shape `T1/zi4/m/it' undefined
(Font)              using `T1/zi4/m/n' instead on input line 119.



[29]) (/private/var/folders/yz/3s5p1pss4352wtlzt9_bzbp00000gp/T/RtmpQNTLp3/Rd2pdfaf45bd785f/Rd2.aux)

LaTeX Font Warning: Some font shapes were not available, defaults substituted.

 )
(see the transcript file for additional information)
pdfTeX warning (dest): name{Rfn.knitr::kable} has been referenced but does not exist, replaced by a fixed one


pdfTeX warning (dest): name{Rfn.rmarkdown.Rdash.package} has been referenced but does not exist, replaced by a fixed one


pdfTeX warning (dest): name{Rfn.Luminescence::analyse.Rul.SAR.CWOSL} has been referenced but does not exist, replaced by a fixed one


pdfTeX warning (dest): name{Rfn.rmarkdown} has been referenced but does not exist, replaced by a fixed one


pdfTeX warning (dest): name{Rfn.Luminescence.Rdash.package} has been referenced but does not exist, replaced by a fixed one


pdfTeX warning (dest): name{Rfn.RLum.Analysis.Rdash.class} has been referenced but does not exist, replaced by a fixed one


pdfTeX warning (dest): name{Rfn.ggplot2.Rdash.package} has been referenced but does not exist, replaced by a fixed one


pdfTeX warning (dest): name{Rfn.ggplot2::ggplot} has been referenced but does not exist, replaced by a fixed one


pdfTeX warning (dest): name{Rfn.ggplot2::ggsave} has been referenced but does not exist, replaced by a fixed one


pdfTeX warning (dest): name{Rfn.gridExtra::grid.arrange} has been referenced but does not exist, replaced by a fixed one


pdfTeX warning (dest): name{Rfn.ggplot2::theme.Rul.bw} has been referenced but does not exist, replaced by a fixed one


pdfTeX warning (dest): name{Rfn.ggplot2::theme.Rul.set} has been referenced but does not exist, replaced by a fixed one


pdfTeX warning (dest): name{Rfn.ggplot2} has been referenced but does not exist, replaced by a fixed one


pdfTeX warning (dest): name{Rfn.nls} has been referenced but does not exist, replaced by a fixed one


pdfTeX warning (dest): name{Rfn.vector} has been referenced but does not exist, replaced by a fixed one


pdfTeX warning (dest): name{Rfn.list} has been referenced but does not exist, replaced by a fixed one


pdfTeX warning (dest): name{Rfn.DEoptim::DEoptim} has been referenced but does not exist, replaced by a fixed one


pdfTeX warning (dest): name{Rfn.DEoptim::DEoptim.control} has been referenced but does not exist, replaced by a fixed one


pdfTeX warning (dest): name{Rfn.minpack.lm::nlsLM} has been referenced but does not exist, replaced by a fixed one


pdfTeX warning (dest): name{Rfn.character} has been referenced but does not exist, replaced by a fixed one


pdfTeX warning (dest): name{Rfn.logical} has been referenced but does not exist, replaced by a fixed one


pdfTeX warning (dest): name{Rfn.numeric} has been referenced but does not exist, replaced by a fixed one


pdfTeX warning (dest): name{Rfn.RLum.Data.Curve.Rdash.class} has been referenced but does not exist, replaced by a fixed one


pdfTeX warning (dest): name{Rfn.matrix} has been referenced but does not exist, replaced by a fixed one


pdfTeX warning (dest): name{Rfn.data.frame} has been referenced but does not exist, replaced by a fixed one

</Users/kreutzer/Library/TinyTeX/texmf-dist/fonts/type1/public/inconsolata/Inconsolata-zi4r.pfb></Users/kreutzer/Library/TinyTeX/texmf-dist/fonts/type1/public/amsfonts/cm/cmmi10.pfb></Users/kreutzer/Library/TinyTeX/texmf-dist/fonts/type1/public/amsfonts/cm/cmmi7.pfb></Users/kreutzer/Library/TinyTeX/texmf-dist/fonts/type1/public/amsfonts/cm/cmr10.pfb></Users/kreutzer/Library/TinyTeX/texmf-dist/fonts/type1/public/amsfonts/cm/cmr7.pfb></Users/kreutzer/Library/TinyTeX/texmf-dist/fonts/type1/public/amsfonts/cm/cmsy10.pfb></Users/kreutzer/Library/TinyTeX/texmf-dist/fonts/type1/public/amsfonts/cm/cmsy7.pfb></Users/kreutzer/Library/TinyTeX/texmf-dist/fonts/type1/urw/times/utmb8a.pfb></Users/kreutzer/Library/TinyTeX/texmf-dist/fonts/type1/urw/times/utmr8a.pfb></Users/kreutzer/Library/TinyTeX/texmf-dist/fonts/type1/urw/times/utmr8a.pfb></Users/kreutzer/Library/TinyTeX/texmf-dist/fonts/type1/urw/times/utmri8a.pfb>
Output written on Rd2.pdf (29 pages, 237707 bytes).
Transcript written on Rd2.log.
This is makeindex, version 2.17 [TeX Live 2024] (kpathsea + Thai support).
Scanning input file Rd2.idx....done (294 entries accepted, 0 rejected).
Sorting entries.....done (2572 comparisons).
Generating output file Rd2.ind....done (176 lines written, 1 warning).
Output written in Rd2.ind.
Transcript written in Rd2.ilg.
This is pdfTeX, Version 3.141592653-2.6-1.40.26 (TeX Live 2024) (preloaded format=pdflatex)
 restricted \write18 enabled.
entering extended mode
LaTeX2e <2024-06-01> patch level 2
L3 programming layer <2024-08-30>
(./Rd2.tex
(/Users/kreutzer/Library/TinyTeX/texmf-dist/tex/latex/base/book.cls
Document Class: book 2024/02/08 v1.4n Standard LaTeX document class
(/Users/kreutzer/Library/TinyTeX/texmf-dist/tex/latex/base/bk10.clo)) (/Library/Frameworks/R.framework/Resources/share/texmf/tex/latex/Rd.sty (/Users/kreutzer/Library/TinyTeX/texmf-dist/tex/latex/base/ifthen.sty) (/Users/kreutzer/Library/TinyTeX/texmf-dist/tex/generic/iftex/iftex.sty) (/Users/kreutzer/Library/TinyTeX/texmf-dist/tex/latex/tools/longtable.sty) (/Users/kreutzer/Library/TinyTeX/texmf-dist/tex/latex/tools/bm.sty) (/Users/kreutzer/Library/TinyTeX/texmf-dist/tex/latex/base/alltt.sty) (/Users/kreutzer/Library/TinyTeX/texmf-dist/tex/latex/tools/verbatim.sty) (/Users/kreutzer/Library/TinyTeX/texmf-dist/tex/latex/url/url.sty) (/Users/kreutzer/Library/TinyTeX/texmf-dist/tex/latex/base/textcomp.sty) (/Users/kreutzer/Library/TinyTeX/texmf-dist/tex/latex/amsmath/amsmath.sty
For additional information on amsmath, use the `?' option.
(/Users/kreutzer/Library/TinyTeX/texmf-dist/tex/latex/amsmath/amstext.sty (/Users/kreutzer/Library/TinyTeX/texmf-dist/tex/latex/amsmath/amsgen.sty)) (/Users/kreutzer/Library/TinyTeX/texmf-dist/tex/latex/amsmath/amsbsy.sty) (/Users/kreutzer/Library/TinyTeX/texmf-dist/tex/latex/amsmath/amsopn.sty)) (/Users/kreutzer/Library/TinyTeX/texmf-dist/tex/latex/amsfonts/amsfonts.sty) (/Users/kreutzer/Library/TinyTeX/texmf-dist/tex/latex/amsfonts/amssymb.sty) (/Users/kreutzer/Library/TinyTeX/texmf-dist/tex/latex/amsfonts/eucal.sty) (/Users/kreutzer/Library/TinyTeX/texmf-dist/tex/latex/base/fontenc.sty) (/Users/kreutzer/Library/TinyTeX/texmf-dist/tex/latex/psnfss/times.sty) (/Users/kreutzer/Library/TinyTeX/texmf-dist/tex/latex/inconsolata/zi4.sty `inconsolata-zi4' v1.12, 2019/05/17 Text macros for Inconsolata (msharpe) (/Users/kreutzer/Library/TinyTeX/texmf-dist/tex/latex/xkeyval/xkeyval.sty (/Users/kreutzer/Library/TinyTeX/texmf-dist/tex/generic/xkeyval/xkeyval.tex (/Users/kreutzer/Library/TinyTeX/texmf-dist/tex/generic/xkeyval/xkvutils.tex (/Users/kreutzer/Library/TinyTeX/texmf-dist/tex/generic/xkeyval/keyval.tex))))) (/Users/kreutzer/Library/TinyTeX/texmf-dist/tex/latex/graphics/color.sty (/Users/kreutzer/Library/TinyTeX/texmf-dist/tex/latex/graphics-cfg/color.cfg) (/Users/kreutzer/Library/TinyTeX/texmf-dist/tex/latex/graphics-def/pdftex.def) (/Users/kreutzer/Library/TinyTeX/texmf-dist/tex/latex/graphics/mathcolor.ltx)) (/Users/kreutzer/Library/TinyTeX/texmf-dist/tex/latex/hyperref/hyperref.sty (/Users/kreutzer/Library/TinyTeX/texmf-dist/tex/latex/kvsetkeys/kvsetkeys.sty) (/Users/kreutzer/Library/TinyTeX/texmf-dist/tex/generic/kvdefinekeys/kvdefinekeys.sty) (/Users/kreutzer/Library/TinyTeX/texmf-dist/tex/generic/pdfescape/pdfescape.sty (/Users/kreutzer/Library/TinyTeX/texmf-dist/tex/generic/ltxcmds/ltxcmds.sty) (/Users/kreutzer/Library/TinyTeX/texmf-dist/tex/generic/pdftexcmds/pdftexcmds.sty (/Users/kreutzer/Library/TinyTeX/texmf-dist/tex/generic/infwarerr/infwarerr.sty))) (/Users/kreutzer/Library/TinyTeX/texmf-dist/tex/latex/hycolor/hycolor.sty) (/Users/kreutzer/Library/TinyTeX/texmf-dist/tex/latex/hyperref/nameref.sty (/Users/kreutzer/Library/TinyTeX/texmf-dist/tex/latex/refcount/refcount.sty) (/Users/kreutzer/Library/TinyTeX/texmf-dist/tex/generic/gettitlestring/gettitlestring.sty (/Users/kreutzer/Library/TinyTeX/texmf-dist/tex/latex/kvoptions/kvoptions.sty))) (/Users/kreutzer/Library/TinyTeX/texmf-dist/tex/latex/etoolbox/etoolbox.sty) (/Users/kreutzer/Library/TinyTeX/texmf-dist/tex/generic/stringenc/stringenc.sty) (/Users/kreutzer/Library/TinyTeX/texmf-dist/tex/latex/hyperref/pd1enc.def) (/Users/kreutzer/Library/TinyTeX/texmf-dist/tex/generic/intcalc/intcalc.sty) (/Users/kreutzer/Library/TinyTeX/texmf-dist/tex/latex/hyperref/puenc.def) (/Users/kreutzer/Library/TinyTeX/texmf-dist/tex/generic/bitset/bitset.sty (/Users/kreutzer/Library/TinyTeX/texmf-dist/tex/generic/bigintcalc/bigintcalc.sty)) (/Users/kreutzer/Library/TinyTeX/texmf-dist/tex/latex/base/atbegshi-ltx.sty)) (/Users/kreutzer/Library/TinyTeX/texmf-dist/tex/latex/hyperref/hpdftex.def (/Users/kreutzer/Library/TinyTeX/texmf-dist/tex/latex/base/atveryend-ltx.sty) (/Users/kreutzer/Library/TinyTeX/texmf-dist/tex/latex/rerunfilecheck/rerunfilecheck.sty (/Users/kreutzer/Library/TinyTeX/texmf-dist/tex/generic/uniquecounter/uniquecounter.sty)))) (/Users/kreutzer/Library/TinyTeX/texmf-dist/tex/latex/base/makeidx.sty)
Writing index file Rd2.idx
(/Users/kreutzer/Library/TinyTeX/texmf-dist/tex/latex/psnfss/t1ptm.fd) (/Users/kreutzer/Library/TinyTeX/texmf-dist/tex/latex/l3backend/l3backend-pdftex.def) (/private/var/folders/yz/3s5p1pss4352wtlzt9_bzbp00000gp/T/RtmpQNTLp3/Rd2pdfaf45bd785f/Rd2.aux) (/private/var/folders/yz/3s5p1pss4352wtlzt9_bzbp00000gp/T/RtmpQNTLp3/Rd2pdfaf45bd785f/Rd2.out) (/private/var/folders/yz/3s5p1pss4352wtlzt9_bzbp00000gp/T/RtmpQNTLp3/Rd2pdfaf45bd785f/Rd2.out) (/Users/kreutzer/Library/TinyTeX/texmf-dist/tex/latex/inconsolata/t1zi4.fd) (/Users/kreutzer/Library/TinyTeX/texmf-dist/tex/latex/psnfss/ts1ptm.fd) (/Users/kreutzer/Library/TinyTeX/texmf-dist/tex/latex/amsfonts/umsa.fd) (/Users/kreutzer/Library/TinyTeX/texmf-dist/tex/latex/amsfonts/umsb.fd) (/private/var/folders/yz/3s5p1pss4352wtlzt9_bzbp00000gp/T/RtmpQNTLp3/Rd2pdfaf45bd785f/Rd2.toc
[1{/Users/kreutzer/Library/TinyTeX/texmf-var/fonts/map/pdftex/updmap/pdftex.map}{/Users/kreutzer/Library/TinyTeX/texmf-dist/fonts/enc/dvips/base/8r.enc}{/Users/kreutzer/Library/TinyTeX/texmf-dist/fonts/enc/dvips/inconsolata/i4-t1-0.enc}])
[2]
Overfull \hbox (12.6373pt too wide) in paragraph at lines 158--161
[][][]\T1/ptm/m/n/10 character[][][] string (\T1/ptm/m/it/10 with de-fault\T1/ptm/m/n/10 ): in-te-gral er-ror es-ti-ma-tion ap-proach, ei-ther []\T1/zi4/m/n/10 "empiric"

[3]
Overfull \hbox (20.18642pt too wide) in paragraph at lines 199--204
[]\T1/ptm/m/n/10 As al-ter-na-tive al-go-rithm, Levenberg-Marquardt non-lin-ear re-gres-sion is avail-able, see [][]min-pack.lm::nlsLM[][][]
[4]
[5]
[6]
[7]
[8]
Overfull \hbox (66.25981pt too wide) in alignment at lines 481--481
 [] [] [] 

Overfull \hbox (54.05728pt too wide) in paragraph at lines 515--517
[][][]\T1/ptm/m/n/10 RLum.OSL_decomposition[][][], [][]sum_OSLcurves[][][], [][]de-com-pose_OSLcurve[][][], [][]plot_OSLcurve[][][], [][]plot_PhotoCrosssections[][][],

[9]
Overfull \hbox (26.68665pt too wide) in paragraph at lines 537--539
[]\T1/ptm/m/n/10 This func-tion de-fines in-te-gra-tion in-ter-vals for CW-OSL com-po-nent sep-a-ra-tion with [][]de-com-pose_OSLcurve[][][].

Overfull \hbox (10.46823pt too wide) in paragraph at lines 564--567
\T1/ptm/m/n/10 serves as time axis tem-plate. The in-put curve will be used to de-fine []\T1/zi4/m/n/10 channel.width

[10]
[11]
[12]
Overfull \hbox (53.98825pt too wide) in paragraph at lines 704--709
\T1/ptm/m/n/10 is for-warded to [][]gg-plot2::theme_set[][][]. Rec-om-mended themes are []\T1/zi4/m/n/10 ggplot2::theme_minimal()[]\T1/ptm/m/n/10 ,

Overfull \hbox (12.25989pt too wide) in paragraph at lines 704--709
[]\T1/zi4/m/n/10 ggplot2::theme_classic() []\T1/ptm/m/n/10 and []\T1/zi4/m/n/10 ggplot2::theme_bw()[]\T1/ptm/m/n/10 , see [][]gg-plot2::theme_bw[][][]

Overfull \hbox (350.49683pt too wide) in alignment at lines 742--742
 [] [] 

[13]
Overfull \hbox (6.75635pt too wide) in paragraph at lines 792--792
 []\T1/zi4/m/n/9 curve <- simulate_OSLcomponents(components, simulate.curve = TRUE, add.poisson.noise = TRUE)[] 

[14]
Overfull \hbox (14.02776pt too wide) in paragraph at lines 828--831
\T1/ptm/m/n/10 late the pho-toion-i-sa-tion cross sec-tions. If not given, the in-put value for [][]fit_OSLcurve[][][]

[15]
Overfull \hbox (6.75635pt too wide) in paragraph at lines 917--917
 []\T1/zi4/m/n/9 curve <- simulate_OSLcomponents(components, simulate.curve = TRUE, add.poisson.noise = TRUE)[] 

[16]
Overfull \hbox (16.50032pt too wide) in paragraph at lines 957--960
[]\T1/zi4/m/n/10 object[[]]@records[[]]@recordType[]\T1/ptm/m/n/10 . Com-mon are: []\T1/zi4/m/n/10 "OSL"[]\T1/ptm/m/n/10 ,[]\T1/zi4/m/n/10 "SGOSL" []\T1/ptm/m/n/10 or []\T1/zi4/m/n/10 "IRSL"[]\T1/ptm/m/n/10 . 

Overfull \hbox (73.82906pt too wide) in paragraph at lines 961--967
\T1/zi4/m/n/10 @recordType \T1/ptm/m/n/10 of the back-ground mea-sure-ments will be re-named to []\T1/zi4/m/n/10 "{record_type}background"[]\T1/ptm/m/n/10 . 

Overfull \hbox (13.25963pt too wide) in paragraph at lines 972--979
\T1/ptm/m/n/10 ram-e-ter will be enu-mer-ated []\T1/zi4/m/n/10 record_type "{record_type}2"[]\T1/ptm/m/n/10 , []\T1/zi4/m/n/10 "{record_type}3"

[17]
Overfull \hbox (18.74608pt too wide) in paragraph at lines 1003--1006
\T1/ptm/m/n/10 Those data sets must be for-mat-ted as [][]RLum.Analysis[][][] ob-jects. Out-put ob-jects will also be [][]RLum.Analysis[][][]

[18] (/Users/kreutzer/Library/TinyTeX/texmf-dist/tex/latex/inconsolata/ts1zi4.fd)
Overfull \hbox (15.75635pt too wide) in paragraph at lines 1106--1106
 []\T1/zi4/m/n/9 data_set_corrected <- RLum.OSL_correction(data_set, background = 11, remove_light_off = FALSE)[] 

[19{/Users/kreutzer/Library/TinyTeX/texmf-dist/fonts/enc/dvips/inconsolata/i4-ts1.enc}]
[20]
Overfull \hbox (8.89772pt too wide) in paragraph at lines 1198--1201
\T1/ptm/m/n/10 Uses the []\T1/zi4/m/n/10 "det" []\T1/ptm/m/n/10 al-go-rithm if a back-ground cor-rec-tion was per-formed with [][]RLum.OSL_correction[][][]

Overfull \hbox (60.96652pt too wide) in paragraph at lines 1206--1210
[]\T1/ptm/m/n/10 Data sets must be for-mat-ted as [][]RLum.Analysis[][][] ob-jects and should have been pro-cessed with [][]RLum.OSL_correction[][][]

Overfull \hbox (82.88737pt too wide) in paragraph at lines 1222--1224
[]\T1/ptm/m/n/10 The in-put []\T1/zi4/m/n/10 object[]\T1/ptm/m/n/10 , a [][]list[][][] of [][]RLum.Analysis[][][] ob-jects is re-turned but with a new list el-e-ment []\T1/zi4/m/n/10 object[["DECOMPOSITION"]][]\T1/ptm/m/n/10 ,

Overfull \hbox (2.3679pt too wide) in paragraph at lines 1234--1237
[]\T1/ptm/m/n/10 The [][]RLum.Data.Curve[][][] at-tribute \T1/zi4/m/n/10 @info \T1/ptm/m/n/10 of each CW-OSL record con-tains the new en-try \T1/zi4/m/n/10 $COMPONENTS

[21]
Overfull \hbox (62.81647pt too wide) in paragraph at lines 1265--1266
[][][]\T1/ptm/m/n/10 RLum.OSL_global_fitting[][][], [][]de-com-pose_OSLcurve[][][], [][]op-ti-mise_OSLintervals[][][], [][]Lu-mi-nes-cence::analyse_SAR.CWOSL[][][] 

[22]
Overfull \hbox (60.96652pt too wide) in paragraph at lines 1371--1375
[]\T1/ptm/m/n/10 Data sets must be for-mat-ted as [][]RLum.Analysis[][][] ob-jects and should have been pro-cessed with [][]RLum.OSL_correction[][][]

[23]
Overfull \hbox (87.88737pt too wide) in paragraph at lines 1387--1389
[]\T1/ptm/m/n/10 The in-put []\T1/zi4/m/n/10 object[]\T1/ptm/m/n/10 , a [][]list[][][] of [][]RLum.Analysis[][][] ob-jects is re-turned but with a new list el-e-ment []\T1/zi4/m/n/10 object[["OSL_COMPONENTS"]][]\T1/ptm/m/n/10 ,

[24]
[25]
Overfull \hbox (36.6179pt too wide) in paragraph at lines 1501--1503
[][][]\T1/ptm/m/n/10 logical[][][] (\T1/ptm/m/it/10 with de-fault\T1/ptm/m/n/10 ): Adds pois-son dis-tributed shot noise to \T1/zi4/m/n/10 $signal \T1/ptm/m/n/10 if []\T1/zi4/m/n/10 simulate.curve

[26]
Overfull \hbox (6.75635pt too wide) in paragraph at lines 1554--1554
 []\T1/zi4/m/n/9 curve <- simulate_OSLcomponents(components, simulate.curve = TRUE, add.poisson.noise = TRUE)[] 

[27] (/private/var/folders/yz/3s5p1pss4352wtlzt9_bzbp00000gp/T/RtmpQNTLp3/Rd2pdfaf45bd785f/Rd2.ind
[28]

LaTeX Font Warning: Font shape `T1/zi4/m/it' undefined
(Font)              using `T1/zi4/m/n' instead on input line 118.



[29]) (/private/var/folders/yz/3s5p1pss4352wtlzt9_bzbp00000gp/T/RtmpQNTLp3/Rd2pdfaf45bd785f/Rd2.aux)

LaTeX Font Warning: Some font shapes were not available, defaults substituted.

 )
(see the transcript file for additional information)
pdfTeX warning (dest): name{Rfn.knitr::kable} has been referenced but does not exist, replaced by a fixed one


pdfTeX warning (dest): name{Rfn.rmarkdown.Rdash.package} has been referenced but does not exist, replaced by a fixed one


pdfTeX warning (dest): name{Rfn.Luminescence::analyse.Rul.SAR.CWOSL} has been referenced but does not exist, replaced by a fixed one


pdfTeX warning (dest): name{Rfn.rmarkdown} has been referenced but does not exist, replaced by a fixed one


pdfTeX warning (dest): name{Rfn.Luminescence.Rdash.package} has been referenced but does not exist, replaced by a fixed one


pdfTeX warning (dest): name{Rfn.RLum.Analysis.Rdash.class} has been referenced but does not exist, replaced by a fixed one


pdfTeX warning (dest): name{Rfn.ggplot2.Rdash.package} has been referenced but does not exist, replaced by a fixed one


pdfTeX warning (dest): name{Rfn.ggplot2::ggplot} has been referenced but does not exist, replaced by a fixed one


pdfTeX warning (dest): name{Rfn.ggplot2::ggsave} has been referenced but does not exist, replaced by a fixed one


pdfTeX warning (dest): name{Rfn.gridExtra::grid.arrange} has been referenced but does not exist, replaced by a fixed one


pdfTeX warning (dest): name{Rfn.ggplot2::theme.Rul.bw} has been referenced but does not exist, replaced by a fixed one


pdfTeX warning (dest): name{Rfn.ggplot2::theme.Rul.set} has been referenced but does not exist, replaced by a fixed one


pdfTeX warning (dest): name{Rfn.ggplot2} has been referenced but does not exist, replaced by a fixed one


pdfTeX warning (dest): name{Rfn.nls} has been referenced but does not exist, replaced by a fixed one


pdfTeX warning (dest): name{Rfn.vector} has been referenced but does not exist, replaced by a fixed one


pdfTeX warning (dest): name{Rfn.list} has been referenced but does not exist, replaced by a fixed one


pdfTeX warning (dest): name{Rfn.DEoptim::DEoptim} has been referenced but does not exist, replaced by a fixed one


pdfTeX warning (dest): name{Rfn.DEoptim::DEoptim.control} has been referenced but does not exist, replaced by a fixed one


pdfTeX warning (dest): name{Rfn.minpack.lm::nlsLM} has been referenced but does not exist, replaced by a fixed one


pdfTeX warning (dest): name{Rfn.character} has been referenced but does not exist, replaced by a fixed one


pdfTeX warning (dest): name{Rfn.logical} has been referenced but does not exist, replaced by a fixed one


pdfTeX warning (dest): name{Rfn.numeric} has been referenced but does not exist, replaced by a fixed one


pdfTeX warning (dest): name{Rfn.RLum.Data.Curve.Rdash.class} has been referenced but does not exist, replaced by a fixed one


pdfTeX warning (dest): name{Rfn.matrix} has been referenced but does not exist, replaced by a fixed one


pdfTeX warning (dest): name{Rfn.data.frame} has been referenced but does not exist, replaced by a fixed one

</Users/kreutzer/Library/TinyTeX/texmf-dist/fonts/type1/public/inconsolata/Inconsolata-zi4r.pfb></Users/kreutzer/Library/TinyTeX/texmf-dist/fonts/type1/public/amsfonts/cm/cmmi10.pfb></Users/kreutzer/Library/TinyTeX/texmf-dist/fonts/type1/public/amsfonts/cm/cmmi7.pfb></Users/kreutzer/Library/TinyTeX/texmf-dist/fonts/type1/public/amsfonts/cm/cmr10.pfb></Users/kreutzer/Library/TinyTeX/texmf-dist/fonts/type1/public/amsfonts/cm/cmr7.pfb></Users/kreutzer/Library/TinyTeX/texmf-dist/fonts/type1/public/amsfonts/cm/cmsy10.pfb></Users/kreutzer/Library/TinyTeX/texmf-dist/fonts/type1/public/amsfonts/cm/cmsy7.pfb></Users/kreutzer/Library/TinyTeX/texmf-dist/fonts/type1/urw/times/utmb8a.pfb></Users/kreutzer/Library/TinyTeX/texmf-dist/fonts/type1/urw/times/utmr8a.pfb></Users/kreutzer/Library/TinyTeX/texmf-dist/fonts/type1/urw/times/utmr8a.pfb></Users/kreutzer/Library/TinyTeX/texmf-dist/fonts/type1/urw/times/utmri8a.pfb>
Output written on Rd2.pdf (29 pages, 237811 bytes).
Transcript written on Rd2.log.
Saving output to OSLdecomposition-manual.pdf ...
Done
You may want to clean up by 'rm -Rf /var/folders/yz/3s5p1pss4352wtlzt9_bzbp00000gp/T//RtmpQNTLp3/Rd2pdfaf45bd785f'
