* installing *source* package ‘RLumModel’ ...
** package ‘RLumModel’ successfully unpacked and MD5 sums checked
** using staged installation
** libs
using C++ compiler: ‘Apple clang version 15.0.0 (clang-1500.3.9.4)’
using C++11
using SDK: ‘’
clang++ -arch arm64 -std=gnu++11 -I"/Library/Frameworks/R.framework/Resources/include" -DNDEBUG  -I'/Library/Frameworks/R.framework/Versions/4.4-arm64/Resources/library/Rcpp/include' -I'/Users/kreutzer/GitHub/Luminescence/Luminescence.BuildResults/Library/RcppArmadillo/include' -I/opt/R/arm64/include    -fPIC  -falign-functions=64 -Wall -g -O2   -c RcppExports.cpp -o RcppExports.o
clang++ -arch arm64 -std=gnu++11 -I"/Library/Frameworks/R.framework/Resources/include" -DNDEBUG  -I'/Library/Frameworks/R.framework/Versions/4.4-arm64/Resources/library/Rcpp/include' -I'/Users/kreutzer/GitHub/Luminescence/Luminescence.BuildResults/Library/RcppArmadillo/include' -I/opt/R/arm64/include    -fPIC  -falign-functions=64 -Wall -g -O2   -c set_ODE_Rcpp.cpp -o set_ODE_Rcpp.o
clang++ -arch arm64 -std=gnu++11 -I"/Library/Frameworks/R.framework/Resources/include" -DNDEBUG  -I'/Library/Frameworks/R.framework/Versions/4.4-arm64/Resources/library/Rcpp/include' -I'/Users/kreutzer/GitHub/Luminescence/Luminescence.BuildResults/Library/RcppArmadillo/include' -I/opt/R/arm64/include    -fPIC  -falign-functions=64 -Wall -g -O2   -c set_ODE_Rcpp_LM_OSL.cpp -o set_ODE_Rcpp_LM_OSL.o
clang++ -arch arm64 -std=gnu++11 -dynamiclib -Wl,-headerpad_max_install_names -undefined dynamic_lookup -L/Library/Frameworks/R.framework/Resources/lib -L/opt/R/arm64/lib -o RLumModel.so RcppExports.o set_ODE_Rcpp.o set_ODE_Rcpp_LM_OSL.o -L/Library/Frameworks/R.framework/Resources/lib -lRlapack -L/Library/Frameworks/R.framework/Resources/lib -lRblas -L/opt/gfortran/lib/gcc/aarch64-apple-darwin20.0/12.2.0 -L/opt/gfortran/lib -lgfortran -lemutls_w -lquadmath -F/Library/Frameworks/R.framework/.. -framework R -Wl,-framework -Wl,CoreFoundation
installing to /Users/kreutzer/GitHub/Luminescence/Luminescence.BuildResults/RLumModel.Rcheck/00LOCK-RLumModel/00new/RLumModel/libs
** R
** data
*** moving datasets to lazyload DB
** inst
** byte-compile and prepare package for lazy loading
** help
*** installing help indices
*** copying figures
** building package indices
** installing vignettes
** testing if installed package can be loaded from temporary location
** checking absolute paths in shared objects and dynamic libraries
** testing if installed package can be loaded from final location
** testing if installed package keeps a record of temporary installation path
* DONE (RLumModel)
