This is pdfTeX, Version 3.141592653-2.6-1.40.23 (TeX Live 2022/dev) (preloaded format=pdflatex 2021.7.22)  24 AUG 2021 09:49
entering extended mode
 restricted \write18 enabled.
 %&-line parsing enabled.
**\nonstopmode \input ./Rd2.tex \input ./Rd2.tex \input ./Rd2.tex \input ./Rd2.
tex
(./Rd2.tex
(/usr/local/texlive/2021/texmf-dist/tex/latex/base/book.cls
Document Class: book 2021/02/12 v1.4n Standard LaTeX document class
(/usr/local/texlive/2021/texmf-dist/tex/latex/base/bk10.clo
File: bk10.clo 2021/02/12 v1.4n Standard LaTeX file (size option)
)
\c@part=\count182
\c@chapter=\count183
\c@section=\count184
\c@subsection=\count185
\c@subsubsection=\count186
\c@paragraph=\count187
\c@subparagraph=\count188
\c@figure=\count189
\c@table=\count190
\abovecaptionskip=\skip47
\belowcaptionskip=\skip48
\bibindent=\dimen138
)
(/Library/Frameworks/R.framework/Resources/share/texmf/tex/latex/Rd.sty
Package: Rd 

(/usr/local/texlive/2021/texmf-dist/tex/latex/base/ifthen.sty
Package: ifthen 2020/11/24 v1.1c Standard LaTeX ifthen package (DPC)
)
(/usr/local/texlive/2021/texmf-dist/tex/latex/tools/longtable.sty
Package: longtable 2021-05-07 v4.16 Multi-page Table package (DPC)
\LTleft=\skip49
\LTright=\skip50
\LTpre=\skip51
\LTpost=\skip52
\LTchunksize=\count191
\LTcapwidth=\dimen139
\LT@head=\box50
\LT@firsthead=\box51
\LT@foot=\box52
\LT@lastfoot=\box53
\LT@gbox=\box54
\LT@cols=\count192
\LT@rows=\count193
\c@LT@tables=\count194
\c@LT@chunks=\count195
\LT@p@ftn=\toks16
)
(/usr/local/texlive/2021/texmf-dist/tex/latex/tools/bm.sty
Package: bm 2021/04/25 v1.2e Bold Symbol Support (DPC/FMi)
\symboldoperators=\mathgroup4
\symboldletters=\mathgroup5
\symboldsymbols=\mathgroup6
Package bm Info: No bold for \OMX/cmex/m/n, using \pmb.
LaTeX Font Info:    Redeclaring math alphabet \mathbf on input line 149.
)
(/usr/local/texlive/2021/texmf-dist/tex/latex/base/alltt.sty
Package: alltt 2021/01/29 v2.0g defines alltt environment
)
(/usr/local/texlive/2021/texmf-dist/tex/latex/tools/verbatim.sty
Package: verbatim 2020-07-07 v1.5u LaTeX2e package for verbatim enhancements
\every@verbatim=\toks17
\verbatim@line=\toks18
\verbatim@in@stream=\read2
)
(/usr/local/texlive/2021/texmf-dist/tex/latex/url/url.sty
\Urlmuskip=\muskip16
Package: url 2013/09/16  ver 3.4  Verb mode for urls, etc.
)
(/usr/local/texlive/2021/texmf-dist/tex/latex/base/textcomp.sty
Package: textcomp 2020/02/02 v2.0n Standard LaTeX package
)
\ldescriptionwidth=\skip53

(/usr/local/texlive/2021/texmf-dist/tex/latex/base/fontenc.sty
Package: fontenc 2021/04/29 v2.0v Standard LaTeX package
)
(/usr/local/texlive/2021/texmf-dist/tex/latex/psnfss/times.sty
Package: times 2020/03/25 PSNFSS-v9.3 (SPQR) 
)
(/usr/local/texlive/2021/texmf-dist/tex/latex/inconsolata/zi4.sty
Package: zi4 2019/05/17 v1.12

`inconsolata-zi4' v1.12, 2019/05/17 Text macros for Inconsolata (msharpe)
(/usr/local/texlive/2021/texmf-dist/tex/latex/xkeyval/xkeyval.sty
Package: xkeyval 2020/11/20 v2.8 package option processing (HA)

(/usr/local/texlive/2021/texmf-dist/tex/generic/xkeyval/xkeyval.tex
(/usr/local/texlive/2021/texmf-dist/tex/generic/xkeyval/xkvutils.tex
\XKV@toks=\toks19
\XKV@tempa@toks=\toks20

(/usr/local/texlive/2021/texmf-dist/tex/generic/xkeyval/keyval.tex))
\XKV@depth=\count196
File: xkeyval.tex 2014/12/03 v2.7a key=value parser (HA)
))
\zifour@ocount=\count197
)
(/usr/local/texlive/2021/texmf-dist/tex/latex/graphics/color.sty
Package: color 2020/02/24 v1.2b Standard LaTeX Color (DPC)

(/usr/local/texlive/2021/texmf-dist/tex/latex/graphics-cfg/color.cfg
File: color.cfg 2016/01/02 v1.6 sample color configuration
)
Package color Info: Driver file: pdftex.def on input line 149.

(/usr/local/texlive/2021/texmf-dist/tex/latex/graphics-def/pdftex.def
File: pdftex.def 2020/10/05 v1.2a Graphics/color driver for pdftex
))
(/usr/local/texlive/2021/texmf-dist/tex/latex/hyperref/hyperref.sty
Package: hyperref 2021-06-07 v7.00m Hypertext links for LaTeX

(/usr/local/texlive/2021/texmf-dist/tex/generic/ltxcmds/ltxcmds.sty
Package: ltxcmds 2020-05-10 v1.25 LaTeX kernel commands for general use (HO)
)
(/usr/local/texlive/2021/texmf-dist/tex/generic/iftex/iftex.sty
Package: iftex 2020/03/06 v1.0d TeX engine tests
)
(/usr/local/texlive/2021/texmf-dist/tex/generic/pdftexcmds/pdftexcmds.sty
Package: pdftexcmds 2020-06-27 v0.33 Utility functions of pdfTeX for LuaTeX (HO
)

(/usr/local/texlive/2021/texmf-dist/tex/generic/infwarerr/infwarerr.sty
Package: infwarerr 2019/12/03 v1.5 Providing info/warning/error messages (HO)
)
Package pdftexcmds Info: \pdf@primitive is available.
Package pdftexcmds Info: \pdf@ifprimitive is available.
Package pdftexcmds Info: \pdfdraftmode found.
)
(/usr/local/texlive/2021/texmf-dist/tex/generic/kvsetkeys/kvsetkeys.sty
Package: kvsetkeys 2019/12/15 v1.18 Key value parser (HO)
)
(/usr/local/texlive/2021/texmf-dist/tex/generic/kvdefinekeys/kvdefinekeys.sty
Package: kvdefinekeys 2019-12-19 v1.6 Define keys (HO)
)
(/usr/local/texlive/2021/texmf-dist/tex/generic/pdfescape/pdfescape.sty
Package: pdfescape 2019/12/09 v1.15 Implements pdfTeX's escape features (HO)
)
(/usr/local/texlive/2021/texmf-dist/tex/latex/hycolor/hycolor.sty
Package: hycolor 2020-01-27 v1.10 Color options for hyperref/bookmark (HO)
)
(/usr/local/texlive/2021/texmf-dist/tex/latex/letltxmacro/letltxmacro.sty
Package: letltxmacro 2019/12/03 v1.6 Let assignment for LaTeX macros (HO)
)
(/usr/local/texlive/2021/texmf-dist/tex/latex/auxhook/auxhook.sty
Package: auxhook 2019-12-17 v1.6 Hooks for auxiliary files (HO)
)
(/usr/local/texlive/2021/texmf-dist/tex/latex/kvoptions/kvoptions.sty
Package: kvoptions 2020-10-07 v3.14 Key value format for package options (HO)
)
\@linkdim=\dimen140
\Hy@linkcounter=\count198
\Hy@pagecounter=\count199

(/usr/local/texlive/2021/texmf-dist/tex/latex/hyperref/pd1enc.def
File: pd1enc.def 2021-06-07 v7.00m Hyperref: PDFDocEncoding definition (HO)
Now handling font encoding PD1 ...
... no UTF-8 mapping file for font encoding PD1
)
(/usr/local/texlive/2021/texmf-dist/tex/latex/hyperref/hyperref-langpatches.def
File: hyperref-langpatches.def 2021-06-07 v7.00m Hyperref: patches for babel la
nguages
) (/usr/local/texlive/2021/texmf-dist/tex/generic/intcalc/intcalc.sty
Package: intcalc 2019/12/15 v1.3 Expandable calculations with integers (HO)
)
(/usr/local/texlive/2021/texmf-dist/tex/generic/etexcmds/etexcmds.sty
Package: etexcmds 2019/12/15 v1.7 Avoid name clashes with e-TeX commands (HO)
)
\Hy@SavedSpaceFactor=\count266

(/usr/local/texlive/2021/texmf-dist/tex/latex/hyperref/puenc.def
File: puenc.def 2021-06-07 v7.00m Hyperref: PDF Unicode definition (HO)
Now handling font encoding PU ...
... no UTF-8 mapping file for font encoding PU
)
Package hyperref Info: Hyper figures OFF on input line 4192.
Package hyperref Info: Link nesting OFF on input line 4197.
Package hyperref Info: Hyper index ON on input line 4200.
Package hyperref Info: Plain pages OFF on input line 4207.
Package hyperref Info: Backreferencing OFF on input line 4212.
Package hyperref Info: Implicit mode ON; LaTeX internals redefined.
Package hyperref Info: Bookmarks ON on input line 4445.
\c@Hy@tempcnt=\count267
LaTeX Info: Redefining \url on input line 4804.
\XeTeXLinkMargin=\dimen141

(/usr/local/texlive/2021/texmf-dist/tex/generic/bitset/bitset.sty
Package: bitset 2019/12/09 v1.3 Handle bit-vector datatype (HO)

(/usr/local/texlive/2021/texmf-dist/tex/generic/bigintcalc/bigintcalc.sty
Package: bigintcalc 2019/12/15 v1.5 Expandable calculations on big integers (HO
)
))
\Fld@menulength=\count268
\Field@Width=\dimen142
\Fld@charsize=\dimen143
Package hyperref Info: Hyper figures OFF on input line 6076.
Package hyperref Info: Link nesting OFF on input line 6081.
Package hyperref Info: Hyper index ON on input line 6084.
Package hyperref Info: backreferencing OFF on input line 6091.
Package hyperref Info: Link coloring OFF on input line 6096.
Package hyperref Info: Link coloring with OCG OFF on input line 6101.
Package hyperref Info: PDF/A mode OFF on input line 6106.
LaTeX Info: Redefining \ref on input line 6146.
LaTeX Info: Redefining \pageref on input line 6150.

(/usr/local/texlive/2021/texmf-dist/tex/latex/base/atbegshi-ltx.sty
Package: atbegshi-ltx 2021/01/10 v1.0c Emulation of the original atbegshi
package with kernel methods
)
\Hy@abspage=\count269
\c@Item=\count270
\c@Hfootnote=\count271
)
Package hyperref Info: Driver (autodetected): hpdftex.

(/usr/local/texlive/2021/texmf-dist/tex/latex/hyperref/hpdftex.def
File: hpdftex.def 2021-06-07 v7.00m Hyperref driver for pdfTeX

(/usr/local/texlive/2021/texmf-dist/tex/latex/base/atveryend-ltx.sty
Package: atveryend-ltx 2020/08/19 v1.0a Emulation of the original atvery packag
e
with kernel methods
)
\Fld@listcount=\count272
\c@bookmark@seq@number=\count273

(/usr/local/texlive/2021/texmf-dist/tex/latex/rerunfilecheck/rerunfilecheck.sty
Package: rerunfilecheck 2019/12/05 v1.9 Rerun checks for auxiliary files (HO)

(/usr/local/texlive/2021/texmf-dist/tex/generic/uniquecounter/uniquecounter.sty
Package: uniquecounter 2019/12/15 v1.4 Provide unlimited unique counter (HO)
)
Package uniquecounter Info: New unique counter `rerunfilecheck' on input line 2
86.
)
\Hy@SectionHShift=\skip54
)

Package hyperref Warning: Option `hyperindex' has already been used,
(hyperref)                setting the option has no effect on input line 378.

Package hyperref Info: Option `colorlinks' set `true' on input line 378.

Package hyperref Warning: Option `pagebackref' has already been used,
(hyperref)                setting the option has no effect on input line 378.

Package hyperref Info: Option `linktocpage' set `true' on input line 378.
Package hyperref Info: Option `plainpages' set `false' on input line 378.
) (/usr/local/texlive/2021/texmf-dist/tex/latex/base/makeidx.sty
Package: makeidx 2014/09/29 v1.0m Standard LaTeX package
)
(/usr/local/texlive/2021/texmf-dist/tex/latex/base/inputenc.sty
Package: inputenc 2021/02/14 v1.3d Input encoding file
\inpenc@prehook=\toks21
\inpenc@posthook=\toks22
)
\@indexfile=\write3
\openout3 = `Rd2.idx'.


Writing index file Rd2.idx
LaTeX Font Info:    Trying to load font information for T1+ptm on input line 8.

(/usr/local/texlive/2021/texmf-dist/tex/latex/psnfss/t1ptm.fd
File: t1ptm.fd 2001/06/04 font definitions for T1/ptm.
)
(/usr/local/texlive/2021/texmf-dist/tex/latex/l3backend/l3backend-pdftex.def
File: l3backend-pdftex.def 2021-07-12 L3 backend support: PDF output (pdfTeX)
\l__color_backend_stack_int=\count274
\l__pdf_internal_box=\box55
)
(/private/var/folders/yz/3s5p1pss4352wtlzt9_bzbp00000gp/T/RtmpL4S5aD/Rd2pdf9f14
2ec6fc16/Rd2.aux)
\openout1 = `Rd2.aux'.

LaTeX Font Info:    Checking defaults for OML/cmm/m/it on input line 8.
LaTeX Font Info:    ... okay on input line 8.
LaTeX Font Info:    Checking defaults for OMS/cmsy/m/n on input line 8.
LaTeX Font Info:    ... okay on input line 8.
LaTeX Font Info:    Checking defaults for OT1/cmr/m/n on input line 8.
LaTeX Font Info:    ... okay on input line 8.
LaTeX Font Info:    Checking defaults for T1/cmr/m/n on input line 8.
LaTeX Font Info:    ... okay on input line 8.
LaTeX Font Info:    Checking defaults for TS1/cmr/m/n on input line 8.
LaTeX Font Info:    ... okay on input line 8.
LaTeX Font Info:    Checking defaults for OMX/cmex/m/n on input line 8.
LaTeX Font Info:    ... okay on input line 8.
LaTeX Font Info:    Checking defaults for U/cmr/m/n on input line 8.
LaTeX Font Info:    ... okay on input line 8.
LaTeX Font Info:    Checking defaults for PD1/pdf/m/n on input line 8.
LaTeX Font Info:    ... okay on input line 8.
LaTeX Font Info:    Checking defaults for PU/pdf/m/n on input line 8.
LaTeX Font Info:    ... okay on input line 8.

(/usr/local/texlive/2021/texmf-dist/tex/context/base/mkii/supp-pdf.mkii
[Loading MPS to PDF converter (version 2006.09.02).]
\scratchcounter=\count275
\scratchdimen=\dimen144
\scratchbox=\box56
\nofMPsegments=\count276
\nofMParguments=\count277
\everyMPshowfont=\toks23
\MPscratchCnt=\count278
\MPscratchDim=\dimen145
\MPnumerator=\count279
\makeMPintoPDFobject=\count280
\everyMPtoPDFconversion=\toks24
)
Package hyperref Info: Link coloring ON on input line 8.
 (/usr/local/texlive/2021/texmf-dist/tex/latex/hyperref/nameref.sty
Package: nameref 2021-04-02 v2.47 Cross-referencing by name of section

(/usr/local/texlive/2021/texmf-dist/tex/latex/refcount/refcount.sty
Package: refcount 2019/12/15 v3.6 Data extraction from label references (HO)
)
(/usr/local/texlive/2021/texmf-dist/tex/generic/gettitlestring/gettitlestring.s
ty
Package: gettitlestring 2019/12/15 v1.6 Cleanup title references (HO)
)
\c@section@level=\count281
)
LaTeX Info: Redefining \ref on input line 8.
LaTeX Info: Redefining \pageref on input line 8.
LaTeX Info: Redefining \nameref on input line 8.

(/private/var/folders/yz/3s5p1pss4352wtlzt9_bzbp00000gp/T/RtmpL4S5aD/Rd2pdf9f14
2ec6fc16/Rd2.out)
(/private/var/folders/yz/3s5p1pss4352wtlzt9_bzbp00000gp/T/RtmpL4S5aD/Rd2pdf9f14
2ec6fc16/Rd2.out)
\@outlinefile=\write4
\openout4 = `Rd2.out'.


Overfull \hbox (204.15952pt too wide) in paragraph at lines 22--23
\T1/ptm/m/n/10 tions: Combes, B. & Philippe, A. (2017) <[][]doi:10.1016/j.quage
o.2017.02.003[][]> and Combes et al (2015) <[][]doi:10.1016/j.quageo.2015.04.00
1[][]>. This in- 
 []

LaTeX Font Info:    Trying to load font information for T1+zi4 on input line 27
.
(/usr/local/texlive/2021/texmf-dist/tex/latex/inconsolata/t1zi4.fd
File: t1zi4.fd 2018/01/14 T1/zi4 (Inconsolata)
)
LaTeX Font Info:    Font shape `T1/zi4/m/n' will be
(Font)              scaled to size 10.0pt on input line 27.
LaTeX Font Info:    External font `cmex10' loaded for size
(Font)              <7> on input line 27.
LaTeX Font Info:    External font `cmex10' loaded for size
(Font)              <5> on input line 27.
LaTeX Font Info:    Trying to load font information for T1+phv on input line 46
.

(/usr/local/texlive/2021/texmf-dist/tex/latex/psnfss/t1phv.fd
File: t1phv.fd 2020/03/25 scalable font definitions for T1/phv.
)
(/private/var/folders/yz/3s5p1pss4352wtlzt9_bzbp00000gp/T/RtmpL4S5aD/Rd2pdf9f14
2ec6fc16/Rd2.toc [1


{/usr/local/texlive/2021/texmf-var/fonts/map/pdftex/updmap/pdftex.map}])
\tf@toc=\write5
\openout5 = `Rd2.toc'.


Underfull \hbox (badness 1466) in paragraph at lines 48--48
[]\T1/ptm/m/it/10 Chronological Bayesian Mod-els In-te-grat-ing Op-ti-cally Sti
m-u-lated
 []


Underfull \hbox (badness 10000) in paragraph at lines 48--48

 []

[2] [3]
Overfull \hbox (9.2281pt too wide) in paragraph at lines 149--153
\T1/ptm/m/n/10 de-tails sec-tion for in-struc-tions re-gard-ing how to cor-rect
ly fill \T1/zi4/m/n/10 StratiConstraints\T1/ptm/m/n/10 ;
 []

LaTeX Font Info:    Trying to load font information for TS1+ptm on input line 1
63.
(/usr/local/texlive/2021/texmf-dist/tex/latex/psnfss/ts1ptm.fd
File: ts1ptm.fd 2001/06/04 font definitions for TS1/ptm.
) [4]
Overfull \hbox (68.86772pt too wide) in paragraph at lines 199--202
[]\T1/ptm/b/n/10 Sample re-la-tions\T1/ptm/m/n/10 : for all j in {2,...,Nb_Samp
le+1} and all i in {j,...,Nb_Sample}, \T1/zi4/m/n/10 StratiConstraints[j,i]=1
 []


Underfull \hbox (badness 10000) in paragraph at lines 211--213

 []


Underfull \hbox (badness 10000) in paragraph at lines 214--215

 []

LaTeX Font Info:    Trying to load font information for TS1+zi4 on input line 2
16.
(/usr/local/texlive/2021/texmf-dist/tex/latex/inconsolata/ts1zi4.fd
File: ts1zi4.fd 2018/01/14 TS1/zi4 (Inconsolata)
)
LaTeX Font Info:    Font shape `TS1/zi4/m/n' will be
(Font)              scaled to size 10.0pt on input line 216.
 [5]
[6]
LaTeX Font Info:    Font shape `T1/zi4/m/n' will be
(Font)              scaled to size 9.0pt on input line 304.
 [7] [8]
Overfull \hbox (8.50006pt too wide) in paragraph at lines 410--415
[][][]\T1/ptm/m/n/10 list[][][] of ob-jects: \T1/zi4/m/n/10 LT\T1/ptm/m/n/10 , 
\T1/zi4/m/n/10 sLT\T1/ptm/m/n/10 , \T1/zi4/m/n/10 ITimes\T1/ptm/m/n/10 , \T1/zi
4/m/n/10 dLab\T1/ptm/m/n/10 , \T1/zi4/m/n/10 ddot_env\T1/ptm/m/n/10 , \T1/zi4/m
/n/10 regDose\T1/ptm/m/n/10 , \T1/zi4/m/n/10 J\T1/ptm/m/n/10 , \T1/zi4/m/n/10 K
\T1/ptm/m/n/10 , \T1/zi4/m/n/10 Nb_measurement\T1/ptm/m/n/10 ,
 []


Overfull \hbox (13.288pt too wide) in paragraph at lines 416--417
[][][]\T1/ptm/m/n/10 character[][][] vec-tor: names of sam-ples. The length of 
this vec-tor is equal to \T1/zi4/m/n/10 Nb_sample\T1/ptm/m/n/10 . 
 []


Overfull \hbox (27.55978pt too wide) in paragraph at lines 420--423
\T1/ptm/m/n/10 sam-ple (in ka). Note that, \T1/zi4/m/n/10 length(PriorAge)=2*Nb
_sample \T1/ptm/m/n/10 and \T1/zi4/m/n/10 PriorAge[2i-1,2i]
 []

[9]
Overfull \hbox (9.2281pt too wide) in paragraph at lines 453--457
\T1/ptm/m/n/10 de-tails sec-tion for in-struc-tions re-gard-ing how to cor-rect
ly fill \T1/zi4/m/n/10 StratiConstraints\T1/ptm/m/n/10 ;
 []


Overfull \hbox (183.94922pt too wide) in alignment at lines 504--504
 [] [] [] [] [] 
 []

[10]
Underfull \hbox (badness 10000) in paragraph at lines 506--507

 []


Underfull \hbox (badness 10000) in paragraph at lines 534--536

 []


Underfull \hbox (badness 10000) in paragraph at lines 537--538

 []


Underfull \hbox (badness 10000) in paragraph at lines 552--553

 []


Underfull \hbox (badness 10000) in paragraph at lines 556--557

 []

[11]
Overfull \hbox (43.12788pt too wide) in paragraph at lines 582--583
[]\T1/ptm/b/n/10 Saturating ex-po-nen-tial plus lin-ear growth and fit-ting thr
ough the ori-gin \T1/ptm/m/n/10 (\T1/zi4/m/n/10 AgesMultiCS2_EXPLINZO\T1/ptm/m/
n/10 ): 
 []


Underfull \hbox (badness 10000) in paragraph at lines 606--607

 []

[12]
Overfull \hbox (18.12643pt too wide) in paragraph at lines 697--698
[][][]\T1/ptm/m/n/10 Generate_DataFile[][][], [][]Gen-er-ate_DataFile_MG[][][],
 [][]rjags[][][], [][]plot_MCMC[][][], [][]SC-Ma-trix[][][], [][]Age_Computatio
n[][][], [][]Palaeo-
 []

[13]
Underfull \vbox (badness 10000) has occurred while \output is active []

 [14]
Overfull \hbox (8.50006pt too wide) in paragraph at lines 797--799
[][][]\T1/ptm/m/n/10 list[][][] of ob-jects: \T1/zi4/m/n/10 LT\T1/ptm/m/n/10 , 
\T1/zi4/m/n/10 sLT\T1/ptm/m/n/10 , \T1/zi4/m/n/10 ITimes\T1/ptm/m/n/10 , \T1/zi
4/m/n/10 dLab\T1/ptm/m/n/10 , \T1/zi4/m/n/10 ddot_env\T1/ptm/m/n/10 , \T1/zi4/m
/n/10 regDose\T1/ptm/m/n/10 , \T1/zi4/m/n/10 J\T1/ptm/m/n/10 , \T1/zi4/m/n/10 K
\T1/ptm/m/n/10 , \T1/zi4/m/n/10 Nb_measurement\T1/ptm/m/n/10 ,
 []

[15]
Underfull \hbox (badness 10000) in paragraph at lines 856--857

 []

[16]
Overfull \hbox (33.12788pt too wide) in paragraph at lines 881--882
[]\T1/ptm/b/n/10 Saturating ex-po-nen-tial plus lin-ear growth and fit-ting thr
ough the ori-gin \T1/ptm/m/n/10 (\T1/zi4/m/n/10 AgeMultiBF_EXPLINZO\T1/ptm/m/n/
10 ): 
 []


Underfull \hbox (badness 10000) in paragraph at lines 905--906

 []

[17]
Overfull \hbox (51.94623pt too wide) in paragraph at lines 985--986
[][][]\T1/ptm/m/n/10 Generate_DataFile[][][], [][]Gen-er-ate_DataFile_MG[][][],
 [][]rjags[][][], [][]plot_MCMC[][][], [][]AgeS_Computation[][][], [][]Palaeo-d
ose_Computation[][][] 
 []

[18]
Overfull \hbox (8.50006pt too wide) in paragraph at lines 1053--1058
[]\T1/ptm/m/n/10 list of ob-jects: \T1/zi4/m/n/10 LT\T1/ptm/m/n/10 , \T1/zi4/m/
n/10 sLT\T1/ptm/m/n/10 , \T1/zi4/m/n/10 ITimes\T1/ptm/m/n/10 , \T1/zi4/m/n/10 d
Lab\T1/ptm/m/n/10 , \T1/zi4/m/n/10 ddot_env\T1/ptm/m/n/10 , \T1/zi4/m/n/10 regD
ose\T1/ptm/m/n/10 , \T1/zi4/m/n/10 J\T1/ptm/m/n/10 , \T1/zi4/m/n/10 K\T1/ptm/m/
n/10 , \T1/zi4/m/n/10 Nb_measurement\T1/ptm/m/n/10 ,
 []

[19]
Overfull \hbox (22.01988pt too wide) in paragraph at lines 1081--1084
\T1/ptm/m/n/10 ple \T1/ptm/b/n/10 (in ka)\T1/ptm/m/n/10 . Note that, \T1/zi4/m/
n/10 length(PriorAge) = 2*Nb_sample \T1/ptm/m/n/10 sand \T1/zi4/m/n/10 PriorAge
[2i-1,2i]
 []


Overfull \hbox (11.73805pt too wide) in paragraph at lines 1114--1119
\T1/ptm/m/n/10 The length of this vec-tor is equal to the num-ber of OSL sam-pl
es. \T1/zi4/m/n/10 BinPerSample[i]
 []

[20]
Overfull \hbox (14.5685pt too wide) in paragraph at lines 1178--1180
[]\T1/ptm/m/n/10 There are ar-gu-ments for in-for-ma-tion con-cern-ing only C14
 sam-ples: \T1/zi4/m/n/10 Data_C14Cal\T1/ptm/m/n/10 , \T1/zi4/m/n/10 Data_Sigma
C14Cal\T1/ptm/m/n/10 ,
 []

[21]
Overfull \hbox (31.85826pt too wide) in paragraph at lines 1181--1184
[]\T1/ptm/m/n/10 There are ar-gu-ments for in-for-ma-tion con-cern-ing all the 
sam-ples: \T1/zi4/m/n/10 Nb_sample\T1/ptm/m/n/10 , \T1/zi4/m/n/10 SampleNames\T
1/ptm/m/n/10 , \T1/zi4/m/n/10 SampleNature\T1/ptm/m/n/10 ,
 []


Overfull \hbox (64.401pt too wide) in paragraph at lines 1181--1184
\T1/zi4/m/n/10 PriorAge\T1/ptm/m/n/10 , \T1/zi4/m/n/10 SavePdf\T1/ptm/m/n/10 , 
\T1/zi4/m/n/10 OutputFileName\T1/ptm/m/n/10 , \T1/zi4/m/n/10 OutputFilePath\T1/
ptm/m/n/10 , \T1/zi4/m/n/10 SaveEstimates\T1/ptm/m/n/10 , \T1/zi4/m/n/10 Output
TableName\T1/ptm/m/n/10 , \T1/zi4/m/n/10 OutputTablePath\T1/ptm/m/n/10 ,
 []


Underfull \hbox (badness 10000) in paragraph at lines 1181--1184

 []


Underfull \hbox (badness 10000) in paragraph at lines 1185--1186

 []


Underfull \hbox (badness 10000) in paragraph at lines 1210--1212

 []


Underfull \hbox (badness 10000) in paragraph at lines 1213--1214

 []


Underfull \hbox (badness 10000) in paragraph at lines 1228--1229

 []


Underfull \hbox (badness 10000) in paragraph at lines 1230--1231

 []

[22]
Overfull \hbox (43.12788pt too wide) in paragraph at lines 1255--1256
[]\T1/ptm/b/n/10 Saturating ex-po-nen-tial plus lin-ear growth and fit-ting thr
ough the ori-gin \T1/ptm/m/n/10 (\T1/zi4/m/n/10 AgesMultiCS2_EXPLINZO\T1/ptm/m/
n/10 ): 
 []


Underfull \hbox (badness 10000) in paragraph at lines 1279--1280

 []


Underfull \hbox (badness 10000) in paragraph at lines 1292--1293

 []


Underfull \hbox (badness 10000) in paragraph at lines 1303--1304

 []

[23] [24]
Overfull \hbox (20.59677pt too wide) in paragraph at lines 1425--1430
[]\T1/ptm/m/n/10 The func-tion al-lows to com-bine data al-ready gen-er-ated by
 [][]Gen-er-ate_DataFile[][][] or [][]Gen-er-ate_DataFile_MG[][][].
 []

[25]
Overfull \hbox (32.19589pt too wide) in paragraph at lines 1452--1453
\T1/ptm/m/n/10 Chrono-log-i-cal Bayesian Mod-els In-te-grat-ing Op-ti-cally Sti
m-u-lated. R pack-age ver-sion 0.2.0. https://CRAN.r-
 []


Overfull \hbox (8.35643pt too wide) in paragraph at lines 1456--1458
[]\T1/ptm/m/n/10 Sebastian Kreutzer, IRAMAT-CRP2A, UMR 5060, CNRS - Uni-ver-sit
é Bor-deaux Mon-taigne (France),
 []

[26]
Overfull \hbox (54.11581pt too wide) in paragraph at lines 1527--1528
\T1/ptm/m/n/10 Mod-els In-te-grat-ing Op-ti-cally Stim-u-lated. R pack-age ver-
sion 0.2.0. https://CRAN.r-project.org/package=BayLum 
 []

[27] [28]
Overfull \hbox (54.11581pt too wide) in paragraph at lines 1658--1659
\T1/ptm/m/n/10 Mod-els In-te-grat-ing Op-ti-cally Stim-u-lated. R pack-age ver-
sion 0.2.0. https://CRAN.r-project.org/package=BayLum 
 []


Overfull \hbox (4.55698pt too wide) in paragraph at lines 1662--1664
[]\T1/ptm/m/n/10 Sebastian Kreutzer, IRAMAT-CRP2A, UMR 5060, CNRS-Université Bo
r-deaux Mon-taigne (France),
 []


Overfull \hbox (7.29648pt too wide) in paragraph at lines 1662--1664
\T1/ptm/m/n/10 based on an 'MS Ex-cel' sheet by Guil-laume Guérin, IRAMAT-CRP2A
, UMR 5060, CNRS-Université
 []

[29] [30] [31] [32] [33]
Underfull \hbox (badness 10000) in paragraph at lines 1948--1950

 []


Underfull \hbox (badness 10000) in paragraph at lines 1951--1952

 []

[34]
Overfull \hbox (0.3185pt too wide) in paragraph at lines 1976--1978
[]\T1/zi4/m/n/10 nbOfLastCycleToRemove= \T1/ptm/m/n/10 num-ber of cy-cles at th
e end of the SAR pro-to-col which should
 []


Underfull \hbox (badness 10000) in paragraph at lines 1976--1978

 []


Underfull \hbox (badness 10000) in paragraph at lines 1985--1986

 []


Overfull \hbox (0.18973pt too wide) in paragraph at lines 1995--2001
\T1/ptm/m/n/10 If con-versely, \T1/zi4/m/n/10 FolderNames=c(noun2,noun1)\T1/ptm
/m/n/10 , the anal-y-sis per-formed by [][]\T1/zi4/m/n/10 AgeS_Computation[][][
]
 []


Underfull \hbox (badness 10000) in paragraph at lines 1995--2001

 []


Underfull \hbox (badness 10000) in paragraph at lines 2005--2006

 []

[35]
Overfull \hbox (49.43039pt too wide) in paragraph at lines 2007--2013
\T1/zi4/m/n/10 FolderNames=c("Sample1-File1","Sample1-File2","Sample2-File1")\T
1/ptm/m/n/10 , in which case \T1/zi4/m/n/10 "Sample1-File1"
 []


Overfull \hbox (49.18745pt too wide) in paragraph at lines 2014--2016
[]\T1/ptm/m/n/10 For the gen-eral BIN-file struc-ture, the reader is re-ferred 
to the fol-low-ing web-site: \T1/zi4/m/n/10 http://www.nutech.dtu.dk/ 
 []


Underfull \hbox (badness 10000) in paragraph at lines 2032--2033

 []


Underfull \hbox (badness 10000) in paragraph at lines 2037--2038

 []

[36]
LaTeX Font Info:    Font shape `TS1/zi4/m/n' will be
(Font)              scaled to size 9.0pt on input line 2070.
 [37]
Underfull \hbox (badness 10000) in paragraph at lines 2147--2149

 []


Underfull \hbox (badness 10000) in paragraph at lines 2150--2151

 []

[38]
Overfull \hbox (0.39766pt too wide) in paragraph at lines 2175--2177
[]\T1/ptm/m/n/10 nbOfLastCycleToRemove= num-ber of cy-cles at the end of the SA
R pro-to-col which should
 []


Underfull \hbox (badness 10000) in paragraph at lines 2175--2177

 []


Underfull \hbox (badness 10000) in paragraph at lines 2184--2185

 []


Overfull \hbox (0.18973pt too wide) in paragraph at lines 2194--2200
\T1/ptm/m/n/10 If con-versely, \T1/zi4/m/n/10 FolderNames=c(noun2,noun1)\T1/ptm
/m/n/10 , the anal-y-sis per-formed by [][]\T1/zi4/m/n/10 AgeS_Computation[][][
]
 []


Underfull \hbox (badness 10000) in paragraph at lines 2194--2200

 []


Underfull \hbox (badness 10000) in paragraph at lines 2204--2205

 []


Overfull \hbox (29.43039pt too wide) in paragraph at lines 2206--2212
\T1/zi4/m/n/10 FolderNames=c("Sample1-File1","Sample1-File2","Sample2-File1")\T
1/ptm/m/n/10 , in which case \T1/zi4/m/n/10 "Sample1-1"
 []


Overfull \hbox (49.18745pt too wide) in paragraph at lines 2213--2214
[]\T1/ptm/m/n/10 For the gen-eral BIN-file struc-ture, the reader is re-ferred 
to the fol-low-ing web-site: \T1/zi4/m/n/10 http://www.nutech.dtu.dk/ 
 []

[39]
Overfull \hbox (84.64099pt too wide) in paragraph at lines 2254--2256
[][][]\T1/zi4/m/n/10 read_BIN2R[][][]\T1/ptm/m/n/10 , [][]\T1/zi4/m/n/10 combin
e_DataFiles[][][]\T1/ptm/m/n/10 , [][]\T1/zi4/m/n/10 LT_RegenDose[][][] [][]Age
_Computation[][][]\T1/ptm/m/n/10 , [][]\T1/zi4/m/n/10 AgeS_Computation[][][]\T1
/ptm/m/n/10 , [][]\T1/zi4/m/n/10 Palaeodose_Computation[][][] 
 []

[40] [41] [42]
Overfull \hbox (0.29866pt too wide) in paragraph at lines 2376--2377
\T1/zi4/m/n/10 Nb_measurement\T1/ptm/m/n/10 , #' pro-vided by [][]Gen-er-ate_Da
taFile[][][] or [][]Gen-er-ate_DataFile_MG[][][]
 []


Overfull \hbox (25.15663pt too wide) in paragraph at lines 2391--2394
\T1/ptm/m/n/10 BIN files per sam-ple, which was used in [][]Gen-er-ate_DataFile
[][][] or [][]Gen-er-ate_DataFile_MG[][][]
 []

[43] [44] [45] [46] [47] [48] [49] [50] [51]
Overfull \hbox (1.91808pt too wide) in paragraph at lines 2890--2891
[]\T1/ptm/m/n/10 a list of 4 mod-els that all con-sider a sat-u-rat-ing ex-po-n
en-tial growth
 []

[52]
Overfull \hbox (14.6996pt too wide) in paragraph at lines 2932--2937
\T1/ptm/m/n/10 vel-oped in Combes et al (2015), based on an out-put of [][]\T1/
zi4/m/n/10 Generate_DataFile[][][] \T1/ptm/m/n/10 or [][]\T1/zi4/m/n/10 Generat
e_DataFile_MG[][][]
 []


Overfull \hbox (3.02844pt too wide) in paragraph at lines 2964--2967
[]\T1/ptm/m/n/10 list of ob-jects: LT, sLT, ITimes, dLab, ddot_env, reg-Dose, J
, K, Nb_measurement,
 []

[53]
Overfull \hbox (9.3981pt too wide) in paragraph at lines 2968--2969
[]\T1/ptm/m/n/10 character vec-tor: names of sam-ple. The length of this vec-to
r is equal to \T1/zi4/m/n/10 Nb_sample\T1/ptm/m/n/10 . 
 []

[54]
Overfull \hbox (73.12788pt too wide) in paragraph at lines 3036--3037
[]\T1/ptm/b/n/10 Saturating ex-po-nen-tial plus lin-ear growth and fit-ting thr
ough the ori-gin \T1/ptm/m/n/10 (\T1/zi4/m/n/10 PalaeodosesMultiBF_EXPLINZO\T1/
ptm/m/n/10 ): 
 []


Overfull \hbox (11.53857pt too wide) in paragraph at lines 3046--3047
[]\T1/ptm/b/n/10 Saturating ex-po-nen-tial growth and fit-ting through the ori-
gin \T1/ptm/m/n/10 (\T1/zi4/m/n/10 PalaeodosesMultiBF_EXPZO\T1/ptm/m/n/10 ): 
 []


Underfull \hbox (badness 10000) in paragraph at lines 3075--3076

 []

[55]
Overfull \hbox (44.64099pt too wide) in paragraph at lines 3140--3143
[][][]\T1/zi4/m/n/10 Generate_DataFile[][][]\T1/ptm/m/n/10 , [][]\T1/zi4/m/n/10
 Generate_DataFile_MG[][][]\T1/ptm/m/n/10 , [][]\T1/zi4/m/n/10 combine_DataFile
s[][][]\T1/ptm/m/n/10 , [][]\T1/zi4/m/n/10 rjags[][][]\T1/ptm/m/n/10 , [][]\T1/
zi4/m/n/10 plot_MCMC[][][]\T1/ptm/m/n/10 , [][]\T1/zi4/m/n/10 Age_Computation[]
[][]\T1/ptm/m/n/10 ,
 []

[56]
Overfull \hbox (31.44725pt too wide) in paragraph at lines 3169--3173
[][][]\T1/ptm/m/n/10 list[][][] or [][]data.frame[][][] (\T1/ptm/b/n/10 re-quir
ed\T1/ptm/m/n/10 ): Out-put as cre-ated by func-tions like [][]AgeC14_Computati
on[][][],
 []


Overfull \hbox (8.18973pt too wide) in paragraph at lines 3180--3183
\T1/zi4/m/n/10 legend \T1/ptm/m/n/10 (\T1/zi4/m/n/10 TRUE\T1/ptm/m/n/10 /\T1/zi
4/m/n/10 FALSE\T1/ptm/m/n/10 ), \T1/zi4/m/n/10 legend.text \T1/ptm/m/n/10 ([][]
char-ac-ter[][][] in-put needed), \T1/zi4/m/n/10 legend.pos [][]\T1/ptm/m/n/10 
graph-
 []


Overfull \hbox (54.11581pt too wide) in paragraph at lines 3201--3202
\T1/ptm/m/n/10 Mod-els In-te-grat-ing Op-ti-cally Stim-u-lated. R pack-age ver-
sion 0.2.0. https://CRAN.r-project.org/package=BayLum 
 []


Overfull \hbox (4.55698pt too wide) in paragraph at lines 3205--3207
[]\T1/ptm/m/n/10 Sebastian Kreutzer, IRAMAT-CRP2A, UMR 5060, CNRS-Université Bo
r-deaux Mon-taigne (France),
 []

[57]
Overfull \hbox (11.12689pt too wide) in paragraph at lines 3268--3270
[][][]\T1/ptm/m/n/10 coda::mcmc.list[][][] or [][]coda::mcmc[][][] (\T1/ptm/b/n
/10 re-quired\T1/ptm/m/n/10 ): Out-put gen-er-ated by [][]rjags::jags.model[][]
[],
 []

[58]
Overfull \hbox (25.95734pt too wide) in paragraph at lines 3301--3303
[]\T1/ptm/m/n/10 The func-tion is used in the func-tion [][]Age_Computation[][]
[], [][]AgeS_Computation[][][] and [][]Palaeo-dose_Computation[][][],
 []

[59]
Overfull \hbox (8.61803pt too wide) in paragraph at lines 3363--3366
[][]\T1/ptm/m/n/10 rjags::jags.model[][][] in [][]AgeS_Computation[][][], [][]A
geC14_Computation[][][] or [][]Age_OSLC14[][][].
 []

[60]
Underfull \hbox (badness 10000) in paragraph at lines 3393--3394

 []


Overfull \hbox (307.23083pt too wide) in alignment at lines 3412--3412
 [] [] [] 
 []


Overfull \hbox (8.35643pt too wide) in paragraph at lines 3428--3430
[]\T1/ptm/m/n/10 Sebastian Kreutzer, IRAMAT-CRP2A, UMR 5060, CNRS - Uni-ver-sit
é Bor-deaux Mon-taigne (France),
 []

[61]
Overfull \hbox (2.19601pt too wide) in paragraph at lines 3499--3500
\T1/ptm/m/n/10 log-i-cal Bayesian Mod-els In-te-grat-ing Op-ti-cally Stim-u-lat
ed. R pack-age ver-sion 0.2.0. https://CRAN.r-
 []

[62]
Overfull \hbox (10.98685pt too wide) in paragraph at lines 3528--3530
[]\T1/ptm/m/n/10 Construct the strati-graphic ma-trix used in the func-tions []
[]AgeS_Computation[][][] and [][]AgeC14_Computation[][][]
 []


Overfull \hbox (2.19601pt too wide) in paragraph at lines 3551--3552
\T1/ptm/m/n/10 log-i-cal Bayesian Mod-els In-te-grat-ing Op-ti-cally Stim-u-lat
ed. R pack-age ver-sion 0.2.0. https://CRAN.r-
 []

[63] [64]
(/private/var/folders/yz/3s5p1pss4352wtlzt9_bzbp00000gp/T/RtmpL4S5aD/Rd2pdf9f14
2ec6fc16/Rd2.ind [65]

LaTeX Font Warning: Font shape `T1/zi4/m/it' undefined
(Font)              using `T1/zi4/m/n' instead on input line 73.

LaTeX Font Info:    Font shape `T1/zi4/m/it' will be
(Font)              scaled to size 10.0pt on input line 101.
[66

] [67

])
(/private/var/folders/yz/3s5p1pss4352wtlzt9_bzbp00000gp/T/RtmpL4S5aD/Rd2pdf9f14
2ec6fc16/Rd2.aux)

LaTeX Font Warning: Some font shapes were not available, defaults substituted.

Package rerunfilecheck Info: File `Rd2.out' has not changed.
(rerunfilecheck)             Checksum: 04F2520DF647B42BEDCBB48ECC87A56F;4147.
 ) 
Here is how much of TeX's memory you used:
 9257 strings out of 478542
 135937 string characters out of 5850387
 447671 words of memory out of 5000000
 26564 multiletter control sequences out of 15000+600000
 438571 words of font info for 63 fonts, out of 8000000 for 9000
 1141 hyphenation exceptions out of 8191
 77i,6n,82p,605b,618s stack positions out of 5000i,500n,10000p,200000b,80000s
pdfTeX warning (dest): name{Rfn.graphics::contour} has been referenced but do
es not exist, replaced by a fixed one

pdfTeX warning (dest): name{Rfn.graphics::rug} has been referenced but does not
 exist, replaced by a fixed one

pdfTeX warning (dest): name{Rfn.graphics::smoothScatter} has been referenced bu
t does not exist, replaced by a fixed one

pdfTeX warning (dest): name{Rfn.hexbin::hexplom} has been referenced but does n
ot exist, replaced by a fixed one

pdfTeX warning (dest): name{Rfn.rjags::coda.samples} has been referenced but do
es not exist, replaced by a fixed one

pdfTeX warning (dest): name{Rfn.coda::densplot} has been referenced but does no
t exist, replaced by a fixed one

pdfTeX warning (dest): name{Rfn.coda::traceplot} has been referenced but does n
ot exist, replaced by a fixed one

pdfTeX warning (dest): name{Rfn.plot.default} has been referenced but does not 
exist, replaced by a fixed one

pdfTeX warning (dest): name{Rfn.mtext} has been referenced but does not exist, 
replaced by a fixed one

pdfTeX warning (dest): name{Rfn.par} has been referenced but does not exist, re
placed by a fixed one

pdfTeX warning (dest): name{Rfn.rug} has been referenced but does not exist, re
placed by a fixed one

pdfTeX warning (dest): name{Rfn.stats::smooth} has been referenced but does not
 exist, replaced by a fixed one

pdfTeX warning (dest): name{Rfn.vector} has been referenced but does not exist,
 replaced by a fixed one

pdfTeX warning (dest): name{Rfn.coda::mcmc} has been referenced but does not ex
ist, replaced by a fixed one

pdfTeX warning (dest): name{Rfn.coda::mcmc.list} has been referenced but does n
ot exist, replaced by a fixed one

pdfTeX warning (dest): name{Rfn.graphics::legend} has been referenced but does 
not exist, replaced by a fixed one

pdfTeX warning (dest): name{Rfn.load} has been referenced but does not exist, r
eplaced by a fixed one

pdfTeX warning (dest): name{Rfn.save} has been referenced but does not exist, r
eplaced by a fixed one

pdfTeX warning (dest): name{Rfn.Luminescence} has been referenced but does not 
exist, replaced by a fixed one

pdfTeX warning (dest): name{Rfn.read.Rul.BIN2R} has been referenced but does no
t exist, replaced by a fixed one

pdfTeX warning (dest): name{Rfn.Luminescence::read.Rul.BIN2R} has been referenc
ed but does not exist, replaced by a fixed one

pdfTeX warning (dest): name{Rfn.utils::read.table} has been referenced but does
 not exist, replaced by a fixed one

pdfTeX warning (dest): name{Rfn.utils::write.table} has been referenced but doe
s not exist, replaced by a fixed one

pdfTeX warning (dest): name{Rfn.data.frame} has been referenced but does not ex
ist, replaced by a fixed one

pdfTeX warning (dest): name{Rfn.runjags::autorun.jags} has been referenced but 
does not exist, replaced by a fixed one

pdfTeX warning (dest): name{Rfn.jags.model} has been referenced but does not ex
ist, replaced by a fixed one

pdfTeX warning (dest): name{Rfn.matrix} has been referenced but does not exist,
 replaced by a fixed one

pdfTeX warning (dest): name{Rfn.list} has been referenced but does not exist, r
eplaced by a fixed one

pdfTeX warning (dest): name{Rfn.rjags} has been referenced but does not exist, 
replaced by a fixed one

pdfTeX warning (dest): name{Rfn.rjags::jags.model} has been referenced but does
 not exist, replaced by a fixed one

pdfTeX warning (dest): name{Rfn.logical} has been referenced but does not exist
, replaced by a fixed one

pdfTeX warning (dest): name{Rfn.integer} has been referenced but does not exist
, replaced by a fixed one

pdfTeX warning (dest): name{Rfn.character} has been referenced but does not exi
st, replaced by a fixed one

pdfTeX warning (dest): name{Rfn.numeric} has been referenced but does not exist
, replaced by a fixed one

{/usr/local/texlive/2021/texmf-dist/fonts/enc/dvips/inconsolata/i4-ts1.enc}{/us
r/local/texlive/2021/texmf-dist/fonts/enc/dvips/base/8r.enc}{/usr/local/texlive
/2021/texmf-dist/fonts/enc/dvips/inconsolata/i4-t1-0.enc}</usr/local/texlive/20
21/texmf-dist/fonts/type1/public/inconsolata/Inconsolata-zi4r.pfb></usr/local/t
exlive/2021/texmf-dist/fonts/type1/public/amsfonts/cm/cmmi10.pfb></usr/local/te
xlive/2021/texmf-dist/fonts/type1/public/amsfonts/cm/cmmi7.pfb></usr/local/texl
ive/2021/texmf-dist/fonts/type1/public/amsfonts/cm/cmr10.pfb></usr/local/texliv
e/2021/texmf-dist/fonts/type1/public/amsfonts/cm/cmsy10.pfb></usr/local/texlive
/2021/texmf-dist/fonts/type1/urw/helvetic/uhvr8a.pfb></usr/local/texlive/2021/t
exmf-dist/fonts/type1/urw/times/utmb8a.pfb></usr/local/texlive/2021/texmf-dist/
fonts/type1/urw/times/utmr8a.pfb></usr/local/texlive/2021/texmf-dist/fonts/type
1/urw/times/utmr8a.pfb></usr/local/texlive/2021/texmf-dist/fonts/type1/urw/time
s/utmri8a.pfb>
Output written on Rd2.pdf (67 pages, 314831 bytes).
PDF statistics:
 1742 PDF objects out of 2073 (max. 8388607)
 1635 compressed objects within 17 object streams
 486 named destinations out of 1000 (max. 500000)
 297 words of extra memory for PDF output out of 10000 (max. 10000000)

