Hmm ... looks like a package
Converting parsed Rd's to LaTeX ....
Creating pdf output from LaTeX ...

This is pdfTeX, Version 3.141592653-2.6-1.40.26 (TeX Live 2024) (preloaded format=pdflatex)
 restricted \write18 enabled.
entering extended mode
LaTeX2e <2024-06-01> patch level 2
L3 programming layer <2024-08-30>
(./Rd2.tex
(/Users/kreutzer/Library/TinyTeX/texmf-dist/tex/latex/base/book.cls
Document Class: book 2024/02/08 v1.4n Standard LaTeX document class
(/Users/kreutzer/Library/TinyTeX/texmf-dist/tex/latex/base/bk10.clo)) (/Library/Frameworks/R.framework/Resources/share/texmf/tex/latex/Rd.sty (/Users/kreutzer/Library/TinyTeX/texmf-dist/tex/latex/base/ifthen.sty) (/Users/kreutzer/Library/TinyTeX/texmf-dist/tex/generic/iftex/iftex.sty) (/Users/kreutzer/Library/TinyTeX/texmf-dist/tex/latex/tools/longtable.sty) (/Users/kreutzer/Library/TinyTeX/texmf-dist/tex/latex/tools/bm.sty) (/Users/kreutzer/Library/TinyTeX/texmf-dist/tex/latex/base/alltt.sty) (/Users/kreutzer/Library/TinyTeX/texmf-dist/tex/latex/tools/verbatim.sty) (/Users/kreutzer/Library/TinyTeX/texmf-dist/tex/latex/url/url.sty) (/Users/kreutzer/Library/TinyTeX/texmf-dist/tex/latex/base/textcomp.sty) (/Users/kreutzer/Library/TinyTeX/texmf-dist/tex/latex/amsmath/amsmath.sty
For additional information on amsmath, use the `?' option.
(/Users/kreutzer/Library/TinyTeX/texmf-dist/tex/latex/amsmath/amstext.sty (/Users/kreutzer/Library/TinyTeX/texmf-dist/tex/latex/amsmath/amsgen.sty)) (/Users/kreutzer/Library/TinyTeX/texmf-dist/tex/latex/amsmath/amsbsy.sty) (/Users/kreutzer/Library/TinyTeX/texmf-dist/tex/latex/amsmath/amsopn.sty)) (/Users/kreutzer/Library/TinyTeX/texmf-dist/tex/latex/amsfonts/amsfonts.sty) (/Users/kreutzer/Library/TinyTeX/texmf-dist/tex/latex/amsfonts/amssymb.sty) (/Users/kreutzer/Library/TinyTeX/texmf-dist/tex/latex/amsfonts/eucal.sty) (/Users/kreutzer/Library/TinyTeX/texmf-dist/tex/latex/base/fontenc.sty) (/Users/kreutzer/Library/TinyTeX/texmf-dist/tex/latex/psnfss/times.sty) (/Users/kreutzer/Library/TinyTeX/texmf-dist/tex/latex/inconsolata/zi4.sty `inconsolata-zi4' v1.12, 2019/05/17 Text macros for Inconsolata (msharpe) (/Users/kreutzer/Library/TinyTeX/texmf-dist/tex/latex/xkeyval/xkeyval.sty (/Users/kreutzer/Library/TinyTeX/texmf-dist/tex/generic/xkeyval/xkeyval.tex (/Users/kreutzer/Library/TinyTeX/texmf-dist/tex/generic/xkeyval/xkvutils.tex (/Users/kreutzer/Library/TinyTeX/texmf-dist/tex/generic/xkeyval/keyval.tex))))) (/Users/kreutzer/Library/TinyTeX/texmf-dist/tex/latex/graphics/color.sty (/Users/kreutzer/Library/TinyTeX/texmf-dist/tex/latex/graphics-cfg/color.cfg) (/Users/kreutzer/Library/TinyTeX/texmf-dist/tex/latex/graphics-def/pdftex.def) (/Users/kreutzer/Library/TinyTeX/texmf-dist/tex/latex/graphics/mathcolor.ltx)) (/Users/kreutzer/Library/TinyTeX/texmf-dist/tex/latex/hyperref/hyperref.sty (/Users/kreutzer/Library/TinyTeX/texmf-dist/tex/latex/kvsetkeys/kvsetkeys.sty) (/Users/kreutzer/Library/TinyTeX/texmf-dist/tex/generic/kvdefinekeys/kvdefinekeys.sty) (/Users/kreutzer/Library/TinyTeX/texmf-dist/tex/generic/pdfescape/pdfescape.sty (/Users/kreutzer/Library/TinyTeX/texmf-dist/tex/generic/ltxcmds/ltxcmds.sty) (/Users/kreutzer/Library/TinyTeX/texmf-dist/tex/generic/pdftexcmds/pdftexcmds.sty (/Users/kreutzer/Library/TinyTeX/texmf-dist/tex/generic/infwarerr/infwarerr.sty))) (/Users/kreutzer/Library/TinyTeX/texmf-dist/tex/latex/hycolor/hycolor.sty) (/Users/kreutzer/Library/TinyTeX/texmf-dist/tex/latex/hyperref/nameref.sty (/Users/kreutzer/Library/TinyTeX/texmf-dist/tex/latex/refcount/refcount.sty) (/Users/kreutzer/Library/TinyTeX/texmf-dist/tex/generic/gettitlestring/gettitlestring.sty (/Users/kreutzer/Library/TinyTeX/texmf-dist/tex/latex/kvoptions/kvoptions.sty))) (/Users/kreutzer/Library/TinyTeX/texmf-dist/tex/latex/etoolbox/etoolbox.sty) (/Users/kreutzer/Library/TinyTeX/texmf-dist/tex/generic/stringenc/stringenc.sty) (/Users/kreutzer/Library/TinyTeX/texmf-dist/tex/latex/hyperref/pd1enc.def) (/Users/kreutzer/Library/TinyTeX/texmf-dist/tex/generic/intcalc/intcalc.sty) (/Users/kreutzer/Library/TinyTeX/texmf-dist/tex/latex/hyperref/puenc.def) (/Users/kreutzer/Library/TinyTeX/texmf-dist/tex/generic/bitset/bitset.sty (/Users/kreutzer/Library/TinyTeX/texmf-dist/tex/generic/bigintcalc/bigintcalc.sty)) (/Users/kreutzer/Library/TinyTeX/texmf-dist/tex/latex/base/atbegshi-ltx.sty)) (/Users/kreutzer/Library/TinyTeX/texmf-dist/tex/latex/hyperref/hpdftex.def (/Users/kreutzer/Library/TinyTeX/texmf-dist/tex/latex/base/atveryend-ltx.sty) (/Users/kreutzer/Library/TinyTeX/texmf-dist/tex/latex/rerunfilecheck/rerunfilecheck.sty (/Users/kreutzer/Library/TinyTeX/texmf-dist/tex/generic/uniquecounter/uniquecounter.sty)))) (/Users/kreutzer/Library/TinyTeX/texmf-dist/tex/latex/base/makeidx.sty)
Writing index file Rd2.idx
(/Users/kreutzer/Library/TinyTeX/texmf-dist/tex/latex/psnfss/t1ptm.fd) (/Users/kreutzer/Library/TinyTeX/texmf-dist/tex/latex/l3backend/l3backend-pdftex.def)
No file Rd2.aux.

Overfull \hbox (206.65952pt too wide) in paragraph at lines 21--22
\T1/ptm/m/n/10 tions: Combes, B. & Philippe, A. (2017) <[][]doi:10.1016/j.quageo.2017.02.003[][]> and Combes et al. (2015) <[][]doi:10.1016/j.quageo.2015.04.001[][]>. This in- 
(/Users/kreutzer/Library/TinyTeX/texmf-dist/tex/latex/inconsolata/t1zi4.fd) (/Users/kreutzer/Library/TinyTeX/texmf-dist/tex/latex/amsfonts/umsa.fd) (/Users/kreutzer/Library/TinyTeX/texmf-dist/tex/latex/amsfonts/umsb.fd)
No file Rd2.toc.

[1{/Users/kreutzer/Library/TinyTeX/texmf-var/fonts/map/pdftex/updmap/pdftex.map}{/Users/kreutzer/Library/TinyTeX/texmf-dist/fonts/enc/dvips/base/8r.enc}{/Users/kreutzer/Library/TinyTeX/texmf-dist/fonts/enc/dvips/inconsolata/i4-t1-0.enc}]
Underfull \hbox (badness 1466) in paragraph at lines 51--51
[]\T1/ptm/m/it/10 Chronological Bayesian Mod-els In-te-grat-ing Op-ti-cally Stim-u-lated

Underfull \hbox (badness 10000) in paragraph at lines 51--51

(/Users/kreutzer/Library/TinyTeX/texmf-dist/tex/latex/psnfss/ts1ptm.fd)
[2]
[3]
Overfull \hbox (9.2281pt too wide) in paragraph at lines 176--180
\T1/ptm/m/n/10 de-tails sec-tion for in-struc-tions re-gard-ing how to cor-rectly fill []\T1/zi4/m/n/10 StratiConstraints[]\T1/ptm/m/n/10 ;

[4]
Underfull \hbox (badness 10000) in paragraph at lines 238--240


Underfull \hbox (badness 10000) in paragraph at lines 241--242

(/Users/kreutzer/Library/TinyTeX/texmf-dist/tex/latex/inconsolata/ts1zi4.fd)
[5{/Users/kreutzer/Library/TinyTeX/texmf-dist/fonts/enc/dvips/inconsolata/i4-ts1.enc}]
[6]
[7]
[8]
Overfull \hbox (13.288pt too wide) in paragraph at lines 444--445
[][][]\T1/ptm/m/n/10 character[][][] vec-tor: names of sam-ples. The length of this vec-tor is equal to []\T1/zi4/m/n/10 Nb_sample[]\T1/ptm/m/n/10 . 

Overfull \hbox (27.55978pt too wide) in paragraph at lines 448--451
\T1/ptm/m/n/10 sam-ple (in ka). Note that, []\T1/zi4/m/n/10 length(PriorAge)=2*Nb_sample []\T1/ptm/m/n/10 and []\T1/zi4/m/n/10 PriorAge[2i-1,2i]

Overfull \hbox (9.2281pt too wide) in paragraph at lines 481--483
\T1/ptm/m/n/10 de-tails sec-tion for in-struc-tions re-gard-ing how to cor-rectly fill []\T1/zi4/m/n/10 StratiConstraints[]\T1/ptm/m/n/10 ;

[9]
Overfull \hbox (185.91916pt too wide) in alignment at lines 537--537
 [] [] [] [] [] 

Underfull \hbox (badness 10000) in paragraph at lines 539--540


[10]
Underfull \hbox (badness 10000) in paragraph at lines 567--569


Underfull \hbox (badness 10000) in paragraph at lines 570--571


Underfull \hbox (badness 10000) in paragraph at lines 585--586


Underfull \hbox (badness 10000) in paragraph at lines 589--590


Overfull \hbox (43.12788pt too wide) in paragraph at lines 615--616
[]\T1/ptm/b/n/10 Saturating ex-po-nen-tial plus lin-ear growth and fit-ting through the ori-gin \T1/ptm/m/n/10 ([]\T1/zi4/m/n/10 AgesMultiCS2_EXPLINZO[]\T1/ptm/m/n/10 ): 

[11]
Underfull \hbox (badness 10000) in paragraph at lines 639--640


[12]
Overfull \hbox (18.12643pt too wide) in paragraph at lines 729--730
[][][]\T1/ptm/m/n/10 Generate_DataFile[][][], [][]Gen-er-ate_DataFile_MG[][][], [][]rjags[][][], [][]plot_MCMC[][][], [][]SC-Ma-trix[][][], [][]Age_Computation[][][], [][]Palaeo-

[13]
Underfull \vbox (badness 10000) has occurred while \output is active
[14]
Overfull \hbox (8.50006pt too wide) in paragraph at lines 840--842
[][][]\T1/ptm/m/n/10 list[][][] of ob-jects: []\T1/zi4/m/n/10 LT[]\T1/ptm/m/n/10 , []\T1/zi4/m/n/10 sLT[]\T1/ptm/m/n/10 , []\T1/zi4/m/n/10 ITimes[]\T1/ptm/m/n/10 , []\T1/zi4/m/n/10 dLab[]\T1/ptm/m/n/10 , []\T1/zi4/m/n/10 ddot_env[]\T1/ptm/m/n/10 , []\T1/zi4/m/n/10 regDose[]\T1/ptm/m/n/10 , []\T1/zi4/m/n/10 J[]\T1/ptm/m/n/10 , []\T1/zi4/m/n/10 K[]\T1/ptm/m/n/10 , []\T1/zi4/m/n/10 Nb_measurement[]\T1/ptm/m/n/10 ,

[15]
Underfull \hbox (badness 10000) in paragraph at lines 899--900


[16]
Overfull \hbox (33.12788pt too wide) in paragraph at lines 924--925
[]\T1/ptm/b/n/10 Saturating ex-po-nen-tial plus lin-ear growth and fit-ting through the ori-gin \T1/ptm/m/n/10 ([]\T1/zi4/m/n/10 AgeMultiBF_EXPLINZO[]\T1/ptm/m/n/10 ): 

Underfull \hbox (badness 10000) in paragraph at lines 948--949


[17]
Overfull \hbox (51.94623pt too wide) in paragraph at lines 1025--1026
[][][]\T1/ptm/m/n/10 Generate_DataFile[][][], [][]Gen-er-ate_DataFile_MG[][][], [][]rjags[][][], [][]plot_MCMC[][][], [][]AgeS_Computation[][][], [][]Palaeo-dose_Computation[][][] 

[18]
[19]
Overfull \hbox (22.01988pt too wide) in paragraph at lines 1127--1130
\T1/ptm/m/n/10 ple \T1/ptm/b/n/10 (in ka)\T1/ptm/m/n/10 . Note that, []\T1/zi4/m/n/10 length(PriorAge) = 2*Nb_sample []\T1/ptm/m/n/10 sand []\T1/zi4/m/n/10 PriorAge[2i-1,2i]

[20]
Overfull \hbox (11.73805pt too wide) in paragraph at lines 1160--1165
\T1/ptm/m/n/10 The length of this vec-tor is equal to the num-ber of OSL sam-ples. []\T1/zi4/m/n/10 BinPerSample[i]

[21]
Overfull \hbox (14.5685pt too wide) in paragraph at lines 1234--1236
[]\T1/ptm/m/n/10 There are ar-gu-ments for in-for-ma-tion con-cern-ing only C14 sam-ples: []\T1/zi4/m/n/10 Data_C14Cal[]\T1/ptm/m/n/10 , []\T1/zi4/m/n/10 Data_SigmaC14Cal[]\T1/ptm/m/n/10 ,

Overfull \hbox (31.85826pt too wide) in paragraph at lines 1237--1240
[]\T1/ptm/m/n/10 There are ar-gu-ments for in-for-ma-tion con-cern-ing all the sam-ples: []\T1/zi4/m/n/10 Nb_sample[]\T1/ptm/m/n/10 , []\T1/zi4/m/n/10 SampleNames[]\T1/ptm/m/n/10 , []\T1/zi4/m/n/10 SampleNature[]\T1/ptm/m/n/10 ,

Overfull \hbox (64.401pt too wide) in paragraph at lines 1237--1240
[]\T1/zi4/m/n/10 PriorAge[]\T1/ptm/m/n/10 , []\T1/zi4/m/n/10 SavePdf[]\T1/ptm/m/n/10 , []\T1/zi4/m/n/10 OutputFileName[]\T1/ptm/m/n/10 , []\T1/zi4/m/n/10 OutputFilePath[]\T1/ptm/m/n/10 , []\T1/zi4/m/n/10 SaveEstimates[]\T1/ptm/m/n/10 , []\T1/zi4/m/n/10 OutputTableName[]\T1/ptm/m/n/10 , []\T1/zi4/m/n/10 OutputTablePath[]\T1/ptm/m/n/10 ,

Underfull \hbox (badness 10000) in paragraph at lines 1237--1240


Overfull \hbox (185.91916pt too wide) in alignment at lines 1252--1252
 [] [] [] [] [] 

Underfull \hbox (badness 10000) in paragraph at lines 1254--1255


[22]
Underfull \hbox (badness 10000) in paragraph at lines 1279--1281


Underfull \hbox (badness 10000) in paragraph at lines 1282--1283


Underfull \hbox (badness 10000) in paragraph at lines 1297--1298


Underfull \hbox (badness 10000) in paragraph at lines 1299--1300


Overfull \hbox (43.12788pt too wide) in paragraph at lines 1324--1325
[]\T1/ptm/b/n/10 Saturating ex-po-nen-tial plus lin-ear growth and fit-ting through the ori-gin \T1/ptm/m/n/10 ([]\T1/zi4/m/n/10 AgesMultiCS2_EXPLINZO[]\T1/ptm/m/n/10 ): 

Underfull \hbox (badness 10000) in paragraph at lines 1348--1349


[23]
Underfull \hbox (badness 10000) in paragraph at lines 1361--1362


Underfull \hbox (badness 10000) in paragraph at lines 1372--1373


[24]
[25]
Overfull \hbox (20.59677pt too wide) in paragraph at lines 1523--1528
[]\T1/ptm/m/n/10 The func-tion al-lows to com-bine data al-ready gen-er-ated by [][]Gen-er-ate_DataFile[][][] or [][]Gen-er-ate_DataFile_MG[][][].

[26]
Overfull \hbox (8.35643pt too wide) in paragraph at lines 1550--1553
[]\T1/ptm/m/n/10 Sebastian Kreutzer, IRAMAT-CRP2A, UMR 5060, CNRS - Uni-ver-sité Bor-deaux Mon-taigne (France),

[27]
Overfull \hbox (24.74855pt too wide) in paragraph at lines 1603--1608
\T1/ptm/m/n/10 with the sam-ple name in the global en-vi-ron-ment. Ex-am-ple: []\T1/zi4/m/n/10 samp1 <- Luminescence::read_BIN2R(...)

Overfull \hbox (23.90659pt too wide) in paragraph at lines 1643--1644
[][][]\T1/ptm/m/n/10 write_YAMLConfigFile[][][], [][]yaml::read_yaml[][][], [][]Lu-mi-nes-cence::read_BIN2R[][][], [][]Lu-mi-nes-cence::read_XSYG2R[][][],

[28]
[29]
[30] [31]
Overfull \hbox (4.55698pt too wide) in paragraph at lines 1844--1847
[]\T1/ptm/m/n/10 Sebastian Kreutzer, IRAMAT-CRP2A, UMR 5060, CNRS-Université Bor-deaux Mon-taigne (France),

Overfull \hbox (7.29648pt too wide) in paragraph at lines 1844--1847
\T1/ptm/m/n/10 based on an 'MS Ex-cel' sheet by Guil-laume Guérin, IRAMAT-CRP2A, UMR 5060, CNRS-Université

[32]
[33]
[34]
[35]
[36]
Underfull \hbox (badness 10000) in paragraph at lines 2127--2129


Underfull \hbox (badness 10000) in paragraph at lines 2130--2131


[37]
Overfull \hbox (0.3185pt too wide) in paragraph at lines 2155--2157
[]\T1/zi4/m/n/10 nbOfLastCycleToRemove= []\T1/ptm/m/n/10 num-ber of cy-cles at the end of the SAR pro-to-col which should

Underfull \hbox (badness 10000) in paragraph at lines 2155--2157


Underfull \hbox (badness 10000) in paragraph at lines 2164--2165


Overfull \hbox (0.18973pt too wide) in paragraph at lines 2174--2180
\T1/ptm/m/n/10 If con-versely, []\T1/zi4/m/n/10 FolderNames=c(noun2,noun1)[]\T1/ptm/m/n/10 , the anal-y-sis per-formed by [][][]\T1/zi4/m/n/10 AgeS_Computation[][][]

Underfull \hbox (badness 10000) in paragraph at lines 2174--2180


Underfull \hbox (badness 10000) in paragraph at lines 2184--2185


[38]
Overfull \hbox (49.18745pt too wide) in paragraph at lines 2193--2195
[]\T1/ptm/m/n/10 For the gen-eral BIN-file struc-ture, the reader is re-ferred to the fol-low-ing web-site: []\T1/zi4/m/n/10 http://www.nutech.dtu.dk/ 

Underfull \hbox (badness 10000) in paragraph at lines 2211--2212


Underfull \hbox (badness 10000) in paragraph at lines 2216--2217


[39]
[40]
Underfull \hbox (badness 10000) in paragraph at lines 2338--2340


Underfull \hbox (badness 10000) in paragraph at lines 2341--2342


[41]
Overfull \hbox (0.3185pt too wide) in paragraph at lines 2366--2368
[]\T1/zi4/m/n/10 nbOfLastCycleToRemove= \T1/ptm/m/n/10 num-ber of cy-cles at the end of the SAR pro-to-col which should

Underfull \hbox (badness 10000) in paragraph at lines 2366--2368


Underfull \hbox (badness 10000) in paragraph at lines 2375--2376


Overfull \hbox (0.18973pt too wide) in paragraph at lines 2385--2391
\T1/ptm/m/n/10 If con-versely, []\T1/zi4/m/n/10 FolderNames=c(noun2,noun1)[]\T1/ptm/m/n/10 , the anal-y-sis per-formed by [][][]\T1/zi4/m/n/10 AgeS_Computation[][][]

Underfull \hbox (badness 10000) in paragraph at lines 2385--2391


Underfull \hbox (badness 10000) in paragraph at lines 2395--2396


[42]
Overfull \hbox (9.52765pt too wide) in paragraph at lines 2397--2403
[]\T1/zi4/m/n/10 "Sample1-1" []\T1/ptm/m/n/10 is the name of the sub-folder con-tain-ing the first BIN file for Sam-ple1, []\T1/zi4/m/n/10 "Sample1-File2"

Overfull \hbox (49.18745pt too wide) in paragraph at lines 2404--2405
[]\T1/ptm/m/n/10 For the gen-eral BIN-file struc-ture, the reader is re-ferred to the fol-low-ing web-site: \T1/zi4/m/n/10 http://www.nutech.dtu.dk/ 

Overfull \hbox (84.64099pt too wide) in paragraph at lines 2442--2444
[][][]\T1/zi4/m/n/10 read_BIN2R[][][][]\T1/ptm/m/n/10 , [][][]\T1/zi4/m/n/10 combine_DataFiles[][][][]\T1/ptm/m/n/10 , [][][]\T1/zi4/m/n/10 LT_RegenDose[][][] [][]Age_Computation[][][][]\T1/ptm/m/n/10 , [][][]\T1/zi4/m/n/10 AgeS_Computation[][][][]\T1/ptm/m/n/10 , [][][]\T1/zi4/m/n/10 Palaeodose_Computation[][][] 

[43]
[44]
[45]
Overfull \hbox (0.29866pt too wide) in paragraph at lines 2564--2565
[]\T1/zi4/m/n/10 Nb_measurement[]\T1/ptm/m/n/10 , #' pro-vided by [][]Gen-er-ate_DataFile[][][] or [][]Gen-er-ate_DataFile_MG[][][]

Overfull \hbox (25.15663pt too wide) in paragraph at lines 2579--2582
\T1/ptm/m/n/10 BIN files per sam-ple, which was used in [][]Gen-er-ate_DataFile[][][] or [][]Gen-er-ate_DataFile_MG[][][]

[46]
[47]
[48]
[49]
[50]
[51]
[52]
[53]
[54]
Overfull \hbox (1.91808pt too wide) in paragraph at lines 3068--3069
[]\T1/ptm/m/n/10 a list of 4 mod-els that all con-sider a sat-u-rat-ing ex-po-nen-tial growth

[55]
Overfull \hbox (14.6996pt too wide) in paragraph at lines 3109--3114
\T1/ptm/m/n/10 vel-oped in Combes et al (2015), based on an out-put of [][][]\T1/zi4/m/n/10 Generate_DataFile[][][] []\T1/ptm/m/n/10 or [][][]\T1/zi4/m/n/10 Generate_DataFile_MG[][][]

Overfull \hbox (3.02844pt too wide) in paragraph at lines 3141--3144
[]\T1/ptm/m/n/10 list of ob-jects: LT, sLT, ITimes, dLab, ddot_env, reg-Dose, J, K, Nb_measurement,

[56]
Overfull \hbox (9.3981pt too wide) in paragraph at lines 3145--3146
[]\T1/ptm/m/n/10 character vec-tor: names of sam-ple. The length of this vec-tor is equal to []\T1/zi4/m/n/10 Nb_sample[]\T1/ptm/m/n/10 . 

[57]
Overfull \hbox (73.12788pt too wide) in paragraph at lines 3213--3214
[]\T1/ptm/b/n/10 Saturating ex-po-nen-tial plus lin-ear growth and fit-ting through the ori-gin \T1/ptm/m/n/10 ([]\T1/zi4/m/n/10 PalaeodosesMultiBF_EXPLINZO[]\T1/ptm/m/n/10 ): 

Overfull \hbox (11.53857pt too wide) in paragraph at lines 3223--3224
[]\T1/ptm/b/n/10 Saturating ex-po-nen-tial growth and fit-ting through the ori-gin \T1/ptm/m/n/10 ([]\T1/zi4/m/n/10 PalaeodosesMultiBF_EXPZO[]\T1/ptm/m/n/10 ): 

Underfull \hbox (badness 10000) in paragraph at lines 3252--3253


[58]
Overfull \hbox (44.64099pt too wide) in paragraph at lines 3314--3317
[][][]\T1/zi4/m/n/10 Generate_DataFile[][][][]\T1/ptm/m/n/10 , [][][]\T1/zi4/m/n/10 Generate_DataFile_MG[][][][]\T1/ptm/m/n/10 , [][][]\T1/zi4/m/n/10 combine_DataFiles[][][][]\T1/ptm/m/n/10 , [][][]\T1/zi4/m/n/10 rjags[][][][]\T1/ptm/m/n/10 , [][][]\T1/zi4/m/n/10 plot_MCMC[][][][]\T1/ptm/m/n/10 , [][][]\T1/zi4/m/n/10 Age_Computation[][][][]\T1/ptm/m/n/10 ,

[59]
Overfull \hbox (31.44725pt too wide) in paragraph at lines 3348--3352
[][][]\T1/ptm/m/n/10 list[][][] or [][]data.frame[][][] (\T1/ptm/b/n/10 re-quired\T1/ptm/m/n/10 ): Out-put as cre-ated by func-tions like [][]AgeC14_Computation[][][],

Overfull \hbox (8.18973pt too wide) in paragraph at lines 3362--3365
[]\T1/zi4/m/n/10 legend []\T1/ptm/m/n/10 ([]\T1/zi4/m/n/10 TRUE[]\T1/ptm/m/n/10 /[]\T1/zi4/m/n/10 FALSE[]\T1/ptm/m/n/10 ), []\T1/zi4/m/n/10 legend.text []\T1/ptm/m/n/10 ([][]char-ac-ter[][][] in-put needed), []\T1/zi4/m/n/10 legend.pos [][][]\T1/ptm/m/n/10 graph-

[60]
Overfull \hbox (11.12689pt too wide) in paragraph at lines 3449--3451
[][][]\T1/ptm/m/n/10 coda::mcmc.list[][][] or [][]coda::mcmc[][][] (\T1/ptm/b/n/10 re-quired\T1/ptm/m/n/10 ): Out-put gen-er-ated by [][]rjags::jags.model[][][],

Overfull \hbox (22.78836pt too wide) in paragraph at lines 3449--3451
\T1/ptm/m/n/10 e.g., in [][]Age_Computation[][][]. Al-ter-na-tively, lim-ited sup-port is pro-vided for []\T1/zi4/m/n/10 BayLum.list

[61]
Overfull \hbox (25.95734pt too wide) in paragraph at lines 3482--3484
[]\T1/ptm/m/n/10 The func-tion is used in the func-tion [][]Age_Computation[][][], [][]AgeS_Computation[][][] and [][]Palaeo-dose_Computation[][][],

[62]
[63]
Overfull \hbox (8.61803pt too wide) in paragraph at lines 3587--3590
[][]\T1/ptm/m/n/10 rjags::jags.model[][][] in [][]AgeS_Computation[][][], [][]AgeC14_Computation[][][] or [][]Age_OSLC14[][][].

Underfull \hbox (badness 10000) in paragraph at lines 3617--3618


[64]
Overfull \hbox (307.23083pt too wide) in alignment at lines 3636--3636
 [] [] [] 

[65]
[66]
Overfull \hbox (10.98685pt too wide) in paragraph at lines 3748--3750
[]\T1/ptm/m/n/10 Construct the strati-graphic ma-trix used in the func-tions [][]AgeS_Computation[][][] and [][]AgeC14_Computation[][][]

[67]
[68]
[69]
Overfull \hbox (3.27841pt too wide) in paragraph at lines 3909--3910
[][][]\T1/ptm/m/n/10 numeric[][][] (\T1/ptm/m/it/10 with de-fault\T1/ptm/m/n/10 ): Vec-tor where []\T1/zi4/m/n/10 DRsource.error[i] []\T1/ptm/m/n/10 cor-re-sponds to source

Overfull \hbox (22.02802pt too wide) in paragraph at lines 3911--3912
\T1/ptm/m/n/10 to the chan-nel num-ber where the OSL sig-nal should be summed from for[]\T1/zi4/m/n/10 bin-file[i]

Overfull \hbox (0.59874pt too wide) in paragraph at lines 3921--3922
[][][]\T1/ptm/m/n/10 numeric[][][] (\T1/ptm/m/it/10 with de-fault\T1/ptm/m/n/10 ): Vec-tor where []\T1/zi4/m/n/10 nbOfLastCycleToRemove[i] []\T1/ptm/m/n/10 cor-re-sponds

[70]
Overfull \hbox (0.95718pt too wide) in paragraph at lines 3934--3936
[]\T1/ptm/m/n/10 Frederik Baum-garten, Rad-Phys, DTU Physics, Tech-ni-cal Uni-ver-sity of Den-mark (Den-mark) , RLum

[71]
[72]
No file Rd2.ind.

[73] (/private/var/folders/yz/3s5p1pss4352wtlzt9_bzbp00000gp/T/RtmpTnZMN1/Rd2pdf7994f43dae8/Rd2.aux)

Package rerunfilecheck Warning: File `Rd2.out' has changed.
(rerunfilecheck)                Rerun to get outlines right
(rerunfilecheck)                or use package `bookmark'.

 )
(see the transcript file for additional information)
pdfTeX warning (dest): name{Rfn.graphics::contour} has been referenced but does not exist, replaced by a fixed one


pdfTeX warning (dest): name{Rfn.graphics::rug} has been referenced but does not exist, replaced by a fixed one


pdfTeX warning (dest): name{Rfn.graphics::smoothScatter} has been referenced but does not exist, replaced by a fixed one


pdfTeX warning (dest): name{Rfn.hexbin::hexplom} has been referenced but does not exist, replaced by a fixed one


pdfTeX warning (dest): name{Rfn.rjags::coda.samples} has been referenced but does not exist, replaced by a fixed one


pdfTeX warning (dest): name{Rfn.coda::densplot} has been referenced but does not exist, replaced by a fixed one


pdfTeX warning (dest): name{Rfn.coda::traceplot} has been referenced but does not exist, replaced by a fixed one


pdfTeX warning (dest): name{Rfn.plot.default} has been referenced but does not exist, replaced by a fixed one


pdfTeX warning (dest): name{Rfn.mtext} has been referenced but does not exist, replaced by a fixed one


pdfTeX warning (dest): name{Rfn.par} has been referenced but does not exist, replaced by a fixed one


pdfTeX warning (dest): name{Rfn.rug} has been referenced but does not exist, replaced by a fixed one


pdfTeX warning (dest): name{Rfn.stats::smooth} has been referenced but does not exist, replaced by a fixed one


pdfTeX warning (dest): name{Rfn.vector} has been referenced but does not exist, replaced by a fixed one


pdfTeX warning (dest): name{Rfn.coda::mcmc} has been referenced but does not exist, replaced by a fixed one


pdfTeX warning (dest): name{Rfn.coda::mcmc.list} has been referenced but does not exist, replaced by a fixed one


pdfTeX warning (dest): name{Rfn.graphics::legend} has been referenced but does not exist, replaced by a fixed one


pdfTeX warning (dest): name{Rfn.load} has been referenced but does not exist, replaced by a fixed one


pdfTeX warning (dest): name{Rfn.save} has been referenced but does not exist, replaced by a fixed one


pdfTeX warning (dest): name{Rfn.Luminescence} has been referenced but does not exist, replaced by a fixed one


pdfTeX warning (dest): name{Rfn.read.Rul.BIN2R} has been referenced but does not exist, replaced by a fixed one


pdfTeX warning (dest): name{Rfn.utils::read.table} has been referenced but does not exist, replaced by a fixed one


pdfTeX warning (dest): name{Rfn.utils::write.table} has been referenced but does not exist, replaced by a fixed one


pdfTeX warning (dest): name{Rfn.data.frame} has been referenced but does not exist, replaced by a fixed one


pdfTeX warning (dest): name{Rfn.Luminescence::subset.Rul.SingleGrainData} has been referenced but does not exist, replaced by a fixed one


pdfTeX warning (dest): name{Rfn.Luminescence::read.Rul.XSYG2R} has been referenced but does not exist, replaced by a fixed one


pdfTeX warning (dest): name{Rfn.Luminescence::read.Rul.BIN2R} has been referenced but does not exist, replaced by a fixed one


pdfTeX warning (dest): name{Rfn.yaml::read.Rul.yaml} has been referenced but does not exist, replaced by a fixed one


pdfTeX warning (dest): name{Rfn.RLum.Analysis.Rdash.class} has been referenced but does not exist, replaced by a fixed one


pdfTeX warning (dest): name{Rfn.jags.model} has been referenced but does not exist, replaced by a fixed one


pdfTeX warning (dest): name{Rfn.runjags} has been referenced but does not exist, replaced by a fixed one


pdfTeX warning (dest): name{Rfn.runjags::extend.JAGS} has been referenced but does not exist, replaced by a fixed one


pdfTeX warning (dest): name{Rfn.runjags::autorun.jags} has been referenced but does not exist, replaced by a fixed one


pdfTeX warning (dest): name{Rfn.runjags::run.jags} has been referenced but does not exist, replaced by a fixed one


pdfTeX warning (dest): name{Rfn.matrix} has been referenced but does not exist, replaced by a fixed one


pdfTeX warning (dest): name{Rfn.list} has been referenced but does not exist, replaced by a fixed one


pdfTeX warning (dest): name{Rfn.rjags} has been referenced but does not exist, replaced by a fixed one


pdfTeX warning (dest): name{Rfn.rjags::jags.model} has been referenced but does not exist, replaced by a fixed one


pdfTeX warning (dest): name{Rfn.logical} has been referenced but does not exist, replaced by a fixed one


pdfTeX warning (dest): name{Rfn.integer} has been referenced but does not exist, replaced by a fixed one


pdfTeX warning (dest): name{Rfn.character} has been referenced but does not exist, replaced by a fixed one


pdfTeX warning (dest): name{Rfn.numeric} has been referenced but does not exist, replaced by a fixed one

</Users/kreutzer/Library/TinyTeX/texmf-dist/fonts/type1/public/inconsolata/Inconsolata-zi4r.pfb></Users/kreutzer/Library/TinyTeX/texmf-dist/fonts/type1/public/amsfonts/cm/cmmi10.pfb></Users/kreutzer/Library/TinyTeX/texmf-dist/fonts/type1/public/amsfonts/cm/cmmi7.pfb></Users/kreutzer/Library/TinyTeX/texmf-dist/fonts/type1/public/amsfonts/cm/cmr10.pfb></Users/kreutzer/Library/TinyTeX/texmf-dist/fonts/type1/public/amsfonts/cm/cmsy10.pfb></Users/kreutzer/Library/TinyTeX/texmf-dist/fonts/type1/urw/times/utmb8a.pfb></Users/kreutzer/Library/TinyTeX/texmf-dist/fonts/type1/urw/times/utmr8a.pfb></Users/kreutzer/Library/TinyTeX/texmf-dist/fonts/type1/urw/times/utmr8a.pfb></Users/kreutzer/Library/TinyTeX/texmf-dist/fonts/type1/urw/times/utmri8a.pfb>
Output written on Rd2.pdf (73 pages, 315926 bytes).
Transcript written on Rd2.log.
This is makeindex, version 2.17 [TeX Live 2024] (kpathsea + Thai support).
Scanning input file Rd2.idx....done (560 entries accepted, 0 rejected).
Sorting entries.......done (5683 comparisons).
Generating output file Rd2.ind....done (368 lines written, 0 warnings).
Output written in Rd2.ind.
Transcript written in Rd2.ilg.
This is pdfTeX, Version 3.141592653-2.6-1.40.26 (TeX Live 2024) (preloaded format=pdflatex)
 restricted \write18 enabled.
entering extended mode
LaTeX2e <2024-06-01> patch level 2
L3 programming layer <2024-08-30>
(./Rd2.tex
(/Users/kreutzer/Library/TinyTeX/texmf-dist/tex/latex/base/book.cls
Document Class: book 2024/02/08 v1.4n Standard LaTeX document class
(/Users/kreutzer/Library/TinyTeX/texmf-dist/tex/latex/base/bk10.clo)) (/Library/Frameworks/R.framework/Resources/share/texmf/tex/latex/Rd.sty (/Users/kreutzer/Library/TinyTeX/texmf-dist/tex/latex/base/ifthen.sty) (/Users/kreutzer/Library/TinyTeX/texmf-dist/tex/generic/iftex/iftex.sty) (/Users/kreutzer/Library/TinyTeX/texmf-dist/tex/latex/tools/longtable.sty) (/Users/kreutzer/Library/TinyTeX/texmf-dist/tex/latex/tools/bm.sty) (/Users/kreutzer/Library/TinyTeX/texmf-dist/tex/latex/base/alltt.sty) (/Users/kreutzer/Library/TinyTeX/texmf-dist/tex/latex/tools/verbatim.sty) (/Users/kreutzer/Library/TinyTeX/texmf-dist/tex/latex/url/url.sty) (/Users/kreutzer/Library/TinyTeX/texmf-dist/tex/latex/base/textcomp.sty) (/Users/kreutzer/Library/TinyTeX/texmf-dist/tex/latex/amsmath/amsmath.sty
For additional information on amsmath, use the `?' option.
(/Users/kreutzer/Library/TinyTeX/texmf-dist/tex/latex/amsmath/amstext.sty (/Users/kreutzer/Library/TinyTeX/texmf-dist/tex/latex/amsmath/amsgen.sty)) (/Users/kreutzer/Library/TinyTeX/texmf-dist/tex/latex/amsmath/amsbsy.sty) (/Users/kreutzer/Library/TinyTeX/texmf-dist/tex/latex/amsmath/amsopn.sty)) (/Users/kreutzer/Library/TinyTeX/texmf-dist/tex/latex/amsfonts/amsfonts.sty) (/Users/kreutzer/Library/TinyTeX/texmf-dist/tex/latex/amsfonts/amssymb.sty) (/Users/kreutzer/Library/TinyTeX/texmf-dist/tex/latex/amsfonts/eucal.sty) (/Users/kreutzer/Library/TinyTeX/texmf-dist/tex/latex/base/fontenc.sty) (/Users/kreutzer/Library/TinyTeX/texmf-dist/tex/latex/psnfss/times.sty) (/Users/kreutzer/Library/TinyTeX/texmf-dist/tex/latex/inconsolata/zi4.sty `inconsolata-zi4' v1.12, 2019/05/17 Text macros for Inconsolata (msharpe) (/Users/kreutzer/Library/TinyTeX/texmf-dist/tex/latex/xkeyval/xkeyval.sty (/Users/kreutzer/Library/TinyTeX/texmf-dist/tex/generic/xkeyval/xkeyval.tex (/Users/kreutzer/Library/TinyTeX/texmf-dist/tex/generic/xkeyval/xkvutils.tex (/Users/kreutzer/Library/TinyTeX/texmf-dist/tex/generic/xkeyval/keyval.tex))))) (/Users/kreutzer/Library/TinyTeX/texmf-dist/tex/latex/graphics/color.sty (/Users/kreutzer/Library/TinyTeX/texmf-dist/tex/latex/graphics-cfg/color.cfg) (/Users/kreutzer/Library/TinyTeX/texmf-dist/tex/latex/graphics-def/pdftex.def) (/Users/kreutzer/Library/TinyTeX/texmf-dist/tex/latex/graphics/mathcolor.ltx)) (/Users/kreutzer/Library/TinyTeX/texmf-dist/tex/latex/hyperref/hyperref.sty (/Users/kreutzer/Library/TinyTeX/texmf-dist/tex/latex/kvsetkeys/kvsetkeys.sty) (/Users/kreutzer/Library/TinyTeX/texmf-dist/tex/generic/kvdefinekeys/kvdefinekeys.sty) (/Users/kreutzer/Library/TinyTeX/texmf-dist/tex/generic/pdfescape/pdfescape.sty (/Users/kreutzer/Library/TinyTeX/texmf-dist/tex/generic/ltxcmds/ltxcmds.sty) (/Users/kreutzer/Library/TinyTeX/texmf-dist/tex/generic/pdftexcmds/pdftexcmds.sty (/Users/kreutzer/Library/TinyTeX/texmf-dist/tex/generic/infwarerr/infwarerr.sty))) (/Users/kreutzer/Library/TinyTeX/texmf-dist/tex/latex/hycolor/hycolor.sty) (/Users/kreutzer/Library/TinyTeX/texmf-dist/tex/latex/hyperref/nameref.sty (/Users/kreutzer/Library/TinyTeX/texmf-dist/tex/latex/refcount/refcount.sty) (/Users/kreutzer/Library/TinyTeX/texmf-dist/tex/generic/gettitlestring/gettitlestring.sty (/Users/kreutzer/Library/TinyTeX/texmf-dist/tex/latex/kvoptions/kvoptions.sty))) (/Users/kreutzer/Library/TinyTeX/texmf-dist/tex/latex/etoolbox/etoolbox.sty) (/Users/kreutzer/Library/TinyTeX/texmf-dist/tex/generic/stringenc/stringenc.sty) (/Users/kreutzer/Library/TinyTeX/texmf-dist/tex/latex/hyperref/pd1enc.def) (/Users/kreutzer/Library/TinyTeX/texmf-dist/tex/generic/intcalc/intcalc.sty) (/Users/kreutzer/Library/TinyTeX/texmf-dist/tex/latex/hyperref/puenc.def) (/Users/kreutzer/Library/TinyTeX/texmf-dist/tex/generic/bitset/bitset.sty (/Users/kreutzer/Library/TinyTeX/texmf-dist/tex/generic/bigintcalc/bigintcalc.sty)) (/Users/kreutzer/Library/TinyTeX/texmf-dist/tex/latex/base/atbegshi-ltx.sty)) (/Users/kreutzer/Library/TinyTeX/texmf-dist/tex/latex/hyperref/hpdftex.def (/Users/kreutzer/Library/TinyTeX/texmf-dist/tex/latex/base/atveryend-ltx.sty) (/Users/kreutzer/Library/TinyTeX/texmf-dist/tex/latex/rerunfilecheck/rerunfilecheck.sty (/Users/kreutzer/Library/TinyTeX/texmf-dist/tex/generic/uniquecounter/uniquecounter.sty)))) (/Users/kreutzer/Library/TinyTeX/texmf-dist/tex/latex/base/makeidx.sty)
Writing index file Rd2.idx
(/Users/kreutzer/Library/TinyTeX/texmf-dist/tex/latex/psnfss/t1ptm.fd) (/Users/kreutzer/Library/TinyTeX/texmf-dist/tex/latex/l3backend/l3backend-pdftex.def) (/private/var/folders/yz/3s5p1pss4352wtlzt9_bzbp00000gp/T/RtmpTnZMN1/Rd2pdf7994f43dae8/Rd2.aux) (/private/var/folders/yz/3s5p1pss4352wtlzt9_bzbp00000gp/T/RtmpTnZMN1/Rd2pdf7994f43dae8/Rd2.out) (/private/var/folders/yz/3s5p1pss4352wtlzt9_bzbp00000gp/T/RtmpTnZMN1/Rd2pdf7994f43dae8/Rd2.out)
Overfull \hbox (206.65952pt too wide) in paragraph at lines 21--22
\T1/ptm/m/n/10 tions: Combes, B. & Philippe, A. (2017) <[][]doi:10.1016/j.quageo.2017.02.003[][]> and Combes et al. (2015) <[][]doi:10.1016/j.quageo.2015.04.001[][]>. This in- 
(/Users/kreutzer/Library/TinyTeX/texmf-dist/tex/latex/inconsolata/t1zi4.fd) (/Users/kreutzer/Library/TinyTeX/texmf-dist/tex/latex/amsfonts/umsa.fd) (/Users/kreutzer/Library/TinyTeX/texmf-dist/tex/latex/amsfonts/umsb.fd) (/private/var/folders/yz/3s5p1pss4352wtlzt9_bzbp00000gp/T/RtmpTnZMN1/Rd2pdf7994f43dae8/Rd2.toc
[1{/Users/kreutzer/Library/TinyTeX/texmf-var/fonts/map/pdftex/updmap/pdftex.map}{/Users/kreutzer/Library/TinyTeX/texmf-dist/fonts/enc/dvips/base/8r.enc}{/Users/kreutzer/Library/TinyTeX/texmf-dist/fonts/enc/dvips/inconsolata/i4-t1-0.enc}])
Underfull \hbox (badness 1466) in paragraph at lines 51--51
[]\T1/ptm/m/it/10 Chronological Bayesian Mod-els In-te-grat-ing Op-ti-cally Stim-u-lated

Underfull \hbox (badness 10000) in paragraph at lines 51--51


[2] (/Users/kreutzer/Library/TinyTeX/texmf-dist/tex/latex/psnfss/ts1ptm.fd)
[3]
[4]
Overfull \hbox (9.2281pt too wide) in paragraph at lines 176--180
\T1/ptm/m/n/10 de-tails sec-tion for in-struc-tions re-gard-ing how to cor-rectly fill []\T1/zi4/m/n/10 StratiConstraints[]\T1/ptm/m/n/10 ;

[5]
Underfull \hbox (badness 10000) in paragraph at lines 238--240


Underfull \hbox (badness 10000) in paragraph at lines 241--242

(/Users/kreutzer/Library/TinyTeX/texmf-dist/tex/latex/inconsolata/ts1zi4.fd)
[6{/Users/kreutzer/Library/TinyTeX/texmf-dist/fonts/enc/dvips/inconsolata/i4-ts1.enc}]
[7]
[8]
[9]
Overfull \hbox (13.288pt too wide) in paragraph at lines 444--445
[][][]\T1/ptm/m/n/10 character[][][] vec-tor: names of sam-ples. The length of this vec-tor is equal to []\T1/zi4/m/n/10 Nb_sample[]\T1/ptm/m/n/10 . 

Overfull \hbox (27.55978pt too wide) in paragraph at lines 448--451
\T1/ptm/m/n/10 sam-ple (in ka). Note that, []\T1/zi4/m/n/10 length(PriorAge)=2*Nb_sample []\T1/ptm/m/n/10 and []\T1/zi4/m/n/10 PriorAge[2i-1,2i]

Overfull \hbox (9.2281pt too wide) in paragraph at lines 481--483
\T1/ptm/m/n/10 de-tails sec-tion for in-struc-tions re-gard-ing how to cor-rectly fill []\T1/zi4/m/n/10 StratiConstraints[]\T1/ptm/m/n/10 ;

[10]
Overfull \hbox (185.91916pt too wide) in alignment at lines 537--537
 [] [] [] [] [] 

Underfull \hbox (badness 10000) in paragraph at lines 539--540


[11]
Underfull \hbox (badness 10000) in paragraph at lines 567--569


Underfull \hbox (badness 10000) in paragraph at lines 570--571


Underfull \hbox (badness 10000) in paragraph at lines 585--586


Underfull \hbox (badness 10000) in paragraph at lines 589--590


Overfull \hbox (43.12788pt too wide) in paragraph at lines 615--616
[]\T1/ptm/b/n/10 Saturating ex-po-nen-tial plus lin-ear growth and fit-ting through the ori-gin \T1/ptm/m/n/10 ([]\T1/zi4/m/n/10 AgesMultiCS2_EXPLINZO[]\T1/ptm/m/n/10 ): 

[12]
Underfull \hbox (badness 10000) in paragraph at lines 639--640


[13]
Overfull \hbox (18.12643pt too wide) in paragraph at lines 729--730
[][][]\T1/ptm/m/n/10 Generate_DataFile[][][], [][]Gen-er-ate_DataFile_MG[][][], [][]rjags[][][], [][]plot_MCMC[][][], [][]SC-Ma-trix[][][], [][]Age_Computation[][][], [][]Palaeo-

[14]
Underfull \vbox (badness 10000) has occurred while \output is active
[15]
Overfull \hbox (8.50006pt too wide) in paragraph at lines 840--842
[][][]\T1/ptm/m/n/10 list[][][] of ob-jects: []\T1/zi4/m/n/10 LT[]\T1/ptm/m/n/10 , []\T1/zi4/m/n/10 sLT[]\T1/ptm/m/n/10 , []\T1/zi4/m/n/10 ITimes[]\T1/ptm/m/n/10 , []\T1/zi4/m/n/10 dLab[]\T1/ptm/m/n/10 , []\T1/zi4/m/n/10 ddot_env[]\T1/ptm/m/n/10 , []\T1/zi4/m/n/10 regDose[]\T1/ptm/m/n/10 , []\T1/zi4/m/n/10 J[]\T1/ptm/m/n/10 , []\T1/zi4/m/n/10 K[]\T1/ptm/m/n/10 , []\T1/zi4/m/n/10 Nb_measurement[]\T1/ptm/m/n/10 ,

[16]
Underfull \hbox (badness 10000) in paragraph at lines 899--900


[17]
Overfull \hbox (33.12788pt too wide) in paragraph at lines 924--925
[]\T1/ptm/b/n/10 Saturating ex-po-nen-tial plus lin-ear growth and fit-ting through the ori-gin \T1/ptm/m/n/10 ([]\T1/zi4/m/n/10 AgeMultiBF_EXPLINZO[]\T1/ptm/m/n/10 ): 

Underfull \hbox (badness 10000) in paragraph at lines 948--949


[18]
Overfull \hbox (51.94623pt too wide) in paragraph at lines 1025--1026
[][][]\T1/ptm/m/n/10 Generate_DataFile[][][], [][]Gen-er-ate_DataFile_MG[][][], [][]rjags[][][], [][]plot_MCMC[][][], [][]AgeS_Computation[][][], [][]Palaeo-dose_Computation[][][] 

[19]
[20]
Overfull \hbox (22.01988pt too wide) in paragraph at lines 1127--1130
\T1/ptm/m/n/10 ple \T1/ptm/b/n/10 (in ka)\T1/ptm/m/n/10 . Note that, []\T1/zi4/m/n/10 length(PriorAge) = 2*Nb_sample []\T1/ptm/m/n/10 sand []\T1/zi4/m/n/10 PriorAge[2i-1,2i]

[21]
Overfull \hbox (11.73805pt too wide) in paragraph at lines 1160--1165
\T1/ptm/m/n/10 The length of this vec-tor is equal to the num-ber of OSL sam-ples. []\T1/zi4/m/n/10 BinPerSample[i]

[22]
Overfull \hbox (14.5685pt too wide) in paragraph at lines 1234--1236
[]\T1/ptm/m/n/10 There are ar-gu-ments for in-for-ma-tion con-cern-ing only C14 sam-ples: []\T1/zi4/m/n/10 Data_C14Cal[]\T1/ptm/m/n/10 , []\T1/zi4/m/n/10 Data_SigmaC14Cal[]\T1/ptm/m/n/10 ,

Overfull \hbox (31.85826pt too wide) in paragraph at lines 1237--1240
[]\T1/ptm/m/n/10 There are ar-gu-ments for in-for-ma-tion con-cern-ing all the sam-ples: []\T1/zi4/m/n/10 Nb_sample[]\T1/ptm/m/n/10 , []\T1/zi4/m/n/10 SampleNames[]\T1/ptm/m/n/10 , []\T1/zi4/m/n/10 SampleNature[]\T1/ptm/m/n/10 ,

Overfull \hbox (64.401pt too wide) in paragraph at lines 1237--1240
[]\T1/zi4/m/n/10 PriorAge[]\T1/ptm/m/n/10 , []\T1/zi4/m/n/10 SavePdf[]\T1/ptm/m/n/10 , []\T1/zi4/m/n/10 OutputFileName[]\T1/ptm/m/n/10 , []\T1/zi4/m/n/10 OutputFilePath[]\T1/ptm/m/n/10 , []\T1/zi4/m/n/10 SaveEstimates[]\T1/ptm/m/n/10 , []\T1/zi4/m/n/10 OutputTableName[]\T1/ptm/m/n/10 , []\T1/zi4/m/n/10 OutputTablePath[]\T1/ptm/m/n/10 ,

Underfull \hbox (badness 10000) in paragraph at lines 1237--1240


Overfull \hbox (185.91916pt too wide) in alignment at lines 1252--1252
 [] [] [] [] [] 

Underfull \hbox (badness 10000) in paragraph at lines 1254--1255


[23]
Underfull \hbox (badness 10000) in paragraph at lines 1279--1281


Underfull \hbox (badness 10000) in paragraph at lines 1282--1283


Underfull \hbox (badness 10000) in paragraph at lines 1297--1298


Underfull \hbox (badness 10000) in paragraph at lines 1299--1300


Overfull \hbox (43.12788pt too wide) in paragraph at lines 1324--1325
[]\T1/ptm/b/n/10 Saturating ex-po-nen-tial plus lin-ear growth and fit-ting through the ori-gin \T1/ptm/m/n/10 ([]\T1/zi4/m/n/10 AgesMultiCS2_EXPLINZO[]\T1/ptm/m/n/10 ): 

Underfull \hbox (badness 10000) in paragraph at lines 1348--1349


[24]
Underfull \hbox (badness 10000) in paragraph at lines 1361--1362


Underfull \hbox (badness 10000) in paragraph at lines 1372--1373


[25]
[26]
Overfull \hbox (20.59677pt too wide) in paragraph at lines 1523--1528
[]\T1/ptm/m/n/10 The func-tion al-lows to com-bine data al-ready gen-er-ated by [][]Gen-er-ate_DataFile[][][] or [][]Gen-er-ate_DataFile_MG[][][].

[27]
Overfull \hbox (8.35643pt too wide) in paragraph at lines 1550--1553
[]\T1/ptm/m/n/10 Sebastian Kreutzer, IRAMAT-CRP2A, UMR 5060, CNRS - Uni-ver-sité Bor-deaux Mon-taigne (France),

[28]
Overfull \hbox (24.74855pt too wide) in paragraph at lines 1603--1608
\T1/ptm/m/n/10 with the sam-ple name in the global en-vi-ron-ment. Ex-am-ple: []\T1/zi4/m/n/10 samp1 <- Luminescence::read_BIN2R(...)

Overfull \hbox (23.90659pt too wide) in paragraph at lines 1643--1644
[][][]\T1/ptm/m/n/10 write_YAMLConfigFile[][][], [][]yaml::read_yaml[][][], [][]Lu-mi-nes-cence::read_BIN2R[][][], [][]Lu-mi-nes-cence::read_XSYG2R[][][],

[29]
[30]
[31] [32]
Overfull \hbox (4.55698pt too wide) in paragraph at lines 1844--1847
[]\T1/ptm/m/n/10 Sebastian Kreutzer, IRAMAT-CRP2A, UMR 5060, CNRS-Université Bor-deaux Mon-taigne (France),

Overfull \hbox (7.29648pt too wide) in paragraph at lines 1844--1847
\T1/ptm/m/n/10 based on an 'MS Ex-cel' sheet by Guil-laume Guérin, IRAMAT-CRP2A, UMR 5060, CNRS-Université

[33]
[34]
[35]
[36]
[37]
Underfull \hbox (badness 10000) in paragraph at lines 2127--2129


Underfull \hbox (badness 10000) in paragraph at lines 2130--2131


[38]
Overfull \hbox (0.3185pt too wide) in paragraph at lines 2155--2157
[]\T1/zi4/m/n/10 nbOfLastCycleToRemove= []\T1/ptm/m/n/10 num-ber of cy-cles at the end of the SAR pro-to-col which should

Underfull \hbox (badness 10000) in paragraph at lines 2155--2157


Underfull \hbox (badness 10000) in paragraph at lines 2164--2165


Overfull \hbox (0.18973pt too wide) in paragraph at lines 2174--2180
\T1/ptm/m/n/10 If con-versely, []\T1/zi4/m/n/10 FolderNames=c(noun2,noun1)[]\T1/ptm/m/n/10 , the anal-y-sis per-formed by [][][]\T1/zi4/m/n/10 AgeS_Computation[][][]

Underfull \hbox (badness 10000) in paragraph at lines 2174--2180


Underfull \hbox (badness 10000) in paragraph at lines 2184--2185


[39]
Overfull \hbox (49.18745pt too wide) in paragraph at lines 2193--2195
[]\T1/ptm/m/n/10 For the gen-eral BIN-file struc-ture, the reader is re-ferred to the fol-low-ing web-site: []\T1/zi4/m/n/10 http://www.nutech.dtu.dk/ 

Underfull \hbox (badness 10000) in paragraph at lines 2211--2212


Underfull \hbox (badness 10000) in paragraph at lines 2216--2217


[40]
[41]
Underfull \hbox (badness 10000) in paragraph at lines 2338--2340


Underfull \hbox (badness 10000) in paragraph at lines 2341--2342


[42]
Overfull \hbox (0.3185pt too wide) in paragraph at lines 2366--2368
[]\T1/zi4/m/n/10 nbOfLastCycleToRemove= \T1/ptm/m/n/10 num-ber of cy-cles at the end of the SAR pro-to-col which should

Underfull \hbox (badness 10000) in paragraph at lines 2366--2368


Underfull \hbox (badness 10000) in paragraph at lines 2375--2376


Overfull \hbox (0.18973pt too wide) in paragraph at lines 2385--2391
\T1/ptm/m/n/10 If con-versely, []\T1/zi4/m/n/10 FolderNames=c(noun2,noun1)[]\T1/ptm/m/n/10 , the anal-y-sis per-formed by [][][]\T1/zi4/m/n/10 AgeS_Computation[][][]

Underfull \hbox (badness 10000) in paragraph at lines 2385--2391


Underfull \hbox (badness 10000) in paragraph at lines 2395--2396


[43]
Overfull \hbox (9.52765pt too wide) in paragraph at lines 2397--2403
[]\T1/zi4/m/n/10 "Sample1-1" []\T1/ptm/m/n/10 is the name of the sub-folder con-tain-ing the first BIN file for Sam-ple1, []\T1/zi4/m/n/10 "Sample1-File2"

Overfull \hbox (49.18745pt too wide) in paragraph at lines 2404--2405
[]\T1/ptm/m/n/10 For the gen-eral BIN-file struc-ture, the reader is re-ferred to the fol-low-ing web-site: \T1/zi4/m/n/10 http://www.nutech.dtu.dk/ 

Overfull \hbox (84.64099pt too wide) in paragraph at lines 2442--2444
[][][]\T1/zi4/m/n/10 read_BIN2R[][][][]\T1/ptm/m/n/10 , [][][]\T1/zi4/m/n/10 combine_DataFiles[][][][]\T1/ptm/m/n/10 , [][][]\T1/zi4/m/n/10 LT_RegenDose[][][] [][]Age_Computation[][][][]\T1/ptm/m/n/10 , [][][]\T1/zi4/m/n/10 AgeS_Computation[][][][]\T1/ptm/m/n/10 , [][][]\T1/zi4/m/n/10 Palaeodose_Computation[][][] 

[44]
[45]
[46]
Overfull \hbox (0.29866pt too wide) in paragraph at lines 2564--2565
[]\T1/zi4/m/n/10 Nb_measurement[]\T1/ptm/m/n/10 , #' pro-vided by [][]Gen-er-ate_DataFile[][][] or [][]Gen-er-ate_DataFile_MG[][][]

Overfull \hbox (25.15663pt too wide) in paragraph at lines 2579--2582
\T1/ptm/m/n/10 BIN files per sam-ple, which was used in [][]Gen-er-ate_DataFile[][][] or [][]Gen-er-ate_DataFile_MG[][][]

[47]
[48]
[49]
[50]
[51]
[52]
[53]
[54]
[55]
Overfull \hbox (1.91808pt too wide) in paragraph at lines 3068--3069
[]\T1/ptm/m/n/10 a list of 4 mod-els that all con-sider a sat-u-rat-ing ex-po-nen-tial growth

[56]
Overfull \hbox (14.6996pt too wide) in paragraph at lines 3109--3114
\T1/ptm/m/n/10 vel-oped in Combes et al (2015), based on an out-put of [][][]\T1/zi4/m/n/10 Generate_DataFile[][][] []\T1/ptm/m/n/10 or [][][]\T1/zi4/m/n/10 Generate_DataFile_MG[][][]

Overfull \hbox (3.02844pt too wide) in paragraph at lines 3141--3144
[]\T1/ptm/m/n/10 list of ob-jects: LT, sLT, ITimes, dLab, ddot_env, reg-Dose, J, K, Nb_measurement,

[57]
Overfull \hbox (9.3981pt too wide) in paragraph at lines 3145--3146
[]\T1/ptm/m/n/10 character vec-tor: names of sam-ple. The length of this vec-tor is equal to []\T1/zi4/m/n/10 Nb_sample[]\T1/ptm/m/n/10 . 

[58]
Overfull \hbox (73.12788pt too wide) in paragraph at lines 3213--3214
[]\T1/ptm/b/n/10 Saturating ex-po-nen-tial plus lin-ear growth and fit-ting through the ori-gin \T1/ptm/m/n/10 ([]\T1/zi4/m/n/10 PalaeodosesMultiBF_EXPLINZO[]\T1/ptm/m/n/10 ): 

Overfull \hbox (11.53857pt too wide) in paragraph at lines 3223--3224
[]\T1/ptm/b/n/10 Saturating ex-po-nen-tial growth and fit-ting through the ori-gin \T1/ptm/m/n/10 ([]\T1/zi4/m/n/10 PalaeodosesMultiBF_EXPZO[]\T1/ptm/m/n/10 ): 

Underfull \hbox (badness 10000) in paragraph at lines 3252--3253


[59]
Overfull \hbox (44.64099pt too wide) in paragraph at lines 3314--3317
[][][]\T1/zi4/m/n/10 Generate_DataFile[][][][]\T1/ptm/m/n/10 , [][][]\T1/zi4/m/n/10 Generate_DataFile_MG[][][][]\T1/ptm/m/n/10 , [][][]\T1/zi4/m/n/10 combine_DataFiles[][][][]\T1/ptm/m/n/10 , [][][]\T1/zi4/m/n/10 rjags[][][][]\T1/ptm/m/n/10 , [][][]\T1/zi4/m/n/10 plot_MCMC[][][][]\T1/ptm/m/n/10 , [][][]\T1/zi4/m/n/10 Age_Computation[][][][]\T1/ptm/m/n/10 ,

[60]
Overfull \hbox (31.44725pt too wide) in paragraph at lines 3348--3352
[][][]\T1/ptm/m/n/10 list[][][] or [][]data.frame[][][] (\T1/ptm/b/n/10 re-quired\T1/ptm/m/n/10 ): Out-put as cre-ated by func-tions like [][]AgeC14_Computation[][][],

Overfull \hbox (8.18973pt too wide) in paragraph at lines 3362--3365
[]\T1/zi4/m/n/10 legend []\T1/ptm/m/n/10 ([]\T1/zi4/m/n/10 TRUE[]\T1/ptm/m/n/10 /[]\T1/zi4/m/n/10 FALSE[]\T1/ptm/m/n/10 ), []\T1/zi4/m/n/10 legend.text []\T1/ptm/m/n/10 ([][]char-ac-ter[][][] in-put needed), []\T1/zi4/m/n/10 legend.pos [][][]\T1/ptm/m/n/10 graph-

[61]
Overfull \hbox (11.12689pt too wide) in paragraph at lines 3449--3451
[][][]\T1/ptm/m/n/10 coda::mcmc.list[][][] or [][]coda::mcmc[][][] (\T1/ptm/b/n/10 re-quired\T1/ptm/m/n/10 ): Out-put gen-er-ated by [][]rjags::jags.model[][][],

Overfull \hbox (22.78836pt too wide) in paragraph at lines 3449--3451
\T1/ptm/m/n/10 e.g., in [][]Age_Computation[][][]. Al-ter-na-tively, lim-ited sup-port is pro-vided for []\T1/zi4/m/n/10 BayLum.list

[62]
Overfull \hbox (25.95734pt too wide) in paragraph at lines 3482--3484
[]\T1/ptm/m/n/10 The func-tion is used in the func-tion [][]Age_Computation[][][], [][]AgeS_Computation[][][] and [][]Palaeo-dose_Computation[][][],

[63]
[64]
Overfull \hbox (8.61803pt too wide) in paragraph at lines 3587--3590
[][]\T1/ptm/m/n/10 rjags::jags.model[][][] in [][]AgeS_Computation[][][], [][]AgeC14_Computation[][][] or [][]Age_OSLC14[][][].

Underfull \hbox (badness 10000) in paragraph at lines 3617--3618


[65]
Overfull \hbox (307.23083pt too wide) in alignment at lines 3636--3636
 [] [] [] 

[66]
[67]
Overfull \hbox (10.98685pt too wide) in paragraph at lines 3748--3750
[]\T1/ptm/m/n/10 Construct the strati-graphic ma-trix used in the func-tions [][]AgeS_Computation[][][] and [][]AgeC14_Computation[][][]

[68]
[69]
[70]
Overfull \hbox (3.27841pt too wide) in paragraph at lines 3909--3910
[][][]\T1/ptm/m/n/10 numeric[][][] (\T1/ptm/m/it/10 with de-fault\T1/ptm/m/n/10 ): Vec-tor where []\T1/zi4/m/n/10 DRsource.error[i] []\T1/ptm/m/n/10 cor-re-sponds to source

Overfull \hbox (22.02802pt too wide) in paragraph at lines 3911--3912
\T1/ptm/m/n/10 to the chan-nel num-ber where the OSL sig-nal should be summed from for[]\T1/zi4/m/n/10 bin-file[i]

Overfull \hbox (0.59874pt too wide) in paragraph at lines 3921--3922
[][][]\T1/ptm/m/n/10 numeric[][][] (\T1/ptm/m/it/10 with de-fault\T1/ptm/m/n/10 ): Vec-tor where []\T1/zi4/m/n/10 nbOfLastCycleToRemove[i] []\T1/ptm/m/n/10 cor-re-sponds

[71]
Overfull \hbox (0.95718pt too wide) in paragraph at lines 3934--3936
[]\T1/ptm/m/n/10 Frederik Baum-garten, Rad-Phys, DTU Physics, Tech-ni-cal Uni-ver-sity of Den-mark (Den-mark) , RLum

[72]
[73] (/private/var/folders/yz/3s5p1pss4352wtlzt9_bzbp00000gp/T/RtmpTnZMN1/Rd2pdf7994f43dae8/Rd2.ind
[74]

LaTeX Font Warning: Font shape `T1/zi4/m/it' undefined
(Font)              using `T1/zi4/m/n' instead on input line 80.



Overfull \hbox (15.01662pt too wide) in paragraph at lines 170--172
\T1/ptm/m/it/10 (\T1/zi4/m/it/10 Generate_DataFile_MG-deprecated\T1/ptm/m/it/10 )\T1/ptm/m/n/10 , 

[75]

[76]) (/private/var/folders/yz/3s5p1pss4352wtlzt9_bzbp00000gp/T/RtmpTnZMN1/Rd2pdf7994f43dae8/Rd2.aux)

LaTeX Font Warning: Some font shapes were not available, defaults substituted.


Package rerunfilecheck Warning: File `Rd2.out' has changed.
(rerunfilecheck)                Rerun to get outlines right
(rerunfilecheck)                or use package `bookmark'.

 )
(see the transcript file for additional information)
pdfTeX warning (dest): name{Rfn.graphics::contour} has been referenced but does not exist, replaced by a fixed one


pdfTeX warning (dest): name{Rfn.graphics::rug} has been referenced but does not exist, replaced by a fixed one


pdfTeX warning (dest): name{Rfn.graphics::smoothScatter} has been referenced but does not exist, replaced by a fixed one


pdfTeX warning (dest): name{Rfn.hexbin::hexplom} has been referenced but does not exist, replaced by a fixed one


pdfTeX warning (dest): name{Rfn.rjags::coda.samples} has been referenced but does not exist, replaced by a fixed one


pdfTeX warning (dest): name{Rfn.coda::densplot} has been referenced but does not exist, replaced by a fixed one


pdfTeX warning (dest): name{Rfn.coda::traceplot} has been referenced but does not exist, replaced by a fixed one


pdfTeX warning (dest): name{Rfn.plot.default} has been referenced but does not exist, replaced by a fixed one


pdfTeX warning (dest): name{Rfn.mtext} has been referenced but does not exist, replaced by a fixed one


pdfTeX warning (dest): name{Rfn.par} has been referenced but does not exist, replaced by a fixed one


pdfTeX warning (dest): name{Rfn.rug} has been referenced but does not exist, replaced by a fixed one


pdfTeX warning (dest): name{Rfn.stats::smooth} has been referenced but does not exist, replaced by a fixed one


pdfTeX warning (dest): name{Rfn.vector} has been referenced but does not exist, replaced by a fixed one


pdfTeX warning (dest): name{Rfn.coda::mcmc} has been referenced but does not exist, replaced by a fixed one


pdfTeX warning (dest): name{Rfn.coda::mcmc.list} has been referenced but does not exist, replaced by a fixed one


pdfTeX warning (dest): name{Rfn.graphics::legend} has been referenced but does not exist, replaced by a fixed one


pdfTeX warning (dest): name{Rfn.load} has been referenced but does not exist, replaced by a fixed one


pdfTeX warning (dest): name{Rfn.save} has been referenced but does not exist, replaced by a fixed one


pdfTeX warning (dest): name{Rfn.Luminescence} has been referenced but does not exist, replaced by a fixed one


pdfTeX warning (dest): name{Rfn.read.Rul.BIN2R} has been referenced but does not exist, replaced by a fixed one


pdfTeX warning (dest): name{Rfn.utils::read.table} has been referenced but does not exist, replaced by a fixed one


pdfTeX warning (dest): name{Rfn.utils::write.table} has been referenced but does not exist, replaced by a fixed one


pdfTeX warning (dest): name{Rfn.data.frame} has been referenced but does not exist, replaced by a fixed one


pdfTeX warning (dest): name{Rfn.Luminescence::subset.Rul.SingleGrainData} has been referenced but does not exist, replaced by a fixed one


pdfTeX warning (dest): name{Rfn.Luminescence::read.Rul.XSYG2R} has been referenced but does not exist, replaced by a fixed one


pdfTeX warning (dest): name{Rfn.Luminescence::read.Rul.BIN2R} has been referenced but does not exist, replaced by a fixed one


pdfTeX warning (dest): name{Rfn.yaml::read.Rul.yaml} has been referenced but does not exist, replaced by a fixed one


pdfTeX warning (dest): name{Rfn.RLum.Analysis.Rdash.class} has been referenced but does not exist, replaced by a fixed one


pdfTeX warning (dest): name{Rfn.jags.model} has been referenced but does not exist, replaced by a fixed one


pdfTeX warning (dest): name{Rfn.runjags} has been referenced but does not exist, replaced by a fixed one


pdfTeX warning (dest): name{Rfn.runjags::extend.JAGS} has been referenced but does not exist, replaced by a fixed one


pdfTeX warning (dest): name{Rfn.runjags::autorun.jags} has been referenced but does not exist, replaced by a fixed one


pdfTeX warning (dest): name{Rfn.runjags::run.jags} has been referenced but does not exist, replaced by a fixed one


pdfTeX warning (dest): name{Rfn.matrix} has been referenced but does not exist, replaced by a fixed one


pdfTeX warning (dest): name{Rfn.list} has been referenced but does not exist, replaced by a fixed one


pdfTeX warning (dest): name{Rfn.rjags} has been referenced but does not exist, replaced by a fixed one


pdfTeX warning (dest): name{Rfn.rjags::jags.model} has been referenced but does not exist, replaced by a fixed one


pdfTeX warning (dest): name{Rfn.logical} has been referenced but does not exist, replaced by a fixed one


pdfTeX warning (dest): name{Rfn.integer} has been referenced but does not exist, replaced by a fixed one


pdfTeX warning (dest): name{Rfn.character} has been referenced but does not exist, replaced by a fixed one


pdfTeX warning (dest): name{Rfn.numeric} has been referenced but does not exist, replaced by a fixed one

</Users/kreutzer/Library/TinyTeX/texmf-dist/fonts/type1/public/inconsolata/Inconsolata-zi4r.pfb></Users/kreutzer/Library/TinyTeX/texmf-dist/fonts/type1/public/amsfonts/cm/cmmi10.pfb></Users/kreutzer/Library/TinyTeX/texmf-dist/fonts/type1/public/amsfonts/cm/cmmi7.pfb></Users/kreutzer/Library/TinyTeX/texmf-dist/fonts/type1/public/amsfonts/cm/cmr10.pfb></Users/kreutzer/Library/TinyTeX/texmf-dist/fonts/type1/public/amsfonts/cm/cmsy10.pfb></Users/kreutzer/Library/TinyTeX/texmf-dist/fonts/type1/urw/times/utmb8a.pfb></Users/kreutzer/Library/TinyTeX/texmf-dist/fonts/type1/urw/times/utmr8a.pfb></Users/kreutzer/Library/TinyTeX/texmf-dist/fonts/type1/urw/times/utmr8a.pfb></Users/kreutzer/Library/TinyTeX/texmf-dist/fonts/type1/urw/times/utmri8a.pfb>
Output written on Rd2.pdf (76 pages, 335329 bytes).
Transcript written on Rd2.log.
This is makeindex, version 2.17 [TeX Live 2024] (kpathsea + Thai support).
Scanning input file Rd2.idx....done (560 entries accepted, 0 rejected).
Sorting entries.......done (5683 comparisons).
Generating output file Rd2.ind....done (368 lines written, 0 warnings).
Output written in Rd2.ind.
Transcript written in Rd2.ilg.
This is pdfTeX, Version 3.141592653-2.6-1.40.26 (TeX Live 2024) (preloaded format=pdflatex)
 restricted \write18 enabled.
entering extended mode
LaTeX2e <2024-06-01> patch level 2
L3 programming layer <2024-08-30>
(./Rd2.tex
(/Users/kreutzer/Library/TinyTeX/texmf-dist/tex/latex/base/book.cls
Document Class: book 2024/02/08 v1.4n Standard LaTeX document class
(/Users/kreutzer/Library/TinyTeX/texmf-dist/tex/latex/base/bk10.clo)) (/Library/Frameworks/R.framework/Resources/share/texmf/tex/latex/Rd.sty (/Users/kreutzer/Library/TinyTeX/texmf-dist/tex/latex/base/ifthen.sty) (/Users/kreutzer/Library/TinyTeX/texmf-dist/tex/generic/iftex/iftex.sty) (/Users/kreutzer/Library/TinyTeX/texmf-dist/tex/latex/tools/longtable.sty) (/Users/kreutzer/Library/TinyTeX/texmf-dist/tex/latex/tools/bm.sty) (/Users/kreutzer/Library/TinyTeX/texmf-dist/tex/latex/base/alltt.sty) (/Users/kreutzer/Library/TinyTeX/texmf-dist/tex/latex/tools/verbatim.sty) (/Users/kreutzer/Library/TinyTeX/texmf-dist/tex/latex/url/url.sty) (/Users/kreutzer/Library/TinyTeX/texmf-dist/tex/latex/base/textcomp.sty) (/Users/kreutzer/Library/TinyTeX/texmf-dist/tex/latex/amsmath/amsmath.sty
For additional information on amsmath, use the `?' option.
(/Users/kreutzer/Library/TinyTeX/texmf-dist/tex/latex/amsmath/amstext.sty (/Users/kreutzer/Library/TinyTeX/texmf-dist/tex/latex/amsmath/amsgen.sty)) (/Users/kreutzer/Library/TinyTeX/texmf-dist/tex/latex/amsmath/amsbsy.sty) (/Users/kreutzer/Library/TinyTeX/texmf-dist/tex/latex/amsmath/amsopn.sty)) (/Users/kreutzer/Library/TinyTeX/texmf-dist/tex/latex/amsfonts/amsfonts.sty) (/Users/kreutzer/Library/TinyTeX/texmf-dist/tex/latex/amsfonts/amssymb.sty) (/Users/kreutzer/Library/TinyTeX/texmf-dist/tex/latex/amsfonts/eucal.sty) (/Users/kreutzer/Library/TinyTeX/texmf-dist/tex/latex/base/fontenc.sty) (/Users/kreutzer/Library/TinyTeX/texmf-dist/tex/latex/psnfss/times.sty) (/Users/kreutzer/Library/TinyTeX/texmf-dist/tex/latex/inconsolata/zi4.sty `inconsolata-zi4' v1.12, 2019/05/17 Text macros for Inconsolata (msharpe) (/Users/kreutzer/Library/TinyTeX/texmf-dist/tex/latex/xkeyval/xkeyval.sty (/Users/kreutzer/Library/TinyTeX/texmf-dist/tex/generic/xkeyval/xkeyval.tex (/Users/kreutzer/Library/TinyTeX/texmf-dist/tex/generic/xkeyval/xkvutils.tex (/Users/kreutzer/Library/TinyTeX/texmf-dist/tex/generic/xkeyval/keyval.tex))))) (/Users/kreutzer/Library/TinyTeX/texmf-dist/tex/latex/graphics/color.sty (/Users/kreutzer/Library/TinyTeX/texmf-dist/tex/latex/graphics-cfg/color.cfg) (/Users/kreutzer/Library/TinyTeX/texmf-dist/tex/latex/graphics-def/pdftex.def) (/Users/kreutzer/Library/TinyTeX/texmf-dist/tex/latex/graphics/mathcolor.ltx)) (/Users/kreutzer/Library/TinyTeX/texmf-dist/tex/latex/hyperref/hyperref.sty (/Users/kreutzer/Library/TinyTeX/texmf-dist/tex/latex/kvsetkeys/kvsetkeys.sty) (/Users/kreutzer/Library/TinyTeX/texmf-dist/tex/generic/kvdefinekeys/kvdefinekeys.sty) (/Users/kreutzer/Library/TinyTeX/texmf-dist/tex/generic/pdfescape/pdfescape.sty (/Users/kreutzer/Library/TinyTeX/texmf-dist/tex/generic/ltxcmds/ltxcmds.sty) (/Users/kreutzer/Library/TinyTeX/texmf-dist/tex/generic/pdftexcmds/pdftexcmds.sty (/Users/kreutzer/Library/TinyTeX/texmf-dist/tex/generic/infwarerr/infwarerr.sty))) (/Users/kreutzer/Library/TinyTeX/texmf-dist/tex/latex/hycolor/hycolor.sty) (/Users/kreutzer/Library/TinyTeX/texmf-dist/tex/latex/hyperref/nameref.sty (/Users/kreutzer/Library/TinyTeX/texmf-dist/tex/latex/refcount/refcount.sty) (/Users/kreutzer/Library/TinyTeX/texmf-dist/tex/generic/gettitlestring/gettitlestring.sty (/Users/kreutzer/Library/TinyTeX/texmf-dist/tex/latex/kvoptions/kvoptions.sty))) (/Users/kreutzer/Library/TinyTeX/texmf-dist/tex/latex/etoolbox/etoolbox.sty) (/Users/kreutzer/Library/TinyTeX/texmf-dist/tex/generic/stringenc/stringenc.sty) (/Users/kreutzer/Library/TinyTeX/texmf-dist/tex/latex/hyperref/pd1enc.def) (/Users/kreutzer/Library/TinyTeX/texmf-dist/tex/generic/intcalc/intcalc.sty) (/Users/kreutzer/Library/TinyTeX/texmf-dist/tex/latex/hyperref/puenc.def) (/Users/kreutzer/Library/TinyTeX/texmf-dist/tex/generic/bitset/bitset.sty (/Users/kreutzer/Library/TinyTeX/texmf-dist/tex/generic/bigintcalc/bigintcalc.sty)) (/Users/kreutzer/Library/TinyTeX/texmf-dist/tex/latex/base/atbegshi-ltx.sty)) (/Users/kreutzer/Library/TinyTeX/texmf-dist/tex/latex/hyperref/hpdftex.def (/Users/kreutzer/Library/TinyTeX/texmf-dist/tex/latex/base/atveryend-ltx.sty) (/Users/kreutzer/Library/TinyTeX/texmf-dist/tex/latex/rerunfilecheck/rerunfilecheck.sty (/Users/kreutzer/Library/TinyTeX/texmf-dist/tex/generic/uniquecounter/uniquecounter.sty)))) (/Users/kreutzer/Library/TinyTeX/texmf-dist/tex/latex/base/makeidx.sty)
Writing index file Rd2.idx
(/Users/kreutzer/Library/TinyTeX/texmf-dist/tex/latex/psnfss/t1ptm.fd) (/Users/kreutzer/Library/TinyTeX/texmf-dist/tex/latex/l3backend/l3backend-pdftex.def) (/private/var/folders/yz/3s5p1pss4352wtlzt9_bzbp00000gp/T/RtmpTnZMN1/Rd2pdf7994f43dae8/Rd2.aux) (/private/var/folders/yz/3s5p1pss4352wtlzt9_bzbp00000gp/T/RtmpTnZMN1/Rd2pdf7994f43dae8/Rd2.out) (/private/var/folders/yz/3s5p1pss4352wtlzt9_bzbp00000gp/T/RtmpTnZMN1/Rd2pdf7994f43dae8/Rd2.out)
Overfull \hbox (206.65952pt too wide) in paragraph at lines 21--22
\T1/ptm/m/n/10 tions: Combes, B. & Philippe, A. (2017) <[][]doi:10.1016/j.quageo.2017.02.003[][]> and Combes et al. (2015) <[][]doi:10.1016/j.quageo.2015.04.001[][]>. This in- 
(/Users/kreutzer/Library/TinyTeX/texmf-dist/tex/latex/inconsolata/t1zi4.fd) (/Users/kreutzer/Library/TinyTeX/texmf-dist/tex/latex/amsfonts/umsa.fd) (/Users/kreutzer/Library/TinyTeX/texmf-dist/tex/latex/amsfonts/umsb.fd) (/private/var/folders/yz/3s5p1pss4352wtlzt9_bzbp00000gp/T/RtmpTnZMN1/Rd2pdf7994f43dae8/Rd2.toc
[1{/Users/kreutzer/Library/TinyTeX/texmf-var/fonts/map/pdftex/updmap/pdftex.map}{/Users/kreutzer/Library/TinyTeX/texmf-dist/fonts/enc/dvips/base/8r.enc}{/Users/kreutzer/Library/TinyTeX/texmf-dist/fonts/enc/dvips/inconsolata/i4-t1-0.enc}])
Underfull \hbox (badness 1466) in paragraph at lines 51--51
[]\T1/ptm/m/it/10 Chronological Bayesian Mod-els In-te-grat-ing Op-ti-cally Stim-u-lated

Underfull \hbox (badness 10000) in paragraph at lines 51--51


[2] (/Users/kreutzer/Library/TinyTeX/texmf-dist/tex/latex/psnfss/ts1ptm.fd)
[3]
[4]
Overfull \hbox (9.2281pt too wide) in paragraph at lines 176--180
\T1/ptm/m/n/10 de-tails sec-tion for in-struc-tions re-gard-ing how to cor-rectly fill []\T1/zi4/m/n/10 StratiConstraints[]\T1/ptm/m/n/10 ;

[5]
Underfull \hbox (badness 10000) in paragraph at lines 238--240


Underfull \hbox (badness 10000) in paragraph at lines 241--242

(/Users/kreutzer/Library/TinyTeX/texmf-dist/tex/latex/inconsolata/ts1zi4.fd)
[6{/Users/kreutzer/Library/TinyTeX/texmf-dist/fonts/enc/dvips/inconsolata/i4-ts1.enc}]
[7]
[8]
[9]
Overfull \hbox (13.288pt too wide) in paragraph at lines 444--445
[][][]\T1/ptm/m/n/10 character[][][] vec-tor: names of sam-ples. The length of this vec-tor is equal to []\T1/zi4/m/n/10 Nb_sample[]\T1/ptm/m/n/10 . 

Overfull \hbox (27.55978pt too wide) in paragraph at lines 448--451
\T1/ptm/m/n/10 sam-ple (in ka). Note that, []\T1/zi4/m/n/10 length(PriorAge)=2*Nb_sample []\T1/ptm/m/n/10 and []\T1/zi4/m/n/10 PriorAge[2i-1,2i]

Overfull \hbox (9.2281pt too wide) in paragraph at lines 481--483
\T1/ptm/m/n/10 de-tails sec-tion for in-struc-tions re-gard-ing how to cor-rectly fill []\T1/zi4/m/n/10 StratiConstraints[]\T1/ptm/m/n/10 ;

[10]
Overfull \hbox (185.91916pt too wide) in alignment at lines 537--537
 [] [] [] [] [] 

Underfull \hbox (badness 10000) in paragraph at lines 539--540


[11]
Underfull \hbox (badness 10000) in paragraph at lines 567--569


Underfull \hbox (badness 10000) in paragraph at lines 570--571


Underfull \hbox (badness 10000) in paragraph at lines 585--586


Underfull \hbox (badness 10000) in paragraph at lines 589--590


Overfull \hbox (43.12788pt too wide) in paragraph at lines 615--616
[]\T1/ptm/b/n/10 Saturating ex-po-nen-tial plus lin-ear growth and fit-ting through the ori-gin \T1/ptm/m/n/10 ([]\T1/zi4/m/n/10 AgesMultiCS2_EXPLINZO[]\T1/ptm/m/n/10 ): 

[12]
Underfull \hbox (badness 10000) in paragraph at lines 639--640


[13]
Overfull \hbox (18.12643pt too wide) in paragraph at lines 729--730
[][][]\T1/ptm/m/n/10 Generate_DataFile[][][], [][]Gen-er-ate_DataFile_MG[][][], [][]rjags[][][], [][]plot_MCMC[][][], [][]SC-Ma-trix[][][], [][]Age_Computation[][][], [][]Palaeo-

[14]
Underfull \vbox (badness 10000) has occurred while \output is active
[15]
Overfull \hbox (8.50006pt too wide) in paragraph at lines 840--842
[][][]\T1/ptm/m/n/10 list[][][] of ob-jects: []\T1/zi4/m/n/10 LT[]\T1/ptm/m/n/10 , []\T1/zi4/m/n/10 sLT[]\T1/ptm/m/n/10 , []\T1/zi4/m/n/10 ITimes[]\T1/ptm/m/n/10 , []\T1/zi4/m/n/10 dLab[]\T1/ptm/m/n/10 , []\T1/zi4/m/n/10 ddot_env[]\T1/ptm/m/n/10 , []\T1/zi4/m/n/10 regDose[]\T1/ptm/m/n/10 , []\T1/zi4/m/n/10 J[]\T1/ptm/m/n/10 , []\T1/zi4/m/n/10 K[]\T1/ptm/m/n/10 , []\T1/zi4/m/n/10 Nb_measurement[]\T1/ptm/m/n/10 ,

[16]
Underfull \hbox (badness 10000) in paragraph at lines 899--900


[17]
Overfull \hbox (33.12788pt too wide) in paragraph at lines 924--925
[]\T1/ptm/b/n/10 Saturating ex-po-nen-tial plus lin-ear growth and fit-ting through the ori-gin \T1/ptm/m/n/10 ([]\T1/zi4/m/n/10 AgeMultiBF_EXPLINZO[]\T1/ptm/m/n/10 ): 

Underfull \hbox (badness 10000) in paragraph at lines 948--949


[18]
Overfull \hbox (51.94623pt too wide) in paragraph at lines 1025--1026
[][][]\T1/ptm/m/n/10 Generate_DataFile[][][], [][]Gen-er-ate_DataFile_MG[][][], [][]rjags[][][], [][]plot_MCMC[][][], [][]AgeS_Computation[][][], [][]Palaeo-dose_Computation[][][] 

[19]
[20]
Overfull \hbox (22.01988pt too wide) in paragraph at lines 1127--1130
\T1/ptm/m/n/10 ple \T1/ptm/b/n/10 (in ka)\T1/ptm/m/n/10 . Note that, []\T1/zi4/m/n/10 length(PriorAge) = 2*Nb_sample []\T1/ptm/m/n/10 sand []\T1/zi4/m/n/10 PriorAge[2i-1,2i]

[21]
Overfull \hbox (11.73805pt too wide) in paragraph at lines 1160--1165
\T1/ptm/m/n/10 The length of this vec-tor is equal to the num-ber of OSL sam-ples. []\T1/zi4/m/n/10 BinPerSample[i]

[22]
Overfull \hbox (14.5685pt too wide) in paragraph at lines 1234--1236
[]\T1/ptm/m/n/10 There are ar-gu-ments for in-for-ma-tion con-cern-ing only C14 sam-ples: []\T1/zi4/m/n/10 Data_C14Cal[]\T1/ptm/m/n/10 , []\T1/zi4/m/n/10 Data_SigmaC14Cal[]\T1/ptm/m/n/10 ,

Overfull \hbox (31.85826pt too wide) in paragraph at lines 1237--1240
[]\T1/ptm/m/n/10 There are ar-gu-ments for in-for-ma-tion con-cern-ing all the sam-ples: []\T1/zi4/m/n/10 Nb_sample[]\T1/ptm/m/n/10 , []\T1/zi4/m/n/10 SampleNames[]\T1/ptm/m/n/10 , []\T1/zi4/m/n/10 SampleNature[]\T1/ptm/m/n/10 ,

Overfull \hbox (64.401pt too wide) in paragraph at lines 1237--1240
[]\T1/zi4/m/n/10 PriorAge[]\T1/ptm/m/n/10 , []\T1/zi4/m/n/10 SavePdf[]\T1/ptm/m/n/10 , []\T1/zi4/m/n/10 OutputFileName[]\T1/ptm/m/n/10 , []\T1/zi4/m/n/10 OutputFilePath[]\T1/ptm/m/n/10 , []\T1/zi4/m/n/10 SaveEstimates[]\T1/ptm/m/n/10 , []\T1/zi4/m/n/10 OutputTableName[]\T1/ptm/m/n/10 , []\T1/zi4/m/n/10 OutputTablePath[]\T1/ptm/m/n/10 ,

Underfull \hbox (badness 10000) in paragraph at lines 1237--1240


Overfull \hbox (185.91916pt too wide) in alignment at lines 1252--1252
 [] [] [] [] [] 

Underfull \hbox (badness 10000) in paragraph at lines 1254--1255


[23]
Underfull \hbox (badness 10000) in paragraph at lines 1279--1281


Underfull \hbox (badness 10000) in paragraph at lines 1282--1283


Underfull \hbox (badness 10000) in paragraph at lines 1297--1298


Underfull \hbox (badness 10000) in paragraph at lines 1299--1300


Overfull \hbox (43.12788pt too wide) in paragraph at lines 1324--1325
[]\T1/ptm/b/n/10 Saturating ex-po-nen-tial plus lin-ear growth and fit-ting through the ori-gin \T1/ptm/m/n/10 ([]\T1/zi4/m/n/10 AgesMultiCS2_EXPLINZO[]\T1/ptm/m/n/10 ): 

Underfull \hbox (badness 10000) in paragraph at lines 1348--1349


[24]
Underfull \hbox (badness 10000) in paragraph at lines 1361--1362


Underfull \hbox (badness 10000) in paragraph at lines 1372--1373


[25]
[26]
Overfull \hbox (20.59677pt too wide) in paragraph at lines 1523--1528
[]\T1/ptm/m/n/10 The func-tion al-lows to com-bine data al-ready gen-er-ated by [][]Gen-er-ate_DataFile[][][] or [][]Gen-er-ate_DataFile_MG[][][].

[27]
Overfull \hbox (8.35643pt too wide) in paragraph at lines 1550--1553
[]\T1/ptm/m/n/10 Sebastian Kreutzer, IRAMAT-CRP2A, UMR 5060, CNRS - Uni-ver-sité Bor-deaux Mon-taigne (France),

[28]
Overfull \hbox (24.74855pt too wide) in paragraph at lines 1603--1608
\T1/ptm/m/n/10 with the sam-ple name in the global en-vi-ron-ment. Ex-am-ple: []\T1/zi4/m/n/10 samp1 <- Luminescence::read_BIN2R(...)

Overfull \hbox (23.90659pt too wide) in paragraph at lines 1643--1644
[][][]\T1/ptm/m/n/10 write_YAMLConfigFile[][][], [][]yaml::read_yaml[][][], [][]Lu-mi-nes-cence::read_BIN2R[][][], [][]Lu-mi-nes-cence::read_XSYG2R[][][],

[29]
[30]
[31] [32]
Overfull \hbox (4.55698pt too wide) in paragraph at lines 1844--1847
[]\T1/ptm/m/n/10 Sebastian Kreutzer, IRAMAT-CRP2A, UMR 5060, CNRS-Université Bor-deaux Mon-taigne (France),

Overfull \hbox (7.29648pt too wide) in paragraph at lines 1844--1847
\T1/ptm/m/n/10 based on an 'MS Ex-cel' sheet by Guil-laume Guérin, IRAMAT-CRP2A, UMR 5060, CNRS-Université

[33]
[34]
[35]
[36]
[37]
Underfull \hbox (badness 10000) in paragraph at lines 2127--2129


Underfull \hbox (badness 10000) in paragraph at lines 2130--2131


[38]
Overfull \hbox (0.3185pt too wide) in paragraph at lines 2155--2157
[]\T1/zi4/m/n/10 nbOfLastCycleToRemove= []\T1/ptm/m/n/10 num-ber of cy-cles at the end of the SAR pro-to-col which should

Underfull \hbox (badness 10000) in paragraph at lines 2155--2157


Underfull \hbox (badness 10000) in paragraph at lines 2164--2165


Overfull \hbox (0.18973pt too wide) in paragraph at lines 2174--2180
\T1/ptm/m/n/10 If con-versely, []\T1/zi4/m/n/10 FolderNames=c(noun2,noun1)[]\T1/ptm/m/n/10 , the anal-y-sis per-formed by [][][]\T1/zi4/m/n/10 AgeS_Computation[][][]

Underfull \hbox (badness 10000) in paragraph at lines 2174--2180


Underfull \hbox (badness 10000) in paragraph at lines 2184--2185


[39]
Overfull \hbox (49.18745pt too wide) in paragraph at lines 2193--2195
[]\T1/ptm/m/n/10 For the gen-eral BIN-file struc-ture, the reader is re-ferred to the fol-low-ing web-site: []\T1/zi4/m/n/10 http://www.nutech.dtu.dk/ 

Underfull \hbox (badness 10000) in paragraph at lines 2211--2212


Underfull \hbox (badness 10000) in paragraph at lines 2216--2217


[40]
[41]
Underfull \hbox (badness 10000) in paragraph at lines 2338--2340


Underfull \hbox (badness 10000) in paragraph at lines 2341--2342


[42]
Overfull \hbox (0.3185pt too wide) in paragraph at lines 2366--2368
[]\T1/zi4/m/n/10 nbOfLastCycleToRemove= \T1/ptm/m/n/10 num-ber of cy-cles at the end of the SAR pro-to-col which should

Underfull \hbox (badness 10000) in paragraph at lines 2366--2368


Underfull \hbox (badness 10000) in paragraph at lines 2375--2376


Overfull \hbox (0.18973pt too wide) in paragraph at lines 2385--2391
\T1/ptm/m/n/10 If con-versely, []\T1/zi4/m/n/10 FolderNames=c(noun2,noun1)[]\T1/ptm/m/n/10 , the anal-y-sis per-formed by [][][]\T1/zi4/m/n/10 AgeS_Computation[][][]

Underfull \hbox (badness 10000) in paragraph at lines 2385--2391


Underfull \hbox (badness 10000) in paragraph at lines 2395--2396


[43]
Overfull \hbox (9.52765pt too wide) in paragraph at lines 2397--2403
[]\T1/zi4/m/n/10 "Sample1-1" []\T1/ptm/m/n/10 is the name of the sub-folder con-tain-ing the first BIN file for Sam-ple1, []\T1/zi4/m/n/10 "Sample1-File2"

Overfull \hbox (49.18745pt too wide) in paragraph at lines 2404--2405
[]\T1/ptm/m/n/10 For the gen-eral BIN-file struc-ture, the reader is re-ferred to the fol-low-ing web-site: \T1/zi4/m/n/10 http://www.nutech.dtu.dk/ 

Overfull \hbox (84.64099pt too wide) in paragraph at lines 2442--2444
[][][]\T1/zi4/m/n/10 read_BIN2R[][][][]\T1/ptm/m/n/10 , [][][]\T1/zi4/m/n/10 combine_DataFiles[][][][]\T1/ptm/m/n/10 , [][][]\T1/zi4/m/n/10 LT_RegenDose[][][] [][]Age_Computation[][][][]\T1/ptm/m/n/10 , [][][]\T1/zi4/m/n/10 AgeS_Computation[][][][]\T1/ptm/m/n/10 , [][][]\T1/zi4/m/n/10 Palaeodose_Computation[][][] 

[44]
[45]
[46]
Overfull \hbox (0.29866pt too wide) in paragraph at lines 2564--2565
[]\T1/zi4/m/n/10 Nb_measurement[]\T1/ptm/m/n/10 , #' pro-vided by [][]Gen-er-ate_DataFile[][][] or [][]Gen-er-ate_DataFile_MG[][][]

Overfull \hbox (25.15663pt too wide) in paragraph at lines 2579--2582
\T1/ptm/m/n/10 BIN files per sam-ple, which was used in [][]Gen-er-ate_DataFile[][][] or [][]Gen-er-ate_DataFile_MG[][][]

[47]
[48]
[49]
[50]
[51]
[52]
[53]
[54]
[55]
Overfull \hbox (1.91808pt too wide) in paragraph at lines 3068--3069
[]\T1/ptm/m/n/10 a list of 4 mod-els that all con-sider a sat-u-rat-ing ex-po-nen-tial growth

[56]
Overfull \hbox (14.6996pt too wide) in paragraph at lines 3109--3114
\T1/ptm/m/n/10 vel-oped in Combes et al (2015), based on an out-put of [][][]\T1/zi4/m/n/10 Generate_DataFile[][][] []\T1/ptm/m/n/10 or [][][]\T1/zi4/m/n/10 Generate_DataFile_MG[][][]

Overfull \hbox (3.02844pt too wide) in paragraph at lines 3141--3144
[]\T1/ptm/m/n/10 list of ob-jects: LT, sLT, ITimes, dLab, ddot_env, reg-Dose, J, K, Nb_measurement,

[57]
Overfull \hbox (9.3981pt too wide) in paragraph at lines 3145--3146
[]\T1/ptm/m/n/10 character vec-tor: names of sam-ple. The length of this vec-tor is equal to []\T1/zi4/m/n/10 Nb_sample[]\T1/ptm/m/n/10 . 

[58]
Overfull \hbox (73.12788pt too wide) in paragraph at lines 3213--3214
[]\T1/ptm/b/n/10 Saturating ex-po-nen-tial plus lin-ear growth and fit-ting through the ori-gin \T1/ptm/m/n/10 ([]\T1/zi4/m/n/10 PalaeodosesMultiBF_EXPLINZO[]\T1/ptm/m/n/10 ): 

Overfull \hbox (11.53857pt too wide) in paragraph at lines 3223--3224
[]\T1/ptm/b/n/10 Saturating ex-po-nen-tial growth and fit-ting through the ori-gin \T1/ptm/m/n/10 ([]\T1/zi4/m/n/10 PalaeodosesMultiBF_EXPZO[]\T1/ptm/m/n/10 ): 

Underfull \hbox (badness 10000) in paragraph at lines 3252--3253


[59]
Overfull \hbox (44.64099pt too wide) in paragraph at lines 3314--3317
[][][]\T1/zi4/m/n/10 Generate_DataFile[][][][]\T1/ptm/m/n/10 , [][][]\T1/zi4/m/n/10 Generate_DataFile_MG[][][][]\T1/ptm/m/n/10 , [][][]\T1/zi4/m/n/10 combine_DataFiles[][][][]\T1/ptm/m/n/10 , [][][]\T1/zi4/m/n/10 rjags[][][][]\T1/ptm/m/n/10 , [][][]\T1/zi4/m/n/10 plot_MCMC[][][][]\T1/ptm/m/n/10 , [][][]\T1/zi4/m/n/10 Age_Computation[][][][]\T1/ptm/m/n/10 ,

[60]
Overfull \hbox (31.44725pt too wide) in paragraph at lines 3348--3352
[][][]\T1/ptm/m/n/10 list[][][] or [][]data.frame[][][] (\T1/ptm/b/n/10 re-quired\T1/ptm/m/n/10 ): Out-put as cre-ated by func-tions like [][]AgeC14_Computation[][][],

Overfull \hbox (8.18973pt too wide) in paragraph at lines 3362--3365
[]\T1/zi4/m/n/10 legend []\T1/ptm/m/n/10 ([]\T1/zi4/m/n/10 TRUE[]\T1/ptm/m/n/10 /[]\T1/zi4/m/n/10 FALSE[]\T1/ptm/m/n/10 ), []\T1/zi4/m/n/10 legend.text []\T1/ptm/m/n/10 ([][]char-ac-ter[][][] in-put needed), []\T1/zi4/m/n/10 legend.pos [][][]\T1/ptm/m/n/10 graph-

[61]
Overfull \hbox (11.12689pt too wide) in paragraph at lines 3449--3451
[][][]\T1/ptm/m/n/10 coda::mcmc.list[][][] or [][]coda::mcmc[][][] (\T1/ptm/b/n/10 re-quired\T1/ptm/m/n/10 ): Out-put gen-er-ated by [][]rjags::jags.model[][][],

Overfull \hbox (22.78836pt too wide) in paragraph at lines 3449--3451
\T1/ptm/m/n/10 e.g., in [][]Age_Computation[][][]. Al-ter-na-tively, lim-ited sup-port is pro-vided for []\T1/zi4/m/n/10 BayLum.list

[62]
Overfull \hbox (25.95734pt too wide) in paragraph at lines 3482--3484
[]\T1/ptm/m/n/10 The func-tion is used in the func-tion [][]Age_Computation[][][], [][]AgeS_Computation[][][] and [][]Palaeo-dose_Computation[][][],

[63]
[64]
Overfull \hbox (8.61803pt too wide) in paragraph at lines 3587--3590
[][]\T1/ptm/m/n/10 rjags::jags.model[][][] in [][]AgeS_Computation[][][], [][]AgeC14_Computation[][][] or [][]Age_OSLC14[][][].

Underfull \hbox (badness 10000) in paragraph at lines 3617--3618


[65]
Overfull \hbox (307.23083pt too wide) in alignment at lines 3636--3636
 [] [] [] 

[66]
[67]
Overfull \hbox (10.98685pt too wide) in paragraph at lines 3748--3750
[]\T1/ptm/m/n/10 Construct the strati-graphic ma-trix used in the func-tions [][]AgeS_Computation[][][] and [][]AgeC14_Computation[][][]

[68]
[69]
[70]
Overfull \hbox (3.27841pt too wide) in paragraph at lines 3909--3910
[][][]\T1/ptm/m/n/10 numeric[][][] (\T1/ptm/m/it/10 with de-fault\T1/ptm/m/n/10 ): Vec-tor where []\T1/zi4/m/n/10 DRsource.error[i] []\T1/ptm/m/n/10 cor-re-sponds to source

Overfull \hbox (22.02802pt too wide) in paragraph at lines 3911--3912
\T1/ptm/m/n/10 to the chan-nel num-ber where the OSL sig-nal should be summed from for[]\T1/zi4/m/n/10 bin-file[i]

Overfull \hbox (0.59874pt too wide) in paragraph at lines 3921--3922
[][][]\T1/ptm/m/n/10 numeric[][][] (\T1/ptm/m/it/10 with de-fault\T1/ptm/m/n/10 ): Vec-tor where []\T1/zi4/m/n/10 nbOfLastCycleToRemove[i] []\T1/ptm/m/n/10 cor-re-sponds

[71]
Overfull \hbox (0.95718pt too wide) in paragraph at lines 3934--3936
[]\T1/ptm/m/n/10 Frederik Baum-garten, Rad-Phys, DTU Physics, Tech-ni-cal Uni-ver-sity of Den-mark (Den-mark) , RLum

[72]
[73] (/private/var/folders/yz/3s5p1pss4352wtlzt9_bzbp00000gp/T/RtmpTnZMN1/Rd2pdf7994f43dae8/Rd2.ind
[74]

LaTeX Font Warning: Font shape `T1/zi4/m/it' undefined
(Font)              using `T1/zi4/m/n' instead on input line 80.



Overfull \hbox (15.01662pt too wide) in paragraph at lines 170--172
\T1/ptm/m/it/10 (\T1/zi4/m/it/10 Generate_DataFile_MG-deprecated\T1/ptm/m/it/10 )\T1/ptm/m/n/10 , 

[75]

[76]) (/private/var/folders/yz/3s5p1pss4352wtlzt9_bzbp00000gp/T/RtmpTnZMN1/Rd2pdf7994f43dae8/Rd2.aux)

LaTeX Font Warning: Some font shapes were not available, defaults substituted.

 )
(see the transcript file for additional information)
pdfTeX warning (dest): name{Rfn.graphics::contour} has been referenced but does not exist, replaced by a fixed one


pdfTeX warning (dest): name{Rfn.graphics::rug} has been referenced but does not exist, replaced by a fixed one


pdfTeX warning (dest): name{Rfn.graphics::smoothScatter} has been referenced but does not exist, replaced by a fixed one


pdfTeX warning (dest): name{Rfn.hexbin::hexplom} has been referenced but does not exist, replaced by a fixed one


pdfTeX warning (dest): name{Rfn.rjags::coda.samples} has been referenced but does not exist, replaced by a fixed one


pdfTeX warning (dest): name{Rfn.coda::densplot} has been referenced but does not exist, replaced by a fixed one


pdfTeX warning (dest): name{Rfn.coda::traceplot} has been referenced but does not exist, replaced by a fixed one


pdfTeX warning (dest): name{Rfn.plot.default} has been referenced but does not exist, replaced by a fixed one


pdfTeX warning (dest): name{Rfn.mtext} has been referenced but does not exist, replaced by a fixed one


pdfTeX warning (dest): name{Rfn.par} has been referenced but does not exist, replaced by a fixed one


pdfTeX warning (dest): name{Rfn.rug} has been referenced but does not exist, replaced by a fixed one


pdfTeX warning (dest): name{Rfn.stats::smooth} has been referenced but does not exist, replaced by a fixed one


pdfTeX warning (dest): name{Rfn.vector} has been referenced but does not exist, replaced by a fixed one


pdfTeX warning (dest): name{Rfn.coda::mcmc} has been referenced but does not exist, replaced by a fixed one


pdfTeX warning (dest): name{Rfn.coda::mcmc.list} has been referenced but does not exist, replaced by a fixed one


pdfTeX warning (dest): name{Rfn.graphics::legend} has been referenced but does not exist, replaced by a fixed one


pdfTeX warning (dest): name{Rfn.load} has been referenced but does not exist, replaced by a fixed one


pdfTeX warning (dest): name{Rfn.save} has been referenced but does not exist, replaced by a fixed one


pdfTeX warning (dest): name{Rfn.Luminescence} has been referenced but does not exist, replaced by a fixed one


pdfTeX warning (dest): name{Rfn.read.Rul.BIN2R} has been referenced but does not exist, replaced by a fixed one


pdfTeX warning (dest): name{Rfn.utils::read.table} has been referenced but does not exist, replaced by a fixed one


pdfTeX warning (dest): name{Rfn.utils::write.table} has been referenced but does not exist, replaced by a fixed one


pdfTeX warning (dest): name{Rfn.data.frame} has been referenced but does not exist, replaced by a fixed one


pdfTeX warning (dest): name{Rfn.Luminescence::subset.Rul.SingleGrainData} has been referenced but does not exist, replaced by a fixed one


pdfTeX warning (dest): name{Rfn.Luminescence::read.Rul.XSYG2R} has been referenced but does not exist, replaced by a fixed one


pdfTeX warning (dest): name{Rfn.Luminescence::read.Rul.BIN2R} has been referenced but does not exist, replaced by a fixed one


pdfTeX warning (dest): name{Rfn.yaml::read.Rul.yaml} has been referenced but does not exist, replaced by a fixed one


pdfTeX warning (dest): name{Rfn.RLum.Analysis.Rdash.class} has been referenced but does not exist, replaced by a fixed one


pdfTeX warning (dest): name{Rfn.jags.model} has been referenced but does not exist, replaced by a fixed one


pdfTeX warning (dest): name{Rfn.runjags} has been referenced but does not exist, replaced by a fixed one


pdfTeX warning (dest): name{Rfn.runjags::extend.JAGS} has been referenced but does not exist, replaced by a fixed one


pdfTeX warning (dest): name{Rfn.runjags::autorun.jags} has been referenced but does not exist, replaced by a fixed one


pdfTeX warning (dest): name{Rfn.runjags::run.jags} has been referenced but does not exist, replaced by a fixed one


pdfTeX warning (dest): name{Rfn.matrix} has been referenced but does not exist, replaced by a fixed one


pdfTeX warning (dest): name{Rfn.list} has been referenced but does not exist, replaced by a fixed one


pdfTeX warning (dest): name{Rfn.rjags} has been referenced but does not exist, replaced by a fixed one


pdfTeX warning (dest): name{Rfn.rjags::jags.model} has been referenced but does not exist, replaced by a fixed one


pdfTeX warning (dest): name{Rfn.logical} has been referenced but does not exist, replaced by a fixed one


pdfTeX warning (dest): name{Rfn.integer} has been referenced but does not exist, replaced by a fixed one


pdfTeX warning (dest): name{Rfn.character} has been referenced but does not exist, replaced by a fixed one


pdfTeX warning (dest): name{Rfn.numeric} has been referenced but does not exist, replaced by a fixed one

</Users/kreutzer/Library/TinyTeX/texmf-dist/fonts/type1/public/inconsolata/Inconsolata-zi4r.pfb></Users/kreutzer/Library/TinyTeX/texmf-dist/fonts/type1/public/amsfonts/cm/cmmi10.pfb></Users/kreutzer/Library/TinyTeX/texmf-dist/fonts/type1/public/amsfonts/cm/cmmi7.pfb></Users/kreutzer/Library/TinyTeX/texmf-dist/fonts/type1/public/amsfonts/cm/cmr10.pfb></Users/kreutzer/Library/TinyTeX/texmf-dist/fonts/type1/public/amsfonts/cm/cmsy10.pfb></Users/kreutzer/Library/TinyTeX/texmf-dist/fonts/type1/urw/times/utmb8a.pfb></Users/kreutzer/Library/TinyTeX/texmf-dist/fonts/type1/urw/times/utmr8a.pfb></Users/kreutzer/Library/TinyTeX/texmf-dist/fonts/type1/urw/times/utmr8a.pfb></Users/kreutzer/Library/TinyTeX/texmf-dist/fonts/type1/urw/times/utmri8a.pfb>
Output written on Rd2.pdf (76 pages, 335586 bytes).
Transcript written on Rd2.log.
Saving output to âBayLum-manual.pdfâ ...
Done
You may want to clean up by 'rm -Rf /var/folders/yz/3s5p1pss4352wtlzt9_bzbp00000gp/T//RtmpTnZMN1/Rd2pdf7994f43dae8'
