Hmm ... looks like a package

This is pdfTeX, Version 3.14159265-2.6-1.40.17 (TeX Live 2016) (preloaded format=pdflatex)
 restricted \write18 enabled.
entering extended mode
LaTeX2e <2016/03/31>
Babel <3.9r> and hyphenation patterns for 83 language(s) loaded.
(./Rd2.tex
(/usr/local/texlive/2016/texmf-dist/tex/latex/base/book.cls
Document Class: book 2014/09/29 v1.4h Standard LaTeX document class
(/usr/local/texlive/2016/texmf-dist/tex/latex/base/bk10.clo))
(/Library/Frameworks/R.framework/Resources/share/texmf/tex/latex/Rd.sty
(/usr/local/texlive/2016/texmf-dist/tex/latex/base/ifthen.sty)
(/usr/local/texlive/2016/texmf-dist/tex/latex/tools/longtable.sty)
(/usr/local/texlive/2016/texmf-dist/tex/latex/tools/bm.sty)
(/usr/local/texlive/2016/texmf-dist/tex/latex/base/alltt.sty)
(/usr/local/texlive/2016/texmf-dist/tex/latex/tools/verbatim.sty)
(/usr/local/texlive/2016/texmf-dist/tex/latex/url/url.sty)
(/usr/local/texlive/2016/texmf-dist/tex/latex/base/textcomp.sty
(/usr/local/texlive/2016/texmf-dist/tex/latex/base/ts1enc.def))
(/usr/local/texlive/2016/texmf-dist/tex/latex/base/fontenc.sty
(/usr/local/texlive/2016/texmf-dist/tex/latex/base/t1enc.def))
(/usr/local/texlive/2016/texmf-dist/tex/latex/psnfss/times.sty)
(/usr/local/texlive/2016/texmf-dist/tex/latex/inconsolata/zi4.sty
`inconsolata-zi4' v1.10, 2016/02/22 Text macros for Inconsolata (msharpe)
(/usr/local/texlive/2016/texmf-dist/tex/latex/graphics/keyval.sty))
(/usr/local/texlive/2016/texmf-dist/tex/latex/graphics/color.sty
(/usr/local/texlive/2016/texmf-dist/tex/latex/graphics-cfg/color.cfg)
(/usr/local/texlive/2016/texmf-dist/tex/latex/pdftex-def/pdftex.def
(/usr/local/texlive/2016/texmf-dist/tex/generic/oberdiek/infwarerr.sty)
(/usr/local/texlive/2016/texmf-dist/tex/generic/oberdiek/ltxcmds.sty)))
(/usr/local/texlive/2016/texmf-dist/tex/latex/hyperref/hyperref.sty
(/usr/local/texlive/2016/texmf-dist/tex/generic/oberdiek/hobsub-hyperref.sty
(/usr/local/texlive/2016/texmf-dist/tex/generic/oberdiek/hobsub-generic.sty))
(/usr/local/texlive/2016/texmf-dist/tex/generic/ifxetex/ifxetex.sty)
(/usr/local/texlive/2016/texmf-dist/tex/latex/oberdiek/auxhook.sty)
(/usr/local/texlive/2016/texmf-dist/tex/latex/oberdiek/kvoptions.sty)
(/usr/local/texlive/2016/texmf-dist/tex/latex/hyperref/pd1enc.def)
(/usr/local/texlive/2016/texmf-dist/tex/latex/latexconfig/hyperref.cfg))

Package hyperref Message: Driver (autodetected): hpdftex.

(/usr/local/texlive/2016/texmf-dist/tex/latex/hyperref/hpdftex.def
(/usr/local/texlive/2016/texmf-dist/tex/latex/oberdiek/rerunfilecheck.sty))

Package hyperref Warning: Option `hyperindex' has already been used,
(hyperref)                setting the option has no effect on input line 366.


Package hyperref Warning: Option `pagebackref' has already been used,
(hyperref)                setting the option has no effect on input line 366.

) (/usr/local/texlive/2016/texmf-dist/tex/latex/base/makeidx.sty)
(/usr/local/texlive/2016/texmf-dist/tex/latex/base/inputenc.sty
(/usr/local/texlive/2016/texmf-dist/tex/latex/base/utf8.def
(/usr/local/texlive/2016/texmf-dist/tex/latex/base/t1enc.dfu)
(/usr/local/texlive/2016/texmf-dist/tex/latex/base/ot1enc.dfu)
(/usr/local/texlive/2016/texmf-dist/tex/latex/base/omsenc.dfu)
(/usr/local/texlive/2016/texmf-dist/tex/latex/base/ts1enc.dfu))
(/usr/local/texlive/2016/texmf-dist/tex/latex/base/latin1.def))
Writing index file Rd2.idx
No file Rd2.aux.
(/usr/local/texlive/2016/texmf-dist/tex/latex/base/ts1cmr.fd)
(/usr/local/texlive/2016/texmf-dist/tex/latex/psnfss/t1ptm.fd)
(/usr/local/texlive/2016/texmf-dist/tex/context/base/mkii/supp-pdf.mkii
[Loading MPS to PDF converter (version 2006.09.02).]
) (/usr/local/texlive/2016/texmf-dist/tex/latex/hyperref/nameref.sty
(/usr/local/texlive/2016/texmf-dist/tex/generic/oberdiek/gettitlestring.sty))
(/usr/local/texlive/2016/texmf-dist/tex/latex/psnfss/ts1ptm.fd)
(/usr/local/texlive/2016/texmf-dist/tex/latex/inconsolata/t1zi4.fd)
(/usr/local/texlive/2016/texmf-dist/tex/latex/psnfss/t1phv.fd)
(/usr/local/texlive/2016/texmf-dist/tex/latex/base/utf8.def) [1{/usr/local/texl
ive/2016/texmf-var/fonts/map/pdftex/updmap/pdftex.map}]
(/usr/local/texlive/2016/texmf-dist/tex/latex/base/utf8.def) [2]
(/usr/local/texlive/2016/texmf-dist/tex/latex/base/utf8.def) [3]
Overfull \hbox (0.69946pt too wide) in paragraph at lines 188--193
[]\T1/ptm/m/n/10 Other in-put.elements: [][]\T1/zi4/m/n/10 animationOptions[][]
[]\T1/ptm/m/n/10 , [][]\T1/zi4/m/n/10 sliderInput[][][]\T1/ptm/m/n/10 ; [][]\T1
/zi4/m/n/10 checkboxGroupInput[][][]\T1/ptm/m/n/10 ; [][]\T1/zi4/m/n/10 checkbo
xInput[][][]\T1/ptm/m/n/10 ;

Overfull \hbox (36.56036pt too wide) in paragraph at lines 188--193
[][]\T1/zi4/m/n/10 dateInput[][][]\T1/ptm/m/n/10 ; [][]\T1/zi4/m/n/10 dateRange
Input[][][]\T1/ptm/m/n/10 ; [][]\T1/zi4/m/n/10 fileInput[][][]\T1/ptm/m/n/10 ; 
[][]\T1/zi4/m/n/10 numericInput[][][]\T1/ptm/m/n/10 ; [][]\T1/zi4/m/n/10 passwo
rdInput[][][]\T1/ptm/m/n/10 ; [][]\T1/zi4/m/n/10 radioButtons[][][]\T1/ptm/m/n/
10 ; [][]\T1/zi4/m/n/10 selectInput[][][]\T1/ptm/m/n/10 ,
(/usr/local/texlive/2016/texmf-dist/tex/latex/base/utf8.def) [4]
(/usr/local/texlive/2016/texmf-dist/tex/latex/base/utf8.def)
(/usr/local/texlive/2016/texmf-dist/tex/latex/base/utf8.def) [5]
(/usr/local/texlive/2016/texmf-dist/tex/latex/inconsolata/ts1zi4.fd)
Overfull \hbox (7.35785pt too wide) in paragraph at lines 319--321
[][][]\T1/zi4/m/n/10 character[][][] \T1/ptm/m/n/10 (\T1/ptm/m/it/10 op-tional\
T1/ptm/m/n/10 ): At-tach tooltip to all el-e-ments with at-tribute \T1/zi4/m/n/
10 attr=\TS1/zi4/m/n/10 '\T1/zi4/m/n/10 refId\TS1/zi4/m/n/10 '\T1/ptm/m/n/10 . 

[6]
No file Rd2.ind.
[7] (./Rd2.aux)

Package rerunfilecheck Warning: File `Rd2.out' has changed.
(rerunfilecheck)                Rerun to get outlines right
(rerunfilecheck)                or use package `bookmark'.

 )
(see the transcript file for additional information)pdfTeX warning (dest): name
{Rfn.numeric} has been referenced but does not exist, replaced by a fixed one

pdfTeX warning (dest): name{Rfn.textInput} has been referenced but does not exi
st, replaced by a fixed one

pdfTeX warning (dest): name{Rfn.submitButton} has been referenced but does not 
exist, replaced by a fixed one

pdfTeX warning (dest): name{Rfn.selectizeInput} has been referenced but does no
t exist, replaced by a fixed one

pdfTeX warning (dest): name{Rfn.selectInput} has been referenced but does not e
xist, replaced by a fixed one

pdfTeX warning (dest): name{Rfn.radioButtons} has been referenced but does not 
exist, replaced by a fixed one

pdfTeX warning (dest): name{Rfn.passwordInput} has been referenced but does not
 exist, replaced by a fixed one

pdfTeX warning (dest): name{Rfn.numericInput} has been referenced but does not 
exist, replaced by a fixed one

pdfTeX warning (dest): name{Rfn.fileInput} has been referenced but does not exi
st, replaced by a fixed one

pdfTeX warning (dest): name{Rfn.dateRangeInput} has been referenced but does no
t exist, replaced by a fixed one

pdfTeX warning (dest): name{Rfn.dateInput} has been referenced but does not exi
st, replaced by a fixed one

pdfTeX warning (dest): name{Rfn.checkboxInput} has been referenced but does not
 exist, replaced by a fixed one

pdfTeX warning (dest): name{Rfn.checkboxGroupInput} has been referenced but doe
s not exist, replaced by a fixed one

pdfTeX warning (dest): name{Rfn.sliderInput} has been referenced but does not e
xist, replaced by a fixed one

pdfTeX warning (dest): name{Rfn.animationOptions} has been referenced but does 
not exist, replaced by a fixed one

pdfTeX warning (dest): name{Rfn.logical} has been referenced but does not exist
, replaced by a fixed one

pdfTeX warning (dest): name{Rfn.plot.Rul.FilterCombinations} has been reference
d but does not exist, replaced by a fixed one

pdfTeX warning (dest): name{Rfn.CW2pPMi} has been referenced but does not exist
, replaced by a fixed one

pdfTeX warning (dest): name{Rfn.CW2pLMi} has been referenced but does not exist
, replaced by a fixed one

pdfTeX warning (dest): name{Rfn.CW2pLM} has been referenced but does not exist,
 replaced by a fixed one

pdfTeX warning (dest): name{Rfn.CW2pHMi} has been referenced but does not exist
, replaced by a fixed one

pdfTeX warning (dest): name{Rfn.calc.Rul.CosmicDoseRate} has been referenced bu
t does not exist, replaced by a fixed one

pdfTeX warning (dest): name{Rfn.plot.Rul.DRTResults} has been referenced but do
es not exist, replaced by a fixed one

pdfTeX warning (dest): name{Rfn.plot.Rul.RadialPlot} has been referenced but do
es not exist, replaced by a fixed one

pdfTeX warning (dest): name{Rfn.plot.Rul.KDE} has been referenced but does not 
exist, replaced by a fixed one

pdfTeX warning (dest): name{Rfn.plot.Rul.Histogram} has been referenced but doe
s not exist, replaced by a fixed one

pdfTeX warning (dest): name{Rfn.plot.Rul.AbanicoPlot} has been referenced but d
oes not exist, replaced by a fixed one

pdfTeX warning (dest): name{Rfn.character} has been referenced but does not exi
st, replaced by a fixed one

pdfTeX warning (dest): name{Rfn.runApp} has been referenced but does not exist,
 replaced by a fixed one

{/usr/local/texlive/2016/texmf-dist/fonts/enc/dvips/inconsolata/i4-ts1.enc}{/us
r/local/texlive/2016/texmf-dist/fonts/enc/dvips/base/8r.enc}{/usr/local/texlive
/2016/texmf-dist/fonts/enc/dvips/inconsolata/i4-t1-0.enc}</usr/local/texlive/20
16/texmf-dist/fonts/type1/public/inconsolata/Inconsolata-zi4r.pfb></usr/local/t
exlive/2016/texmf-dist/fonts/type1/urw/helvetic/uhvr8a.pfb></usr/local/texlive/
2016/texmf-dist/fonts/type1/urw/times/utmb8a.pfb></usr/local/texlive/2016/texmf
-dist/fonts/type1/urw/times/utmr8a.pfb></usr/local/texlive/2016/texmf-dist/font
s/type1/urw/times/utmr8a.pfb></usr/local/texlive/2016/texmf-dist/fonts/type1/ur
w/times/utmri8a.pfb>
Output written on Rd2.pdf (7 pages, 98616 bytes).
Transcript written on Rd2.log.
This is makeindex, version 2.15 [TeX Live 2016] (kpathsea + Thai support).
Scanning input file Rd2.idx....done (64 entries accepted, 0 rejected).
Sorting entries....done (387 comparisons).
Generating output file Rd2.ind....done (75 lines written, 1 warning).
Output written in Rd2.ind.
Transcript written in Rd2.ilg.
This is pdfTeX, Version 3.14159265-2.6-1.40.17 (TeX Live 2016) (preloaded format=pdflatex)
 restricted \write18 enabled.
entering extended mode
LaTeX2e <2016/03/31>
Babel <3.9r> and hyphenation patterns for 83 language(s) loaded.
(./Rd2.tex
(/usr/local/texlive/2016/texmf-dist/tex/latex/base/book.cls
Document Class: book 2014/09/29 v1.4h Standard LaTeX document class
(/usr/local/texlive/2016/texmf-dist/tex/latex/base/bk10.clo))
(/Library/Frameworks/R.framework/Resources/share/texmf/tex/latex/Rd.sty
(/usr/local/texlive/2016/texmf-dist/tex/latex/base/ifthen.sty)
(/usr/local/texlive/2016/texmf-dist/tex/latex/tools/longtable.sty)
(/usr/local/texlive/2016/texmf-dist/tex/latex/tools/bm.sty)
(/usr/local/texlive/2016/texmf-dist/tex/latex/base/alltt.sty)
(/usr/local/texlive/2016/texmf-dist/tex/latex/tools/verbatim.sty)
(/usr/local/texlive/2016/texmf-dist/tex/latex/url/url.sty)
(/usr/local/texlive/2016/texmf-dist/tex/latex/base/textcomp.sty
(/usr/local/texlive/2016/texmf-dist/tex/latex/base/ts1enc.def))
(/usr/local/texlive/2016/texmf-dist/tex/latex/base/fontenc.sty
(/usr/local/texlive/2016/texmf-dist/tex/latex/base/t1enc.def))
(/usr/local/texlive/2016/texmf-dist/tex/latex/psnfss/times.sty)
(/usr/local/texlive/2016/texmf-dist/tex/latex/inconsolata/zi4.sty
`inconsolata-zi4' v1.10, 2016/02/22 Text macros for Inconsolata (msharpe)
(/usr/local/texlive/2016/texmf-dist/tex/latex/graphics/keyval.sty))
(/usr/local/texlive/2016/texmf-dist/tex/latex/graphics/color.sty
(/usr/local/texlive/2016/texmf-dist/tex/latex/graphics-cfg/color.cfg)
(/usr/local/texlive/2016/texmf-dist/tex/latex/pdftex-def/pdftex.def
(/usr/local/texlive/2016/texmf-dist/tex/generic/oberdiek/infwarerr.sty)
(/usr/local/texlive/2016/texmf-dist/tex/generic/oberdiek/ltxcmds.sty)))
(/usr/local/texlive/2016/texmf-dist/tex/latex/hyperref/hyperref.sty
(/usr/local/texlive/2016/texmf-dist/tex/generic/oberdiek/hobsub-hyperref.sty
(/usr/local/texlive/2016/texmf-dist/tex/generic/oberdiek/hobsub-generic.sty))
(/usr/local/texlive/2016/texmf-dist/tex/generic/ifxetex/ifxetex.sty)
(/usr/local/texlive/2016/texmf-dist/tex/latex/oberdiek/auxhook.sty)
(/usr/local/texlive/2016/texmf-dist/tex/latex/oberdiek/kvoptions.sty)
(/usr/local/texlive/2016/texmf-dist/tex/latex/hyperref/pd1enc.def)
(/usr/local/texlive/2016/texmf-dist/tex/latex/latexconfig/hyperref.cfg))

Package hyperref Message: Driver (autodetected): hpdftex.

(/usr/local/texlive/2016/texmf-dist/tex/latex/hyperref/hpdftex.def
(/usr/local/texlive/2016/texmf-dist/tex/latex/oberdiek/rerunfilecheck.sty))

Package hyperref Warning: Option `hyperindex' has already been used,
(hyperref)                setting the option has no effect on input line 366.


Package hyperref Warning: Option `pagebackref' has already been used,
(hyperref)                setting the option has no effect on input line 366.

) (/usr/local/texlive/2016/texmf-dist/tex/latex/base/makeidx.sty)
(/usr/local/texlive/2016/texmf-dist/tex/latex/base/inputenc.sty
(/usr/local/texlive/2016/texmf-dist/tex/latex/base/utf8.def
(/usr/local/texlive/2016/texmf-dist/tex/latex/base/t1enc.dfu)
(/usr/local/texlive/2016/texmf-dist/tex/latex/base/ot1enc.dfu)
(/usr/local/texlive/2016/texmf-dist/tex/latex/base/omsenc.dfu)
(/usr/local/texlive/2016/texmf-dist/tex/latex/base/ts1enc.dfu))
(/usr/local/texlive/2016/texmf-dist/tex/latex/base/latin1.def))
Writing index file Rd2.idx
(./Rd2.aux) (/usr/local/texlive/2016/texmf-dist/tex/latex/base/ts1cmr.fd)
(/usr/local/texlive/2016/texmf-dist/tex/latex/psnfss/t1ptm.fd)
(/usr/local/texlive/2016/texmf-dist/tex/context/base/mkii/supp-pdf.mkii
[Loading MPS to PDF converter (version 2006.09.02).]
) (/usr/local/texlive/2016/texmf-dist/tex/latex/hyperref/nameref.sty
(/usr/local/texlive/2016/texmf-dist/tex/generic/oberdiek/gettitlestring.sty))
(./Rd2.out) (./Rd2.out)
(/usr/local/texlive/2016/texmf-dist/tex/latex/psnfss/ts1ptm.fd)
(/usr/local/texlive/2016/texmf-dist/tex/latex/inconsolata/t1zi4.fd)
(/usr/local/texlive/2016/texmf-dist/tex/latex/psnfss/t1phv.fd) (./Rd2.toc
[1{/usr/local/texlive/2016/texmf-var/fonts/map/pdftex/updmap/pdftex.map}])
(/usr/local/texlive/2016/texmf-dist/tex/latex/base/utf8.def)
(/usr/local/texlive/2016/texmf-dist/tex/latex/base/utf8.def) [2]
(/usr/local/texlive/2016/texmf-dist/tex/latex/base/utf8.def) [3]
Overfull \hbox (0.69946pt too wide) in paragraph at lines 188--193
[]\T1/ptm/m/n/10 Other in-put.elements: [][]\T1/zi4/m/n/10 animationOptions[][]
[]\T1/ptm/m/n/10 , [][]\T1/zi4/m/n/10 sliderInput[][][]\T1/ptm/m/n/10 ; [][]\T1
/zi4/m/n/10 checkboxGroupInput[][][]\T1/ptm/m/n/10 ; [][]\T1/zi4/m/n/10 checkbo
xInput[][][]\T1/ptm/m/n/10 ;

Overfull \hbox (36.56036pt too wide) in paragraph at lines 188--193
[][]\T1/zi4/m/n/10 dateInput[][][]\T1/ptm/m/n/10 ; [][]\T1/zi4/m/n/10 dateRange
Input[][][]\T1/ptm/m/n/10 ; [][]\T1/zi4/m/n/10 fileInput[][][]\T1/ptm/m/n/10 ; 
[][]\T1/zi4/m/n/10 numericInput[][][]\T1/ptm/m/n/10 ; [][]\T1/zi4/m/n/10 passwo
rdInput[][][]\T1/ptm/m/n/10 ; [][]\T1/zi4/m/n/10 radioButtons[][][]\T1/ptm/m/n/
10 ; [][]\T1/zi4/m/n/10 selectInput[][][]\T1/ptm/m/n/10 ,
[4] (/usr/local/texlive/2016/texmf-dist/tex/latex/base/utf8.def) [5]
(/usr/local/texlive/2016/texmf-dist/tex/latex/base/utf8.def)
(/usr/local/texlive/2016/texmf-dist/tex/latex/base/utf8.def)
(/usr/local/texlive/2016/texmf-dist/tex/latex/inconsolata/ts1zi4.fd)
Overfull \hbox (7.35785pt too wide) in paragraph at lines 319--321
[][][]\T1/zi4/m/n/10 character[][][] \T1/ptm/m/n/10 (\T1/ptm/m/it/10 op-tional\
T1/ptm/m/n/10 ): At-tach tooltip to all el-e-ments with at-tribute \T1/zi4/m/n/
10 attr=\TS1/zi4/m/n/10 '\T1/zi4/m/n/10 refId\TS1/zi4/m/n/10 '\T1/ptm/m/n/10 . 

[6] (./Rd2.ind [7] [8]) (./Rd2.aux)

Package rerunfilecheck Warning: File `Rd2.out' has changed.
(rerunfilecheck)                Rerun to get outlines right
(rerunfilecheck)                or use package `bookmark'.

 )
(see the transcript file for additional information)pdfTeX warning (dest): name
{Rfn.numeric} has been referenced but does not exist, replaced by a fixed one

pdfTeX warning (dest): name{Rfn.textInput} has been referenced but does not exi
st, replaced by a fixed one

pdfTeX warning (dest): name{Rfn.submitButton} has been referenced but does not 
exist, replaced by a fixed one

pdfTeX warning (dest): name{Rfn.selectizeInput} has been referenced but does no
t exist, replaced by a fixed one

pdfTeX warning (dest): name{Rfn.selectInput} has been referenced but does not e
xist, replaced by a fixed one

pdfTeX warning (dest): name{Rfn.radioButtons} has been referenced but does not 
exist, replaced by a fixed one

pdfTeX warning (dest): name{Rfn.passwordInput} has been referenced but does not
 exist, replaced by a fixed one

pdfTeX warning (dest): name{Rfn.numericInput} has been referenced but does not 
exist, replaced by a fixed one

pdfTeX warning (dest): name{Rfn.fileInput} has been referenced but does not exi
st, replaced by a fixed one

pdfTeX warning (dest): name{Rfn.dateRangeInput} has been referenced but does no
t exist, replaced by a fixed one

pdfTeX warning (dest): name{Rfn.dateInput} has been referenced but does not exi
st, replaced by a fixed one

pdfTeX warning (dest): name{Rfn.checkboxInput} has been referenced but does not
 exist, replaced by a fixed one

pdfTeX warning (dest): name{Rfn.checkboxGroupInput} has been referenced but doe
s not exist, replaced by a fixed one

pdfTeX warning (dest): name{Rfn.sliderInput} has been referenced but does not e
xist, replaced by a fixed one

pdfTeX warning (dest): name{Rfn.animationOptions} has been referenced but does 
not exist, replaced by a fixed one

pdfTeX warning (dest): name{Rfn.logical} has been referenced but does not exist
, replaced by a fixed one

pdfTeX warning (dest): name{Rfn.plot.Rul.FilterCombinations} has been reference
d but does not exist, replaced by a fixed one

pdfTeX warning (dest): name{Rfn.CW2pPMi} has been referenced but does not exist
, replaced by a fixed one

pdfTeX warning (dest): name{Rfn.CW2pLMi} has been referenced but does not exist
, replaced by a fixed one

pdfTeX warning (dest): name{Rfn.CW2pLM} has been referenced but does not exist,
 replaced by a fixed one

pdfTeX warning (dest): name{Rfn.CW2pHMi} has been referenced but does not exist
, replaced by a fixed one

pdfTeX warning (dest): name{Rfn.calc.Rul.CosmicDoseRate} has been referenced bu
t does not exist, replaced by a fixed one

pdfTeX warning (dest): name{Rfn.plot.Rul.DRTResults} has been referenced but do
es not exist, replaced by a fixed one

pdfTeX warning (dest): name{Rfn.plot.Rul.RadialPlot} has been referenced but do
es not exist, replaced by a fixed one

pdfTeX warning (dest): name{Rfn.plot.Rul.KDE} has been referenced but does not 
exist, replaced by a fixed one

pdfTeX warning (dest): name{Rfn.plot.Rul.Histogram} has been referenced but doe
s not exist, replaced by a fixed one

pdfTeX warning (dest): name{Rfn.plot.Rul.AbanicoPlot} has been referenced but d
oes not exist, replaced by a fixed one

pdfTeX warning (dest): name{Rfn.character} has been referenced but does not exi
st, replaced by a fixed one

pdfTeX warning (dest): name{Rfn.runApp} has been referenced but does not exist,
 replaced by a fixed one

{/usr/local/texlive/2016/texmf-dist/fonts/enc/dvips/inconsolata/i4-ts1.enc}{/us
r/local/texlive/2016/texmf-dist/fonts/enc/dvips/base/8r.enc}{/usr/local/texlive
/2016/texmf-dist/fonts/enc/dvips/inconsolata/i4-t1-0.enc}</usr/local/texlive/20
16/texmf-dist/fonts/type1/public/inconsolata/Inconsolata-zi4r.pfb></usr/local/t
exlive/2016/texmf-dist/fonts/type1/urw/helvetic/uhvr8a.pfb></usr/local/texlive/
2016/texmf-dist/fonts/type1/urw/times/utmb8a.pfb></usr/local/texlive/2016/texmf
-dist/fonts/type1/urw/times/utmr8a.pfb></usr/local/texlive/2016/texmf-dist/font
s/type1/urw/times/utmr8a.pfb></usr/local/texlive/2016/texmf-dist/fonts/type1/ur
w/times/utmri8a.pfb>
Output written on Rd2.pdf (8 pages, 101491 bytes).
Transcript written on Rd2.log.
This is makeindex, version 2.15 [TeX Live 2016] (kpathsea + Thai support).
Scanning input file Rd2.idx....done (64 entries accepted, 0 rejected).
Sorting entries....done (387 comparisons).
Generating output file Rd2.ind....done (75 lines written, 1 warning).
Output written in Rd2.ind.
Transcript written in Rd2.ilg.
This is pdfTeX, Version 3.14159265-2.6-1.40.17 (TeX Live 2016) (preloaded format=pdflatex)
 restricted \write18 enabled.
entering extended mode
LaTeX2e <2016/03/31>
Babel <3.9r> and hyphenation patterns for 83 language(s) loaded.
(./Rd2.tex
(/usr/local/texlive/2016/texmf-dist/tex/latex/base/book.cls
Document Class: book 2014/09/29 v1.4h Standard LaTeX document class
(/usr/local/texlive/2016/texmf-dist/tex/latex/base/bk10.clo))
(/Library/Frameworks/R.framework/Resources/share/texmf/tex/latex/Rd.sty
(/usr/local/texlive/2016/texmf-dist/tex/latex/base/ifthen.sty)
(/usr/local/texlive/2016/texmf-dist/tex/latex/tools/longtable.sty)
(/usr/local/texlive/2016/texmf-dist/tex/latex/tools/bm.sty)
(/usr/local/texlive/2016/texmf-dist/tex/latex/base/alltt.sty)
(/usr/local/texlive/2016/texmf-dist/tex/latex/tools/verbatim.sty)
(/usr/local/texlive/2016/texmf-dist/tex/latex/url/url.sty)
(/usr/local/texlive/2016/texmf-dist/tex/latex/base/textcomp.sty
(/usr/local/texlive/2016/texmf-dist/tex/latex/base/ts1enc.def))
(/usr/local/texlive/2016/texmf-dist/tex/latex/base/fontenc.sty
(/usr/local/texlive/2016/texmf-dist/tex/latex/base/t1enc.def))
(/usr/local/texlive/2016/texmf-dist/tex/latex/psnfss/times.sty)
(/usr/local/texlive/2016/texmf-dist/tex/latex/inconsolata/zi4.sty
`inconsolata-zi4' v1.10, 2016/02/22 Text macros for Inconsolata (msharpe)
(/usr/local/texlive/2016/texmf-dist/tex/latex/graphics/keyval.sty))
(/usr/local/texlive/2016/texmf-dist/tex/latex/graphics/color.sty
(/usr/local/texlive/2016/texmf-dist/tex/latex/graphics-cfg/color.cfg)
(/usr/local/texlive/2016/texmf-dist/tex/latex/pdftex-def/pdftex.def
(/usr/local/texlive/2016/texmf-dist/tex/generic/oberdiek/infwarerr.sty)
(/usr/local/texlive/2016/texmf-dist/tex/generic/oberdiek/ltxcmds.sty)))
(/usr/local/texlive/2016/texmf-dist/tex/latex/hyperref/hyperref.sty
(/usr/local/texlive/2016/texmf-dist/tex/generic/oberdiek/hobsub-hyperref.sty
(/usr/local/texlive/2016/texmf-dist/tex/generic/oberdiek/hobsub-generic.sty))
(/usr/local/texlive/2016/texmf-dist/tex/generic/ifxetex/ifxetex.sty)
(/usr/local/texlive/2016/texmf-dist/tex/latex/oberdiek/auxhook.sty)
(/usr/local/texlive/2016/texmf-dist/tex/latex/oberdiek/kvoptions.sty)
(/usr/local/texlive/2016/texmf-dist/tex/latex/hyperref/pd1enc.def)
(/usr/local/texlive/2016/texmf-dist/tex/latex/latexconfig/hyperref.cfg))

Package hyperref Message: Driver (autodetected): hpdftex.

(/usr/local/texlive/2016/texmf-dist/tex/latex/hyperref/hpdftex.def
(/usr/local/texlive/2016/texmf-dist/tex/latex/oberdiek/rerunfilecheck.sty))

Package hyperref Warning: Option `hyperindex' has already been used,
(hyperref)                setting the option has no effect on input line 366.


Package hyperref Warning: Option `pagebackref' has already been used,
(hyperref)                setting the option has no effect on input line 366.

) (/usr/local/texlive/2016/texmf-dist/tex/latex/base/makeidx.sty)
(/usr/local/texlive/2016/texmf-dist/tex/latex/base/inputenc.sty
(/usr/local/texlive/2016/texmf-dist/tex/latex/base/utf8.def
(/usr/local/texlive/2016/texmf-dist/tex/latex/base/t1enc.dfu)
(/usr/local/texlive/2016/texmf-dist/tex/latex/base/ot1enc.dfu)
(/usr/local/texlive/2016/texmf-dist/tex/latex/base/omsenc.dfu)
(/usr/local/texlive/2016/texmf-dist/tex/latex/base/ts1enc.dfu))
(/usr/local/texlive/2016/texmf-dist/tex/latex/base/latin1.def))
Writing index file Rd2.idx
(./Rd2.aux) (/usr/local/texlive/2016/texmf-dist/tex/latex/base/ts1cmr.fd)
(/usr/local/texlive/2016/texmf-dist/tex/latex/psnfss/t1ptm.fd)
(/usr/local/texlive/2016/texmf-dist/tex/context/base/mkii/supp-pdf.mkii
[Loading MPS to PDF converter (version 2006.09.02).]
) (/usr/local/texlive/2016/texmf-dist/tex/latex/hyperref/nameref.sty
(/usr/local/texlive/2016/texmf-dist/tex/generic/oberdiek/gettitlestring.sty))
(./Rd2.out) (./Rd2.out)
(/usr/local/texlive/2016/texmf-dist/tex/latex/psnfss/ts1ptm.fd)
(/usr/local/texlive/2016/texmf-dist/tex/latex/inconsolata/t1zi4.fd)
(/usr/local/texlive/2016/texmf-dist/tex/latex/psnfss/t1phv.fd) (./Rd2.toc
[1{/usr/local/texlive/2016/texmf-var/fonts/map/pdftex/updmap/pdftex.map}])
(/usr/local/texlive/2016/texmf-dist/tex/latex/base/utf8.def)
(/usr/local/texlive/2016/texmf-dist/tex/latex/base/utf8.def) [2]
(/usr/local/texlive/2016/texmf-dist/tex/latex/base/utf8.def) [3]
Overfull \hbox (0.69946pt too wide) in paragraph at lines 188--193
[]\T1/ptm/m/n/10 Other in-put.elements: [][]\T1/zi4/m/n/10 animationOptions[][]
[]\T1/ptm/m/n/10 , [][]\T1/zi4/m/n/10 sliderInput[][][]\T1/ptm/m/n/10 ; [][]\T1
/zi4/m/n/10 checkboxGroupInput[][][]\T1/ptm/m/n/10 ; [][]\T1/zi4/m/n/10 checkbo
xInput[][][]\T1/ptm/m/n/10 ;

Overfull \hbox (36.56036pt too wide) in paragraph at lines 188--193
[][]\T1/zi4/m/n/10 dateInput[][][]\T1/ptm/m/n/10 ; [][]\T1/zi4/m/n/10 dateRange
Input[][][]\T1/ptm/m/n/10 ; [][]\T1/zi4/m/n/10 fileInput[][][]\T1/ptm/m/n/10 ; 
[][]\T1/zi4/m/n/10 numericInput[][][]\T1/ptm/m/n/10 ; [][]\T1/zi4/m/n/10 passwo
rdInput[][][]\T1/ptm/m/n/10 ; [][]\T1/zi4/m/n/10 radioButtons[][][]\T1/ptm/m/n/
10 ; [][]\T1/zi4/m/n/10 selectInput[][][]\T1/ptm/m/n/10 ,
[4] (/usr/local/texlive/2016/texmf-dist/tex/latex/base/utf8.def) [5]
(/usr/local/texlive/2016/texmf-dist/tex/latex/base/utf8.def)
(/usr/local/texlive/2016/texmf-dist/tex/latex/base/utf8.def)
(/usr/local/texlive/2016/texmf-dist/tex/latex/inconsolata/ts1zi4.fd)
Overfull \hbox (7.35785pt too wide) in paragraph at lines 319--321
[][][]\T1/zi4/m/n/10 character[][][] \T1/ptm/m/n/10 (\T1/ptm/m/it/10 op-tional\
T1/ptm/m/n/10 ): At-tach tooltip to all el-e-ments with at-tribute \T1/zi4/m/n/
10 attr=\TS1/zi4/m/n/10 '\T1/zi4/m/n/10 refId\TS1/zi4/m/n/10 '\T1/ptm/m/n/10 . 

[6] (./Rd2.ind [7] [8]) (./Rd2.aux) )
(see the transcript file for additional information)pdfTeX warning (dest): name
{Rfn.numeric} has been referenced but does not exist, replaced by a fixed one

pdfTeX warning (dest): name{Rfn.textInput} has been referenced but does not exi
st, replaced by a fixed one

pdfTeX warning (dest): name{Rfn.submitButton} has been referenced but does not 
exist, replaced by a fixed one

pdfTeX warning (dest): name{Rfn.selectizeInput} has been referenced but does no
t exist, replaced by a fixed one

pdfTeX warning (dest): name{Rfn.selectInput} has been referenced but does not e
xist, replaced by a fixed one

pdfTeX warning (dest): name{Rfn.radioButtons} has been referenced but does not 
exist, replaced by a fixed one

pdfTeX warning (dest): name{Rfn.passwordInput} has been referenced but does not
 exist, replaced by a fixed one

pdfTeX warning (dest): name{Rfn.numericInput} has been referenced but does not 
exist, replaced by a fixed one

pdfTeX warning (dest): name{Rfn.fileInput} has been referenced but does not exi
st, replaced by a fixed one

pdfTeX warning (dest): name{Rfn.dateRangeInput} has been referenced but does no
t exist, replaced by a fixed one

pdfTeX warning (dest): name{Rfn.dateInput} has been referenced but does not exi
st, replaced by a fixed one

pdfTeX warning (dest): name{Rfn.checkboxInput} has been referenced but does not
 exist, replaced by a fixed one

pdfTeX warning (dest): name{Rfn.checkboxGroupInput} has been referenced but doe
s not exist, replaced by a fixed one

pdfTeX warning (dest): name{Rfn.sliderInput} has been referenced but does not e
xist, replaced by a fixed one

pdfTeX warning (dest): name{Rfn.animationOptions} has been referenced but does 
not exist, replaced by a fixed one

pdfTeX warning (dest): name{Rfn.logical} has been referenced but does not exist
, replaced by a fixed one

pdfTeX warning (dest): name{Rfn.plot.Rul.FilterCombinations} has been reference
d but does not exist, replaced by a fixed one

pdfTeX warning (dest): name{Rfn.CW2pPMi} has been referenced but does not exist
, replaced by a fixed one

pdfTeX warning (dest): name{Rfn.CW2pLMi} has been referenced but does not exist
, replaced by a fixed one

pdfTeX warning (dest): name{Rfn.CW2pLM} has been referenced but does not exist,
 replaced by a fixed one

pdfTeX warning (dest): name{Rfn.CW2pHMi} has been referenced but does not exist
, replaced by a fixed one

pdfTeX warning (dest): name{Rfn.calc.Rul.CosmicDoseRate} has been referenced bu
t does not exist, replaced by a fixed one

pdfTeX warning (dest): name{Rfn.plot.Rul.DRTResults} has been referenced but do
es not exist, replaced by a fixed one

pdfTeX warning (dest): name{Rfn.plot.Rul.RadialPlot} has been referenced but do
es not exist, replaced by a fixed one

pdfTeX warning (dest): name{Rfn.plot.Rul.KDE} has been referenced but does not 
exist, replaced by a fixed one

pdfTeX warning (dest): name{Rfn.plot.Rul.Histogram} has been referenced but doe
s not exist, replaced by a fixed one

pdfTeX warning (dest): name{Rfn.plot.Rul.AbanicoPlot} has been referenced but d
oes not exist, replaced by a fixed one

pdfTeX warning (dest): name{Rfn.character} has been referenced but does not exi
st, replaced by a fixed one

pdfTeX warning (dest): name{Rfn.runApp} has been referenced but does not exist,
 replaced by a fixed one

{/usr/local/texlive/2016/texmf-dist/fonts/enc/dvips/inconsolata/i4-ts1.enc}{/us
r/local/texlive/2016/texmf-dist/fonts/enc/dvips/base/8r.enc}{/usr/local/texlive
/2016/texmf-dist/fonts/enc/dvips/inconsolata/i4-t1-0.enc}</usr/local/texlive/20
16/texmf-dist/fonts/type1/public/inconsolata/Inconsolata-zi4r.pfb></usr/local/t
exlive/2016/texmf-dist/fonts/type1/urw/helvetic/uhvr8a.pfb></usr/local/texlive/
2016/texmf-dist/fonts/type1/urw/times/utmb8a.pfb></usr/local/texlive/2016/texmf
-dist/fonts/type1/urw/times/utmr8a.pfb></usr/local/texlive/2016/texmf-dist/font
s/type1/urw/times/utmr8a.pfb></usr/local/texlive/2016/texmf-dist/fonts/type1/ur
w/times/utmri8a.pfb>
Output written on Rd2.pdf (8 pages, 102253 bytes).
Transcript written on Rd2.log.
Saving output to ‘RLumShiny-manual.pdf’ ...
Done
You may want to clean up by 'rm -rf /var/folders/yz/3s5p1pss4352wtlzt9_bzbp00000gp/T//Rtmp2OZNFi/Rd2pdf39c53a529401'
