Hmm ... looks like a package
Converting parsed Rd's to LaTeX .
Creating pdf output from LaTeX ...

This is pdfTeX, Version 3.141592653-2.6-1.40.26 (TeX Live 2024) (preloaded format=pdflatex)
 restricted \write18 enabled.
entering extended mode
LaTeX2e <2024-06-01> patch level 2
L3 programming layer <2024-08-30>
(./Rd2.tex
(/Users/kreutzer/Library/TinyTeX/texmf-dist/tex/latex/base/book.cls
Document Class: book 2024/02/08 v1.4n Standard LaTeX document class
(/Users/kreutzer/Library/TinyTeX/texmf-dist/tex/latex/base/bk10.clo)) (/Library/Frameworks/R.framework/Resources/share/texmf/tex/latex/Rd.sty (/Users/kreutzer/Library/TinyTeX/texmf-dist/tex/latex/base/ifthen.sty) (/Users/kreutzer/Library/TinyTeX/texmf-dist/tex/generic/iftex/iftex.sty) (/Users/kreutzer/Library/TinyTeX/texmf-dist/tex/latex/tools/longtable.sty) (/Users/kreutzer/Library/TinyTeX/texmf-dist/tex/latex/tools/bm.sty) (/Users/kreutzer/Library/TinyTeX/texmf-dist/tex/latex/base/alltt.sty) (/Users/kreutzer/Library/TinyTeX/texmf-dist/tex/latex/tools/verbatim.sty) (/Users/kreutzer/Library/TinyTeX/texmf-dist/tex/latex/url/url.sty) (/Users/kreutzer/Library/TinyTeX/texmf-dist/tex/latex/base/textcomp.sty) (/Users/kreutzer/Library/TinyTeX/texmf-dist/tex/latex/amsmath/amsmath.sty
For additional information on amsmath, use the `?' option.
(/Users/kreutzer/Library/TinyTeX/texmf-dist/tex/latex/amsmath/amstext.sty (/Users/kreutzer/Library/TinyTeX/texmf-dist/tex/latex/amsmath/amsgen.sty)) (/Users/kreutzer/Library/TinyTeX/texmf-dist/tex/latex/amsmath/amsbsy.sty) (/Users/kreutzer/Library/TinyTeX/texmf-dist/tex/latex/amsmath/amsopn.sty)) (/Users/kreutzer/Library/TinyTeX/texmf-dist/tex/latex/amsfonts/amsfonts.sty) (/Users/kreutzer/Library/TinyTeX/texmf-dist/tex/latex/amsfonts/amssymb.sty) (/Users/kreutzer/Library/TinyTeX/texmf-dist/tex/latex/amsfonts/eucal.sty) (/Users/kreutzer/Library/TinyTeX/texmf-dist/tex/latex/base/fontenc.sty) (/Users/kreutzer/Library/TinyTeX/texmf-dist/tex/latex/psnfss/times.sty) (/Users/kreutzer/Library/TinyTeX/texmf-dist/tex/latex/inconsolata/zi4.sty `inconsolata-zi4' v1.12, 2019/05/17 Text macros for Inconsolata (msharpe) (/Users/kreutzer/Library/TinyTeX/texmf-dist/tex/latex/xkeyval/xkeyval.sty (/Users/kreutzer/Library/TinyTeX/texmf-dist/tex/generic/xkeyval/xkeyval.tex (/Users/kreutzer/Library/TinyTeX/texmf-dist/tex/generic/xkeyval/xkvutils.tex (/Users/kreutzer/Library/TinyTeX/texmf-dist/tex/generic/xkeyval/keyval.tex))))) (/Users/kreutzer/Library/TinyTeX/texmf-dist/tex/latex/graphics/color.sty (/Users/kreutzer/Library/TinyTeX/texmf-dist/tex/latex/graphics-cfg/color.cfg) (/Users/kreutzer/Library/TinyTeX/texmf-dist/tex/latex/graphics-def/pdftex.def) (/Users/kreutzer/Library/TinyTeX/texmf-dist/tex/latex/graphics/mathcolor.ltx)) (/Users/kreutzer/Library/TinyTeX/texmf-dist/tex/latex/hyperref/hyperref.sty (/Users/kreutzer/Library/TinyTeX/texmf-dist/tex/latex/kvsetkeys/kvsetkeys.sty) (/Users/kreutzer/Library/TinyTeX/texmf-dist/tex/generic/kvdefinekeys/kvdefinekeys.sty) (/Users/kreutzer/Library/TinyTeX/texmf-dist/tex/generic/pdfescape/pdfescape.sty (/Users/kreutzer/Library/TinyTeX/texmf-dist/tex/generic/ltxcmds/ltxcmds.sty) (/Users/kreutzer/Library/TinyTeX/texmf-dist/tex/generic/pdftexcmds/pdftexcmds.sty (/Users/kreutzer/Library/TinyTeX/texmf-dist/tex/generic/infwarerr/infwarerr.sty))) (/Users/kreutzer/Library/TinyTeX/texmf-dist/tex/latex/hycolor/hycolor.sty) (/Users/kreutzer/Library/TinyTeX/texmf-dist/tex/latex/hyperref/nameref.sty (/Users/kreutzer/Library/TinyTeX/texmf-dist/tex/latex/refcount/refcount.sty) (/Users/kreutzer/Library/TinyTeX/texmf-dist/tex/generic/gettitlestring/gettitlestring.sty (/Users/kreutzer/Library/TinyTeX/texmf-dist/tex/latex/kvoptions/kvoptions.sty))) (/Users/kreutzer/Library/TinyTeX/texmf-dist/tex/latex/etoolbox/etoolbox.sty) (/Users/kreutzer/Library/TinyTeX/texmf-dist/tex/generic/stringenc/stringenc.sty) (/Users/kreutzer/Library/TinyTeX/texmf-dist/tex/latex/hyperref/pd1enc.def) (/Users/kreutzer/Library/TinyTeX/texmf-dist/tex/generic/intcalc/intcalc.sty) (/Users/kreutzer/Library/TinyTeX/texmf-dist/tex/latex/hyperref/puenc.def) (/Users/kreutzer/Library/TinyTeX/texmf-dist/tex/generic/bitset/bitset.sty (/Users/kreutzer/Library/TinyTeX/texmf-dist/tex/generic/bigintcalc/bigintcalc.sty)) (/Users/kreutzer/Library/TinyTeX/texmf-dist/tex/latex/base/atbegshi-ltx.sty)) (/Users/kreutzer/Library/TinyTeX/texmf-dist/tex/latex/hyperref/hpdftex.def (/Users/kreutzer/Library/TinyTeX/texmf-dist/tex/latex/base/atveryend-ltx.sty) (/Users/kreutzer/Library/TinyTeX/texmf-dist/tex/latex/rerunfilecheck/rerunfilecheck.sty (/Users/kreutzer/Library/TinyTeX/texmf-dist/tex/generic/uniquecounter/uniquecounter.sty)))) (/Users/kreutzer/Library/TinyTeX/texmf-dist/tex/latex/base/makeidx.sty)
Writing index file Rd2.idx
(/Users/kreutzer/Library/TinyTeX/texmf-dist/tex/latex/psnfss/t1ptm.fd) (/Users/kreutzer/Library/TinyTeX/texmf-dist/tex/latex/l3backend/l3backend-pdftex.def)
No file Rd2.aux.
(/Users/kreutzer/Library/TinyTeX/texmf-dist/tex/latex/inconsolata/t1zi4.fd) (/Users/kreutzer/Library/TinyTeX/texmf-dist/tex/latex/amsfonts/umsa.fd) (/Users/kreutzer/Library/TinyTeX/texmf-dist/tex/latex/amsfonts/umsb.fd)
No file Rd2.toc.

Underfull \hbox (badness 10000) in paragraph at lines 44--44


[1{/Users/kreutzer/Library/TinyTeX/texmf-var/fonts/map/pdftex/updmap/pdftex.map}{/Users/kreutzer/Library/TinyTeX/texmf-dist/fonts/enc/dvips/base/8r.enc}{/Users/kreutzer/Library/TinyTeX/texmf-dist/fonts/enc/dvips/inconsolata/i4-t1-0.enc}]
Overfull \hbox (7.12651pt too wide) in paragraph at lines 56--58
[]\T1/ptm/m/n/10 Michael Di-etze (GFZ Pots-dam, Ger-many), Se-bas-tian Kreutzer (Ge-og-ra-phy & Earth Sci-ences, Aberys-

[2]
Overfull \hbox (6.01663pt too wide) in paragraph at lines 142--144
[]\T1/ptm/m/n/10 Michael Di-etze, GFZ Pots-dam (Ger-many), Se-bas-tian Kreutzer, Ge-og-ra-phy & Earth Sci-ences, Aberys-

[3] (/Users/kreutzer/Library/TinyTeX/texmf-dist/tex/latex/psnfss/ts1ptm.fd)
[4] (/Users/kreutzer/Library/TinyTeX/texmf-dist/tex/latex/inconsolata/ts1zi4.fd)
Overfull \hbox (6.01663pt too wide) in paragraph at lines 263--265
[]\T1/ptm/m/n/10 Michael Di-etze, GFZ Pots-dam (Ger-many), Se-bas-tian Kreutzer, Ge-og-ra-phy & Earth Sci-ences, Aberys-

[5{/Users/kreutzer/Library/TinyTeX/texmf-dist/fonts/enc/dvips/inconsolata/i4-ts1.enc}]
[6]
Overfull \hbox (6.01663pt too wide) in paragraph at lines 393--395
[]\T1/ptm/m/n/10 Michael Di-etze, GFZ Pots-dam (Ger-many), Se-bas-tian Kreutzer, Ge-og-ra-phy & Earth Sci-ences, Aberys-

[7]
Overfull \hbox (6.01663pt too wide) in paragraph at lines 462--464
[]\T1/ptm/m/n/10 Michael Di-etze, GFZ Pots-dam (Ger-many), Se-bas-tian Kreutzer, Ge-og-ra-phy & Earth Sci-ences, Aberys-

[8]
[9]
[10]
[11]
[12]
Overfull \hbox (16.99637pt too wide) in paragraph at lines 824--833
[]\T1/ptm/m/n/10 To as-sign stan-dard OSL model pa-ram-e-ters, one of the avail-able key-words of the R pack-age [][]RLumModel-

[13]
Overfull \hbox (6.01663pt too wide) in paragraph at lines 840--842
[]\T1/ptm/m/n/10 Michael Di-etze, GFZ Pots-dam (Ger-many), Se-bas-tian Kreutzer, Ge-og-ra-phy & Earth Sci-ences, Aberys-
No file Rd2.ind.

[14] (/private/var/folders/yz/3s5p1pss4352wtlzt9_bzbp00000gp/T/RtmpBDeYQy/Rd2pdf15035b6ae039/Rd2.aux)

Package rerunfilecheck Warning: File `Rd2.out' has changed.
(rerunfilecheck)                Rerun to get outlines right
(rerunfilecheck)                or use package `bookmark'.

 )
(see the transcript file for additional information)
pdfTeX warning (dest): name{Rfn.data.frame} has been referenced but does not exist, replaced by a fixed one


pdfTeX warning (dest): name{Rfn.Luminescence::RLum.Analysis} has been referenced but does not exist, replaced by a fixed one


pdfTeX warning (dest): name{Rfn.integer} has been referenced but does not exist, replaced by a fixed one


pdfTeX warning (dest): name{Rfn.logical} has been referenced but does not exist, replaced by a fixed one


pdfTeX warning (dest): name{Rfn.RLumModel.Rdash.package} has been referenced but does not exist, replaced by a fixed one


pdfTeX warning (dest): name{Rfn.list} has been referenced but does not exist, replaced by a fixed one


pdfTeX warning (dest): name{Rfn.numeric} has been referenced but does not exist, replaced by a fixed one


pdfTeX warning (dest): name{Rfn.character} has been referenced but does not exist, replaced by a fixed one

</Users/kreutzer/Library/TinyTeX/texmf-dist/fonts/type1/public/inconsolata/Inconsolata-zi4r.pfb></Users/kreutzer/Library/TinyTeX/texmf-dist/fonts/type1/public/amsfonts/cm/cmmi10.pfb></Users/kreutzer/Library/TinyTeX/texmf-dist/fonts/type1/public/amsfonts/cm/cmr10.pfb></Users/kreutzer/Library/TinyTeX/texmf-dist/fonts/type1/public/amsfonts/cm/cmr7.pfb></Users/kreutzer/Library/TinyTeX/texmf-dist/fonts/type1/public/amsfonts/cm/cmsy10.pfb></Users/kreutzer/Library/TinyTeX/texmf-dist/fonts/type1/urw/times/utmb8a.pfb></Users/kreutzer/Library/TinyTeX/texmf-dist/fonts/type1/urw/times/utmr8a.pfb></Users/kreutzer/Library/TinyTeX/texmf-dist/fonts/type1/urw/times/utmr8a.pfb></Users/kreutzer/Library/TinyTeX/texmf-dist/fonts/type1/urw/times/utmri8a.pfb>
Output written on Rd2.pdf (14 pages, 145113 bytes).
Transcript written on Rd2.log.
This is makeindex, version 2.17 [TeX Live 2024] (kpathsea + Thai support).
Scanning input file Rd2.idx....done (81 entries accepted, 0 rejected).
Sorting entries....done (539 comparisons).
Generating output file Rd2.ind....done (79 lines written, 0 warnings).
Output written in Rd2.ind.
Transcript written in Rd2.ilg.
This is pdfTeX, Version 3.141592653-2.6-1.40.26 (TeX Live 2024) (preloaded format=pdflatex)
 restricted \write18 enabled.
entering extended mode
LaTeX2e <2024-06-01> patch level 2
L3 programming layer <2024-08-30>
(./Rd2.tex
(/Users/kreutzer/Library/TinyTeX/texmf-dist/tex/latex/base/book.cls
Document Class: book 2024/02/08 v1.4n Standard LaTeX document class
(/Users/kreutzer/Library/TinyTeX/texmf-dist/tex/latex/base/bk10.clo)) (/Library/Frameworks/R.framework/Resources/share/texmf/tex/latex/Rd.sty (/Users/kreutzer/Library/TinyTeX/texmf-dist/tex/latex/base/ifthen.sty) (/Users/kreutzer/Library/TinyTeX/texmf-dist/tex/generic/iftex/iftex.sty) (/Users/kreutzer/Library/TinyTeX/texmf-dist/tex/latex/tools/longtable.sty) (/Users/kreutzer/Library/TinyTeX/texmf-dist/tex/latex/tools/bm.sty) (/Users/kreutzer/Library/TinyTeX/texmf-dist/tex/latex/base/alltt.sty) (/Users/kreutzer/Library/TinyTeX/texmf-dist/tex/latex/tools/verbatim.sty) (/Users/kreutzer/Library/TinyTeX/texmf-dist/tex/latex/url/url.sty) (/Users/kreutzer/Library/TinyTeX/texmf-dist/tex/latex/base/textcomp.sty) (/Users/kreutzer/Library/TinyTeX/texmf-dist/tex/latex/amsmath/amsmath.sty
For additional information on amsmath, use the `?' option.
(/Users/kreutzer/Library/TinyTeX/texmf-dist/tex/latex/amsmath/amstext.sty (/Users/kreutzer/Library/TinyTeX/texmf-dist/tex/latex/amsmath/amsgen.sty)) (/Users/kreutzer/Library/TinyTeX/texmf-dist/tex/latex/amsmath/amsbsy.sty) (/Users/kreutzer/Library/TinyTeX/texmf-dist/tex/latex/amsmath/amsopn.sty)) (/Users/kreutzer/Library/TinyTeX/texmf-dist/tex/latex/amsfonts/amsfonts.sty) (/Users/kreutzer/Library/TinyTeX/texmf-dist/tex/latex/amsfonts/amssymb.sty) (/Users/kreutzer/Library/TinyTeX/texmf-dist/tex/latex/amsfonts/eucal.sty) (/Users/kreutzer/Library/TinyTeX/texmf-dist/tex/latex/base/fontenc.sty) (/Users/kreutzer/Library/TinyTeX/texmf-dist/tex/latex/psnfss/times.sty) (/Users/kreutzer/Library/TinyTeX/texmf-dist/tex/latex/inconsolata/zi4.sty `inconsolata-zi4' v1.12, 2019/05/17 Text macros for Inconsolata (msharpe) (/Users/kreutzer/Library/TinyTeX/texmf-dist/tex/latex/xkeyval/xkeyval.sty (/Users/kreutzer/Library/TinyTeX/texmf-dist/tex/generic/xkeyval/xkeyval.tex (/Users/kreutzer/Library/TinyTeX/texmf-dist/tex/generic/xkeyval/xkvutils.tex (/Users/kreutzer/Library/TinyTeX/texmf-dist/tex/generic/xkeyval/keyval.tex))))) (/Users/kreutzer/Library/TinyTeX/texmf-dist/tex/latex/graphics/color.sty (/Users/kreutzer/Library/TinyTeX/texmf-dist/tex/latex/graphics-cfg/color.cfg) (/Users/kreutzer/Library/TinyTeX/texmf-dist/tex/latex/graphics-def/pdftex.def) (/Users/kreutzer/Library/TinyTeX/texmf-dist/tex/latex/graphics/mathcolor.ltx)) (/Users/kreutzer/Library/TinyTeX/texmf-dist/tex/latex/hyperref/hyperref.sty (/Users/kreutzer/Library/TinyTeX/texmf-dist/tex/latex/kvsetkeys/kvsetkeys.sty) (/Users/kreutzer/Library/TinyTeX/texmf-dist/tex/generic/kvdefinekeys/kvdefinekeys.sty) (/Users/kreutzer/Library/TinyTeX/texmf-dist/tex/generic/pdfescape/pdfescape.sty (/Users/kreutzer/Library/TinyTeX/texmf-dist/tex/generic/ltxcmds/ltxcmds.sty) (/Users/kreutzer/Library/TinyTeX/texmf-dist/tex/generic/pdftexcmds/pdftexcmds.sty (/Users/kreutzer/Library/TinyTeX/texmf-dist/tex/generic/infwarerr/infwarerr.sty))) (/Users/kreutzer/Library/TinyTeX/texmf-dist/tex/latex/hycolor/hycolor.sty) (/Users/kreutzer/Library/TinyTeX/texmf-dist/tex/latex/hyperref/nameref.sty (/Users/kreutzer/Library/TinyTeX/texmf-dist/tex/latex/refcount/refcount.sty) (/Users/kreutzer/Library/TinyTeX/texmf-dist/tex/generic/gettitlestring/gettitlestring.sty (/Users/kreutzer/Library/TinyTeX/texmf-dist/tex/latex/kvoptions/kvoptions.sty))) (/Users/kreutzer/Library/TinyTeX/texmf-dist/tex/latex/etoolbox/etoolbox.sty) (/Users/kreutzer/Library/TinyTeX/texmf-dist/tex/generic/stringenc/stringenc.sty) (/Users/kreutzer/Library/TinyTeX/texmf-dist/tex/latex/hyperref/pd1enc.def) (/Users/kreutzer/Library/TinyTeX/texmf-dist/tex/generic/intcalc/intcalc.sty) (/Users/kreutzer/Library/TinyTeX/texmf-dist/tex/latex/hyperref/puenc.def) (/Users/kreutzer/Library/TinyTeX/texmf-dist/tex/generic/bitset/bitset.sty (/Users/kreutzer/Library/TinyTeX/texmf-dist/tex/generic/bigintcalc/bigintcalc.sty)) (/Users/kreutzer/Library/TinyTeX/texmf-dist/tex/latex/base/atbegshi-ltx.sty)) (/Users/kreutzer/Library/TinyTeX/texmf-dist/tex/latex/hyperref/hpdftex.def (/Users/kreutzer/Library/TinyTeX/texmf-dist/tex/latex/base/atveryend-ltx.sty) (/Users/kreutzer/Library/TinyTeX/texmf-dist/tex/latex/rerunfilecheck/rerunfilecheck.sty (/Users/kreutzer/Library/TinyTeX/texmf-dist/tex/generic/uniquecounter/uniquecounter.sty)))) (/Users/kreutzer/Library/TinyTeX/texmf-dist/tex/latex/base/makeidx.sty)
Writing index file Rd2.idx
(/Users/kreutzer/Library/TinyTeX/texmf-dist/tex/latex/psnfss/t1ptm.fd) (/Users/kreutzer/Library/TinyTeX/texmf-dist/tex/latex/l3backend/l3backend-pdftex.def) (/private/var/folders/yz/3s5p1pss4352wtlzt9_bzbp00000gp/T/RtmpBDeYQy/Rd2pdf15035b6ae039/Rd2.aux) (/private/var/folders/yz/3s5p1pss4352wtlzt9_bzbp00000gp/T/RtmpBDeYQy/Rd2pdf15035b6ae039/Rd2.out) (/private/var/folders/yz/3s5p1pss4352wtlzt9_bzbp00000gp/T/RtmpBDeYQy/Rd2pdf15035b6ae039/Rd2.out) (/Users/kreutzer/Library/TinyTeX/texmf-dist/tex/latex/inconsolata/t1zi4.fd) (/Users/kreutzer/Library/TinyTeX/texmf-dist/tex/latex/amsfonts/umsa.fd) (/Users/kreutzer/Library/TinyTeX/texmf-dist/tex/latex/amsfonts/umsb.fd) (/private/var/folders/yz/3s5p1pss4352wtlzt9_bzbp00000gp/T/RtmpBDeYQy/Rd2pdf15035b6ae039/Rd2.toc
[1{/Users/kreutzer/Library/TinyTeX/texmf-var/fonts/map/pdftex/updmap/pdftex.map}{/Users/kreutzer/Library/TinyTeX/texmf-dist/fonts/enc/dvips/base/8r.enc}{/Users/kreutzer/Library/TinyTeX/texmf-dist/fonts/enc/dvips/inconsolata/i4-t1-0.enc}])
Underfull \hbox (badness 10000) in paragraph at lines 44--44


Overfull \hbox (7.12651pt too wide) in paragraph at lines 56--58
[]\T1/ptm/m/n/10 Michael Di-etze (GFZ Pots-dam, Ger-many), Se-bas-tian Kreutzer (Ge-og-ra-phy & Earth Sci-ences, Aberys-

[2]
Overfull \hbox (6.01663pt too wide) in paragraph at lines 142--144
[]\T1/ptm/m/n/10 Michael Di-etze, GFZ Pots-dam (Ger-many), Se-bas-tian Kreutzer, Ge-og-ra-phy & Earth Sci-ences, Aberys-

[3] (/Users/kreutzer/Library/TinyTeX/texmf-dist/tex/latex/psnfss/ts1ptm.fd)
[4] (/Users/kreutzer/Library/TinyTeX/texmf-dist/tex/latex/inconsolata/ts1zi4.fd)
Overfull \hbox (6.01663pt too wide) in paragraph at lines 263--265
[]\T1/ptm/m/n/10 Michael Di-etze, GFZ Pots-dam (Ger-many), Se-bas-tian Kreutzer, Ge-og-ra-phy & Earth Sci-ences, Aberys-

[5{/Users/kreutzer/Library/TinyTeX/texmf-dist/fonts/enc/dvips/inconsolata/i4-ts1.enc}]
[6]
Overfull \hbox (6.01663pt too wide) in paragraph at lines 393--395
[]\T1/ptm/m/n/10 Michael Di-etze, GFZ Pots-dam (Ger-many), Se-bas-tian Kreutzer, Ge-og-ra-phy & Earth Sci-ences, Aberys-

[7]
Overfull \hbox (6.01663pt too wide) in paragraph at lines 462--464
[]\T1/ptm/m/n/10 Michael Di-etze, GFZ Pots-dam (Ger-many), Se-bas-tian Kreutzer, Ge-og-ra-phy & Earth Sci-ences, Aberys-

[8]
[9]
[10]
[11]
[12]
Overfull \hbox (16.99637pt too wide) in paragraph at lines 824--833
[]\T1/ptm/m/n/10 To as-sign stan-dard OSL model pa-ram-e-ters, one of the avail-able key-words of the R pack-age [][]RLumModel-

[13]
Overfull \hbox (6.01663pt too wide) in paragraph at lines 840--842
[]\T1/ptm/m/n/10 Michael Di-etze, GFZ Pots-dam (Ger-many), Se-bas-tian Kreutzer, Ge-og-ra-phy & Earth Sci-ences, Aberys-
(/private/var/folders/yz/3s5p1pss4352wtlzt9_bzbp00000gp/T/RtmpBDeYQy/Rd2pdf15035b6ae039/Rd2.ind
[14]

LaTeX Font Warning: Font shape `T1/zi4/m/it' undefined
(Font)              using `T1/zi4/m/n' instead on input line 72.



[15]) (/private/var/folders/yz/3s5p1pss4352wtlzt9_bzbp00000gp/T/RtmpBDeYQy/Rd2pdf15035b6ae039/Rd2.aux)

LaTeX Font Warning: Some font shapes were not available, defaults substituted.


Package rerunfilecheck Warning: File `Rd2.out' has changed.
(rerunfilecheck)                Rerun to get outlines right
(rerunfilecheck)                or use package `bookmark'.

 )
(see the transcript file for additional information)
pdfTeX warning (dest): name{Rfn.data.frame} has been referenced but does not exist, replaced by a fixed one


pdfTeX warning (dest): name{Rfn.Luminescence::RLum.Analysis} has been referenced but does not exist, replaced by a fixed one


pdfTeX warning (dest): name{Rfn.integer} has been referenced but does not exist, replaced by a fixed one


pdfTeX warning (dest): name{Rfn.logical} has been referenced but does not exist, replaced by a fixed one


pdfTeX warning (dest): name{Rfn.RLumModel.Rdash.package} has been referenced but does not exist, replaced by a fixed one


pdfTeX warning (dest): name{Rfn.list} has been referenced but does not exist, replaced by a fixed one


pdfTeX warning (dest): name{Rfn.numeric} has been referenced but does not exist, replaced by a fixed one


pdfTeX warning (dest): name{Rfn.character} has been referenced but does not exist, replaced by a fixed one

</Users/kreutzer/Library/TinyTeX/texmf-dist/fonts/type1/public/inconsolata/Inconsolata-zi4r.pfb></Users/kreutzer/Library/TinyTeX/texmf-dist/fonts/type1/public/amsfonts/cm/cmmi10.pfb></Users/kreutzer/Library/TinyTeX/texmf-dist/fonts/type1/public/amsfonts/cm/cmr10.pfb></Users/kreutzer/Library/TinyTeX/texmf-dist/fonts/type1/public/amsfonts/cm/cmr7.pfb></Users/kreutzer/Library/TinyTeX/texmf-dist/fonts/type1/public/amsfonts/cm/cmsy10.pfb></Users/kreutzer/Library/TinyTeX/texmf-dist/fonts/type1/urw/times/utmb8a.pfb></Users/kreutzer/Library/TinyTeX/texmf-dist/fonts/type1/urw/times/utmr8a.pfb></Users/kreutzer/Library/TinyTeX/texmf-dist/fonts/type1/urw/times/utmr8a.pfb></Users/kreutzer/Library/TinyTeX/texmf-dist/fonts/type1/urw/times/utmri8a.pfb>
Output written on Rd2.pdf (15 pages, 151521 bytes).
Transcript written on Rd2.log.
This is makeindex, version 2.17 [TeX Live 2024] (kpathsea + Thai support).
Scanning input file Rd2.idx....done (81 entries accepted, 0 rejected).
Sorting entries....done (539 comparisons).
Generating output file Rd2.ind....done (79 lines written, 0 warnings).
Output written in Rd2.ind.
Transcript written in Rd2.ilg.
This is pdfTeX, Version 3.141592653-2.6-1.40.26 (TeX Live 2024) (preloaded format=pdflatex)
 restricted \write18 enabled.
entering extended mode
LaTeX2e <2024-06-01> patch level 2
L3 programming layer <2024-08-30>
(./Rd2.tex
(/Users/kreutzer/Library/TinyTeX/texmf-dist/tex/latex/base/book.cls
Document Class: book 2024/02/08 v1.4n Standard LaTeX document class
(/Users/kreutzer/Library/TinyTeX/texmf-dist/tex/latex/base/bk10.clo)) (/Library/Frameworks/R.framework/Resources/share/texmf/tex/latex/Rd.sty (/Users/kreutzer/Library/TinyTeX/texmf-dist/tex/latex/base/ifthen.sty) (/Users/kreutzer/Library/TinyTeX/texmf-dist/tex/generic/iftex/iftex.sty) (/Users/kreutzer/Library/TinyTeX/texmf-dist/tex/latex/tools/longtable.sty) (/Users/kreutzer/Library/TinyTeX/texmf-dist/tex/latex/tools/bm.sty) (/Users/kreutzer/Library/TinyTeX/texmf-dist/tex/latex/base/alltt.sty) (/Users/kreutzer/Library/TinyTeX/texmf-dist/tex/latex/tools/verbatim.sty) (/Users/kreutzer/Library/TinyTeX/texmf-dist/tex/latex/url/url.sty) (/Users/kreutzer/Library/TinyTeX/texmf-dist/tex/latex/base/textcomp.sty) (/Users/kreutzer/Library/TinyTeX/texmf-dist/tex/latex/amsmath/amsmath.sty
For additional information on amsmath, use the `?' option.
(/Users/kreutzer/Library/TinyTeX/texmf-dist/tex/latex/amsmath/amstext.sty (/Users/kreutzer/Library/TinyTeX/texmf-dist/tex/latex/amsmath/amsgen.sty)) (/Users/kreutzer/Library/TinyTeX/texmf-dist/tex/latex/amsmath/amsbsy.sty) (/Users/kreutzer/Library/TinyTeX/texmf-dist/tex/latex/amsmath/amsopn.sty)) (/Users/kreutzer/Library/TinyTeX/texmf-dist/tex/latex/amsfonts/amsfonts.sty) (/Users/kreutzer/Library/TinyTeX/texmf-dist/tex/latex/amsfonts/amssymb.sty) (/Users/kreutzer/Library/TinyTeX/texmf-dist/tex/latex/amsfonts/eucal.sty) (/Users/kreutzer/Library/TinyTeX/texmf-dist/tex/latex/base/fontenc.sty) (/Users/kreutzer/Library/TinyTeX/texmf-dist/tex/latex/psnfss/times.sty) (/Users/kreutzer/Library/TinyTeX/texmf-dist/tex/latex/inconsolata/zi4.sty `inconsolata-zi4' v1.12, 2019/05/17 Text macros for Inconsolata (msharpe) (/Users/kreutzer/Library/TinyTeX/texmf-dist/tex/latex/xkeyval/xkeyval.sty (/Users/kreutzer/Library/TinyTeX/texmf-dist/tex/generic/xkeyval/xkeyval.tex (/Users/kreutzer/Library/TinyTeX/texmf-dist/tex/generic/xkeyval/xkvutils.tex (/Users/kreutzer/Library/TinyTeX/texmf-dist/tex/generic/xkeyval/keyval.tex))))) (/Users/kreutzer/Library/TinyTeX/texmf-dist/tex/latex/graphics/color.sty (/Users/kreutzer/Library/TinyTeX/texmf-dist/tex/latex/graphics-cfg/color.cfg) (/Users/kreutzer/Library/TinyTeX/texmf-dist/tex/latex/graphics-def/pdftex.def) (/Users/kreutzer/Library/TinyTeX/texmf-dist/tex/latex/graphics/mathcolor.ltx)) (/Users/kreutzer/Library/TinyTeX/texmf-dist/tex/latex/hyperref/hyperref.sty (/Users/kreutzer/Library/TinyTeX/texmf-dist/tex/latex/kvsetkeys/kvsetkeys.sty) (/Users/kreutzer/Library/TinyTeX/texmf-dist/tex/generic/kvdefinekeys/kvdefinekeys.sty) (/Users/kreutzer/Library/TinyTeX/texmf-dist/tex/generic/pdfescape/pdfescape.sty (/Users/kreutzer/Library/TinyTeX/texmf-dist/tex/generic/ltxcmds/ltxcmds.sty) (/Users/kreutzer/Library/TinyTeX/texmf-dist/tex/generic/pdftexcmds/pdftexcmds.sty (/Users/kreutzer/Library/TinyTeX/texmf-dist/tex/generic/infwarerr/infwarerr.sty))) (/Users/kreutzer/Library/TinyTeX/texmf-dist/tex/latex/hycolor/hycolor.sty) (/Users/kreutzer/Library/TinyTeX/texmf-dist/tex/latex/hyperref/nameref.sty (/Users/kreutzer/Library/TinyTeX/texmf-dist/tex/latex/refcount/refcount.sty) (/Users/kreutzer/Library/TinyTeX/texmf-dist/tex/generic/gettitlestring/gettitlestring.sty (/Users/kreutzer/Library/TinyTeX/texmf-dist/tex/latex/kvoptions/kvoptions.sty))) (/Users/kreutzer/Library/TinyTeX/texmf-dist/tex/latex/etoolbox/etoolbox.sty) (/Users/kreutzer/Library/TinyTeX/texmf-dist/tex/generic/stringenc/stringenc.sty) (/Users/kreutzer/Library/TinyTeX/texmf-dist/tex/latex/hyperref/pd1enc.def) (/Users/kreutzer/Library/TinyTeX/texmf-dist/tex/generic/intcalc/intcalc.sty) (/Users/kreutzer/Library/TinyTeX/texmf-dist/tex/latex/hyperref/puenc.def) (/Users/kreutzer/Library/TinyTeX/texmf-dist/tex/generic/bitset/bitset.sty (/Users/kreutzer/Library/TinyTeX/texmf-dist/tex/generic/bigintcalc/bigintcalc.sty)) (/Users/kreutzer/Library/TinyTeX/texmf-dist/tex/latex/base/atbegshi-ltx.sty)) (/Users/kreutzer/Library/TinyTeX/texmf-dist/tex/latex/hyperref/hpdftex.def (/Users/kreutzer/Library/TinyTeX/texmf-dist/tex/latex/base/atveryend-ltx.sty) (/Users/kreutzer/Library/TinyTeX/texmf-dist/tex/latex/rerunfilecheck/rerunfilecheck.sty (/Users/kreutzer/Library/TinyTeX/texmf-dist/tex/generic/uniquecounter/uniquecounter.sty)))) (/Users/kreutzer/Library/TinyTeX/texmf-dist/tex/latex/base/makeidx.sty)
Writing index file Rd2.idx
(/Users/kreutzer/Library/TinyTeX/texmf-dist/tex/latex/psnfss/t1ptm.fd) (/Users/kreutzer/Library/TinyTeX/texmf-dist/tex/latex/l3backend/l3backend-pdftex.def) (/private/var/folders/yz/3s5p1pss4352wtlzt9_bzbp00000gp/T/RtmpBDeYQy/Rd2pdf15035b6ae039/Rd2.aux) (/private/var/folders/yz/3s5p1pss4352wtlzt9_bzbp00000gp/T/RtmpBDeYQy/Rd2pdf15035b6ae039/Rd2.out) (/private/var/folders/yz/3s5p1pss4352wtlzt9_bzbp00000gp/T/RtmpBDeYQy/Rd2pdf15035b6ae039/Rd2.out) (/Users/kreutzer/Library/TinyTeX/texmf-dist/tex/latex/inconsolata/t1zi4.fd) (/Users/kreutzer/Library/TinyTeX/texmf-dist/tex/latex/amsfonts/umsa.fd) (/Users/kreutzer/Library/TinyTeX/texmf-dist/tex/latex/amsfonts/umsb.fd) (/private/var/folders/yz/3s5p1pss4352wtlzt9_bzbp00000gp/T/RtmpBDeYQy/Rd2pdf15035b6ae039/Rd2.toc
[1{/Users/kreutzer/Library/TinyTeX/texmf-var/fonts/map/pdftex/updmap/pdftex.map}{/Users/kreutzer/Library/TinyTeX/texmf-dist/fonts/enc/dvips/base/8r.enc}{/Users/kreutzer/Library/TinyTeX/texmf-dist/fonts/enc/dvips/inconsolata/i4-t1-0.enc}])
Underfull \hbox (badness 10000) in paragraph at lines 44--44


Overfull \hbox (7.12651pt too wide) in paragraph at lines 56--58
[]\T1/ptm/m/n/10 Michael Di-etze (GFZ Pots-dam, Ger-many), Se-bas-tian Kreutzer (Ge-og-ra-phy & Earth Sci-ences, Aberys-

[2]
Overfull \hbox (6.01663pt too wide) in paragraph at lines 142--144
[]\T1/ptm/m/n/10 Michael Di-etze, GFZ Pots-dam (Ger-many), Se-bas-tian Kreutzer, Ge-og-ra-phy & Earth Sci-ences, Aberys-

[3] (/Users/kreutzer/Library/TinyTeX/texmf-dist/tex/latex/psnfss/ts1ptm.fd)
[4] (/Users/kreutzer/Library/TinyTeX/texmf-dist/tex/latex/inconsolata/ts1zi4.fd)
Overfull \hbox (6.01663pt too wide) in paragraph at lines 263--265
[]\T1/ptm/m/n/10 Michael Di-etze, GFZ Pots-dam (Ger-many), Se-bas-tian Kreutzer, Ge-og-ra-phy & Earth Sci-ences, Aberys-

[5{/Users/kreutzer/Library/TinyTeX/texmf-dist/fonts/enc/dvips/inconsolata/i4-ts1.enc}]
[6]
Overfull \hbox (6.01663pt too wide) in paragraph at lines 393--395
[]\T1/ptm/m/n/10 Michael Di-etze, GFZ Pots-dam (Ger-many), Se-bas-tian Kreutzer, Ge-og-ra-phy & Earth Sci-ences, Aberys-

[7]
Overfull \hbox (6.01663pt too wide) in paragraph at lines 462--464
[]\T1/ptm/m/n/10 Michael Di-etze, GFZ Pots-dam (Ger-many), Se-bas-tian Kreutzer, Ge-og-ra-phy & Earth Sci-ences, Aberys-

[8]
[9]
[10]
[11]
[12]
Overfull \hbox (16.99637pt too wide) in paragraph at lines 824--833
[]\T1/ptm/m/n/10 To as-sign stan-dard OSL model pa-ram-e-ters, one of the avail-able key-words of the R pack-age [][]RLumModel-

[13]
Overfull \hbox (6.01663pt too wide) in paragraph at lines 840--842
[]\T1/ptm/m/n/10 Michael Di-etze, GFZ Pots-dam (Ger-many), Se-bas-tian Kreutzer, Ge-og-ra-phy & Earth Sci-ences, Aberys-
(/private/var/folders/yz/3s5p1pss4352wtlzt9_bzbp00000gp/T/RtmpBDeYQy/Rd2pdf15035b6ae039/Rd2.ind
[14]

LaTeX Font Warning: Font shape `T1/zi4/m/it' undefined
(Font)              using `T1/zi4/m/n' instead on input line 72.



[15]) (/private/var/folders/yz/3s5p1pss4352wtlzt9_bzbp00000gp/T/RtmpBDeYQy/Rd2pdf15035b6ae039/Rd2.aux)

LaTeX Font Warning: Some font shapes were not available, defaults substituted.

 )
(see the transcript file for additional information)
pdfTeX warning (dest): name{Rfn.data.frame} has been referenced but does not exist, replaced by a fixed one


pdfTeX warning (dest): name{Rfn.Luminescence::RLum.Analysis} has been referenced but does not exist, replaced by a fixed one


pdfTeX warning (dest): name{Rfn.integer} has been referenced but does not exist, replaced by a fixed one


pdfTeX warning (dest): name{Rfn.logical} has been referenced but does not exist, replaced by a fixed one


pdfTeX warning (dest): name{Rfn.RLumModel.Rdash.package} has been referenced but does not exist, replaced by a fixed one


pdfTeX warning (dest): name{Rfn.list} has been referenced but does not exist, replaced by a fixed one


pdfTeX warning (dest): name{Rfn.numeric} has been referenced but does not exist, replaced by a fixed one


pdfTeX warning (dest): name{Rfn.character} has been referenced but does not exist, replaced by a fixed one

</Users/kreutzer/Library/TinyTeX/texmf-dist/fonts/type1/public/inconsolata/Inconsolata-zi4r.pfb></Users/kreutzer/Library/TinyTeX/texmf-dist/fonts/type1/public/amsfonts/cm/cmmi10.pfb></Users/kreutzer/Library/TinyTeX/texmf-dist/fonts/type1/public/amsfonts/cm/cmr10.pfb></Users/kreutzer/Library/TinyTeX/texmf-dist/fonts/type1/public/amsfonts/cm/cmr7.pfb></Users/kreutzer/Library/TinyTeX/texmf-dist/fonts/type1/public/amsfonts/cm/cmsy10.pfb></Users/kreutzer/Library/TinyTeX/texmf-dist/fonts/type1/urw/times/utmb8a.pfb></Users/kreutzer/Library/TinyTeX/texmf-dist/fonts/type1/urw/times/utmr8a.pfb></Users/kreutzer/Library/TinyTeX/texmf-dist/fonts/type1/urw/times/utmr8a.pfb></Users/kreutzer/Library/TinyTeX/texmf-dist/fonts/type1/urw/times/utmri8a.pfb>
Output written on Rd2.pdf (15 pages, 151893 bytes).
Transcript written on Rd2.log.
Saving output to ‘sandbox-manual.pdf’ ...
Done
You may want to clean up by 'rm -Rf /var/folders/yz/3s5p1pss4352wtlzt9_bzbp00000gp/T//RtmpBDeYQy/Rd2pdf15035b6ae039'
