Hmm ... looks like a package
Converting parsed Rd's to LaTeX 
Creating pdf output from LaTeX ...

This is pdfTeX, Version 3.141592653-2.6-1.40.25 (TeX Live 2023) (preloaded format=pdflatex)
 restricted \write18 enabled.
entering extended mode
LaTeX2e <2022-11-01> patch level 1
L3 programming layer <2023-06-30> (./Rd2.tex
(/usr/local/texlive/2023/texmf-dist/tex/latex/base/book.cls
Document Class: book 2022/07/02 v1.4n Standard LaTeX document class
(/usr/local/texlive/2023/texmf-dist/tex/latex/base/bk10.clo))
(/Library/Frameworks/R.framework/Resources/share/texmf/tex/latex/Rd.sty
(/usr/local/texlive/2023/texmf-dist/tex/latex/base/ifthen.sty)
(/usr/local/texlive/2023/texmf-dist/tex/latex/tools/longtable.sty)
(/usr/local/texlive/2023/texmf-dist/tex/latex/tools/bm.sty)
(/usr/local/texlive/2023/texmf-dist/tex/latex/base/alltt.sty)
(/usr/local/texlive/2023/texmf-dist/tex/latex/tools/verbatim.sty)
(/usr/local/texlive/2023/texmf-dist/tex/latex/url/url.sty)
(/usr/local/texlive/2023/texmf-dist/tex/latex/base/textcomp.sty)
(/usr/local/texlive/2023/texmf-dist/tex/latex/amsmath/amsmath.sty
For additional information on amsmath, use the `?' option.
(/usr/local/texlive/2023/texmf-dist/tex/latex/amsmath/amstext.sty
(/usr/local/texlive/2023/texmf-dist/tex/latex/amsmath/amsgen.sty))
(/usr/local/texlive/2023/texmf-dist/tex/latex/amsmath/amsbsy.sty)
(/usr/local/texlive/2023/texmf-dist/tex/latex/amsmath/amsopn.sty))
(/usr/local/texlive/2023/texmf-dist/tex/latex/amsfonts/amsfonts.sty)
(/usr/local/texlive/2023/texmf-dist/tex/latex/amsfonts/amssymb.sty)
(/usr/local/texlive/2023/texmf-dist/tex/latex/jknapltx/mathrsfs.sty)
(/usr/local/texlive/2023/texmf-dist/tex/generic/iftex/iftex.sty)
(/usr/local/texlive/2023/texmf-dist/tex/latex/base/fontenc.sty)
(/usr/local/texlive/2023/texmf-dist/tex/latex/psnfss/times.sty)
(/usr/local/texlive/2023/texmf-dist/tex/latex/inconsolata/zi4.sty
`inconsolata-zi4' v1.12, 2019/05/17 Text macros for Inconsolata (msharpe)
(/usr/local/texlive/2023/texmf-dist/tex/latex/xkeyval/xkeyval.sty
(/usr/local/texlive/2023/texmf-dist/tex/generic/xkeyval/xkeyval.tex
(/usr/local/texlive/2023/texmf-dist/tex/generic/xkeyval/xkvutils.tex
(/usr/local/texlive/2023/texmf-dist/tex/generic/xkeyval/keyval.tex)))))
(/usr/local/texlive/2023/texmf-dist/tex/latex/graphics/color.sty
(/usr/local/texlive/2023/texmf-dist/tex/latex/graphics-cfg/color.cfg)
(/usr/local/texlive/2023/texmf-dist/tex/latex/graphics-def/pdftex.def)
(/usr/local/texlive/2023/texmf-dist/tex/latex/graphics/mathcolor.ltx))
(/usr/local/texlive/2023/texmf-dist/tex/latex/hyperref/hyperref.sty
(/usr/local/texlive/2023/texmf-dist/tex/generic/ltxcmds/ltxcmds.sty)
(/usr/local/texlive/2023/texmf-dist/tex/generic/pdftexcmds/pdftexcmds.sty
(/usr/local/texlive/2023/texmf-dist/tex/generic/infwarerr/infwarerr.sty))
(/usr/local/texlive/2023/texmf-dist/tex/latex/kvsetkeys/kvsetkeys.sty)
(/usr/local/texlive/2023/texmf-dist/tex/generic/kvdefinekeys/kvdefinekeys.sty)
(/usr/local/texlive/2023/texmf-dist/tex/generic/pdfescape/pdfescape.sty)
(/usr/local/texlive/2023/texmf-dist/tex/latex/hycolor/hycolor.sty)
(/usr/local/texlive/2023/texmf-dist/tex/latex/letltxmacro/letltxmacro.sty)
(/usr/local/texlive/2023/texmf-dist/tex/latex/auxhook/auxhook.sty)
(/usr/local/texlive/2023/texmf-dist/tex/latex/hyperref/nameref.sty
(/usr/local/texlive/2023/texmf-dist/tex/latex/refcount/refcount.sty)
(/usr/local/texlive/2023/texmf-dist/tex/generic/gettitlestring/gettitlestring.s
ty (/usr/local/texlive/2023/texmf-dist/tex/latex/kvoptions/kvoptions.sty)))
(/usr/local/texlive/2023/texmf-dist/tex/latex/etoolbox/etoolbox.sty)
(/usr/local/texlive/2023/texmf-dist/tex/latex/hyperref/pd1enc.def)
(/usr/local/texlive/2023/texmf-dist/tex/generic/intcalc/intcalc.sty)
(/usr/local/texlive/2023/texmf-dist/tex/latex/hyperref/puenc.def)
(/usr/local/texlive/2023/texmf-dist/tex/generic/bitset/bitset.sty
(/usr/local/texlive/2023/texmf-dist/tex/generic/bigintcalc/bigintcalc.sty))
(/usr/local/texlive/2023/texmf-dist/tex/latex/base/atbegshi-ltx.sty))
(/usr/local/texlive/2023/texmf-dist/tex/latex/hyperref/hpdftex.def
(/usr/local/texlive/2023/texmf-dist/tex/latex/base/atveryend-ltx.sty)
(/usr/local/texlive/2023/texmf-dist/tex/latex/rerunfilecheck/rerunfilecheck.sty

(/usr/local/texlive/2023/texmf-dist/tex/generic/uniquecounter/uniquecounter.sty
)))) (/usr/local/texlive/2023/texmf-dist/tex/latex/base/makeidx.sty)
(/usr/local/texlive/2023/texmf-dist/tex/latex/base/inputenc.sty)
Writing index file Rd2.idx
(/usr/local/texlive/2023/texmf-dist/tex/latex/psnfss/t1ptm.fd)
(/usr/local/texlive/2023/texmf-dist/tex/latex/l3backend/l3backend-pdftex.def)
No file Rd2.aux.
(/usr/local/texlive/2023/texmf-dist/tex/context/base/mkii/supp-pdf.mkii
[Loading MPS to PDF converter (version 2006.09.02).]
) (/usr/local/texlive/2023/texmf-dist/tex/latex/inconsolata/t1zi4.fd)
(/usr/local/texlive/2023/texmf-dist/tex/latex/amsfonts/umsa.fd)
(/usr/local/texlive/2023/texmf-dist/tex/latex/amsfonts/umsb.fd)
(/usr/local/texlive/2023/texmf-dist/tex/latex/jknapltx/ursfs.fd)
(/usr/local/texlive/2023/texmf-dist/tex/latex/psnfss/t1phv.fd)
No file Rd2.toc.
[1{/usr/local/texlive/2023/texmf-var/fonts/map/pdftex/updmap/pdftex.map}{/usr/l
ocal/texlive/2023/texmf-dist/fonts/enc/dvips/base/8r.enc}{/usr/local/texlive/20
23/texmf-dist/fonts/enc/dvips/inconsolata/i4-t1-0.enc}]
(/usr/local/texlive/2023/texmf-dist/tex/latex/psnfss/ts1ptm.fd)
Overfull \hbox (3.4564pt too wide) in paragraph at lines 106--108
\T1/ptm/m/n/10 'Mod-elling quartz lu-mi-nes-cence sig-nal dy-nam-ics rel-e-vant
 for dat-ing and dosime-try' (SCHM 305114-

Overfull \hbox (5.21786pt too wide) in paragraph at lines 125--129
[][][]\T1/ptm/m/n/10 character[][][] (\T1/ptm/b/n/10 required\T1/ptm/m/n/10 ): 
set model to be used. Avail-able mod-els are: []\T1/zi4/m/n/10 "Bailey2001"[]\T
1/ptm/m/n/10 ,

Overfull \hbox (27.63095pt too wide) in paragraph at lines 125--129
[]\T1/zi4/m/n/10 "Bailey2002"[]\T1/ptm/m/n/10 , []\T1/zi4/m/n/10 "Bailey2004"[]
\T1/ptm/m/n/10 , []\T1/zi4/m/n/10 "Pagonis2007"[]\T1/ptm/m/n/10 , []\T1/zi4/m/n
/10 "Pagonis2008"[]\T1/ptm/m/n/10 , []\T1/zi4/m/n/10 "Friedrich2017"[]\T1/ptm/m
/n/10 ,
[2] [3] [4] [5]
Overfull \hbox (5.21786pt too wide) in paragraph at lines 292--295
[][][]\T1/ptm/m/n/10 character[][][] (\T1/ptm/b/n/10 re-quired\T1/ptm/m/n/10 ):
 set model to be used. Avail-able mod-els are: []\T1/zi4/m/n/10 "Bailey2001"[]\
T1/ptm/m/n/10 ,

Overfull \hbox (27.63095pt too wide) in paragraph at lines 292--295
[]\T1/zi4/m/n/10 "Bailey2002"[]\T1/ptm/m/n/10 , []\T1/zi4/m/n/10 "Bailey2004"[]
\T1/ptm/m/n/10 , []\T1/zi4/m/n/10 "Pagonis2007"[]\T1/ptm/m/n/10 , []\T1/zi4/m/n
/10 "Pagonis2008"[]\T1/ptm/m/n/10 , []\T1/zi4/m/n/10 "Friedrich2017"[]\T1/ptm/m
/n/10 ,

Overfull \hbox (33.40033pt too wide) in paragraph at lines 292--295
[]\T1/zi4/m/n/10 "Friedrich2018"[]\T1/ptm/m/n/10 , \T1/zi4/m/n/10 "Peng2022\T1/
ptm/m/n/10 " and for own mod-els []\T1/zi4/m/n/10 "customized" []\T1/ptm/m/n/10
 (or []\T1/zi4/m/n/10 "customised"[]\T1/ptm/m/n/10 ).

Overfull \hbox (34.77917pt too wide) in paragraph at lines 292--295
\T1/ptm/m/n/10 Note: When model = []\T1/zi4/m/n/10 "customized"[]\T1/ptm/m/n/10
 /\T1/zi4/m/n/10 "customised \T1/ptm/m/n/10 is set, the ar-gu-ment []\T1/zi4/m/
n/10 own_parameters

Overfull \hbox (113.6883pt too wide) in alignment at lines 343--343
 [] [] [] 
[6]
Underfull \hbox (badness 10000) in paragraph at lines 373--374


Overfull \hbox (14.31096pt too wide) in alignment at lines 389--389
 [] [] [] 
[7]
Overfull \hbox (16.15643pt too wide) in paragraph at lines 403--404
\T1/ptm/m/n/10 di-nary Dif-fer-en-tial Equa-tions to Un-der-stand Lu-mi-nes-cen
ce. R pack-age ver-sion 0.2.10. https://CRAN.R-
[8]
Underfull \vbox (badness 10000) has occurred while \output is active [9]
Underfull \vbox (badness 10000) has occurred while \output is active [10]
Underfull \vbox (badness 10000) has occurred while \output is active [11]
Underfull \vbox (badness 10000) has occurred while \output is active [12]
Overfull \hbox (0.74408pt too wide) in paragraph at lines 720--720
 []\T1/zi4/m/n/9 # model = "Pagonis2008" (palaeodose = 200 Gy) and simulate_sam
ple_history = FALSE (default),[] 
[13]
Overfull \hbox (45.4482pt too wide) in paragraph at lines 763--765
[]\T1/ptm/m/n/10 This func-tion re-turns a [][][]\T1/zi4/m/n/10 list[][][] []\T
1/ptm/m/n/10 with the parsed *.seq file and the re-quired steps for [][][]\T1/z
i4/m/n/10 model_LuminescenceSignals[][][][]\T1/ptm/m/n/10 . 

Overfull \hbox (158.21466pt too wide) in paragraph at lines 780--782
[]\T1/ptm/m/n/10 Riso: Se-quence Ed-i-tor User Man-ual. Avail-able at: http://w
ww.nutech.dtu.dk/english/-/media/Andre_Universitetsenheder/Nutech/Produkter 
[14] [15]
No file Rd2.ind.
[16]
(/private/var/folders/yz/3s5p1pss4352wtlzt9_bzbp00000gp/T/RtmpjvCPEm/Rd2pdfd4a2
6d1b7024/Rd2.aux)

Package rerunfilecheck Warning: File `Rd2.out' has changed.
(rerunfilecheck)                Rerun to get outlines right
(rerunfilecheck)                or use package `bookmark'.

 )
(see the transcript file for additional information)
pdfTeX warning (dest): name{Rfn.matrix} has been referenced but does not exist,
 replaced by a fixed one


pdfTeX warning (dest): name{Rfn.Luminescence::get.Rul.RLum} has been referenced
 but does not exist, replaced by a fixed one


pdfTeX warning (dest): name{Rfn.readLines} has been referenced but does not exi
st, replaced by a fixed one


pdfTeX warning (dest): name{Rfn.Luminescence::RLum} has been referenced but doe
s not exist, replaced by a fixed one


pdfTeX warning (dest): name{Rfn.plot} has been referenced but does not exist, r
eplaced by a fixed one


pdfTeX warning (dest): name{Rfn.Luminescence::RLum.Data.Curve} has been referen
ced but does not exist, replaced by a fixed one


pdfTeX warning (dest): name{Rfn.plot.default} has been referenced but does not 
exist, replaced by a fixed one


pdfTeX warning (dest): name{Rfn.Luminescence::RLum.Results} has been referenced
 but does not exist, replaced by a fixed one


pdfTeX warning (dest): name{Rfn.logical} has been referenced but does not exist
, replaced by a fixed one


pdfTeX warning (dest): name{Rfn.numeric} has been referenced but does not exist
, replaced by a fixed one


pdfTeX warning (dest): name{Rfn.Luminescence::plot.Rul.RLum.Analysis} has been 
referenced but does not exist, replaced by a fixed one


pdfTeX warning (dest): name{Rfn.Luminescence::RLum.Analysis} has been reference
d but does not exist, replaced by a fixed one


pdfTeX warning (dest): name{Rfn.list} has been referenced but does not exist, r
eplaced by a fixed one


pdfTeX warning (dest): name{Rfn.character} has been referenced but does not exi
st, replaced by a fixed one

</usr/local/texlive/2023/texmf-dist/fonts/type1/public/inconsolata/Inconsolata-
zi4r.pfb></usr/local/texlive/2023/texmf-dist/fonts/type1/urw/helvetic/uhvr8a.pf
b></usr/local/texlive/2023/texmf-dist/fonts/type1/urw/times/utmb8a.pfb></usr/lo
cal/texlive/2023/texmf-dist/fonts/type1/urw/times/utmr8a.pfb></usr/local/texliv
e/2023/texmf-dist/fonts/type1/urw/times/utmr8a.pfb></usr/local/texlive/2023/tex
mf-dist/fonts/type1/urw/times/utmri8a.pfb>
Output written on Rd2.pdf (16 pages, 122782 bytes).
Transcript written on Rd2.log.
This is makeindex, version 2.17 [TeX Live 2023] (kpathsea + Thai support).
Scanning input file Rd2.idx....done (51 entries accepted, 0 rejected).
Sorting entries....done (315 comparisons).
Generating output file Rd2.ind....done (70 lines written, 0 warnings).
Output written in Rd2.ind.
Transcript written in Rd2.ilg.
This is pdfTeX, Version 3.141592653-2.6-1.40.25 (TeX Live 2023) (preloaded format=pdflatex)
 restricted \write18 enabled.
entering extended mode
LaTeX2e <2022-11-01> patch level 1
L3 programming layer <2023-06-30> (./Rd2.tex
(/usr/local/texlive/2023/texmf-dist/tex/latex/base/book.cls
Document Class: book 2022/07/02 v1.4n Standard LaTeX document class
(/usr/local/texlive/2023/texmf-dist/tex/latex/base/bk10.clo))
(/Library/Frameworks/R.framework/Resources/share/texmf/tex/latex/Rd.sty
(/usr/local/texlive/2023/texmf-dist/tex/latex/base/ifthen.sty)
(/usr/local/texlive/2023/texmf-dist/tex/latex/tools/longtable.sty)
(/usr/local/texlive/2023/texmf-dist/tex/latex/tools/bm.sty)
(/usr/local/texlive/2023/texmf-dist/tex/latex/base/alltt.sty)
(/usr/local/texlive/2023/texmf-dist/tex/latex/tools/verbatim.sty)
(/usr/local/texlive/2023/texmf-dist/tex/latex/url/url.sty)
(/usr/local/texlive/2023/texmf-dist/tex/latex/base/textcomp.sty)
(/usr/local/texlive/2023/texmf-dist/tex/latex/amsmath/amsmath.sty
For additional information on amsmath, use the `?' option.
(/usr/local/texlive/2023/texmf-dist/tex/latex/amsmath/amstext.sty
(/usr/local/texlive/2023/texmf-dist/tex/latex/amsmath/amsgen.sty))
(/usr/local/texlive/2023/texmf-dist/tex/latex/amsmath/amsbsy.sty)
(/usr/local/texlive/2023/texmf-dist/tex/latex/amsmath/amsopn.sty))
(/usr/local/texlive/2023/texmf-dist/tex/latex/amsfonts/amsfonts.sty)
(/usr/local/texlive/2023/texmf-dist/tex/latex/amsfonts/amssymb.sty)
(/usr/local/texlive/2023/texmf-dist/tex/latex/jknapltx/mathrsfs.sty)
(/usr/local/texlive/2023/texmf-dist/tex/generic/iftex/iftex.sty)
(/usr/local/texlive/2023/texmf-dist/tex/latex/base/fontenc.sty)
(/usr/local/texlive/2023/texmf-dist/tex/latex/psnfss/times.sty)
(/usr/local/texlive/2023/texmf-dist/tex/latex/inconsolata/zi4.sty
`inconsolata-zi4' v1.12, 2019/05/17 Text macros for Inconsolata (msharpe)
(/usr/local/texlive/2023/texmf-dist/tex/latex/xkeyval/xkeyval.sty
(/usr/local/texlive/2023/texmf-dist/tex/generic/xkeyval/xkeyval.tex
(/usr/local/texlive/2023/texmf-dist/tex/generic/xkeyval/xkvutils.tex
(/usr/local/texlive/2023/texmf-dist/tex/generic/xkeyval/keyval.tex)))))
(/usr/local/texlive/2023/texmf-dist/tex/latex/graphics/color.sty
(/usr/local/texlive/2023/texmf-dist/tex/latex/graphics-cfg/color.cfg)
(/usr/local/texlive/2023/texmf-dist/tex/latex/graphics-def/pdftex.def)
(/usr/local/texlive/2023/texmf-dist/tex/latex/graphics/mathcolor.ltx))
(/usr/local/texlive/2023/texmf-dist/tex/latex/hyperref/hyperref.sty
(/usr/local/texlive/2023/texmf-dist/tex/generic/ltxcmds/ltxcmds.sty)
(/usr/local/texlive/2023/texmf-dist/tex/generic/pdftexcmds/pdftexcmds.sty
(/usr/local/texlive/2023/texmf-dist/tex/generic/infwarerr/infwarerr.sty))
(/usr/local/texlive/2023/texmf-dist/tex/latex/kvsetkeys/kvsetkeys.sty)
(/usr/local/texlive/2023/texmf-dist/tex/generic/kvdefinekeys/kvdefinekeys.sty)
(/usr/local/texlive/2023/texmf-dist/tex/generic/pdfescape/pdfescape.sty)
(/usr/local/texlive/2023/texmf-dist/tex/latex/hycolor/hycolor.sty)
(/usr/local/texlive/2023/texmf-dist/tex/latex/letltxmacro/letltxmacro.sty)
(/usr/local/texlive/2023/texmf-dist/tex/latex/auxhook/auxhook.sty)
(/usr/local/texlive/2023/texmf-dist/tex/latex/hyperref/nameref.sty
(/usr/local/texlive/2023/texmf-dist/tex/latex/refcount/refcount.sty)
(/usr/local/texlive/2023/texmf-dist/tex/generic/gettitlestring/gettitlestring.s
ty (/usr/local/texlive/2023/texmf-dist/tex/latex/kvoptions/kvoptions.sty)))
(/usr/local/texlive/2023/texmf-dist/tex/latex/etoolbox/etoolbox.sty)
(/usr/local/texlive/2023/texmf-dist/tex/latex/hyperref/pd1enc.def)
(/usr/local/texlive/2023/texmf-dist/tex/generic/intcalc/intcalc.sty)
(/usr/local/texlive/2023/texmf-dist/tex/latex/hyperref/puenc.def)
(/usr/local/texlive/2023/texmf-dist/tex/generic/bitset/bitset.sty
(/usr/local/texlive/2023/texmf-dist/tex/generic/bigintcalc/bigintcalc.sty))
(/usr/local/texlive/2023/texmf-dist/tex/latex/base/atbegshi-ltx.sty))
(/usr/local/texlive/2023/texmf-dist/tex/latex/hyperref/hpdftex.def
(/usr/local/texlive/2023/texmf-dist/tex/latex/base/atveryend-ltx.sty)
(/usr/local/texlive/2023/texmf-dist/tex/latex/rerunfilecheck/rerunfilecheck.sty

(/usr/local/texlive/2023/texmf-dist/tex/generic/uniquecounter/uniquecounter.sty
)))) (/usr/local/texlive/2023/texmf-dist/tex/latex/base/makeidx.sty)
(/usr/local/texlive/2023/texmf-dist/tex/latex/base/inputenc.sty)
Writing index file Rd2.idx
(/usr/local/texlive/2023/texmf-dist/tex/latex/psnfss/t1ptm.fd)
(/usr/local/texlive/2023/texmf-dist/tex/latex/l3backend/l3backend-pdftex.def)
(/private/var/folders/yz/3s5p1pss4352wtlzt9_bzbp00000gp/T/RtmpjvCPEm/Rd2pdfd4a2
6d1b7024/Rd2.aux)
(/usr/local/texlive/2023/texmf-dist/tex/context/base/mkii/supp-pdf.mkii
[Loading MPS to PDF converter (version 2006.09.02).]
)
(/private/var/folders/yz/3s5p1pss4352wtlzt9_bzbp00000gp/T/RtmpjvCPEm/Rd2pdfd4a2
6d1b7024/Rd2.out)
(/private/var/folders/yz/3s5p1pss4352wtlzt9_bzbp00000gp/T/RtmpjvCPEm/Rd2pdfd4a2
6d1b7024/Rd2.out)
(/usr/local/texlive/2023/texmf-dist/tex/latex/inconsolata/t1zi4.fd)
(/usr/local/texlive/2023/texmf-dist/tex/latex/amsfonts/umsa.fd)
(/usr/local/texlive/2023/texmf-dist/tex/latex/amsfonts/umsb.fd)
(/usr/local/texlive/2023/texmf-dist/tex/latex/jknapltx/ursfs.fd)
(/usr/local/texlive/2023/texmf-dist/tex/latex/psnfss/t1phv.fd)
(/private/var/folders/yz/3s5p1pss4352wtlzt9_bzbp00000gp/T/RtmpjvCPEm/Rd2pdfd4a2
6d1b7024/Rd2.toc [1{/usr/local/texlive/2023/texmf-var/fonts/map/pdftex/updmap/p
dftex.map}{/usr/local/texlive/2023/texmf-dist/fonts/enc/dvips/base/8r.enc}{/usr
/local/texlive/2023/texmf-dist/fonts/enc/dvips/inconsolata/i4-t1-0.enc}])
(/usr/local/texlive/2023/texmf-dist/tex/latex/psnfss/ts1ptm.fd)
Overfull \hbox (3.4564pt too wide) in paragraph at lines 106--108
\T1/ptm/m/n/10 'Mod-elling quartz lu-mi-nes-cence sig-nal dy-nam-ics rel-e-vant
 for dat-ing and dosime-try' (SCHM 305114-
[2]
Overfull \hbox (5.21786pt too wide) in paragraph at lines 125--129
[][][]\T1/ptm/m/n/10 character[][][] (\T1/ptm/b/n/10 required\T1/ptm/m/n/10 ): 
set model to be used. Avail-able mod-els are: []\T1/zi4/m/n/10 "Bailey2001"[]\T
1/ptm/m/n/10 ,

Overfull \hbox (27.63095pt too wide) in paragraph at lines 125--129
[]\T1/zi4/m/n/10 "Bailey2002"[]\T1/ptm/m/n/10 , []\T1/zi4/m/n/10 "Bailey2004"[]
\T1/ptm/m/n/10 , []\T1/zi4/m/n/10 "Pagonis2007"[]\T1/ptm/m/n/10 , []\T1/zi4/m/n
/10 "Pagonis2008"[]\T1/ptm/m/n/10 , []\T1/zi4/m/n/10 "Friedrich2017"[]\T1/ptm/m
/n/10 ,
[3] [4] [5]
Overfull \hbox (5.21786pt too wide) in paragraph at lines 292--295
[][][]\T1/ptm/m/n/10 character[][][] (\T1/ptm/b/n/10 re-quired\T1/ptm/m/n/10 ):
 set model to be used. Avail-able mod-els are: []\T1/zi4/m/n/10 "Bailey2001"[]\
T1/ptm/m/n/10 ,

Overfull \hbox (27.63095pt too wide) in paragraph at lines 292--295
[]\T1/zi4/m/n/10 "Bailey2002"[]\T1/ptm/m/n/10 , []\T1/zi4/m/n/10 "Bailey2004"[]
\T1/ptm/m/n/10 , []\T1/zi4/m/n/10 "Pagonis2007"[]\T1/ptm/m/n/10 , []\T1/zi4/m/n
/10 "Pagonis2008"[]\T1/ptm/m/n/10 , []\T1/zi4/m/n/10 "Friedrich2017"[]\T1/ptm/m
/n/10 ,

Overfull \hbox (33.40033pt too wide) in paragraph at lines 292--295
[]\T1/zi4/m/n/10 "Friedrich2018"[]\T1/ptm/m/n/10 , \T1/zi4/m/n/10 "Peng2022\T1/
ptm/m/n/10 " and for own mod-els []\T1/zi4/m/n/10 "customized" []\T1/ptm/m/n/10
 (or []\T1/zi4/m/n/10 "customised"[]\T1/ptm/m/n/10 ).

Overfull \hbox (34.77917pt too wide) in paragraph at lines 292--295
\T1/ptm/m/n/10 Note: When model = []\T1/zi4/m/n/10 "customized"[]\T1/ptm/m/n/10
 /\T1/zi4/m/n/10 "customised \T1/ptm/m/n/10 is set, the ar-gu-ment []\T1/zi4/m/
n/10 own_parameters

Overfull \hbox (113.6883pt too wide) in alignment at lines 343--343
 [] [] [] 
[6]
Underfull \hbox (badness 10000) in paragraph at lines 373--374


Overfull \hbox (14.31096pt too wide) in alignment at lines 389--389
 [] [] [] 
[7]
Overfull \hbox (16.15643pt too wide) in paragraph at lines 403--404
\T1/ptm/m/n/10 di-nary Dif-fer-en-tial Equa-tions to Un-der-stand Lu-mi-nes-cen
ce. R pack-age ver-sion 0.2.10. https://CRAN.R-
[8]
Underfull \vbox (badness 10000) has occurred while \output is active [9]
Underfull \vbox (badness 10000) has occurred while \output is active [10]
Underfull \vbox (badness 10000) has occurred while \output is active [11]
Underfull \vbox (badness 10000) has occurred while \output is active [12]
Overfull \hbox (0.74408pt too wide) in paragraph at lines 720--720
 []\T1/zi4/m/n/9 # model = "Pagonis2008" (palaeodose = 200 Gy) and simulate_sam
ple_history = FALSE (default),[] 
[13]
Overfull \hbox (45.4482pt too wide) in paragraph at lines 763--765
[]\T1/ptm/m/n/10 This func-tion re-turns a [][][]\T1/zi4/m/n/10 list[][][] []\T
1/ptm/m/n/10 with the parsed *.seq file and the re-quired steps for [][][]\T1/z
i4/m/n/10 model_LuminescenceSignals[][][][]\T1/ptm/m/n/10 . 

Overfull \hbox (158.21466pt too wide) in paragraph at lines 780--782
[]\T1/ptm/m/n/10 Riso: Se-quence Ed-i-tor User Man-ual. Avail-able at: http://w
ww.nutech.dtu.dk/english/-/media/Andre_Universitetsenheder/Nutech/Produkter 
[14] [15]
(/private/var/folders/yz/3s5p1pss4352wtlzt9_bzbp00000gp/T/RtmpjvCPEm/Rd2pdfd4a2
6d1b7024/Rd2.ind [16]

LaTeX Font Warning: Font shape `T1/zi4/m/it' undefined
(Font)              using `T1/zi4/m/n' instead on input line 44.

[17])
(/private/var/folders/yz/3s5p1pss4352wtlzt9_bzbp00000gp/T/RtmpjvCPEm/Rd2pdfd4a2
6d1b7024/Rd2.aux)

LaTeX Font Warning: Some font shapes were not available, defaults substituted.


Package rerunfilecheck Warning: File `Rd2.out' has changed.
(rerunfilecheck)                Rerun to get outlines right
(rerunfilecheck)                or use package `bookmark'.

 )
(see the transcript file for additional information)
pdfTeX warning (dest): name{Rfn.matrix} has been referenced but does not exist,
 replaced by a fixed one


pdfTeX warning (dest): name{Rfn.Luminescence::get.Rul.RLum} has been referenced
 but does not exist, replaced by a fixed one


pdfTeX warning (dest): name{Rfn.readLines} has been referenced but does not exi
st, replaced by a fixed one


pdfTeX warning (dest): name{Rfn.Luminescence::RLum} has been referenced but doe
s not exist, replaced by a fixed one


pdfTeX warning (dest): name{Rfn.plot} has been referenced but does not exist, r
eplaced by a fixed one


pdfTeX warning (dest): name{Rfn.Luminescence::RLum.Data.Curve} has been referen
ced but does not exist, replaced by a fixed one


pdfTeX warning (dest): name{Rfn.plot.default} has been referenced but does not 
exist, replaced by a fixed one


pdfTeX warning (dest): name{Rfn.Luminescence::RLum.Results} has been referenced
 but does not exist, replaced by a fixed one


pdfTeX warning (dest): name{Rfn.logical} has been referenced but does not exist
, replaced by a fixed one


pdfTeX warning (dest): name{Rfn.numeric} has been referenced but does not exist
, replaced by a fixed one


pdfTeX warning (dest): name{Rfn.Luminescence::plot.Rul.RLum.Analysis} has been 
referenced but does not exist, replaced by a fixed one


pdfTeX warning (dest): name{Rfn.Luminescence::RLum.Analysis} has been reference
d but does not exist, replaced by a fixed one


pdfTeX warning (dest): name{Rfn.list} has been referenced but does not exist, r
eplaced by a fixed one


pdfTeX warning (dest): name{Rfn.character} has been referenced but does not exi
st, replaced by a fixed one

</usr/local/texlive/2023/texmf-dist/fonts/type1/public/inconsolata/Inconsolata-
zi4r.pfb></usr/local/texlive/2023/texmf-dist/fonts/type1/public/amsfonts/cm/cms
y10.pfb></usr/local/texlive/2023/texmf-dist/fonts/type1/urw/helvetic/uhvr8a.pfb
></usr/local/texlive/2023/texmf-dist/fonts/type1/urw/times/utmb8a.pfb></usr/loc
al/texlive/2023/texmf-dist/fonts/type1/urw/times/utmr8a.pfb></usr/local/texlive
/2023/texmf-dist/fonts/type1/urw/times/utmr8a.pfb></usr/local/texlive/2023/texm
f-dist/fonts/type1/urw/times/utmri8a.pfb>
Output written on Rd2.pdf (17 pages, 135014 bytes).
Transcript written on Rd2.log.
This is makeindex, version 2.17 [TeX Live 2023] (kpathsea + Thai support).
Scanning input file Rd2.idx....done (51 entries accepted, 0 rejected).
Sorting entries....done (315 comparisons).
Generating output file Rd2.ind....done (70 lines written, 0 warnings).
Output written in Rd2.ind.
Transcript written in Rd2.ilg.
This is pdfTeX, Version 3.141592653-2.6-1.40.25 (TeX Live 2023) (preloaded format=pdflatex)
 restricted \write18 enabled.
entering extended mode
LaTeX2e <2022-11-01> patch level 1
L3 programming layer <2023-06-30> (./Rd2.tex
(/usr/local/texlive/2023/texmf-dist/tex/latex/base/book.cls
Document Class: book 2022/07/02 v1.4n Standard LaTeX document class
(/usr/local/texlive/2023/texmf-dist/tex/latex/base/bk10.clo))
(/Library/Frameworks/R.framework/Resources/share/texmf/tex/latex/Rd.sty
(/usr/local/texlive/2023/texmf-dist/tex/latex/base/ifthen.sty)
(/usr/local/texlive/2023/texmf-dist/tex/latex/tools/longtable.sty)
(/usr/local/texlive/2023/texmf-dist/tex/latex/tools/bm.sty)
(/usr/local/texlive/2023/texmf-dist/tex/latex/base/alltt.sty)
(/usr/local/texlive/2023/texmf-dist/tex/latex/tools/verbatim.sty)
(/usr/local/texlive/2023/texmf-dist/tex/latex/url/url.sty)
(/usr/local/texlive/2023/texmf-dist/tex/latex/base/textcomp.sty)
(/usr/local/texlive/2023/texmf-dist/tex/latex/amsmath/amsmath.sty
For additional information on amsmath, use the `?' option.
(/usr/local/texlive/2023/texmf-dist/tex/latex/amsmath/amstext.sty
(/usr/local/texlive/2023/texmf-dist/tex/latex/amsmath/amsgen.sty))
(/usr/local/texlive/2023/texmf-dist/tex/latex/amsmath/amsbsy.sty)
(/usr/local/texlive/2023/texmf-dist/tex/latex/amsmath/amsopn.sty))
(/usr/local/texlive/2023/texmf-dist/tex/latex/amsfonts/amsfonts.sty)
(/usr/local/texlive/2023/texmf-dist/tex/latex/amsfonts/amssymb.sty)
(/usr/local/texlive/2023/texmf-dist/tex/latex/jknapltx/mathrsfs.sty)
(/usr/local/texlive/2023/texmf-dist/tex/generic/iftex/iftex.sty)
(/usr/local/texlive/2023/texmf-dist/tex/latex/base/fontenc.sty)
(/usr/local/texlive/2023/texmf-dist/tex/latex/psnfss/times.sty)
(/usr/local/texlive/2023/texmf-dist/tex/latex/inconsolata/zi4.sty
`inconsolata-zi4' v1.12, 2019/05/17 Text macros for Inconsolata (msharpe)
(/usr/local/texlive/2023/texmf-dist/tex/latex/xkeyval/xkeyval.sty
(/usr/local/texlive/2023/texmf-dist/tex/generic/xkeyval/xkeyval.tex
(/usr/local/texlive/2023/texmf-dist/tex/generic/xkeyval/xkvutils.tex
(/usr/local/texlive/2023/texmf-dist/tex/generic/xkeyval/keyval.tex)))))
(/usr/local/texlive/2023/texmf-dist/tex/latex/graphics/color.sty
(/usr/local/texlive/2023/texmf-dist/tex/latex/graphics-cfg/color.cfg)
(/usr/local/texlive/2023/texmf-dist/tex/latex/graphics-def/pdftex.def)
(/usr/local/texlive/2023/texmf-dist/tex/latex/graphics/mathcolor.ltx))
(/usr/local/texlive/2023/texmf-dist/tex/latex/hyperref/hyperref.sty
(/usr/local/texlive/2023/texmf-dist/tex/generic/ltxcmds/ltxcmds.sty)
(/usr/local/texlive/2023/texmf-dist/tex/generic/pdftexcmds/pdftexcmds.sty
(/usr/local/texlive/2023/texmf-dist/tex/generic/infwarerr/infwarerr.sty))
(/usr/local/texlive/2023/texmf-dist/tex/latex/kvsetkeys/kvsetkeys.sty)
(/usr/local/texlive/2023/texmf-dist/tex/generic/kvdefinekeys/kvdefinekeys.sty)
(/usr/local/texlive/2023/texmf-dist/tex/generic/pdfescape/pdfescape.sty)
(/usr/local/texlive/2023/texmf-dist/tex/latex/hycolor/hycolor.sty)
(/usr/local/texlive/2023/texmf-dist/tex/latex/letltxmacro/letltxmacro.sty)
(/usr/local/texlive/2023/texmf-dist/tex/latex/auxhook/auxhook.sty)
(/usr/local/texlive/2023/texmf-dist/tex/latex/hyperref/nameref.sty
(/usr/local/texlive/2023/texmf-dist/tex/latex/refcount/refcount.sty)
(/usr/local/texlive/2023/texmf-dist/tex/generic/gettitlestring/gettitlestring.s
ty (/usr/local/texlive/2023/texmf-dist/tex/latex/kvoptions/kvoptions.sty)))
(/usr/local/texlive/2023/texmf-dist/tex/latex/etoolbox/etoolbox.sty)
(/usr/local/texlive/2023/texmf-dist/tex/latex/hyperref/pd1enc.def)
(/usr/local/texlive/2023/texmf-dist/tex/generic/intcalc/intcalc.sty)
(/usr/local/texlive/2023/texmf-dist/tex/latex/hyperref/puenc.def)
(/usr/local/texlive/2023/texmf-dist/tex/generic/bitset/bitset.sty
(/usr/local/texlive/2023/texmf-dist/tex/generic/bigintcalc/bigintcalc.sty))
(/usr/local/texlive/2023/texmf-dist/tex/latex/base/atbegshi-ltx.sty))
(/usr/local/texlive/2023/texmf-dist/tex/latex/hyperref/hpdftex.def
(/usr/local/texlive/2023/texmf-dist/tex/latex/base/atveryend-ltx.sty)
(/usr/local/texlive/2023/texmf-dist/tex/latex/rerunfilecheck/rerunfilecheck.sty

(/usr/local/texlive/2023/texmf-dist/tex/generic/uniquecounter/uniquecounter.sty
)))) (/usr/local/texlive/2023/texmf-dist/tex/latex/base/makeidx.sty)
(/usr/local/texlive/2023/texmf-dist/tex/latex/base/inputenc.sty)
Writing index file Rd2.idx
(/usr/local/texlive/2023/texmf-dist/tex/latex/psnfss/t1ptm.fd)
(/usr/local/texlive/2023/texmf-dist/tex/latex/l3backend/l3backend-pdftex.def)
(/private/var/folders/yz/3s5p1pss4352wtlzt9_bzbp00000gp/T/RtmpjvCPEm/Rd2pdfd4a2
6d1b7024/Rd2.aux)
(/usr/local/texlive/2023/texmf-dist/tex/context/base/mkii/supp-pdf.mkii
[Loading MPS to PDF converter (version 2006.09.02).]
)
(/private/var/folders/yz/3s5p1pss4352wtlzt9_bzbp00000gp/T/RtmpjvCPEm/Rd2pdfd4a2
6d1b7024/Rd2.out)
(/private/var/folders/yz/3s5p1pss4352wtlzt9_bzbp00000gp/T/RtmpjvCPEm/Rd2pdfd4a2
6d1b7024/Rd2.out)
(/usr/local/texlive/2023/texmf-dist/tex/latex/inconsolata/t1zi4.fd)
(/usr/local/texlive/2023/texmf-dist/tex/latex/amsfonts/umsa.fd)
(/usr/local/texlive/2023/texmf-dist/tex/latex/amsfonts/umsb.fd)
(/usr/local/texlive/2023/texmf-dist/tex/latex/jknapltx/ursfs.fd)
(/usr/local/texlive/2023/texmf-dist/tex/latex/psnfss/t1phv.fd)
(/private/var/folders/yz/3s5p1pss4352wtlzt9_bzbp00000gp/T/RtmpjvCPEm/Rd2pdfd4a2
6d1b7024/Rd2.toc [1{/usr/local/texlive/2023/texmf-var/fonts/map/pdftex/updmap/p
dftex.map}{/usr/local/texlive/2023/texmf-dist/fonts/enc/dvips/base/8r.enc}{/usr
/local/texlive/2023/texmf-dist/fonts/enc/dvips/inconsolata/i4-t1-0.enc}])
(/usr/local/texlive/2023/texmf-dist/tex/latex/psnfss/ts1ptm.fd)
Overfull \hbox (3.4564pt too wide) in paragraph at lines 106--108
\T1/ptm/m/n/10 'Mod-elling quartz lu-mi-nes-cence sig-nal dy-nam-ics rel-e-vant
 for dat-ing and dosime-try' (SCHM 305114-
[2]
Overfull \hbox (5.21786pt too wide) in paragraph at lines 125--129
[][][]\T1/ptm/m/n/10 character[][][] (\T1/ptm/b/n/10 required\T1/ptm/m/n/10 ): 
set model to be used. Avail-able mod-els are: []\T1/zi4/m/n/10 "Bailey2001"[]\T
1/ptm/m/n/10 ,

Overfull \hbox (27.63095pt too wide) in paragraph at lines 125--129
[]\T1/zi4/m/n/10 "Bailey2002"[]\T1/ptm/m/n/10 , []\T1/zi4/m/n/10 "Bailey2004"[]
\T1/ptm/m/n/10 , []\T1/zi4/m/n/10 "Pagonis2007"[]\T1/ptm/m/n/10 , []\T1/zi4/m/n
/10 "Pagonis2008"[]\T1/ptm/m/n/10 , []\T1/zi4/m/n/10 "Friedrich2017"[]\T1/ptm/m
/n/10 ,
[3] [4] [5]
Overfull \hbox (5.21786pt too wide) in paragraph at lines 292--295
[][][]\T1/ptm/m/n/10 character[][][] (\T1/ptm/b/n/10 re-quired\T1/ptm/m/n/10 ):
 set model to be used. Avail-able mod-els are: []\T1/zi4/m/n/10 "Bailey2001"[]\
T1/ptm/m/n/10 ,

Overfull \hbox (27.63095pt too wide) in paragraph at lines 292--295
[]\T1/zi4/m/n/10 "Bailey2002"[]\T1/ptm/m/n/10 , []\T1/zi4/m/n/10 "Bailey2004"[]
\T1/ptm/m/n/10 , []\T1/zi4/m/n/10 "Pagonis2007"[]\T1/ptm/m/n/10 , []\T1/zi4/m/n
/10 "Pagonis2008"[]\T1/ptm/m/n/10 , []\T1/zi4/m/n/10 "Friedrich2017"[]\T1/ptm/m
/n/10 ,

Overfull \hbox (33.40033pt too wide) in paragraph at lines 292--295
[]\T1/zi4/m/n/10 "Friedrich2018"[]\T1/ptm/m/n/10 , \T1/zi4/m/n/10 "Peng2022\T1/
ptm/m/n/10 " and for own mod-els []\T1/zi4/m/n/10 "customized" []\T1/ptm/m/n/10
 (or []\T1/zi4/m/n/10 "customised"[]\T1/ptm/m/n/10 ).

Overfull \hbox (34.77917pt too wide) in paragraph at lines 292--295
\T1/ptm/m/n/10 Note: When model = []\T1/zi4/m/n/10 "customized"[]\T1/ptm/m/n/10
 /\T1/zi4/m/n/10 "customised \T1/ptm/m/n/10 is set, the ar-gu-ment []\T1/zi4/m/
n/10 own_parameters

Overfull \hbox (113.6883pt too wide) in alignment at lines 343--343
 [] [] [] 
[6]
Underfull \hbox (badness 10000) in paragraph at lines 373--374


Overfull \hbox (14.31096pt too wide) in alignment at lines 389--389
 [] [] [] 
[7]
Overfull \hbox (16.15643pt too wide) in paragraph at lines 403--404
\T1/ptm/m/n/10 di-nary Dif-fer-en-tial Equa-tions to Un-der-stand Lu-mi-nes-cen
ce. R pack-age ver-sion 0.2.10. https://CRAN.R-
[8]
Underfull \vbox (badness 10000) has occurred while \output is active [9]
Underfull \vbox (badness 10000) has occurred while \output is active [10]
Underfull \vbox (badness 10000) has occurred while \output is active [11]
Underfull \vbox (badness 10000) has occurred while \output is active [12]
Overfull \hbox (0.74408pt too wide) in paragraph at lines 720--720
 []\T1/zi4/m/n/9 # model = "Pagonis2008" (palaeodose = 200 Gy) and simulate_sam
ple_history = FALSE (default),[] 
[13]
Overfull \hbox (45.4482pt too wide) in paragraph at lines 763--765
[]\T1/ptm/m/n/10 This func-tion re-turns a [][][]\T1/zi4/m/n/10 list[][][] []\T
1/ptm/m/n/10 with the parsed *.seq file and the re-quired steps for [][][]\T1/z
i4/m/n/10 model_LuminescenceSignals[][][][]\T1/ptm/m/n/10 . 

Overfull \hbox (158.21466pt too wide) in paragraph at lines 780--782
[]\T1/ptm/m/n/10 Riso: Se-quence Ed-i-tor User Man-ual. Avail-able at: http://w
ww.nutech.dtu.dk/english/-/media/Andre_Universitetsenheder/Nutech/Produkter 
[14] [15]
(/private/var/folders/yz/3s5p1pss4352wtlzt9_bzbp00000gp/T/RtmpjvCPEm/Rd2pdfd4a2
6d1b7024/Rd2.ind [16]

LaTeX Font Warning: Font shape `T1/zi4/m/it' undefined
(Font)              using `T1/zi4/m/n' instead on input line 44.

[17])
(/private/var/folders/yz/3s5p1pss4352wtlzt9_bzbp00000gp/T/RtmpjvCPEm/Rd2pdfd4a2
6d1b7024/Rd2.aux)

LaTeX Font Warning: Some font shapes were not available, defaults substituted.

 )
(see the transcript file for additional information)
pdfTeX warning (dest): name{Rfn.matrix} has been referenced but does not exist,
 replaced by a fixed one


pdfTeX warning (dest): name{Rfn.Luminescence::get.Rul.RLum} has been referenced
 but does not exist, replaced by a fixed one


pdfTeX warning (dest): name{Rfn.readLines} has been referenced but does not exi
st, replaced by a fixed one


pdfTeX warning (dest): name{Rfn.Luminescence::RLum} has been referenced but doe
s not exist, replaced by a fixed one


pdfTeX warning (dest): name{Rfn.plot} has been referenced but does not exist, r
eplaced by a fixed one


pdfTeX warning (dest): name{Rfn.Luminescence::RLum.Data.Curve} has been referen
ced but does not exist, replaced by a fixed one


pdfTeX warning (dest): name{Rfn.plot.default} has been referenced but does not 
exist, replaced by a fixed one


pdfTeX warning (dest): name{Rfn.Luminescence::RLum.Results} has been referenced
 but does not exist, replaced by a fixed one


pdfTeX warning (dest): name{Rfn.logical} has been referenced but does not exist
, replaced by a fixed one


pdfTeX warning (dest): name{Rfn.numeric} has been referenced but does not exist
, replaced by a fixed one


pdfTeX warning (dest): name{Rfn.Luminescence::plot.Rul.RLum.Analysis} has been 
referenced but does not exist, replaced by a fixed one


pdfTeX warning (dest): name{Rfn.Luminescence::RLum.Analysis} has been reference
d but does not exist, replaced by a fixed one


pdfTeX warning (dest): name{Rfn.list} has been referenced but does not exist, r
eplaced by a fixed one


pdfTeX warning (dest): name{Rfn.character} has been referenced but does not exi
st, replaced by a fixed one

</usr/local/texlive/2023/texmf-dist/fonts/type1/public/inconsolata/Inconsolata-
zi4r.pfb></usr/local/texlive/2023/texmf-dist/fonts/type1/public/amsfonts/cm/cms
y10.pfb></usr/local/texlive/2023/texmf-dist/fonts/type1/urw/helvetic/uhvr8a.pfb
></usr/local/texlive/2023/texmf-dist/fonts/type1/urw/times/utmb8a.pfb></usr/loc
al/texlive/2023/texmf-dist/fonts/type1/urw/times/utmr8a.pfb></usr/local/texlive
/2023/texmf-dist/fonts/type1/urw/times/utmr8a.pfb></usr/local/texlive/2023/texm
f-dist/fonts/type1/urw/times/utmri8a.pfb>
Output written on Rd2.pdf (17 pages, 135456 bytes).
Transcript written on Rd2.log.
Saving output to ‘RLumModel-manual.pdf’ ...
Done
You may want to clean up by 'rm -Rf /var/folders/yz/3s5p1pss4352wtlzt9_bzbp00000gp/T//RtmpjvCPEm/Rd2pdfd4a26d1b7024'
