This is pdfTeX, Version 3.141592653-2.6-1.40.25 (TeX Live 2023) (preloaded format=pdflatex 2023.7.7)  7 AUG 2023 09:48
entering extended mode
 restricted \write18 enabled.
 %&-line parsing enabled.
**\input ./Rd2.tex \input ./Rd2.tex \input ./Rd2.tex
 (./Rd2.tex
(/usr/local/texlive/2023/texmf-dist/tex/latex/base/book.cls
Document Class: book 2022/07/02 v1.4n Standard LaTeX document class
(/usr/local/texlive/2023/texmf-dist/tex/latex/base/bk10.clo
File: bk10.clo 2022/07/02 v1.4n Standard LaTeX file (size option)
)
\c@part=\count185
\c@chapter=\count186
\c@section=\count187
\c@subsection=\count188
\c@subsubsection=\count189
\c@paragraph=\count190
\c@subparagraph=\count191
\c@figure=\count192
\c@table=\count193
\abovecaptionskip=\skip48
\belowcaptionskip=\skip49
\bibindent=\dimen140
)
(/Library/Frameworks/R.framework/Resources/share/texmf/tex/latex/Rd.sty
Package: Rd 

(/usr/local/texlive/2023/texmf-dist/tex/latex/base/ifthen.sty
Package: ifthen 2022/04/13 v1.1d Standard LaTeX ifthen package (DPC)
)
(/usr/local/texlive/2023/texmf-dist/tex/latex/tools/longtable.sty
Package: longtable 2021-09-01 v4.17 Multi-page Table package (DPC)
\LTleft=\skip50
\LTright=\skip51
\LTpre=\skip52
\LTpost=\skip53
\LTchunksize=\count194
\LTcapwidth=\dimen141
\LT@head=\box51
\LT@firsthead=\box52
\LT@foot=\box53
\LT@lastfoot=\box54
\LT@gbox=\box55
\LT@cols=\count195
\LT@rows=\count196
\c@LT@tables=\count197
\c@LT@chunks=\count198
\LT@p@ftn=\toks16
)
(/usr/local/texlive/2023/texmf-dist/tex/latex/tools/bm.sty
Package: bm 2022/01/05 v1.2f Bold Symbol Support (DPC/FMi)
\symboldoperators=\mathgroup4
\symboldletters=\mathgroup5
\symboldsymbols=\mathgroup6
Package bm Info: No bold for \OMX/cmex/m/n, using \pmb.
LaTeX Font Info:    Redeclaring math alphabet \mathbf on input line 149.
)
(/usr/local/texlive/2023/texmf-dist/tex/latex/base/alltt.sty
Package: alltt 2021/01/29 v2.0g defines alltt environment
)
(/usr/local/texlive/2023/texmf-dist/tex/latex/tools/verbatim.sty
Package: verbatim 2022-07-02 v1.5u LaTeX2e package for verbatim enhancements
\every@verbatim=\toks17
\verbatim@line=\toks18
\verbatim@in@stream=\read2
)
(/usr/local/texlive/2023/texmf-dist/tex/latex/url/url.sty
\Urlmuskip=\muskip16
Package: url 2013/09/16  ver 3.4  Verb mode for urls, etc.
)
(/usr/local/texlive/2023/texmf-dist/tex/latex/base/textcomp.sty
Package: textcomp 2020/02/02 v2.0n Standard LaTeX package
)
(/usr/local/texlive/2023/texmf-dist/tex/latex/amsmath/amsmath.sty
Package: amsmath 2023/05/13 v2.17o AMS math features
\@mathmargin=\skip54

For additional information on amsmath, use the `?' option.
(/usr/local/texlive/2023/texmf-dist/tex/latex/amsmath/amstext.sty
Package: amstext 2021/08/26 v2.01 AMS text

(/usr/local/texlive/2023/texmf-dist/tex/latex/amsmath/amsgen.sty
File: amsgen.sty 1999/11/30 v2.0 generic functions
\@emptytoks=\toks19
\ex@=\dimen142
))
(/usr/local/texlive/2023/texmf-dist/tex/latex/amsmath/amsbsy.sty
Package: amsbsy 1999/11/29 v1.2d Bold Symbols
LaTeX Info: Redefining \boldsymbol on input line 28.
\pmbraise@=\dimen143
)
(/usr/local/texlive/2023/texmf-dist/tex/latex/amsmath/amsopn.sty
Package: amsopn 2022/04/08 v2.04 operator names
)
\inf@bad=\count199
LaTeX Info: Redefining \frac on input line 234.
\uproot@=\count266
\leftroot@=\count267
LaTeX Info: Redefining \overline on input line 399.
LaTeX Info: Redefining \colon on input line 410.
\classnum@=\count268
\DOTSCASE@=\count269
LaTeX Info: Redefining \ldots on input line 496.
LaTeX Info: Redefining \dots on input line 499.
LaTeX Info: Redefining \cdots on input line 620.
\Mathstrutbox@=\box56
\strutbox@=\box57
LaTeX Info: Redefining \big on input line 722.
LaTeX Info: Redefining \Big on input line 723.
LaTeX Info: Redefining \bigg on input line 724.
LaTeX Info: Redefining \Bigg on input line 725.
\big@size=\dimen144
LaTeX Font Info:    Redeclaring font encoding OML on input line 743.
LaTeX Font Info:    Redeclaring font encoding OMS on input line 744.
\macc@depth=\count270
LaTeX Info: Redefining \bmod on input line 905.
LaTeX Info: Redefining \pmod on input line 910.
LaTeX Info: Redefining \smash on input line 940.
LaTeX Info: Redefining \relbar on input line 970.
LaTeX Info: Redefining \Relbar on input line 971.
\c@MaxMatrixCols=\count271
\dotsspace@=\muskip17
\c@parentequation=\count272
\dspbrk@lvl=\count273
\tag@help=\toks20
\row@=\count274
\column@=\count275
\maxfields@=\count276
\andhelp@=\toks21
\eqnshift@=\dimen145
\alignsep@=\dimen146
\tagshift@=\dimen147
\tagwidth@=\dimen148
\totwidth@=\dimen149
\lineht@=\dimen150
\@envbody=\toks22
\multlinegap=\skip55
\multlinetaggap=\skip56
\mathdisplay@stack=\toks23
LaTeX Info: Redefining \[ on input line 2953.
LaTeX Info: Redefining \] on input line 2954.
)
(/usr/local/texlive/2023/texmf-dist/tex/latex/amsfonts/amsfonts.sty
Package: amsfonts 2013/01/14 v3.01 Basic AMSFonts support
\symAMSa=\mathgroup7
\symAMSb=\mathgroup8
LaTeX Font Info:    Redeclaring math symbol \hbar on input line 98.
LaTeX Font Info:    Overwriting math alphabet `\mathfrak' in version `bold'
(Font)                  U/euf/m/n --> U/euf/b/n on input line 106.
)
(/usr/local/texlive/2023/texmf-dist/tex/latex/amsfonts/amssymb.sty
Package: amssymb 2013/01/14 v3.01 AMS font symbols
)
(/usr/local/texlive/2023/texmf-dist/tex/latex/jknapltx/mathrsfs.sty
Package: mathrsfs 1996/01/01 Math RSFS package v1.0 (jk)
\symrsfs=\mathgroup9
)
\ldescriptionwidth=\skip57

(/usr/local/texlive/2023/texmf-dist/tex/generic/iftex/iftex.sty
Package: iftex 2022/02/03 v1.0f TeX engine tests
)
(/usr/local/texlive/2023/texmf-dist/tex/latex/base/fontenc.sty
Package: fontenc 2021/04/29 v2.0v Standard LaTeX package
)
(/usr/local/texlive/2023/texmf-dist/tex/latex/psnfss/times.sty
Package: times 2020/03/25 PSNFSS-v9.3 (SPQR) 
)
(/usr/local/texlive/2023/texmf-dist/tex/latex/inconsolata/zi4.sty
Package: zi4 2019/05/17 v1.12

`inconsolata-zi4' v1.12, 2019/05/17 Text macros for Inconsolata (msharpe)
(/usr/local/texlive/2023/texmf-dist/tex/latex/xkeyval/xkeyval.sty
Package: xkeyval 2022/06/16 v2.9 package option processing (HA)

(/usr/local/texlive/2023/texmf-dist/tex/generic/xkeyval/xkeyval.tex
(/usr/local/texlive/2023/texmf-dist/tex/generic/xkeyval/xkvutils.tex
\XKV@toks=\toks24
\XKV@tempa@toks=\toks25

(/usr/local/texlive/2023/texmf-dist/tex/generic/xkeyval/keyval.tex))
\XKV@depth=\count277
File: xkeyval.tex 2014/12/03 v2.7a key=value parser (HA)
))
\zifour@ocount=\count278
)
(/usr/local/texlive/2023/texmf-dist/tex/latex/graphics/color.sty
Package: color 2022/01/06 v1.3d Standard LaTeX Color (DPC)

(/usr/local/texlive/2023/texmf-dist/tex/latex/graphics-cfg/color.cfg
File: color.cfg 2016/01/02 v1.6 sample color configuration
)
Package color Info: Driver file: pdftex.def on input line 149.

(/usr/local/texlive/2023/texmf-dist/tex/latex/graphics-def/pdftex.def
File: pdftex.def 2022/09/22 v1.2b Graphics/color driver for pdftex
)
(/usr/local/texlive/2023/texmf-dist/tex/latex/graphics/mathcolor.ltx))
(/usr/local/texlive/2023/texmf-dist/tex/latex/hyperref/hyperref.sty
Package: hyperref 2023-06-25 v7.01a Hypertext links for LaTeX

(/usr/local/texlive/2023/texmf-dist/tex/generic/ltxcmds/ltxcmds.sty
Package: ltxcmds 2020-05-10 v1.25 LaTeX kernel commands for general use (HO)
)
(/usr/local/texlive/2023/texmf-dist/tex/generic/pdftexcmds/pdftexcmds.sty
Package: pdftexcmds 2020-06-27 v0.33 Utility functions of pdfTeX for LuaTeX (HO
)

(/usr/local/texlive/2023/texmf-dist/tex/generic/infwarerr/infwarerr.sty
Package: infwarerr 2019/12/03 v1.5 Providing info/warning/error messages (HO)
)
Package pdftexcmds Info: \pdf@primitive is available.
Package pdftexcmds Info: \pdf@ifprimitive is available.
Package pdftexcmds Info: \pdfdraftmode found.
)
(/usr/local/texlive/2023/texmf-dist/tex/latex/kvsetkeys/kvsetkeys.sty
Package: kvsetkeys 2022-10-05 v1.19 Key value parser (HO)
)
(/usr/local/texlive/2023/texmf-dist/tex/generic/kvdefinekeys/kvdefinekeys.sty
Package: kvdefinekeys 2019-12-19 v1.6 Define keys (HO)
)
(/usr/local/texlive/2023/texmf-dist/tex/generic/pdfescape/pdfescape.sty
Package: pdfescape 2019/12/09 v1.15 Implements pdfTeX's escape features (HO)
)
(/usr/local/texlive/2023/texmf-dist/tex/latex/hycolor/hycolor.sty
Package: hycolor 2020-01-27 v1.10 Color options for hyperref/bookmark (HO)
)
(/usr/local/texlive/2023/texmf-dist/tex/latex/letltxmacro/letltxmacro.sty
Package: letltxmacro 2019/12/03 v1.6 Let assignment for LaTeX macros (HO)
)
(/usr/local/texlive/2023/texmf-dist/tex/latex/auxhook/auxhook.sty
Package: auxhook 2019-12-17 v1.6 Hooks for auxiliary files (HO)
)
(/usr/local/texlive/2023/texmf-dist/tex/latex/hyperref/nameref.sty
Package: nameref 2023-06-18 v2.52 Cross-referencing by name of section

(/usr/local/texlive/2023/texmf-dist/tex/latex/refcount/refcount.sty
Package: refcount 2019/12/15 v3.6 Data extraction from label references (HO)
)
(/usr/local/texlive/2023/texmf-dist/tex/generic/gettitlestring/gettitlestring.s
ty
Package: gettitlestring 2019/12/15 v1.6 Cleanup title references (HO)
 (/usr/local/texlive/2023/texmf-dist/tex/latex/kvoptions/kvoptions.sty
Package: kvoptions 2022-06-15 v3.15 Key value format for package options (HO)
))
\c@section@level=\count279
)
(/usr/local/texlive/2023/texmf-dist/tex/latex/etoolbox/etoolbox.sty
Package: etoolbox 2020/10/05 v2.5k e-TeX tools for LaTeX (JAW)
\etb@tempcnta=\count280
)
\@linkdim=\dimen151
\Hy@linkcounter=\count281
\Hy@pagecounter=\count282

(/usr/local/texlive/2023/texmf-dist/tex/latex/hyperref/pd1enc.def
File: pd1enc.def 2023-06-25 v7.01a Hyperref: PDFDocEncoding definition (HO)
Now handling font encoding PD1 ...
... no UTF-8 mapping file for font encoding PD1
)
(/usr/local/texlive/2023/texmf-dist/tex/generic/intcalc/intcalc.sty
Package: intcalc 2019/12/15 v1.3 Expandable calculations with integers (HO)
)
\Hy@SavedSpaceFactor=\count283

(/usr/local/texlive/2023/texmf-dist/tex/latex/hyperref/puenc.def
File: puenc.def 2023-06-25 v7.01a Hyperref: PDF Unicode definition (HO)
Now handling font encoding PU ...
... no UTF-8 mapping file for font encoding PU
)
Package hyperref Info: Hyper figures OFF on input line 4167.
Package hyperref Info: Link nesting OFF on input line 4172.
Package hyperref Info: Hyper index ON on input line 4175.
Package hyperref Info: Plain pages OFF on input line 4182.
Package hyperref Info: Backreferencing OFF on input line 4187.
Package hyperref Info: Implicit mode ON; LaTeX internals redefined.
Package hyperref Info: Bookmarks ON on input line 4434.
\c@Hy@tempcnt=\count284
LaTeX Info: Redefining \url on input line 4772.
\XeTeXLinkMargin=\dimen152

(/usr/local/texlive/2023/texmf-dist/tex/generic/bitset/bitset.sty
Package: bitset 2019/12/09 v1.3 Handle bit-vector datatype (HO)

(/usr/local/texlive/2023/texmf-dist/tex/generic/bigintcalc/bigintcalc.sty
Package: bigintcalc 2019/12/15 v1.5 Expandable calculations on big integers (HO
)
))
\Fld@menulength=\count285
\Field@Width=\dimen153
\Fld@charsize=\dimen154
Package hyperref Info: Hyper figures OFF on input line 6051.
Package hyperref Info: Link nesting OFF on input line 6056.
Package hyperref Info: Hyper index ON on input line 6059.
Package hyperref Info: backreferencing OFF on input line 6066.
Package hyperref Info: Link coloring OFF on input line 6071.
Package hyperref Info: Link coloring with OCG OFF on input line 6076.
Package hyperref Info: PDF/A mode OFF on input line 6081.

(/usr/local/texlive/2023/texmf-dist/tex/latex/base/atbegshi-ltx.sty
Package: atbegshi-ltx 2021/01/10 v1.0c Emulation of the original atbegshi
package with kernel methods
)
\Hy@abspage=\count286
\c@Item=\count287
\c@Hfootnote=\count288
)
Package hyperref Info: Driver (autodetected): hpdftex.

(/usr/local/texlive/2023/texmf-dist/tex/latex/hyperref/hpdftex.def
File: hpdftex.def 2023-06-25 v7.01a Hyperref driver for pdfTeX

(/usr/local/texlive/2023/texmf-dist/tex/latex/base/atveryend-ltx.sty
Package: atveryend-ltx 2020/08/19 v1.0a Emulation of the original atveryend pac
kage
with kernel methods
)
\Fld@listcount=\count289
\c@bookmark@seq@number=\count290

(/usr/local/texlive/2023/texmf-dist/tex/latex/rerunfilecheck/rerunfilecheck.sty
Package: rerunfilecheck 2022-07-10 v1.10 Rerun checks for auxiliary files (HO)

(/usr/local/texlive/2023/texmf-dist/tex/generic/uniquecounter/uniquecounter.sty
Package: uniquecounter 2019/12/15 v1.4 Provide unlimited unique counter (HO)
)
Package uniquecounter Info: New unique counter `rerunfilecheck' on input line 2
85.
)
\Hy@SectionHShift=\skip58
)
Package hyperref Info: Option `colorlinks' set `true' on input line 390.
Package hyperref Info: Option `linktocpage' set `true' on input line 390.
Package hyperref Info: Option `plainpages' set `false' on input line 390.
) (/usr/local/texlive/2023/texmf-dist/tex/latex/base/makeidx.sty
Package: makeidx 2021/10/04 v1.0m Standard LaTeX package
)
(/usr/local/texlive/2023/texmf-dist/tex/latex/base/inputenc.sty
Package: inputenc 2021/02/14 v1.3d Input encoding file
\inpenc@prehook=\toks26
\inpenc@posthook=\toks27
)
\@indexfile=\write3
\openout3 = `Rd2.idx'.


Writing index file Rd2.idx
LaTeX Font Info:    Trying to load font information for T1+ptm on input line 8.

(/usr/local/texlive/2023/texmf-dist/tex/latex/psnfss/t1ptm.fd
File: t1ptm.fd 2001/06/04 font definitions for T1/ptm.
)
(/usr/local/texlive/2023/texmf-dist/tex/latex/l3backend/l3backend-pdftex.def
File: l3backend-pdftex.def 2023-04-19 L3 backend support: PDF output (pdfTeX)
\l__color_backend_stack_int=\count291
\l__pdf_internal_box=\box58
)
(/private/var/folders/yz/3s5p1pss4352wtlzt9_bzbp00000gp/T/RtmpJog9CK/Rd2pdfcea5
63f1b372/Rd2.aux)
\openout1 = `Rd2.aux'.

LaTeX Font Info:    Checking defaults for OML/cmm/m/it on input line 8.
LaTeX Font Info:    ... okay on input line 8.
LaTeX Font Info:    Checking defaults for OMS/cmsy/m/n on input line 8.
LaTeX Font Info:    ... okay on input line 8.
LaTeX Font Info:    Checking defaults for OT1/cmr/m/n on input line 8.
LaTeX Font Info:    ... okay on input line 8.
LaTeX Font Info:    Checking defaults for T1/cmr/m/n on input line 8.
LaTeX Font Info:    ... okay on input line 8.
LaTeX Font Info:    Checking defaults for TS1/cmr/m/n on input line 8.
LaTeX Font Info:    ... okay on input line 8.
LaTeX Font Info:    Checking defaults for OMX/cmex/m/n on input line 8.
LaTeX Font Info:    ... okay on input line 8.
LaTeX Font Info:    Checking defaults for U/cmr/m/n on input line 8.
LaTeX Font Info:    ... okay on input line 8.
LaTeX Font Info:    Checking defaults for PD1/pdf/m/n on input line 8.
LaTeX Font Info:    ... okay on input line 8.
LaTeX Font Info:    Checking defaults for PU/pdf/m/n on input line 8.
LaTeX Font Info:    ... okay on input line 8.

(/usr/local/texlive/2023/texmf-dist/tex/context/base/mkii/supp-pdf.mkii
[Loading MPS to PDF converter (version 2006.09.02).]
\scratchcounter=\count292
\scratchdimen=\dimen155
\scratchbox=\box59
\nofMPsegments=\count293
\nofMParguments=\count294
\everyMPshowfont=\toks28
\MPscratchCnt=\count295
\MPscratchDim=\dimen156
\MPnumerator=\count296
\makeMPintoPDFobject=\count297
\everyMPtoPDFconversion=\toks29
)
Package hyperref Info: Link coloring ON on input line 8.

(/private/var/folders/yz/3s5p1pss4352wtlzt9_bzbp00000gp/T/RtmpJog9CK/Rd2pdfcea5
63f1b372/Rd2.out)
(/private/var/folders/yz/3s5p1pss4352wtlzt9_bzbp00000gp/T/RtmpJog9CK/Rd2pdfcea5
63f1b372/Rd2.out)
\@outlinefile=\write4
\openout4 = `Rd2.out'.


Overfull \hbox (204.15952pt too wide) in paragraph at lines 22--23
\T1/ptm/m/n/10 tions: Combes, B. & Philippe, A. (2017) <[][]doi:10.1016/j.quage
o.2017.02.003[][]> and Combes et al (2015) <[][]doi:10.1016/j.quageo.2015.04.00
1[][]>. This in- 
 []

LaTeX Font Info:    Trying to load font information for T1+zi4 on input line 26
.
(/usr/local/texlive/2023/texmf-dist/tex/latex/inconsolata/t1zi4.fd
File: t1zi4.fd 2018/01/14 T1/zi4 (Inconsolata)
)
LaTeX Font Info:    Font shape `T1/zi4/m/n' will be
(Font)              scaled to size 10.0pt on input line 26.
LaTeX Font Info:    Trying to load font information for U+msa on input line 26.


(/usr/local/texlive/2023/texmf-dist/tex/latex/amsfonts/umsa.fd
File: umsa.fd 2013/01/14 v3.01 AMS symbols A
)
LaTeX Font Info:    Trying to load font information for U+msb on input line 26.


(/usr/local/texlive/2023/texmf-dist/tex/latex/amsfonts/umsb.fd
File: umsb.fd 2013/01/14 v3.01 AMS symbols B
)
LaTeX Font Info:    Trying to load font information for U+rsfs on input line 26
.

(/usr/local/texlive/2023/texmf-dist/tex/latex/jknapltx/ursfs.fd
File: ursfs.fd 1998/03/24 rsfs font definition file (jk)
)
LaTeX Font Info:    Trying to load font information for T1+phv on input line 49
.

(/usr/local/texlive/2023/texmf-dist/tex/latex/psnfss/t1phv.fd
File: t1phv.fd 2020/03/25 scalable font definitions for T1/phv.
)
(/private/var/folders/yz/3s5p1pss4352wtlzt9_bzbp00000gp/T/RtmpJog9CK/Rd2pdfcea5
63f1b372/Rd2.toc [1


{/usr/local/texlive/2023/texmf-var/fonts/map/pdftex/updmap/pdftex.map}{/usr/loc
al/texlive/2023/texmf-dist/fonts/enc/dvips/base/8r.enc}{/usr/local/texlive/2023
/texmf-dist/fonts/enc/dvips/inconsolata/i4-t1-0.enc}])
\tf@toc=\write5
\openout5 = `Rd2.toc'.


Underfull \hbox (badness 1466) in paragraph at lines 51--51
[]\T1/ptm/m/it/10 Chronological Bayesian Mod-els In-te-grat-ing Op-ti-cally Sti
m-u-lated
 []


Underfull \hbox (badness 10000) in paragraph at lines 51--51

 []

[2] [3]
Overfull \hbox (9.2281pt too wide) in paragraph at lines 148--152
\T1/ptm/m/n/10 de-tails sec-tion for in-struc-tions re-gard-ing how to cor-rect
ly fill []\T1/zi4/m/n/10 StratiConstraints[]\T1/ptm/m/n/10 ;
 []

LaTeX Font Info:    Trying to load font information for TS1+ptm on input line 1
62.
(/usr/local/texlive/2023/texmf-dist/tex/latex/psnfss/ts1ptm.fd
File: ts1ptm.fd 2001/06/04 font definitions for TS1/ptm.
) [4]
Underfull \hbox (badness 10000) in paragraph at lines 210--212

 []


Underfull \hbox (badness 10000) in paragraph at lines 213--214

 []

LaTeX Font Info:    Trying to load font information for TS1+zi4 on input line 2
15.
(/usr/local/texlive/2023/texmf-dist/tex/latex/inconsolata/ts1zi4.fd
File: ts1zi4.fd 2018/01/14 TS1/zi4 (Inconsolata)
)
LaTeX Font Info:    Font shape `TS1/zi4/m/n' will be
(Font)              scaled to size 10.0pt on input line 215.
 [5{/usr/local/texlive/2023/texmf-dist/fonts/enc/dvips/inconsolata/i4-ts1.enc}]
 [6]
LaTeX Font Info:    Font shape `T1/zi4/m/n' will be
(Font)              scaled to size 9.0pt on input line 303.

[7] [8]
Overfull \hbox (13.288pt too wide) in paragraph at lines 421--422
[][][]\T1/ptm/m/n/10 character[][][] vec-tor: names of sam-ples. The length of 
this vec-tor is equal to []\T1/zi4/m/n/10 Nb_sample[]\T1/ptm/m/n/10 . 
 []


Overfull \hbox (27.55978pt too wide) in paragraph at lines 425--428
\T1/ptm/m/n/10 sam-ple (in ka). Note that, []\T1/zi4/m/n/10 length(PriorAge)=2*
Nb_sample []\T1/ptm/m/n/10 and []\T1/zi4/m/n/10 PriorAge[2i-1,2i]
 []

[9]
Overfull \hbox (9.2281pt too wide) in paragraph at lines 458--460
\T1/ptm/m/n/10 de-tails sec-tion for in-struc-tions re-gard-ing how to cor-rect
ly fill []\T1/zi4/m/n/10 StratiConstraints[]\T1/ptm/m/n/10 ;
 []

[10]
Overfull \hbox (185.91916pt too wide) in alignment at lines 514--514
 [] [] [] [] [] 
 []


Underfull \hbox (badness 10000) in paragraph at lines 516--517

 []


Underfull \hbox (badness 10000) in paragraph at lines 544--546

 []


Underfull \hbox (badness 10000) in paragraph at lines 547--548

 []


Underfull \hbox (badness 10000) in paragraph at lines 562--563

 []

[11]
Underfull \hbox (badness 10000) in paragraph at lines 566--567

 []


Overfull \hbox (43.12788pt too wide) in paragraph at lines 592--593
[]\T1/ptm/b/n/10 Saturating ex-po-nen-tial plus lin-ear growth and fit-ting thr
ough the ori-gin \T1/ptm/m/n/10 ([]\T1/zi4/m/n/10 AgesMultiCS2_EXPLINZO[]\T1/pt
m/m/n/10 ): 
 []


Underfull \hbox (badness 10000) in paragraph at lines 616--617

 []

[12] [13]
Overfull \hbox (18.12643pt too wide) in paragraph at lines 709--710
[][][]\T1/ptm/m/n/10 Generate_DataFile[][][], [][]Gen-er-ate_DataFile_MG[][][],
 [][]rjags[][][], [][]plot_MCMC[][][], [][]SC-Ma-trix[][][], [][]Age_Computatio
n[][][], [][]Palaeo-
 []

[14] [15]
Overfull \hbox (8.50006pt too wide) in paragraph at lines 821--823
[][][]\T1/ptm/m/n/10 list[][][] of ob-jects: []\T1/zi4/m/n/10 LT[]\T1/ptm/m/n/1
0 , []\T1/zi4/m/n/10 sLT[]\T1/ptm/m/n/10 , []\T1/zi4/m/n/10 ITimes[]\T1/ptm/m/n
/10 , []\T1/zi4/m/n/10 dLab[]\T1/ptm/m/n/10 , []\T1/zi4/m/n/10 ddot_env[]\T1/pt
m/m/n/10 , []\T1/zi4/m/n/10 regDose[]\T1/ptm/m/n/10 , []\T1/zi4/m/n/10 J[]\T1/p
tm/m/n/10 , []\T1/zi4/m/n/10 K[]\T1/ptm/m/n/10 , []\T1/zi4/m/n/10 Nb_measuremen
t[]\T1/ptm/m/n/10 ,
 []

[16]
Underfull \hbox (badness 10000) in paragraph at lines 880--881

 []


Overfull \hbox (33.12788pt too wide) in paragraph at lines 905--906
[]\T1/ptm/b/n/10 Saturating ex-po-nen-tial plus lin-ear growth and fit-ting thr
ough the ori-gin \T1/ptm/m/n/10 ([]\T1/zi4/m/n/10 AgeMultiBF_EXPLINZO[]\T1/ptm/
m/n/10 ): 
 []


Underfull \hbox (badness 10000) in paragraph at lines 929--930

 []

[17] [18]
Overfull \hbox (51.94623pt too wide) in paragraph at lines 1009--1010
[][][]\T1/ptm/m/n/10 Generate_DataFile[][][], [][]Gen-er-ate_DataFile_MG[][][],
 [][]rjags[][][], [][]plot_MCMC[][][], [][]AgeS_Computation[][][], [][]Palaeo-d
ose_Computation[][][] 
 []

[19] [20]
Overfull \hbox (22.01988pt too wide) in paragraph at lines 1112--1115
\T1/ptm/m/n/10 ple \T1/ptm/b/n/10 (in ka)\T1/ptm/m/n/10 . Note that, []\T1/zi4/
m/n/10 length(PriorAge) = 2*Nb_sample []\T1/ptm/m/n/10 sand []\T1/zi4/m/n/10 Pr
iorAge[2i-1,2i]
 []


Overfull \hbox (11.73805pt too wide) in paragraph at lines 1145--1150
\T1/ptm/m/n/10 The length of this vec-tor is equal to the num-ber of OSL sam-pl
es. []\T1/zi4/m/n/10 BinPerSample[i]
 []

[21]
Overfull \hbox (14.5685pt too wide) in paragraph at lines 1219--1221
[]\T1/ptm/m/n/10 There are ar-gu-ments for in-for-ma-tion con-cern-ing only C14
 sam-ples: []\T1/zi4/m/n/10 Data_C14Cal[]\T1/ptm/m/n/10 , []\T1/zi4/m/n/10 Data
_SigmaC14Cal[]\T1/ptm/m/n/10 ,
 []


Overfull \hbox (31.85826pt too wide) in paragraph at lines 1222--1225
[]\T1/ptm/m/n/10 There are ar-gu-ments for in-for-ma-tion con-cern-ing all the 
sam-ples: []\T1/zi4/m/n/10 Nb_sample[]\T1/ptm/m/n/10 , []\T1/zi4/m/n/10 SampleN
ames[]\T1/ptm/m/n/10 , []\T1/zi4/m/n/10 SampleNature[]\T1/ptm/m/n/10 ,
 []


Overfull \hbox (64.401pt too wide) in paragraph at lines 1222--1225
[]\T1/zi4/m/n/10 PriorAge[]\T1/ptm/m/n/10 , []\T1/zi4/m/n/10 SavePdf[]\T1/ptm/m
/n/10 , []\T1/zi4/m/n/10 OutputFileName[]\T1/ptm/m/n/10 , []\T1/zi4/m/n/10 Outp
utFilePath[]\T1/ptm/m/n/10 , []\T1/zi4/m/n/10 SaveEstimates[]\T1/ptm/m/n/10 , [
]\T1/zi4/m/n/10 OutputTableName[]\T1/ptm/m/n/10 , []\T1/zi4/m/n/10 OutputTableP
ath[]\T1/ptm/m/n/10 ,
 []


Underfull \hbox (badness 10000) in paragraph at lines 1222--1225

 []

[22]
Overfull \hbox (185.91916pt too wide) in alignment at lines 1237--1237
 [] [] [] [] [] 
 []


Underfull \hbox (badness 10000) in paragraph at lines 1239--1240

 []


Underfull \hbox (badness 10000) in paragraph at lines 1264--1266

 []


Underfull \hbox (badness 10000) in paragraph at lines 1267--1268

 []


Underfull \hbox (badness 10000) in paragraph at lines 1282--1283

 []


Underfull \hbox (badness 10000) in paragraph at lines 1284--1285

 []

[23]
Overfull \hbox (43.12788pt too wide) in paragraph at lines 1309--1310
[]\T1/ptm/b/n/10 Saturating ex-po-nen-tial plus lin-ear growth and fit-ting thr
ough the ori-gin \T1/ptm/m/n/10 ([]\T1/zi4/m/n/10 AgesMultiCS2_EXPLINZO[]\T1/pt
m/m/n/10 ): 
 []


Underfull \hbox (badness 10000) in paragraph at lines 1333--1334

 []


Underfull \hbox (badness 10000) in paragraph at lines 1346--1347

 []


Underfull \hbox (badness 10000) in paragraph at lines 1357--1358

 []

[24] [25] [26]
Overfull \hbox (20.59677pt too wide) in paragraph at lines 1503--1508
[]\T1/ptm/m/n/10 The func-tion al-lows to com-bine data al-ready gen-er-ated by
 [][]Gen-er-ate_DataFile[][][] or [][]Gen-er-ate_DataFile_MG[][][].
 []


Overfull \hbox (8.35643pt too wide) in paragraph at lines 1534--1536
[]\T1/ptm/m/n/10 Sebastian Kreutzer, IRAMAT-CRP2A, UMR 5060, CNRS - Uni-ver-sit
é Bor-deaux Mon-taigne (France),
 []

[27] [28]
Overfull \hbox (2.19601pt too wide) in paragraph at lines 1605--1606
\T1/ptm/m/n/10 log-i-cal Bayesian Mod-els In-te-grat-ing Op-ti-cally Stim-u-lat
ed. R pack-age ver-sion 0.3.1. https://CRAN.r-
 []

[29] [30]
Overfull \hbox (4.55698pt too wide) in paragraph at lines 1741--1743
[]\T1/ptm/m/n/10 Sebastian Kreutzer, IRAMAT-CRP2A, UMR 5060, CNRS-Université Bo
r-deaux Mon-taigne (France),
 []


Overfull \hbox (7.29648pt too wide) in paragraph at lines 1741--1743
\T1/ptm/m/n/10 based on an 'MS Ex-cel' sheet by Guil-laume Guérin, IRAMAT-CRP2A
, UMR 5060, CNRS-Université
 []

[31] [32] [33] [34] [35]
Underfull \hbox (badness 10000) in paragraph at lines 2030--2032

 []


Underfull \hbox (badness 10000) in paragraph at lines 2033--2034

 []

[36]
Overfull \hbox (0.3185pt too wide) in paragraph at lines 2058--2060
[]\T1/zi4/m/n/10 nbOfLastCycleToRemove= []\T1/ptm/m/n/10 num-ber of cy-cles at 
the end of the SAR pro-to-col which should
 []


Underfull \hbox (badness 10000) in paragraph at lines 2058--2060

 []


Underfull \hbox (badness 10000) in paragraph at lines 2067--2068

 []


Overfull \hbox (0.18973pt too wide) in paragraph at lines 2077--2083
\T1/ptm/m/n/10 If con-versely, []\T1/zi4/m/n/10 FolderNames=c(noun2,noun1)[]\T1
/ptm/m/n/10 , the anal-y-sis per-formed by [][][]\T1/zi4/m/n/10 AgeS_Computatio
n[][][]
 []


Underfull \hbox (badness 10000) in paragraph at lines 2077--2083

 []


Underfull \hbox (badness 10000) in paragraph at lines 2087--2088

 []

[37]
Overfull \hbox (49.18745pt too wide) in paragraph at lines 2096--2098
[]\T1/ptm/m/n/10 For the gen-eral BIN-file struc-ture, the reader is re-ferred 
to the fol-low-ing web-site: []\T1/zi4/m/n/10 http://www.nutech.dtu.dk/ 
 []


Underfull \hbox (badness 10000) in paragraph at lines 2114--2115

 []


Underfull \hbox (badness 10000) in paragraph at lines 2119--2120

 []

[38]
LaTeX Font Info:    Font shape `TS1/zi4/m/n' will be
(Font)              scaled to size 9.0pt on input line 2152.
 [39]
Underfull \hbox (badness 10000) in paragraph at lines 2240--2242

 []


Underfull \hbox (badness 10000) in paragraph at lines 2243--2244

 []

[40]
Overfull \hbox (0.3185pt too wide) in paragraph at lines 2268--2270
[]\T1/zi4/m/n/10 nbOfLastCycleToRemove= \T1/ptm/m/n/10 num-ber of cy-cles at th
e end of the SAR pro-to-col which should
 []


Underfull \hbox (badness 10000) in paragraph at lines 2268--2270

 []


Underfull \hbox (badness 10000) in paragraph at lines 2277--2278

 []


Overfull \hbox (0.18973pt too wide) in paragraph at lines 2287--2293
\T1/ptm/m/n/10 If con-versely, []\T1/zi4/m/n/10 FolderNames=c(noun2,noun1)[]\T1
/ptm/m/n/10 , the anal-y-sis per-formed by [][][]\T1/zi4/m/n/10 AgeS_Computatio
n[][][]
 []


Underfull \hbox (badness 10000) in paragraph at lines 2287--2293

 []


Underfull \hbox (badness 10000) in paragraph at lines 2297--2298

 []

[41]
Overfull \hbox (9.52765pt too wide) in paragraph at lines 2299--2305
[]\T1/zi4/m/n/10 "Sample1-1" []\T1/ptm/m/n/10 is the name of the sub-folder con
-tain-ing the first BIN file for Sam-ple1, []\T1/zi4/m/n/10 "Sample1-File2"
 []


Overfull \hbox (49.18745pt too wide) in paragraph at lines 2306--2307
[]\T1/ptm/m/n/10 For the gen-eral BIN-file struc-ture, the reader is re-ferred 
to the fol-low-ing web-site: \T1/zi4/m/n/10 http://www.nutech.dtu.dk/ 
 []


Overfull \hbox (84.64099pt too wide) in paragraph at lines 2347--2349
[][][]\T1/zi4/m/n/10 read_BIN2R[][][][]\T1/ptm/m/n/10 , [][][]\T1/zi4/m/n/10 co
mbine_DataFiles[][][][]\T1/ptm/m/n/10 , [][][]\T1/zi4/m/n/10 LT_RegenDose[][][]
 [][]Age_Computation[][][][]\T1/ptm/m/n/10 , [][][]\T1/zi4/m/n/10 AgeS_Computat
ion[][][][]\T1/ptm/m/n/10 , [][][]\T1/zi4/m/n/10 Palaeodose_Computation[][][] 
 []

[42] [43] [44]
Overfull \hbox (0.29866pt too wide) in paragraph at lines 2469--2470
[]\T1/zi4/m/n/10 Nb_measurement[]\T1/ptm/m/n/10 , #' pro-vided by [][]Gen-er-at
e_DataFile[][][] or [][]Gen-er-ate_DataFile_MG[][][]
 []


Overfull \hbox (25.15663pt too wide) in paragraph at lines 2484--2487
\T1/ptm/m/n/10 BIN files per sam-ple, which was used in [][]Gen-er-ate_DataFile
[][][] or [][]Gen-er-ate_DataFile_MG[][][]
 []

[45] [46] [47] [48] [49] [50] [51] [52] [53]
Overfull \hbox (1.91808pt too wide) in paragraph at lines 2983--2984
[]\T1/ptm/m/n/10 a list of 4 mod-els that all con-sider a sat-u-rat-ing ex-po-n
en-tial growth
 []

[54]
Overfull \hbox (14.6996pt too wide) in paragraph at lines 3025--3030
\T1/ptm/m/n/10 vel-oped in Combes et al (2015), based on an out-put of [][][]\T
1/zi4/m/n/10 Generate_DataFile[][][] []\T1/ptm/m/n/10 or [][][]\T1/zi4/m/n/10 G
enerate_DataFile_MG[][][]
 []


Overfull \hbox (3.02844pt too wide) in paragraph at lines 3057--3060
[]\T1/ptm/m/n/10 list of ob-jects: LT, sLT, ITimes, dLab, ddot_env, reg-Dose, J
, K, Nb_measurement,
 []

[55]
Overfull \hbox (9.3981pt too wide) in paragraph at lines 3061--3062
[]\T1/ptm/m/n/10 character vec-tor: names of sam-ple. The length of this vec-to
r is equal to []\T1/zi4/m/n/10 Nb_sample[]\T1/ptm/m/n/10 . 
 []

[56]
Overfull \hbox (73.12788pt too wide) in paragraph at lines 3129--3130
[]\T1/ptm/b/n/10 Saturating ex-po-nen-tial plus lin-ear growth and fit-ting thr
ough the ori-gin \T1/ptm/m/n/10 ([]\T1/zi4/m/n/10 PalaeodosesMultiBF_EXPLINZO[]
\T1/ptm/m/n/10 ): 
 []


Overfull \hbox (11.53857pt too wide) in paragraph at lines 3139--3140
[]\T1/ptm/b/n/10 Saturating ex-po-nen-tial growth and fit-ting through the ori-
gin \T1/ptm/m/n/10 ([]\T1/zi4/m/n/10 PalaeodosesMultiBF_EXPZO[]\T1/ptm/m/n/10 )
: 
 []


Underfull \hbox (badness 10000) in paragraph at lines 3168--3169

 []

[57]
Overfull \hbox (0.60666pt too wide) in paragraph at lines 3213--3214
\T1/ptm/m/n/10 anal-y-sis for the palaeo-dose es-ti-ma-tion of var-i-ous sam-pl
es. In: Christophe, C., Philippe, A., Kreutzer,
 []


Overfull \hbox (44.64099pt too wide) in paragraph at lines 3233--3236
[][][]\T1/zi4/m/n/10 Generate_DataFile[][][][]\T1/ptm/m/n/10 , [][][]\T1/zi4/m/
n/10 Generate_DataFile_MG[][][][]\T1/ptm/m/n/10 , [][][]\T1/zi4/m/n/10 combine_
DataFiles[][][][]\T1/ptm/m/n/10 , [][][]\T1/zi4/m/n/10 rjags[][][][]\T1/ptm/m/n
/10 , [][][]\T1/zi4/m/n/10 plot_MCMC[][][][]\T1/ptm/m/n/10 , [][][]\T1/zi4/m/n/
10 Age_Computation[][][][]\T1/ptm/m/n/10 ,
 []

[58]
Overfull \hbox (31.44725pt too wide) in paragraph at lines 3268--3272
[][][]\T1/ptm/m/n/10 list[][][] or [][]data.frame[][][] (\T1/ptm/b/n/10 re-quir
ed\T1/ptm/m/n/10 ): Out-put as cre-ated by func-tions like [][]AgeC14_Computati
on[][][],
 []


Overfull \hbox (8.18973pt too wide) in paragraph at lines 3282--3285
[]\T1/zi4/m/n/10 legend []\T1/ptm/m/n/10 ([]\T1/zi4/m/n/10 TRUE[]\T1/ptm/m/n/10
 /[]\T1/zi4/m/n/10 FALSE[]\T1/ptm/m/n/10 ), []\T1/zi4/m/n/10 legend.text []\T1/
ptm/m/n/10 ([][]char-ac-ter[][][] in-put needed), []\T1/zi4/m/n/10 legend.pos [
][][]\T1/ptm/m/n/10 graph-
 []


Overfull \hbox (2.19601pt too wide) in paragraph at lines 3303--3304
\T1/ptm/m/n/10 log-i-cal Bayesian Mod-els In-te-grat-ing Op-ti-cally Stim-u-lat
ed. R pack-age ver-sion 0.3.1. https://CRAN.r-
 []

[59] [60]
Overfull \hbox (11.12689pt too wide) in paragraph at lines 3373--3375
[][][]\T1/ptm/m/n/10 coda::mcmc.list[][][] or [][]coda::mcmc[][][] (\T1/ptm/b/n
/10 re-quired\T1/ptm/m/n/10 ): Out-put gen-er-ated by [][]rjags::jags.model[][]
[],
 []


Overfull \hbox (22.78836pt too wide) in paragraph at lines 3373--3375
\T1/ptm/m/n/10 e.g., in [][]Age_Computation[][][]. Al-ter-na-tively, lim-ited s
up-port is pro-vided for []\T1/zi4/m/n/10 BayLum.list
 []


Overfull \hbox (25.95734pt too wide) in paragraph at lines 3406--3408
[]\T1/ptm/m/n/10 The func-tion is used in the func-tion [][]Age_Computation[][]
[], [][]AgeS_Computation[][][] and [][]Palaeo-dose_Computation[][][],
 []

[61]
Overfull \hbox (8.61803pt too wide) in paragraph at lines 3468--3471
[][]\T1/ptm/m/n/10 rjags::jags.model[][][] in [][]AgeS_Computation[][][], [][]A
geC14_Computation[][][] or [][]Age_OSLC14[][][].
 []

[62]
Underfull \hbox (badness 10000) in paragraph at lines 3498--3499

 []


Overfull \hbox (307.23083pt too wide) in alignment at lines 3517--3517
 [] [] [] 
 []

[63]
Overfull \hbox (6.81628pt too wide) in paragraph at lines 3529--3530
\T1/ptm/m/n/10 grat-ing Op-ti-cally Stim-u-lated. R pack-age ver-sion 0.3.1. ht
tps://CRAN.r-project.org/package=BayLum 
 []

[64]
Overfull \hbox (10.98685pt too wide) in paragraph at lines 3633--3635
[]\T1/ptm/m/n/10 Construct the strati-graphic ma-trix used in the func-tions []
[]AgeS_Computation[][][] and [][]AgeC14_Computation[][][]
 []

[65] [66] [67] [68]
Overfull \hbox (3.27841pt too wide) in paragraph at lines 3801--3802
[][][]\T1/ptm/m/n/10 numeric[][][] (\T1/ptm/m/it/10 with de-fault\T1/ptm/m/n/10
 ): Vec-tor where []\T1/zi4/m/n/10 DRsource.error[i] []\T1/ptm/m/n/10 cor-re-sp
onds to source
 []


Overfull \hbox (22.02802pt too wide) in paragraph at lines 3803--3804
\T1/ptm/m/n/10 to the chan-nel num-ber where the OSL sig-nal should be summed f
rom for[]\T1/zi4/m/n/10 bin-file[i]
 []


Overfull \hbox (0.59874pt too wide) in paragraph at lines 3813--3814
[][][]\T1/ptm/m/n/10 numeric[][][] (\T1/ptm/m/it/10 with de-fault\T1/ptm/m/n/10
 ): Vec-tor where []\T1/zi4/m/n/10 nbOfLastCycleToRemove[i] []\T1/ptm/m/n/10 co
r-re-sponds
 []

[69]
Overfull \hbox (32.19589pt too wide) in paragraph at lines 3826--3827
\T1/ptm/m/n/10 Chrono-log-i-cal Bayesian Mod-els In-te-grat-ing Op-ti-cally Sti
m-u-lated. R pack-age ver-sion 0.3.1. https://CRAN.r-
 []

[70]
(/private/var/folders/yz/3s5p1pss4352wtlzt9_bzbp00000gp/T/RtmpJog9CK/Rd2pdfcea5
63f1b372/Rd2.ind [71]

LaTeX Font Warning: Font shape `T1/zi4/m/it' undefined
(Font)              using `T1/zi4/m/n' instead on input line 80.

LaTeX Font Info:    Font shape `T1/zi4/m/it' will be
(Font)              scaled to size 10.0pt on input line 112.
[72

] [73

])
(/private/var/folders/yz/3s5p1pss4352wtlzt9_bzbp00000gp/T/RtmpJog9CK/Rd2pdfcea5
63f1b372/Rd2.aux)

LaTeX Font Warning: Some font shapes were not available, defaults substituted.

Package rerunfilecheck Info: File `Rd2.out' has not changed.
(rerunfilecheck)             Checksum: 07810E8E62097C9638C5A5FABF57DDDC;4297.
 ) 
Here is how much of TeX's memory you used:
 11326 strings out of 475463
 174061 string characters out of 5770690
 1936228 words of memory out of 5000000
 31636 multiletter control sequences out of 15000+600000
 595404 words of font info for 83 fonts, out of 8000000 for 9000
 1141 hyphenation exceptions out of 8191
 92i,6n,92p,586b,728s stack positions out of 10000i,1000n,20000p,200000b,200000s

pdfTeX warning (dest): name{Rfn.graphics::contour} has been referenced but does
 not exist, replaced by a fixed one


pdfTeX warning (dest): name{Rfn.graphics::rug} has been referenced but does not
 exist, replaced by a fixed one


pdfTeX warning (dest): name{Rfn.graphics::smoothScatter} has been referenced bu
t does not exist, replaced by a fixed one


pdfTeX warning (dest): name{Rfn.hexbin::hexplom} has been referenced but does n
ot exist, replaced by a fixed one


pdfTeX warning (dest): name{Rfn.rjags::coda.samples} has been referenced but do
es not exist, replaced by a fixed one


pdfTeX warning (dest): name{Rfn.coda::densplot} has been referenced but does no
t exist, replaced by a fixed one


pdfTeX warning (dest): name{Rfn.coda::traceplot} has been referenced but does n
ot exist, replaced by a fixed one


pdfTeX warning (dest): name{Rfn.plot.default} has been referenced but does not 
exist, replaced by a fixed one


pdfTeX warning (dest): name{Rfn.mtext} has been referenced but does not exist, 
replaced by a fixed one


pdfTeX warning (dest): name{Rfn.par} has been referenced but does not exist, re
placed by a fixed one


pdfTeX warning (dest): name{Rfn.rug} has been referenced but does not exist, re
placed by a fixed one


pdfTeX warning (dest): name{Rfn.stats::smooth} has been referenced but does not
 exist, replaced by a fixed one


pdfTeX warning (dest): name{Rfn.vector} has been referenced but does not exist,
 replaced by a fixed one


pdfTeX warning (dest): name{Rfn.coda::mcmc} has been referenced but does not ex
ist, replaced by a fixed one


pdfTeX warning (dest): name{Rfn.coda::mcmc.list} has been referenced but does n
ot exist, replaced by a fixed one


pdfTeX warning (dest): name{Rfn.graphics::legend} has been referenced but does 
not exist, replaced by a fixed one


pdfTeX warning (dest): name{Rfn.load} has been referenced but does not exist, r
eplaced by a fixed one


pdfTeX warning (dest): name{Rfn.save} has been referenced but does not exist, r
eplaced by a fixed one


pdfTeX warning (dest): name{Rfn.Luminescence} has been referenced but does not 
exist, replaced by a fixed one


pdfTeX warning (dest): name{Rfn.read.Rul.BIN2R} has been referenced but does no
t exist, replaced by a fixed one


pdfTeX warning (dest): name{Rfn.Luminescence::read.Rul.BIN2R} has been referenc
ed but does not exist, replaced by a fixed one


pdfTeX warning (dest): name{Rfn.utils::read.table} has been referenced but does
 not exist, replaced by a fixed one


pdfTeX warning (dest): name{Rfn.utils::write.table} has been referenced but doe
s not exist, replaced by a fixed one


pdfTeX warning (dest): name{Rfn.data.frame} has been referenced but does not ex
ist, replaced by a fixed one


pdfTeX warning (dest): name{Rfn.jags.model} has been referenced but does not ex
ist, replaced by a fixed one


pdfTeX warning (dest): name{Rfn.runjags} has been referenced but does not exist
, replaced by a fixed one


pdfTeX warning (dest): name{Rfn.runjags::extend.JAGS} has been referenced but d
oes not exist, replaced by a fixed one


pdfTeX warning (dest): name{Rfn.runjags::autorun.jags} has been referenced but 
does not exist, replaced by a fixed one


pdfTeX warning (dest): name{Rfn.runjags::run.jags} has been referenced but does
 not exist, replaced by a fixed one


pdfTeX warning (dest): name{Rfn.matrix} has been referenced but does not exist,
 replaced by a fixed one


pdfTeX warning (dest): name{Rfn.list} has been referenced but does not exist, r
eplaced by a fixed one


pdfTeX warning (dest): name{Rfn.rjags} has been referenced but does not exist, 
replaced by a fixed one


pdfTeX warning (dest): name{Rfn.rjags::jags.model} has been referenced but does
 not exist, replaced by a fixed one


pdfTeX warning (dest): name{Rfn.logical} has been referenced but does not exist
, replaced by a fixed one


pdfTeX warning (dest): name{Rfn.integer} has been referenced but does not exist
, replaced by a fixed one


pdfTeX warning (dest): name{Rfn.character} has been referenced but does not exi
st, replaced by a fixed one


pdfTeX warning (dest): name{Rfn.numeric} has been referenced but does not exist
, replaced by a fixed one

</usr/local/texlive/2023/texmf-dist/fonts/type1/public/inconsolata/Inconsolata-
zi4r.pfb></usr/local/texlive/2023/texmf-dist/fonts/type1/public/amsfonts/cm/cmm
i10.pfb></usr/local/texlive/2023/texmf-dist/fonts/type1/public/amsfonts/cm/cmmi
7.pfb></usr/local/texlive/2023/texmf-dist/fonts/type1/public/amsfonts/cm/cmr10.
pfb></usr/local/texlive/2023/texmf-dist/fonts/type1/public/amsfonts/cm/cmsy10.p
fb></usr/local/texlive/2023/texmf-dist/fonts/type1/urw/helvetic/uhvr8a.pfb></us
r/local/texlive/2023/texmf-dist/fonts/type1/urw/times/utmb8a.pfb></usr/local/te
xlive/2023/texmf-dist/fonts/type1/urw/times/utmr8a.pfb></usr/local/texlive/2023
/texmf-dist/fonts/type1/urw/times/utmr8a.pfb></usr/local/texlive/2023/texmf-dis
t/fonts/type1/urw/times/utmri8a.pfb>
Output written on Rd2.pdf (73 pages, 330373 bytes).
PDF statistics:
 1865 PDF objects out of 2073 (max. 8388607)
 1751 compressed objects within 18 object streams
 507 named destinations out of 1000 (max. 500000)
 305 words of extra memory for PDF output out of 10000 (max. 10000000)

