This is pdfTeX, Version 3.141592653-2.6-1.40.25 (TeX Live 2023) (preloaded format=pdflatex 2023.7.7)  7 AUG 2023 09:48
entering extended mode
 restricted \write18 enabled.
 %&-line parsing enabled.
**\input ./Rd2.tex \input ./Rd2.tex \input ./Rd2.tex \input ./Rd2.tex
 (./Rd2.tex
(/usr/local/texlive/2023/texmf-dist/tex/latex/base/book.cls
Document Class: book 2022/07/02 v1.4n Standard LaTeX document class
(/usr/local/texlive/2023/texmf-dist/tex/latex/base/bk10.clo
File: bk10.clo 2022/07/02 v1.4n Standard LaTeX file (size option)
)
\c@part=\count185
\c@chapter=\count186
\c@section=\count187
\c@subsection=\count188
\c@subsubsection=\count189
\c@paragraph=\count190
\c@subparagraph=\count191
\c@figure=\count192
\c@table=\count193
\abovecaptionskip=\skip48
\belowcaptionskip=\skip49
\bibindent=\dimen140
)
(/Library/Frameworks/R.framework/Resources/share/texmf/tex/latex/Rd.sty
Package: Rd 

(/usr/local/texlive/2023/texmf-dist/tex/latex/base/ifthen.sty
Package: ifthen 2022/04/13 v1.1d Standard LaTeX ifthen package (DPC)
)
(/usr/local/texlive/2023/texmf-dist/tex/latex/tools/longtable.sty
Package: longtable 2021-09-01 v4.17 Multi-page Table package (DPC)
\LTleft=\skip50
\LTright=\skip51
\LTpre=\skip52
\LTpost=\skip53
\LTchunksize=\count194
\LTcapwidth=\dimen141
\LT@head=\box51
\LT@firsthead=\box52
\LT@foot=\box53
\LT@lastfoot=\box54
\LT@gbox=\box55
\LT@cols=\count195
\LT@rows=\count196
\c@LT@tables=\count197
\c@LT@chunks=\count198
\LT@p@ftn=\toks16
)
(/usr/local/texlive/2023/texmf-dist/tex/latex/tools/bm.sty
Package: bm 2022/01/05 v1.2f Bold Symbol Support (DPC/FMi)
\symboldoperators=\mathgroup4
\symboldletters=\mathgroup5
\symboldsymbols=\mathgroup6
Package bm Info: No bold for \OMX/cmex/m/n, using \pmb.
LaTeX Font Info:    Redeclaring math alphabet \mathbf on input line 149.
)
(/usr/local/texlive/2023/texmf-dist/tex/latex/base/alltt.sty
Package: alltt 2021/01/29 v2.0g defines alltt environment
)
(/usr/local/texlive/2023/texmf-dist/tex/latex/tools/verbatim.sty
Package: verbatim 2022-07-02 v1.5u LaTeX2e package for verbatim enhancements
\every@verbatim=\toks17
\verbatim@line=\toks18
\verbatim@in@stream=\read2
)
(/usr/local/texlive/2023/texmf-dist/tex/latex/url/url.sty
\Urlmuskip=\muskip16
Package: url 2013/09/16  ver 3.4  Verb mode for urls, etc.
)
(/usr/local/texlive/2023/texmf-dist/tex/latex/base/textcomp.sty
Package: textcomp 2020/02/02 v2.0n Standard LaTeX package
)
(/usr/local/texlive/2023/texmf-dist/tex/latex/amsmath/amsmath.sty
Package: amsmath 2023/05/13 v2.17o AMS math features
\@mathmargin=\skip54

For additional information on amsmath, use the `?' option.
(/usr/local/texlive/2023/texmf-dist/tex/latex/amsmath/amstext.sty
Package: amstext 2021/08/26 v2.01 AMS text

(/usr/local/texlive/2023/texmf-dist/tex/latex/amsmath/amsgen.sty
File: amsgen.sty 1999/11/30 v2.0 generic functions
\@emptytoks=\toks19
\ex@=\dimen142
))
(/usr/local/texlive/2023/texmf-dist/tex/latex/amsmath/amsbsy.sty
Package: amsbsy 1999/11/29 v1.2d Bold Symbols
LaTeX Info: Redefining \boldsymbol on input line 28.
\pmbraise@=\dimen143
)
(/usr/local/texlive/2023/texmf-dist/tex/latex/amsmath/amsopn.sty
Package: amsopn 2022/04/08 v2.04 operator names
)
\inf@bad=\count199
LaTeX Info: Redefining \frac on input line 234.
\uproot@=\count266
\leftroot@=\count267
LaTeX Info: Redefining \overline on input line 399.
LaTeX Info: Redefining \colon on input line 410.
\classnum@=\count268
\DOTSCASE@=\count269
LaTeX Info: Redefining \ldots on input line 496.
LaTeX Info: Redefining \dots on input line 499.
LaTeX Info: Redefining \cdots on input line 620.
\Mathstrutbox@=\box56
\strutbox@=\box57
LaTeX Info: Redefining \big on input line 722.
LaTeX Info: Redefining \Big on input line 723.
LaTeX Info: Redefining \bigg on input line 724.
LaTeX Info: Redefining \Bigg on input line 725.
\big@size=\dimen144
LaTeX Font Info:    Redeclaring font encoding OML on input line 743.
LaTeX Font Info:    Redeclaring font encoding OMS on input line 744.
\macc@depth=\count270
LaTeX Info: Redefining \bmod on input line 905.
LaTeX Info: Redefining \pmod on input line 910.
LaTeX Info: Redefining \smash on input line 940.
LaTeX Info: Redefining \relbar on input line 970.
LaTeX Info: Redefining \Relbar on input line 971.
\c@MaxMatrixCols=\count271
\dotsspace@=\muskip17
\c@parentequation=\count272
\dspbrk@lvl=\count273
\tag@help=\toks20
\row@=\count274
\column@=\count275
\maxfields@=\count276
\andhelp@=\toks21
\eqnshift@=\dimen145
\alignsep@=\dimen146
\tagshift@=\dimen147
\tagwidth@=\dimen148
\totwidth@=\dimen149
\lineht@=\dimen150
\@envbody=\toks22
\multlinegap=\skip55
\multlinetaggap=\skip56
\mathdisplay@stack=\toks23
LaTeX Info: Redefining \[ on input line 2953.
LaTeX Info: Redefining \] on input line 2954.
)
(/usr/local/texlive/2023/texmf-dist/tex/latex/amsfonts/amsfonts.sty
Package: amsfonts 2013/01/14 v3.01 Basic AMSFonts support
\symAMSa=\mathgroup7
\symAMSb=\mathgroup8
LaTeX Font Info:    Redeclaring math symbol \hbar on input line 98.
LaTeX Font Info:    Overwriting math alphabet `\mathfrak' in version `bold'
(Font)                  U/euf/m/n --> U/euf/b/n on input line 106.
)
(/usr/local/texlive/2023/texmf-dist/tex/latex/amsfonts/amssymb.sty
Package: amssymb 2013/01/14 v3.01 AMS font symbols
)
(/usr/local/texlive/2023/texmf-dist/tex/latex/jknapltx/mathrsfs.sty
Package: mathrsfs 1996/01/01 Math RSFS package v1.0 (jk)
\symrsfs=\mathgroup9
)
\ldescriptionwidth=\skip57

(/usr/local/texlive/2023/texmf-dist/tex/generic/iftex/iftex.sty
Package: iftex 2022/02/03 v1.0f TeX engine tests
)
(/usr/local/texlive/2023/texmf-dist/tex/latex/base/fontenc.sty
Package: fontenc 2021/04/29 v2.0v Standard LaTeX package
)
(/usr/local/texlive/2023/texmf-dist/tex/latex/psnfss/times.sty
Package: times 2020/03/25 PSNFSS-v9.3 (SPQR) 
)
(/usr/local/texlive/2023/texmf-dist/tex/latex/inconsolata/zi4.sty
Package: zi4 2019/05/17 v1.12

`inconsolata-zi4' v1.12, 2019/05/17 Text macros for Inconsolata (msharpe)
(/usr/local/texlive/2023/texmf-dist/tex/latex/xkeyval/xkeyval.sty
Package: xkeyval 2022/06/16 v2.9 package option processing (HA)

(/usr/local/texlive/2023/texmf-dist/tex/generic/xkeyval/xkeyval.tex
(/usr/local/texlive/2023/texmf-dist/tex/generic/xkeyval/xkvutils.tex
\XKV@toks=\toks24
\XKV@tempa@toks=\toks25

(/usr/local/texlive/2023/texmf-dist/tex/generic/xkeyval/keyval.tex))
\XKV@depth=\count277
File: xkeyval.tex 2014/12/03 v2.7a key=value parser (HA)
))
\zifour@ocount=\count278
)
(/usr/local/texlive/2023/texmf-dist/tex/latex/graphics/color.sty
Package: color 2022/01/06 v1.3d Standard LaTeX Color (DPC)

(/usr/local/texlive/2023/texmf-dist/tex/latex/graphics-cfg/color.cfg
File: color.cfg 2016/01/02 v1.6 sample color configuration
)
Package color Info: Driver file: pdftex.def on input line 149.

(/usr/local/texlive/2023/texmf-dist/tex/latex/graphics-def/pdftex.def
File: pdftex.def 2022/09/22 v1.2b Graphics/color driver for pdftex
)
(/usr/local/texlive/2023/texmf-dist/tex/latex/graphics/mathcolor.ltx))
(/usr/local/texlive/2023/texmf-dist/tex/latex/hyperref/hyperref.sty
Package: hyperref 2023-06-25 v7.01a Hypertext links for LaTeX

(/usr/local/texlive/2023/texmf-dist/tex/generic/ltxcmds/ltxcmds.sty
Package: ltxcmds 2020-05-10 v1.25 LaTeX kernel commands for general use (HO)
)
(/usr/local/texlive/2023/texmf-dist/tex/generic/pdftexcmds/pdftexcmds.sty
Package: pdftexcmds 2020-06-27 v0.33 Utility functions of pdfTeX for LuaTeX (HO
)

(/usr/local/texlive/2023/texmf-dist/tex/generic/infwarerr/infwarerr.sty
Package: infwarerr 2019/12/03 v1.5 Providing info/warning/error messages (HO)
)
Package pdftexcmds Info: \pdf@primitive is available.
Package pdftexcmds Info: \pdf@ifprimitive is available.
Package pdftexcmds Info: \pdfdraftmode found.
)
(/usr/local/texlive/2023/texmf-dist/tex/latex/kvsetkeys/kvsetkeys.sty
Package: kvsetkeys 2022-10-05 v1.19 Key value parser (HO)
)
(/usr/local/texlive/2023/texmf-dist/tex/generic/kvdefinekeys/kvdefinekeys.sty
Package: kvdefinekeys 2019-12-19 v1.6 Define keys (HO)
)
(/usr/local/texlive/2023/texmf-dist/tex/generic/pdfescape/pdfescape.sty
Package: pdfescape 2019/12/09 v1.15 Implements pdfTeX's escape features (HO)
)
(/usr/local/texlive/2023/texmf-dist/tex/latex/hycolor/hycolor.sty
Package: hycolor 2020-01-27 v1.10 Color options for hyperref/bookmark (HO)
)
(/usr/local/texlive/2023/texmf-dist/tex/latex/letltxmacro/letltxmacro.sty
Package: letltxmacro 2019/12/03 v1.6 Let assignment for LaTeX macros (HO)
)
(/usr/local/texlive/2023/texmf-dist/tex/latex/auxhook/auxhook.sty
Package: auxhook 2019-12-17 v1.6 Hooks for auxiliary files (HO)
)
(/usr/local/texlive/2023/texmf-dist/tex/latex/hyperref/nameref.sty
Package: nameref 2023-06-18 v2.52 Cross-referencing by name of section

(/usr/local/texlive/2023/texmf-dist/tex/latex/refcount/refcount.sty
Package: refcount 2019/12/15 v3.6 Data extraction from label references (HO)
)
(/usr/local/texlive/2023/texmf-dist/tex/generic/gettitlestring/gettitlestring.s
ty
Package: gettitlestring 2019/12/15 v1.6 Cleanup title references (HO)
 (/usr/local/texlive/2023/texmf-dist/tex/latex/kvoptions/kvoptions.sty
Package: kvoptions 2022-06-15 v3.15 Key value format for package options (HO)
))
\c@section@level=\count279
)
(/usr/local/texlive/2023/texmf-dist/tex/latex/etoolbox/etoolbox.sty
Package: etoolbox 2020/10/05 v2.5k e-TeX tools for LaTeX (JAW)
\etb@tempcnta=\count280
)
\@linkdim=\dimen151
\Hy@linkcounter=\count281
\Hy@pagecounter=\count282

(/usr/local/texlive/2023/texmf-dist/tex/latex/hyperref/pd1enc.def
File: pd1enc.def 2023-06-25 v7.01a Hyperref: PDFDocEncoding definition (HO)
Now handling font encoding PD1 ...
... no UTF-8 mapping file for font encoding PD1
)
(/usr/local/texlive/2023/texmf-dist/tex/generic/intcalc/intcalc.sty
Package: intcalc 2019/12/15 v1.3 Expandable calculations with integers (HO)
)
\Hy@SavedSpaceFactor=\count283

(/usr/local/texlive/2023/texmf-dist/tex/latex/hyperref/puenc.def
File: puenc.def 2023-06-25 v7.01a Hyperref: PDF Unicode definition (HO)
Now handling font encoding PU ...
... no UTF-8 mapping file for font encoding PU
)
Package hyperref Info: Hyper figures OFF on input line 4167.
Package hyperref Info: Link nesting OFF on input line 4172.
Package hyperref Info: Hyper index ON on input line 4175.
Package hyperref Info: Plain pages OFF on input line 4182.
Package hyperref Info: Backreferencing OFF on input line 4187.
Package hyperref Info: Implicit mode ON; LaTeX internals redefined.
Package hyperref Info: Bookmarks ON on input line 4434.
\c@Hy@tempcnt=\count284
LaTeX Info: Redefining \url on input line 4772.
\XeTeXLinkMargin=\dimen152

(/usr/local/texlive/2023/texmf-dist/tex/generic/bitset/bitset.sty
Package: bitset 2019/12/09 v1.3 Handle bit-vector datatype (HO)

(/usr/local/texlive/2023/texmf-dist/tex/generic/bigintcalc/bigintcalc.sty
Package: bigintcalc 2019/12/15 v1.5 Expandable calculations on big integers (HO
)
))
\Fld@menulength=\count285
\Field@Width=\dimen153
\Fld@charsize=\dimen154
Package hyperref Info: Hyper figures OFF on input line 6051.
Package hyperref Info: Link nesting OFF on input line 6056.
Package hyperref Info: Hyper index ON on input line 6059.
Package hyperref Info: backreferencing OFF on input line 6066.
Package hyperref Info: Link coloring OFF on input line 6071.
Package hyperref Info: Link coloring with OCG OFF on input line 6076.
Package hyperref Info: PDF/A mode OFF on input line 6081.

(/usr/local/texlive/2023/texmf-dist/tex/latex/base/atbegshi-ltx.sty
Package: atbegshi-ltx 2021/01/10 v1.0c Emulation of the original atbegshi
package with kernel methods
)
\Hy@abspage=\count286
\c@Item=\count287
\c@Hfootnote=\count288
)
Package hyperref Info: Driver (autodetected): hpdftex.

(/usr/local/texlive/2023/texmf-dist/tex/latex/hyperref/hpdftex.def
File: hpdftex.def 2023-06-25 v7.01a Hyperref driver for pdfTeX

(/usr/local/texlive/2023/texmf-dist/tex/latex/base/atveryend-ltx.sty
Package: atveryend-ltx 2020/08/19 v1.0a Emulation of the original atveryend pac
kage
with kernel methods
)
\Fld@listcount=\count289
\c@bookmark@seq@number=\count290

(/usr/local/texlive/2023/texmf-dist/tex/latex/rerunfilecheck/rerunfilecheck.sty
Package: rerunfilecheck 2022-07-10 v1.10 Rerun checks for auxiliary files (HO)

(/usr/local/texlive/2023/texmf-dist/tex/generic/uniquecounter/uniquecounter.sty
Package: uniquecounter 2019/12/15 v1.4 Provide unlimited unique counter (HO)
)
Package uniquecounter Info: New unique counter `rerunfilecheck' on input line 2
85.
)
\Hy@SectionHShift=\skip58
)
Package hyperref Info: Option `colorlinks' set `true' on input line 390.
Package hyperref Info: Option `linktocpage' set `true' on input line 390.
Package hyperref Info: Option `plainpages' set `false' on input line 390.
) (/usr/local/texlive/2023/texmf-dist/tex/latex/base/makeidx.sty
Package: makeidx 2021/10/04 v1.0m Standard LaTeX package
)
(/usr/local/texlive/2023/texmf-dist/tex/latex/base/inputenc.sty
Package: inputenc 2021/02/14 v1.3d Input encoding file
\inpenc@prehook=\toks26
\inpenc@posthook=\toks27
)
\@indexfile=\write3
\openout3 = `Rd2.idx'.


Writing index file Rd2.idx
LaTeX Font Info:    Trying to load font information for T1+ptm on input line 8.

(/usr/local/texlive/2023/texmf-dist/tex/latex/psnfss/t1ptm.fd
File: t1ptm.fd 2001/06/04 font definitions for T1/ptm.
)
(/usr/local/texlive/2023/texmf-dist/tex/latex/l3backend/l3backend-pdftex.def
File: l3backend-pdftex.def 2023-04-19 L3 backend support: PDF output (pdfTeX)
\l__color_backend_stack_int=\count291
\l__pdf_internal_box=\box58
)
(/private/var/folders/yz/3s5p1pss4352wtlzt9_bzbp00000gp/T/RtmpJGGe4V/Rd2pdfd1c5
4a595b5d/Rd2.aux)
\openout1 = `Rd2.aux'.

LaTeX Font Info:    Checking defaults for OML/cmm/m/it on input line 8.
LaTeX Font Info:    ... okay on input line 8.
LaTeX Font Info:    Checking defaults for OMS/cmsy/m/n on input line 8.
LaTeX Font Info:    ... okay on input line 8.
LaTeX Font Info:    Checking defaults for OT1/cmr/m/n on input line 8.
LaTeX Font Info:    ... okay on input line 8.
LaTeX Font Info:    Checking defaults for T1/cmr/m/n on input line 8.
LaTeX Font Info:    ... okay on input line 8.
LaTeX Font Info:    Checking defaults for TS1/cmr/m/n on input line 8.
LaTeX Font Info:    ... okay on input line 8.
LaTeX Font Info:    Checking defaults for OMX/cmex/m/n on input line 8.
LaTeX Font Info:    ... okay on input line 8.
LaTeX Font Info:    Checking defaults for U/cmr/m/n on input line 8.
LaTeX Font Info:    ... okay on input line 8.
LaTeX Font Info:    Checking defaults for PD1/pdf/m/n on input line 8.
LaTeX Font Info:    ... okay on input line 8.
LaTeX Font Info:    Checking defaults for PU/pdf/m/n on input line 8.
LaTeX Font Info:    ... okay on input line 8.

(/usr/local/texlive/2023/texmf-dist/tex/context/base/mkii/supp-pdf.mkii
[Loading MPS to PDF converter (version 2006.09.02).]
\scratchcounter=\count292
\scratchdimen=\dimen155
\scratchbox=\box59
\nofMPsegments=\count293
\nofMParguments=\count294
\everyMPshowfont=\toks28
\MPscratchCnt=\count295
\MPscratchDim=\dimen156
\MPnumerator=\count296
\makeMPintoPDFobject=\count297
\everyMPtoPDFconversion=\toks29
)
Package hyperref Info: Link coloring ON on input line 8.

(/private/var/folders/yz/3s5p1pss4352wtlzt9_bzbp00000gp/T/RtmpJGGe4V/Rd2pdfd1c5
4a595b5d/Rd2.out)
(/private/var/folders/yz/3s5p1pss4352wtlzt9_bzbp00000gp/T/RtmpJGGe4V/Rd2pdfd1c5
4a595b5d/Rd2.out)
\@outlinefile=\write4
\openout4 = `Rd2.out'.

LaTeX Font Info:    Trying to load font information for T1+zi4 on input line 23
.

(/usr/local/texlive/2023/texmf-dist/tex/latex/inconsolata/t1zi4.fd
File: t1zi4.fd 2018/01/14 T1/zi4 (Inconsolata)
)
LaTeX Font Info:    Font shape `T1/zi4/m/n' will be
(Font)              scaled to size 10.0pt on input line 23.
LaTeX Font Info:    Trying to load font information for TS1+ptm on input line 3
1.

(/usr/local/texlive/2023/texmf-dist/tex/latex/psnfss/ts1ptm.fd
File: ts1ptm.fd 2001/06/04 font definitions for TS1/ptm.
)
LaTeX Font Info:    Trying to load font information for U+msa on input line 31.


(/usr/local/texlive/2023/texmf-dist/tex/latex/amsfonts/umsa.fd
File: umsa.fd 2013/01/14 v3.01 AMS symbols A
)
LaTeX Font Info:    Trying to load font information for U+msb on input line 31.


(/usr/local/texlive/2023/texmf-dist/tex/latex/amsfonts/umsb.fd
File: umsb.fd 2013/01/14 v3.01 AMS symbols B
)
LaTeX Font Info:    Trying to load font information for U+rsfs on input line 31
.

(/usr/local/texlive/2023/texmf-dist/tex/latex/jknapltx/ursfs.fd
File: ursfs.fd 1998/03/24 rsfs font definition file (jk)
)
LaTeX Font Info:    Trying to load font information for T1+phv on input line 51
.

(/usr/local/texlive/2023/texmf-dist/tex/latex/psnfss/t1phv.fd
File: t1phv.fd 2020/03/25 scalable font definitions for T1/phv.
)
(/private/var/folders/yz/3s5p1pss4352wtlzt9_bzbp00000gp/T/RtmpJGGe4V/Rd2pdfd1c5
4a595b5d/Rd2.toc [1


{/usr/local/texlive/2023/texmf-var/fonts/map/pdftex/updmap/pdftex.map}{/usr/loc
al/texlive/2023/texmf-dist/fonts/enc/dvips/base/8r.enc}{/usr/local/texlive/2023
/texmf-dist/fonts/enc/dvips/inconsolata/i4-t1-0.enc}])
\tf@toc=\write5
\openout5 = `Rd2.toc'.


[2]
Overfull \hbox (12.6373pt too wide) in paragraph at lines 161--164
[][][]\T1/ptm/m/n/10 character[][][] string (\T1/ptm/m/it/10 with de-fault\T1/p
tm/m/n/10 ): in-te-gral er-ror es-ti-ma-tion ap-proach, ei-ther []\T1/zi4/m/n/1
0 "empiric"
 []

[3]
Overfull \hbox (20.18642pt too wide) in paragraph at lines 202--207
[]\T1/ptm/m/n/10 As al-ter-na-tive al-go-rithm, Levenberg-Marquardt non-lin-ear
 re-gres-sion is avail-able, see [][]min-pack.lm::nlsLM[][][]
 []

[4] [5]
LaTeX Font Info:    Font shape `T1/zi4/m/n' will be
(Font)              scaled to size 9.0pt on input line 315.
 [6] [7] [8]
Overfull \hbox (66.25981pt too wide) in alignment at lines 485--485
 [] [] [] 
 []


Overfull \hbox (54.05728pt too wide) in paragraph at lines 519--521
[][][]\T1/ptm/m/n/10 RLum.OSL_decomposition[][][], [][]sum_OSLcurves[][][], [][
]de-com-pose_OSLcurve[][][], [][]plot_OSLcurve[][][], [][]plot_PhotoCrosssectio
ns[][][],
 []

[9]
Overfull \hbox (26.68665pt too wide) in paragraph at lines 542--544
[]\T1/ptm/m/n/10 This func-tion de-fines in-te-gra-tion in-ter-vals for CW-OSL 
com-po-nent sep-a-ra-tion with [][]de-com-pose_OSLcurve[][][].
 []


Overfull \hbox (10.46823pt too wide) in paragraph at lines 569--572
\T1/ptm/m/n/10 serves as time axis tem-plate. The in-put curve will be used to 
de-fine []\T1/zi4/m/n/10 channel.width
 []

[10] [11] [12]
Overfull \hbox (53.98825pt too wide) in paragraph at lines 710--715
\T1/ptm/m/n/10 is for-warded to [][]gg-plot2::theme_set[][][]. Rec-om-mended th
emes are []\T1/zi4/m/n/10 ggplot2::theme_minimal()[]\T1/ptm/m/n/10 ,
 []


Overfull \hbox (12.25989pt too wide) in paragraph at lines 710--715
[]\T1/zi4/m/n/10 ggplot2::theme_classic() []\T1/ptm/m/n/10 and []\T1/zi4/m/n/10
 ggplot2::theme_bw()[]\T1/ptm/m/n/10 , see [][]gg-plot2::theme_bw[][][]
 []


Overfull \hbox (350.49683pt too wide) in alignment at lines 748--748
 [] [] 
 []

[13]
Overfull \hbox (6.75635pt too wide) in paragraph at lines 798--798
 []\T1/zi4/m/n/9 curve <- simulate_OSLcomponents(components, simulate.curve = T
RUE, add.poisson.noise = TRUE)[] 
 []

[14]
Overfull \hbox (14.02776pt too wide) in paragraph at lines 835--838
\T1/ptm/m/n/10 late the pho-toion-i-sa-tion cross sec-tions. If not given, the 
in-put value for [][]fit_OSLcurve[][][]
 []

[15]
Overfull \hbox (6.75635pt too wide) in paragraph at lines 924--924
 []\T1/zi4/m/n/9 curve <- simulate_OSLcomponents(components, simulate.curve = T
RUE, add.poisson.noise = TRUE)[] 
 []

[16]
Overfull \hbox (16.50032pt too wide) in paragraph at lines 965--968
[]\T1/zi4/m/n/10 object[[]]@records[[]]@recordType[]\T1/ptm/m/n/10 . Com-mon ar
e: []\T1/zi4/m/n/10 "OSL"[]\T1/ptm/m/n/10 ,[]\T1/zi4/m/n/10 "SGOSL" []\T1/ptm/m
/n/10 or []\T1/zi4/m/n/10 "IRSL"[]\T1/ptm/m/n/10 . 
 []


Overfull \hbox (73.82906pt too wide) in paragraph at lines 969--975
\T1/zi4/m/n/10 @recordType \T1/ptm/m/n/10 of the back-ground mea-sure-ments wil
l be re-named to []\T1/zi4/m/n/10 "{record_type}background"[]\T1/ptm/m/n/10 . 
 []


Overfull \hbox (13.25963pt too wide) in paragraph at lines 980--987
\T1/ptm/m/n/10 ram-e-ter will be enu-mer-ated []\T1/zi4/m/n/10 record_type "{re
cord_type}2"[]\T1/ptm/m/n/10 , []\T1/zi4/m/n/10 "{record_type}3"
 []

[17]
Overfull \hbox (18.74608pt too wide) in paragraph at lines 1011--1014
\T1/ptm/m/n/10 Those data sets must be for-mat-ted as [][]RLum.Analysis[][][] o
b-jects. Out-put ob-jects will also be [][]RLum.Analysis[][][]
 []

[18]
LaTeX Font Info:    Trying to load font information for TS1+zi4 on input line 1
107.
 (/usr/local/texlive/2023/texmf-dist/tex/latex/inconsolata/ts1zi4.fd
File: ts1zi4.fd 2018/01/14 TS1/zi4 (Inconsolata)
)
LaTeX Font Info:    Font shape `TS1/zi4/m/n' will be
(Font)              scaled to size 9.0pt on input line 1107.

Overfull \hbox (15.75635pt too wide) in paragraph at lines 1114--1114
 []\T1/zi4/m/n/9 data_set_corrected <- RLum.OSL_correction(data_set, background
 = 11, remove_light_off = FALSE)[] 
 []

[19{/usr/local/texlive/2023/texmf-dist/fonts/enc/dvips/inconsolata/i4-ts1.enc}]
[20]
Overfull \hbox (8.89772pt too wide) in paragraph at lines 1207--1210
\T1/ptm/m/n/10 Uses the []\T1/zi4/m/n/10 "det" []\T1/ptm/m/n/10 al-go-rithm if 
a back-ground cor-rec-tion was per-formed with [][]RLum.OSL_correction[][][]
 []


Overfull \hbox (60.96652pt too wide) in paragraph at lines 1215--1219
[]\T1/ptm/m/n/10 Data sets must be for-mat-ted as [][]RLum.Analysis[][][] ob-je
cts and should have been pro-cessed with [][]RLum.OSL_correction[][][]
 []


Overfull \hbox (82.88737pt too wide) in paragraph at lines 1231--1233
[]\T1/ptm/m/n/10 The in-put []\T1/zi4/m/n/10 object[]\T1/ptm/m/n/10 , a [][]lis
t[][][] of [][]RLum.Analysis[][][] ob-jects is re-turned but with a new list el
-e-ment []\T1/zi4/m/n/10 object[["DECOMPOSITION"]][]\T1/ptm/m/n/10 ,
 []


Overfull \hbox (2.3679pt too wide) in paragraph at lines 1243--1246
[]\T1/ptm/m/n/10 The [][]RLum.Data.Curve[][][] at-tribute \T1/zi4/m/n/10 @info 
\T1/ptm/m/n/10 of each CW-OSL record con-tains the new en-try \T1/zi4/m/n/10 $C
OMPONENTS
 []

[21]
Overfull \hbox (62.81647pt too wide) in paragraph at lines 1274--1275
[][][]\T1/ptm/m/n/10 RLum.OSL_global_fitting[][][], [][]de-com-pose_OSLcurve[][
][], [][]op-ti-mise_OSLintervals[][][], [][]Lu-mi-nes-cence::analyse_SAR.CWOSL[
][][] 
 []

[22]
Overfull \hbox (60.96652pt too wide) in paragraph at lines 1381--1385
[]\T1/ptm/m/n/10 Data sets must be for-mat-ted as [][]RLum.Analysis[][][] ob-je
cts and should have been pro-cessed with [][]RLum.OSL_correction[][][]
 []

[23]
Overfull \hbox (87.88737pt too wide) in paragraph at lines 1397--1399
[]\T1/ptm/m/n/10 The in-put []\T1/zi4/m/n/10 object[]\T1/ptm/m/n/10 , a [][]lis
t[][][] of [][]RLum.Analysis[][][] ob-jects is re-turned but with a new list el
-e-ment []\T1/zi4/m/n/10 object[["OSL_COMPONENTS"]][]\T1/ptm/m/n/10 ,
 []

[24] [25]
Overfull \hbox (36.6179pt too wide) in paragraph at lines 1512--1514
[][][]\T1/ptm/m/n/10 logical[][][] (\T1/ptm/m/it/10 with de-fault\T1/ptm/m/n/10
 ): Adds pois-son dis-tributed shot noise to \T1/zi4/m/n/10 $signal \T1/ptm/m/n
/10 if []\T1/zi4/m/n/10 simulate.curve
 []

[26]
Overfull \hbox (6.75635pt too wide) in paragraph at lines 1565--1565
 []\T1/zi4/m/n/9 curve <- simulate_OSLcomponents(components, simulate.curve = T
RUE, add.poisson.noise = TRUE)[] 
 []

[27]
(/private/var/folders/yz/3s5p1pss4352wtlzt9_bzbp00000gp/T/RtmpJGGe4V/Rd2pdfd1c5
4a595b5d/Rd2.ind [28]

LaTeX Font Warning: Font shape `T1/zi4/m/it' undefined
(Font)              using `T1/zi4/m/n' instead on input line 118.

[29

])
(/private/var/folders/yz/3s5p1pss4352wtlzt9_bzbp00000gp/T/RtmpJGGe4V/Rd2pdfd1c5
4a595b5d/Rd2.aux)

LaTeX Font Warning: Some font shapes were not available, defaults substituted.

Package rerunfilecheck Info: File `Rd2.out' has not changed.
(rerunfilecheck)             Checksum: F5A12B338EBA9289FF17CF6702B85817;1852.
 ) 
Here is how much of TeX's memory you used:
 10995 strings out of 475463
 170143 string characters out of 5770690
 1931228 words of memory out of 5000000
 31613 multiletter control sequences out of 15000+600000
 595448 words of font info for 83 fonts, out of 8000000 for 9000
 1141 hyphenation exceptions out of 8191
 92i,6n,92p,346b,728s stack positions out of 10000i,1000n,20000p,200000b,200000s

pdfTeX warning (dest): name{Rfn.knitr::kable} has been referenced but does not 
exist, replaced by a fixed one


pdfTeX warning (dest): name{Rfn.rmarkdown.Rdash.package} has been referenced bu
t does not exist, replaced by a fixed one


pdfTeX warning (dest): name{Rfn.Luminescence::analyse.Rul.SAR.CWOSL} has been r
eferenced but does not exist, replaced by a fixed one


pdfTeX warning (dest): name{Rfn.rmarkdown} has been referenced but does not exi
st, replaced by a fixed one


pdfTeX warning (dest): name{Rfn.Luminescence.Rdash.package} has been referenced
 but does not exist, replaced by a fixed one


pdfTeX warning (dest): name{Rfn.RLum.Analysis.Rdash.class} has been referenced 
but does not exist, replaced by a fixed one


pdfTeX warning (dest): name{Rfn.ggplot2.Rdash.package} has been referenced but 
does not exist, replaced by a fixed one


pdfTeX warning (dest): name{Rfn.ggplot2::ggplot} has been referenced but does n
ot exist, replaced by a fixed one


pdfTeX warning (dest): name{Rfn.ggplot2::ggsave} has been referenced but does n
ot exist, replaced by a fixed one


pdfTeX warning (dest): name{Rfn.gridExtra::grid.arrange} has been referenced bu
t does not exist, replaced by a fixed one


pdfTeX warning (dest): name{Rfn.ggplot2::theme.Rul.bw} has been referenced but 
does not exist, replaced by a fixed one


pdfTeX warning (dest): name{Rfn.ggplot2::theme.Rul.set} has been referenced but
 does not exist, replaced by a fixed one


pdfTeX warning (dest): name{Rfn.ggplot2} has been referenced but does not exist
, replaced by a fixed one


pdfTeX warning (dest): name{Rfn.nls} has been referenced but does not exist, re
placed by a fixed one


pdfTeX warning (dest): name{Rfn.vector} has been referenced but does not exist,
 replaced by a fixed one


pdfTeX warning (dest): name{Rfn.list} has been referenced but does not exist, r
eplaced by a fixed one


pdfTeX warning (dest): name{Rfn.DEoptim::DEoptim} has been referenced but does 
not exist, replaced by a fixed one


pdfTeX warning (dest): name{Rfn.DEoptim::DEoptim.control} has been referenced b
ut does not exist, replaced by a fixed one


pdfTeX warning (dest): name{Rfn.minpack.lm::nlsLM} has been referenced but does
 not exist, replaced by a fixed one


pdfTeX warning (dest): name{Rfn.character} has been referenced but does not exi
st, replaced by a fixed one


pdfTeX warning (dest): name{Rfn.logical} has been referenced but does not exist
, replaced by a fixed one


pdfTeX warning (dest): name{Rfn.numeric} has been referenced but does not exist
, replaced by a fixed one


pdfTeX warning (dest): name{Rfn.RLum.Data.Curve.Rdash.class} has been reference
d but does not exist, replaced by a fixed one


pdfTeX warning (dest): name{Rfn.matrix} has been referenced but does not exist,
 replaced by a fixed one


pdfTeX warning (dest): name{Rfn.data.frame} has been referenced but does not ex
ist, replaced by a fixed one

</usr/local/texlive/2023/texmf-dist/fonts/type1/public/inconsolata/Inconsolata-
zi4r.pfb></usr/local/texlive/2023/texmf-dist/fonts/type1/public/amsfonts/cm/cmm
i10.pfb></usr/local/texlive/2023/texmf-dist/fonts/type1/public/amsfonts/cm/cmmi
7.pfb></usr/local/texlive/2023/texmf-dist/fonts/type1/public/amsfonts/cm/cmr10.
pfb></usr/local/texlive/2023/texmf-dist/fonts/type1/public/amsfonts/cm/cmr7.pfb
></usr/local/texlive/2023/texmf-dist/fonts/type1/public/amsfonts/cm/cmsy10.pfb>
</usr/local/texlive/2023/texmf-dist/fonts/type1/public/amsfonts/cm/cmsy7.pfb></
usr/local/texlive/2023/texmf-dist/fonts/type1/urw/helvetic/uhvr8a.pfb></usr/loc
al/texlive/2023/texmf-dist/fonts/type1/urw/times/utmb8a.pfb></usr/local/texlive
/2023/texmf-dist/fonts/type1/urw/times/utmr8a.pfb></usr/local/texlive/2023/texm
f-dist/fonts/type1/urw/times/utmr8a.pfb></usr/local/texlive/2023/texmf-dist/fon
ts/type1/urw/times/utmri8a.pfb>
Output written on Rd2.pdf (29 pages, 241099 bytes).
PDF statistics:
 925 PDF objects out of 1000 (max. 8388607)
 860 compressed objects within 9 object streams
 198 named destinations out of 1000 (max. 500000)
 97 words of extra memory for PDF output out of 10000 (max. 10000000)

