Hmm ... looks like a package
Converting parsed Rd's to LaTeX .
Creating pdf output from LaTeX ...

This is pdfTeX, Version 3.141592653-2.6-1.40.25 (TeX Live 2023) (preloaded format=pdflatex)
 restricted \write18 enabled.
entering extended mode
LaTeX2e <2022-11-01> patch level 1
L3 programming layer <2023-06-30> (./Rd2.tex
(/usr/local/texlive/2023/texmf-dist/tex/latex/base/book.cls
Document Class: book 2022/07/02 v1.4n Standard LaTeX document class
(/usr/local/texlive/2023/texmf-dist/tex/latex/base/bk10.clo))
(/Library/Frameworks/R.framework/Resources/share/texmf/tex/latex/Rd.sty
(/usr/local/texlive/2023/texmf-dist/tex/latex/base/ifthen.sty)
(/usr/local/texlive/2023/texmf-dist/tex/latex/tools/longtable.sty)
(/usr/local/texlive/2023/texmf-dist/tex/latex/tools/bm.sty)
(/usr/local/texlive/2023/texmf-dist/tex/latex/base/alltt.sty)
(/usr/local/texlive/2023/texmf-dist/tex/latex/tools/verbatim.sty)
(/usr/local/texlive/2023/texmf-dist/tex/latex/url/url.sty)
(/usr/local/texlive/2023/texmf-dist/tex/latex/base/textcomp.sty)
(/usr/local/texlive/2023/texmf-dist/tex/latex/amsmath/amsmath.sty
For additional information on amsmath, use the `?' option.
(/usr/local/texlive/2023/texmf-dist/tex/latex/amsmath/amstext.sty
(/usr/local/texlive/2023/texmf-dist/tex/latex/amsmath/amsgen.sty))
(/usr/local/texlive/2023/texmf-dist/tex/latex/amsmath/amsbsy.sty)
(/usr/local/texlive/2023/texmf-dist/tex/latex/amsmath/amsopn.sty))
(/usr/local/texlive/2023/texmf-dist/tex/latex/amsfonts/amsfonts.sty)
(/usr/local/texlive/2023/texmf-dist/tex/latex/amsfonts/amssymb.sty)
(/usr/local/texlive/2023/texmf-dist/tex/latex/jknapltx/mathrsfs.sty)
(/usr/local/texlive/2023/texmf-dist/tex/generic/iftex/iftex.sty)
(/usr/local/texlive/2023/texmf-dist/tex/latex/base/fontenc.sty)
(/usr/local/texlive/2023/texmf-dist/tex/latex/psnfss/times.sty)
(/usr/local/texlive/2023/texmf-dist/tex/latex/inconsolata/zi4.sty
`inconsolata-zi4' v1.12, 2019/05/17 Text macros for Inconsolata (msharpe)
(/usr/local/texlive/2023/texmf-dist/tex/latex/xkeyval/xkeyval.sty
(/usr/local/texlive/2023/texmf-dist/tex/generic/xkeyval/xkeyval.tex
(/usr/local/texlive/2023/texmf-dist/tex/generic/xkeyval/xkvutils.tex
(/usr/local/texlive/2023/texmf-dist/tex/generic/xkeyval/keyval.tex)))))
(/usr/local/texlive/2023/texmf-dist/tex/latex/graphics/color.sty
(/usr/local/texlive/2023/texmf-dist/tex/latex/graphics-cfg/color.cfg)
(/usr/local/texlive/2023/texmf-dist/tex/latex/graphics-def/pdftex.def)
(/usr/local/texlive/2023/texmf-dist/tex/latex/graphics/mathcolor.ltx))
(/usr/local/texlive/2023/texmf-dist/tex/latex/hyperref/hyperref.sty
(/usr/local/texlive/2023/texmf-dist/tex/generic/ltxcmds/ltxcmds.sty)
(/usr/local/texlive/2023/texmf-dist/tex/generic/pdftexcmds/pdftexcmds.sty
(/usr/local/texlive/2023/texmf-dist/tex/generic/infwarerr/infwarerr.sty))
(/usr/local/texlive/2023/texmf-dist/tex/latex/kvsetkeys/kvsetkeys.sty)
(/usr/local/texlive/2023/texmf-dist/tex/generic/kvdefinekeys/kvdefinekeys.sty)
(/usr/local/texlive/2023/texmf-dist/tex/generic/pdfescape/pdfescape.sty)
(/usr/local/texlive/2023/texmf-dist/tex/latex/hycolor/hycolor.sty)
(/usr/local/texlive/2023/texmf-dist/tex/latex/letltxmacro/letltxmacro.sty)
(/usr/local/texlive/2023/texmf-dist/tex/latex/auxhook/auxhook.sty)
(/usr/local/texlive/2023/texmf-dist/tex/latex/hyperref/nameref.sty
(/usr/local/texlive/2023/texmf-dist/tex/latex/refcount/refcount.sty)
(/usr/local/texlive/2023/texmf-dist/tex/generic/gettitlestring/gettitlestring.s
ty (/usr/local/texlive/2023/texmf-dist/tex/latex/kvoptions/kvoptions.sty)))
(/usr/local/texlive/2023/texmf-dist/tex/latex/etoolbox/etoolbox.sty)
(/usr/local/texlive/2023/texmf-dist/tex/latex/hyperref/pd1enc.def)
(/usr/local/texlive/2023/texmf-dist/tex/generic/intcalc/intcalc.sty)
(/usr/local/texlive/2023/texmf-dist/tex/latex/hyperref/puenc.def)
(/usr/local/texlive/2023/texmf-dist/tex/generic/bitset/bitset.sty
(/usr/local/texlive/2023/texmf-dist/tex/generic/bigintcalc/bigintcalc.sty))
(/usr/local/texlive/2023/texmf-dist/tex/latex/base/atbegshi-ltx.sty))
(/usr/local/texlive/2023/texmf-dist/tex/latex/hyperref/hpdftex.def
(/usr/local/texlive/2023/texmf-dist/tex/latex/base/atveryend-ltx.sty)
(/usr/local/texlive/2023/texmf-dist/tex/latex/rerunfilecheck/rerunfilecheck.sty

(/usr/local/texlive/2023/texmf-dist/tex/generic/uniquecounter/uniquecounter.sty
)))) (/usr/local/texlive/2023/texmf-dist/tex/latex/base/makeidx.sty)
(/usr/local/texlive/2023/texmf-dist/tex/latex/base/inputenc.sty)
Writing index file Rd2.idx
(/usr/local/texlive/2023/texmf-dist/tex/latex/psnfss/t1ptm.fd)
(/usr/local/texlive/2023/texmf-dist/tex/latex/l3backend/l3backend-pdftex.def)
No file Rd2.aux.
(/usr/local/texlive/2023/texmf-dist/tex/context/base/mkii/supp-pdf.mkii
[Loading MPS to PDF converter (version 2006.09.02).]
) (/usr/local/texlive/2023/texmf-dist/tex/latex/inconsolata/t1zi4.fd)
(/usr/local/texlive/2023/texmf-dist/tex/latex/psnfss/ts1ptm.fd)
(/usr/local/texlive/2023/texmf-dist/tex/latex/amsfonts/umsa.fd)
(/usr/local/texlive/2023/texmf-dist/tex/latex/amsfonts/umsb.fd)
(/usr/local/texlive/2023/texmf-dist/tex/latex/jknapltx/ursfs.fd)
(/usr/local/texlive/2023/texmf-dist/tex/latex/psnfss/t1phv.fd)
No file Rd2.toc.
[1{/usr/local/texlive/2023/texmf-var/fonts/map/pdftex/updmap/pdftex.map}{/usr/l
ocal/texlive/2023/texmf-dist/fonts/enc/dvips/base/8r.enc}{/usr/local/texlive/20
23/texmf-dist/fonts/enc/dvips/inconsolata/i4-t1-0.enc}] [2]
Overfull \hbox (12.6373pt too wide) in paragraph at lines 161--164
[][][]\T1/ptm/m/n/10 character[][][] string (\T1/ptm/m/it/10 with de-fault\T1/p
tm/m/n/10 ): in-te-gral er-ror es-ti-ma-tion ap-proach, ei-ther []\T1/zi4/m/n/1
0 "empiric"
[3]
Overfull \hbox (20.18642pt too wide) in paragraph at lines 202--207
[]\T1/ptm/m/n/10 As al-ter-na-tive al-go-rithm, Levenberg-Marquardt non-lin-ear
 re-gres-sion is avail-able, see [][]min-pack.lm::nlsLM[][][]
[4] [5] [6] [7] [8]
Overfull \hbox (66.25981pt too wide) in alignment at lines 485--485
 [] [] [] 

Overfull \hbox (54.05728pt too wide) in paragraph at lines 519--521
[][][]\T1/ptm/m/n/10 RLum.OSL_decomposition[][][], [][]sum_OSLcurves[][][], [][
]de-com-pose_OSLcurve[][][], [][]plot_OSLcurve[][][], [][]plot_PhotoCrosssectio
ns[][][],
[9]
Overfull \hbox (26.68665pt too wide) in paragraph at lines 542--544
[]\T1/ptm/m/n/10 This func-tion de-fines in-te-gra-tion in-ter-vals for CW-OSL 
com-po-nent sep-a-ra-tion with [][]de-com-pose_OSLcurve[][][].

Overfull \hbox (10.46823pt too wide) in paragraph at lines 569--572
\T1/ptm/m/n/10 serves as time axis tem-plate. The in-put curve will be used to 
de-fine []\T1/zi4/m/n/10 channel.width
[10] [11] [12]
Overfull \hbox (53.98825pt too wide) in paragraph at lines 710--715
\T1/ptm/m/n/10 is for-warded to [][]gg-plot2::theme_set[][][]. Rec-om-mended th
emes are []\T1/zi4/m/n/10 ggplot2::theme_minimal()[]\T1/ptm/m/n/10 ,

Overfull \hbox (12.25989pt too wide) in paragraph at lines 710--715
[]\T1/zi4/m/n/10 ggplot2::theme_classic() []\T1/ptm/m/n/10 and []\T1/zi4/m/n/10
 ggplot2::theme_bw()[]\T1/ptm/m/n/10 , see [][]gg-plot2::theme_bw[][][]

Overfull \hbox (350.49683pt too wide) in alignment at lines 748--748
 [] [] 
[13]
Overfull \hbox (6.75635pt too wide) in paragraph at lines 798--798
 []\T1/zi4/m/n/9 curve <- simulate_OSLcomponents(components, simulate.curve = T
RUE, add.poisson.noise = TRUE)[] 
[14]
Overfull \hbox (14.02776pt too wide) in paragraph at lines 835--838
\T1/ptm/m/n/10 late the pho-toion-i-sa-tion cross sec-tions. If not given, the 
in-put value for [][]fit_OSLcurve[][][]
[15]
Overfull \hbox (6.75635pt too wide) in paragraph at lines 924--924
 []\T1/zi4/m/n/9 curve <- simulate_OSLcomponents(components, simulate.curve = T
RUE, add.poisson.noise = TRUE)[] 
[16]
Overfull \hbox (16.50032pt too wide) in paragraph at lines 965--968
[]\T1/zi4/m/n/10 object[[]]@records[[]]@recordType[]\T1/ptm/m/n/10 . Com-mon ar
e: []\T1/zi4/m/n/10 "OSL"[]\T1/ptm/m/n/10 ,[]\T1/zi4/m/n/10 "SGOSL" []\T1/ptm/m
/n/10 or []\T1/zi4/m/n/10 "IRSL"[]\T1/ptm/m/n/10 . 

Overfull \hbox (73.82906pt too wide) in paragraph at lines 969--975
\T1/zi4/m/n/10 @recordType \T1/ptm/m/n/10 of the back-ground mea-sure-ments wil
l be re-named to []\T1/zi4/m/n/10 "{record_type}background"[]\T1/ptm/m/n/10 . 

Overfull \hbox (13.25963pt too wide) in paragraph at lines 980--987
\T1/ptm/m/n/10 ram-e-ter will be enu-mer-ated []\T1/zi4/m/n/10 record_type "{re
cord_type}2"[]\T1/ptm/m/n/10 , []\T1/zi4/m/n/10 "{record_type}3"
[17]
Overfull \hbox (18.74608pt too wide) in paragraph at lines 1011--1014
\T1/ptm/m/n/10 Those data sets must be for-mat-ted as [][]RLum.Analysis[][][] o
b-jects. Out-put ob-jects will also be [][]RLum.Analysis[][][]
[18] (/usr/local/texlive/2023/texmf-dist/tex/latex/inconsolata/ts1zi4.fd)
Overfull \hbox (15.75635pt too wide) in paragraph at lines 1114--1114
 []\T1/zi4/m/n/9 data_set_corrected <- RLum.OSL_correction(data_set, background
 = 11, remove_light_off = FALSE)[] 
[19{/usr/local/texlive/2023/texmf-dist/fonts/enc/dvips/inconsolata/i4-ts1.enc}]
[20]
Overfull \hbox (8.89772pt too wide) in paragraph at lines 1207--1210
\T1/ptm/m/n/10 Uses the []\T1/zi4/m/n/10 "det" []\T1/ptm/m/n/10 al-go-rithm if 
a back-ground cor-rec-tion was per-formed with [][]RLum.OSL_correction[][][]

Overfull \hbox (60.96652pt too wide) in paragraph at lines 1215--1219
[]\T1/ptm/m/n/10 Data sets must be for-mat-ted as [][]RLum.Analysis[][][] ob-je
cts and should have been pro-cessed with [][]RLum.OSL_correction[][][]

Overfull \hbox (82.88737pt too wide) in paragraph at lines 1231--1233
[]\T1/ptm/m/n/10 The in-put []\T1/zi4/m/n/10 object[]\T1/ptm/m/n/10 , a [][]lis
t[][][] of [][]RLum.Analysis[][][] ob-jects is re-turned but with a new list el
-e-ment []\T1/zi4/m/n/10 object[["DECOMPOSITION"]][]\T1/ptm/m/n/10 ,

Overfull \hbox (2.3679pt too wide) in paragraph at lines 1243--1246
[]\T1/ptm/m/n/10 The [][]RLum.Data.Curve[][][] at-tribute \T1/zi4/m/n/10 @info 
\T1/ptm/m/n/10 of each CW-OSL record con-tains the new en-try \T1/zi4/m/n/10 $C
OMPONENTS
[21]
Overfull \hbox (62.81647pt too wide) in paragraph at lines 1274--1275
[][][]\T1/ptm/m/n/10 RLum.OSL_global_fitting[][][], [][]de-com-pose_OSLcurve[][
][], [][]op-ti-mise_OSLintervals[][][], [][]Lu-mi-nes-cence::analyse_SAR.CWOSL[
][][] 
[22]
Overfull \hbox (60.96652pt too wide) in paragraph at lines 1381--1385
[]\T1/ptm/m/n/10 Data sets must be for-mat-ted as [][]RLum.Analysis[][][] ob-je
cts and should have been pro-cessed with [][]RLum.OSL_correction[][][]
[23]
Overfull \hbox (87.88737pt too wide) in paragraph at lines 1397--1399
[]\T1/ptm/m/n/10 The in-put []\T1/zi4/m/n/10 object[]\T1/ptm/m/n/10 , a [][]lis
t[][][] of [][]RLum.Analysis[][][] ob-jects is re-turned but with a new list el
-e-ment []\T1/zi4/m/n/10 object[["OSL_COMPONENTS"]][]\T1/ptm/m/n/10 ,
[24] [25]
Overfull \hbox (36.6179pt too wide) in paragraph at lines 1512--1514
[][][]\T1/ptm/m/n/10 logical[][][] (\T1/ptm/m/it/10 with de-fault\T1/ptm/m/n/10
 ): Adds pois-son dis-tributed shot noise to \T1/zi4/m/n/10 $signal \T1/ptm/m/n
/10 if []\T1/zi4/m/n/10 simulate.curve
[26]
Overfull \hbox (6.75635pt too wide) in paragraph at lines 1565--1565
 []\T1/zi4/m/n/9 curve <- simulate_OSLcomponents(components, simulate.curve = T
RUE, add.poisson.noise = TRUE)[] 
[27]
No file Rd2.ind.
[28]
(/private/var/folders/yz/3s5p1pss4352wtlzt9_bzbp00000gp/T/RtmpJGGe4V/Rd2pdfd1c5
4a595b5d/Rd2.aux)

Package rerunfilecheck Warning: File `Rd2.out' has changed.
(rerunfilecheck)                Rerun to get outlines right
(rerunfilecheck)                or use package `bookmark'.

 )
(see the transcript file for additional information)
pdfTeX warning (dest): name{Rfn.knitr::kable} has been referenced but does not 
exist, replaced by a fixed one


pdfTeX warning (dest): name{Rfn.rmarkdown.Rdash.package} has been referenced bu
t does not exist, replaced by a fixed one


pdfTeX warning (dest): name{Rfn.Luminescence::analyse.Rul.SAR.CWOSL} has been r
eferenced but does not exist, replaced by a fixed one


pdfTeX warning (dest): name{Rfn.rmarkdown} has been referenced but does not exi
st, replaced by a fixed one


pdfTeX warning (dest): name{Rfn.Luminescence.Rdash.package} has been referenced
 but does not exist, replaced by a fixed one


pdfTeX warning (dest): name{Rfn.RLum.Analysis.Rdash.class} has been referenced 
but does not exist, replaced by a fixed one


pdfTeX warning (dest): name{Rfn.ggplot2.Rdash.package} has been referenced but 
does not exist, replaced by a fixed one


pdfTeX warning (dest): name{Rfn.ggplot2::ggplot} has been referenced but does n
ot exist, replaced by a fixed one


pdfTeX warning (dest): name{Rfn.ggplot2::ggsave} has been referenced but does n
ot exist, replaced by a fixed one


pdfTeX warning (dest): name{Rfn.gridExtra::grid.arrange} has been referenced bu
t does not exist, replaced by a fixed one


pdfTeX warning (dest): name{Rfn.ggplot2::theme.Rul.bw} has been referenced but 
does not exist, replaced by a fixed one


pdfTeX warning (dest): name{Rfn.ggplot2::theme.Rul.set} has been referenced but
 does not exist, replaced by a fixed one


pdfTeX warning (dest): name{Rfn.ggplot2} has been referenced but does not exist
, replaced by a fixed one


pdfTeX warning (dest): name{Rfn.nls} has been referenced but does not exist, re
placed by a fixed one


pdfTeX warning (dest): name{Rfn.vector} has been referenced but does not exist,
 replaced by a fixed one


pdfTeX warning (dest): name{Rfn.list} has been referenced but does not exist, r
eplaced by a fixed one


pdfTeX warning (dest): name{Rfn.DEoptim::DEoptim} has been referenced but does 
not exist, replaced by a fixed one


pdfTeX warning (dest): name{Rfn.DEoptim::DEoptim.control} has been referenced b
ut does not exist, replaced by a fixed one


pdfTeX warning (dest): name{Rfn.minpack.lm::nlsLM} has been referenced but does
 not exist, replaced by a fixed one


pdfTeX warning (dest): name{Rfn.character} has been referenced but does not exi
st, replaced by a fixed one


pdfTeX warning (dest): name{Rfn.logical} has been referenced but does not exist
, replaced by a fixed one


pdfTeX warning (dest): name{Rfn.numeric} has been referenced but does not exist
, replaced by a fixed one


pdfTeX warning (dest): name{Rfn.RLum.Data.Curve.Rdash.class} has been reference
d but does not exist, replaced by a fixed one


pdfTeX warning (dest): name{Rfn.matrix} has been referenced but does not exist,
 replaced by a fixed one


pdfTeX warning (dest): name{Rfn.data.frame} has been referenced but does not ex
ist, replaced by a fixed one

</usr/local/texlive/2023/texmf-dist/fonts/type1/public/inconsolata/Inconsolata-
zi4r.pfb></usr/local/texlive/2023/texmf-dist/fonts/type1/public/amsfonts/cm/cmm
i10.pfb></usr/local/texlive/2023/texmf-dist/fonts/type1/public/amsfonts/cm/cmmi
7.pfb></usr/local/texlive/2023/texmf-dist/fonts/type1/public/amsfonts/cm/cmr10.
pfb></usr/local/texlive/2023/texmf-dist/fonts/type1/public/amsfonts/cm/cmr7.pfb
></usr/local/texlive/2023/texmf-dist/fonts/type1/public/amsfonts/cm/cmsy10.pfb>
</usr/local/texlive/2023/texmf-dist/fonts/type1/public/amsfonts/cm/cmsy7.pfb></
usr/local/texlive/2023/texmf-dist/fonts/type1/urw/helvetic/uhvr8a.pfb></usr/loc
al/texlive/2023/texmf-dist/fonts/type1/urw/times/utmb8a.pfb></usr/local/texlive
/2023/texmf-dist/fonts/type1/urw/times/utmr8a.pfb></usr/local/texlive/2023/texm
f-dist/fonts/type1/urw/times/utmr8a.pfb></usr/local/texlive/2023/texmf-dist/fon
ts/type1/urw/times/utmri8a.pfb>
Output written on Rd2.pdf (28 pages, 231099 bytes).
Transcript written on Rd2.log.
This is makeindex, version 2.17 [TeX Live 2023] (kpathsea + Thai support).
Scanning input file Rd2.idx....done (294 entries accepted, 0 rejected).
Sorting entries.....done (2570 comparisons).
Generating output file Rd2.ind....done (177 lines written, 1 warning).
Output written in Rd2.ind.
Transcript written in Rd2.ilg.
This is pdfTeX, Version 3.141592653-2.6-1.40.25 (TeX Live 2023) (preloaded format=pdflatex)
 restricted \write18 enabled.
entering extended mode
LaTeX2e <2022-11-01> patch level 1
L3 programming layer <2023-06-30> (./Rd2.tex
(/usr/local/texlive/2023/texmf-dist/tex/latex/base/book.cls
Document Class: book 2022/07/02 v1.4n Standard LaTeX document class
(/usr/local/texlive/2023/texmf-dist/tex/latex/base/bk10.clo))
(/Library/Frameworks/R.framework/Resources/share/texmf/tex/latex/Rd.sty
(/usr/local/texlive/2023/texmf-dist/tex/latex/base/ifthen.sty)
(/usr/local/texlive/2023/texmf-dist/tex/latex/tools/longtable.sty)
(/usr/local/texlive/2023/texmf-dist/tex/latex/tools/bm.sty)
(/usr/local/texlive/2023/texmf-dist/tex/latex/base/alltt.sty)
(/usr/local/texlive/2023/texmf-dist/tex/latex/tools/verbatim.sty)
(/usr/local/texlive/2023/texmf-dist/tex/latex/url/url.sty)
(/usr/local/texlive/2023/texmf-dist/tex/latex/base/textcomp.sty)
(/usr/local/texlive/2023/texmf-dist/tex/latex/amsmath/amsmath.sty
For additional information on amsmath, use the `?' option.
(/usr/local/texlive/2023/texmf-dist/tex/latex/amsmath/amstext.sty
(/usr/local/texlive/2023/texmf-dist/tex/latex/amsmath/amsgen.sty))
(/usr/local/texlive/2023/texmf-dist/tex/latex/amsmath/amsbsy.sty)
(/usr/local/texlive/2023/texmf-dist/tex/latex/amsmath/amsopn.sty))
(/usr/local/texlive/2023/texmf-dist/tex/latex/amsfonts/amsfonts.sty)
(/usr/local/texlive/2023/texmf-dist/tex/latex/amsfonts/amssymb.sty)
(/usr/local/texlive/2023/texmf-dist/tex/latex/jknapltx/mathrsfs.sty)
(/usr/local/texlive/2023/texmf-dist/tex/generic/iftex/iftex.sty)
(/usr/local/texlive/2023/texmf-dist/tex/latex/base/fontenc.sty)
(/usr/local/texlive/2023/texmf-dist/tex/latex/psnfss/times.sty)
(/usr/local/texlive/2023/texmf-dist/tex/latex/inconsolata/zi4.sty
`inconsolata-zi4' v1.12, 2019/05/17 Text macros for Inconsolata (msharpe)
(/usr/local/texlive/2023/texmf-dist/tex/latex/xkeyval/xkeyval.sty
(/usr/local/texlive/2023/texmf-dist/tex/generic/xkeyval/xkeyval.tex
(/usr/local/texlive/2023/texmf-dist/tex/generic/xkeyval/xkvutils.tex
(/usr/local/texlive/2023/texmf-dist/tex/generic/xkeyval/keyval.tex)))))
(/usr/local/texlive/2023/texmf-dist/tex/latex/graphics/color.sty
(/usr/local/texlive/2023/texmf-dist/tex/latex/graphics-cfg/color.cfg)
(/usr/local/texlive/2023/texmf-dist/tex/latex/graphics-def/pdftex.def)
(/usr/local/texlive/2023/texmf-dist/tex/latex/graphics/mathcolor.ltx))
(/usr/local/texlive/2023/texmf-dist/tex/latex/hyperref/hyperref.sty
(/usr/local/texlive/2023/texmf-dist/tex/generic/ltxcmds/ltxcmds.sty)
(/usr/local/texlive/2023/texmf-dist/tex/generic/pdftexcmds/pdftexcmds.sty
(/usr/local/texlive/2023/texmf-dist/tex/generic/infwarerr/infwarerr.sty))
(/usr/local/texlive/2023/texmf-dist/tex/latex/kvsetkeys/kvsetkeys.sty)
(/usr/local/texlive/2023/texmf-dist/tex/generic/kvdefinekeys/kvdefinekeys.sty)
(/usr/local/texlive/2023/texmf-dist/tex/generic/pdfescape/pdfescape.sty)
(/usr/local/texlive/2023/texmf-dist/tex/latex/hycolor/hycolor.sty)
(/usr/local/texlive/2023/texmf-dist/tex/latex/letltxmacro/letltxmacro.sty)
(/usr/local/texlive/2023/texmf-dist/tex/latex/auxhook/auxhook.sty)
(/usr/local/texlive/2023/texmf-dist/tex/latex/hyperref/nameref.sty
(/usr/local/texlive/2023/texmf-dist/tex/latex/refcount/refcount.sty)
(/usr/local/texlive/2023/texmf-dist/tex/generic/gettitlestring/gettitlestring.s
ty (/usr/local/texlive/2023/texmf-dist/tex/latex/kvoptions/kvoptions.sty)))
(/usr/local/texlive/2023/texmf-dist/tex/latex/etoolbox/etoolbox.sty)
(/usr/local/texlive/2023/texmf-dist/tex/latex/hyperref/pd1enc.def)
(/usr/local/texlive/2023/texmf-dist/tex/generic/intcalc/intcalc.sty)
(/usr/local/texlive/2023/texmf-dist/tex/latex/hyperref/puenc.def)
(/usr/local/texlive/2023/texmf-dist/tex/generic/bitset/bitset.sty
(/usr/local/texlive/2023/texmf-dist/tex/generic/bigintcalc/bigintcalc.sty))
(/usr/local/texlive/2023/texmf-dist/tex/latex/base/atbegshi-ltx.sty))
(/usr/local/texlive/2023/texmf-dist/tex/latex/hyperref/hpdftex.def
(/usr/local/texlive/2023/texmf-dist/tex/latex/base/atveryend-ltx.sty)
(/usr/local/texlive/2023/texmf-dist/tex/latex/rerunfilecheck/rerunfilecheck.sty

(/usr/local/texlive/2023/texmf-dist/tex/generic/uniquecounter/uniquecounter.sty
)))) (/usr/local/texlive/2023/texmf-dist/tex/latex/base/makeidx.sty)
(/usr/local/texlive/2023/texmf-dist/tex/latex/base/inputenc.sty)
Writing index file Rd2.idx
(/usr/local/texlive/2023/texmf-dist/tex/latex/psnfss/t1ptm.fd)
(/usr/local/texlive/2023/texmf-dist/tex/latex/l3backend/l3backend-pdftex.def)
(/private/var/folders/yz/3s5p1pss4352wtlzt9_bzbp00000gp/T/RtmpJGGe4V/Rd2pdfd1c5
4a595b5d/Rd2.aux)
(/usr/local/texlive/2023/texmf-dist/tex/context/base/mkii/supp-pdf.mkii
[Loading MPS to PDF converter (version 2006.09.02).]
)
(/private/var/folders/yz/3s5p1pss4352wtlzt9_bzbp00000gp/T/RtmpJGGe4V/Rd2pdfd1c5
4a595b5d/Rd2.out)
(/private/var/folders/yz/3s5p1pss4352wtlzt9_bzbp00000gp/T/RtmpJGGe4V/Rd2pdfd1c5
4a595b5d/Rd2.out)
(/usr/local/texlive/2023/texmf-dist/tex/latex/inconsolata/t1zi4.fd)
(/usr/local/texlive/2023/texmf-dist/tex/latex/psnfss/ts1ptm.fd)
(/usr/local/texlive/2023/texmf-dist/tex/latex/amsfonts/umsa.fd)
(/usr/local/texlive/2023/texmf-dist/tex/latex/amsfonts/umsb.fd)
(/usr/local/texlive/2023/texmf-dist/tex/latex/jknapltx/ursfs.fd)
(/usr/local/texlive/2023/texmf-dist/tex/latex/psnfss/t1phv.fd)
(/private/var/folders/yz/3s5p1pss4352wtlzt9_bzbp00000gp/T/RtmpJGGe4V/Rd2pdfd1c5
4a595b5d/Rd2.toc [1{/usr/local/texlive/2023/texmf-var/fonts/map/pdftex/updmap/p
dftex.map}{/usr/local/texlive/2023/texmf-dist/fonts/enc/dvips/base/8r.enc}{/usr
/local/texlive/2023/texmf-dist/fonts/enc/dvips/inconsolata/i4-t1-0.enc}])
[2]
Overfull \hbox (12.6373pt too wide) in paragraph at lines 161--164
[][][]\T1/ptm/m/n/10 character[][][] string (\T1/ptm/m/it/10 with de-fault\T1/p
tm/m/n/10 ): in-te-gral er-ror es-ti-ma-tion ap-proach, ei-ther []\T1/zi4/m/n/1
0 "empiric"
[3]
Overfull \hbox (20.18642pt too wide) in paragraph at lines 202--207
[]\T1/ptm/m/n/10 As al-ter-na-tive al-go-rithm, Levenberg-Marquardt non-lin-ear
 re-gres-sion is avail-able, see [][]min-pack.lm::nlsLM[][][]
[4] [5] [6] [7] [8]
Overfull \hbox (66.25981pt too wide) in alignment at lines 485--485
 [] [] [] 

Overfull \hbox (54.05728pt too wide) in paragraph at lines 519--521
[][][]\T1/ptm/m/n/10 RLum.OSL_decomposition[][][], [][]sum_OSLcurves[][][], [][
]de-com-pose_OSLcurve[][][], [][]plot_OSLcurve[][][], [][]plot_PhotoCrosssectio
ns[][][],
[9]
Overfull \hbox (26.68665pt too wide) in paragraph at lines 542--544
[]\T1/ptm/m/n/10 This func-tion de-fines in-te-gra-tion in-ter-vals for CW-OSL 
com-po-nent sep-a-ra-tion with [][]de-com-pose_OSLcurve[][][].

Overfull \hbox (10.46823pt too wide) in paragraph at lines 569--572
\T1/ptm/m/n/10 serves as time axis tem-plate. The in-put curve will be used to 
de-fine []\T1/zi4/m/n/10 channel.width
[10] [11] [12]
Overfull \hbox (53.98825pt too wide) in paragraph at lines 710--715
\T1/ptm/m/n/10 is for-warded to [][]gg-plot2::theme_set[][][]. Rec-om-mended th
emes are []\T1/zi4/m/n/10 ggplot2::theme_minimal()[]\T1/ptm/m/n/10 ,

Overfull \hbox (12.25989pt too wide) in paragraph at lines 710--715
[]\T1/zi4/m/n/10 ggplot2::theme_classic() []\T1/ptm/m/n/10 and []\T1/zi4/m/n/10
 ggplot2::theme_bw()[]\T1/ptm/m/n/10 , see [][]gg-plot2::theme_bw[][][]

Overfull \hbox (350.49683pt too wide) in alignment at lines 748--748
 [] [] 
[13]
Overfull \hbox (6.75635pt too wide) in paragraph at lines 798--798
 []\T1/zi4/m/n/9 curve <- simulate_OSLcomponents(components, simulate.curve = T
RUE, add.poisson.noise = TRUE)[] 
[14]
Overfull \hbox (14.02776pt too wide) in paragraph at lines 835--838
\T1/ptm/m/n/10 late the pho-toion-i-sa-tion cross sec-tions. If not given, the 
in-put value for [][]fit_OSLcurve[][][]
[15]
Overfull \hbox (6.75635pt too wide) in paragraph at lines 924--924
 []\T1/zi4/m/n/9 curve <- simulate_OSLcomponents(components, simulate.curve = T
RUE, add.poisson.noise = TRUE)[] 
[16]
Overfull \hbox (16.50032pt too wide) in paragraph at lines 965--968
[]\T1/zi4/m/n/10 object[[]]@records[[]]@recordType[]\T1/ptm/m/n/10 . Com-mon ar
e: []\T1/zi4/m/n/10 "OSL"[]\T1/ptm/m/n/10 ,[]\T1/zi4/m/n/10 "SGOSL" []\T1/ptm/m
/n/10 or []\T1/zi4/m/n/10 "IRSL"[]\T1/ptm/m/n/10 . 

Overfull \hbox (73.82906pt too wide) in paragraph at lines 969--975
\T1/zi4/m/n/10 @recordType \T1/ptm/m/n/10 of the back-ground mea-sure-ments wil
l be re-named to []\T1/zi4/m/n/10 "{record_type}background"[]\T1/ptm/m/n/10 . 

Overfull \hbox (13.25963pt too wide) in paragraph at lines 980--987
\T1/ptm/m/n/10 ram-e-ter will be enu-mer-ated []\T1/zi4/m/n/10 record_type "{re
cord_type}2"[]\T1/ptm/m/n/10 , []\T1/zi4/m/n/10 "{record_type}3"
[17]
Overfull \hbox (18.74608pt too wide) in paragraph at lines 1011--1014
\T1/ptm/m/n/10 Those data sets must be for-mat-ted as [][]RLum.Analysis[][][] o
b-jects. Out-put ob-jects will also be [][]RLum.Analysis[][][]
[18] (/usr/local/texlive/2023/texmf-dist/tex/latex/inconsolata/ts1zi4.fd)
Overfull \hbox (15.75635pt too wide) in paragraph at lines 1114--1114
 []\T1/zi4/m/n/9 data_set_corrected <- RLum.OSL_correction(data_set, background
 = 11, remove_light_off = FALSE)[] 
[19{/usr/local/texlive/2023/texmf-dist/fonts/enc/dvips/inconsolata/i4-ts1.enc}]
[20]
Overfull \hbox (8.89772pt too wide) in paragraph at lines 1207--1210
\T1/ptm/m/n/10 Uses the []\T1/zi4/m/n/10 "det" []\T1/ptm/m/n/10 al-go-rithm if 
a back-ground cor-rec-tion was per-formed with [][]RLum.OSL_correction[][][]

Overfull \hbox (60.96652pt too wide) in paragraph at lines 1215--1219
[]\T1/ptm/m/n/10 Data sets must be for-mat-ted as [][]RLum.Analysis[][][] ob-je
cts and should have been pro-cessed with [][]RLum.OSL_correction[][][]

Overfull \hbox (82.88737pt too wide) in paragraph at lines 1231--1233
[]\T1/ptm/m/n/10 The in-put []\T1/zi4/m/n/10 object[]\T1/ptm/m/n/10 , a [][]lis
t[][][] of [][]RLum.Analysis[][][] ob-jects is re-turned but with a new list el
-e-ment []\T1/zi4/m/n/10 object[["DECOMPOSITION"]][]\T1/ptm/m/n/10 ,

Overfull \hbox (2.3679pt too wide) in paragraph at lines 1243--1246
[]\T1/ptm/m/n/10 The [][]RLum.Data.Curve[][][] at-tribute \T1/zi4/m/n/10 @info 
\T1/ptm/m/n/10 of each CW-OSL record con-tains the new en-try \T1/zi4/m/n/10 $C
OMPONENTS
[21]
Overfull \hbox (62.81647pt too wide) in paragraph at lines 1274--1275
[][][]\T1/ptm/m/n/10 RLum.OSL_global_fitting[][][], [][]de-com-pose_OSLcurve[][
][], [][]op-ti-mise_OSLintervals[][][], [][]Lu-mi-nes-cence::analyse_SAR.CWOSL[
][][] 
[22]
Overfull \hbox (60.96652pt too wide) in paragraph at lines 1381--1385
[]\T1/ptm/m/n/10 Data sets must be for-mat-ted as [][]RLum.Analysis[][][] ob-je
cts and should have been pro-cessed with [][]RLum.OSL_correction[][][]
[23]
Overfull \hbox (87.88737pt too wide) in paragraph at lines 1397--1399
[]\T1/ptm/m/n/10 The in-put []\T1/zi4/m/n/10 object[]\T1/ptm/m/n/10 , a [][]lis
t[][][] of [][]RLum.Analysis[][][] ob-jects is re-turned but with a new list el
-e-ment []\T1/zi4/m/n/10 object[["OSL_COMPONENTS"]][]\T1/ptm/m/n/10 ,
[24] [25]
Overfull \hbox (36.6179pt too wide) in paragraph at lines 1512--1514
[][][]\T1/ptm/m/n/10 logical[][][] (\T1/ptm/m/it/10 with de-fault\T1/ptm/m/n/10
 ): Adds pois-son dis-tributed shot noise to \T1/zi4/m/n/10 $signal \T1/ptm/m/n
/10 if []\T1/zi4/m/n/10 simulate.curve
[26]
Overfull \hbox (6.75635pt too wide) in paragraph at lines 1565--1565
 []\T1/zi4/m/n/9 curve <- simulate_OSLcomponents(components, simulate.curve = T
RUE, add.poisson.noise = TRUE)[] 
[27]
(/private/var/folders/yz/3s5p1pss4352wtlzt9_bzbp00000gp/T/RtmpJGGe4V/Rd2pdfd1c5
4a595b5d/Rd2.ind [28]

LaTeX Font Warning: Font shape `T1/zi4/m/it' undefined
(Font)              using `T1/zi4/m/n' instead on input line 119.

[29])
(/private/var/folders/yz/3s5p1pss4352wtlzt9_bzbp00000gp/T/RtmpJGGe4V/Rd2pdfd1c5
4a595b5d/Rd2.aux)

LaTeX Font Warning: Some font shapes were not available, defaults substituted.


Package rerunfilecheck Warning: File `Rd2.out' has changed.
(rerunfilecheck)                Rerun to get outlines right
(rerunfilecheck)                or use package `bookmark'.

 )
(see the transcript file for additional information)
pdfTeX warning (dest): name{Rfn.knitr::kable} has been referenced but does not 
exist, replaced by a fixed one


pdfTeX warning (dest): name{Rfn.rmarkdown.Rdash.package} has been referenced bu
t does not exist, replaced by a fixed one


pdfTeX warning (dest): name{Rfn.Luminescence::analyse.Rul.SAR.CWOSL} has been r
eferenced but does not exist, replaced by a fixed one


pdfTeX warning (dest): name{Rfn.rmarkdown} has been referenced but does not exi
st, replaced by a fixed one


pdfTeX warning (dest): name{Rfn.Luminescence.Rdash.package} has been referenced
 but does not exist, replaced by a fixed one


pdfTeX warning (dest): name{Rfn.RLum.Analysis.Rdash.class} has been referenced 
but does not exist, replaced by a fixed one


pdfTeX warning (dest): name{Rfn.ggplot2.Rdash.package} has been referenced but 
does not exist, replaced by a fixed one


pdfTeX warning (dest): name{Rfn.ggplot2::ggplot} has been referenced but does n
ot exist, replaced by a fixed one


pdfTeX warning (dest): name{Rfn.ggplot2::ggsave} has been referenced but does n
ot exist, replaced by a fixed one


pdfTeX warning (dest): name{Rfn.gridExtra::grid.arrange} has been referenced bu
t does not exist, replaced by a fixed one


pdfTeX warning (dest): name{Rfn.ggplot2::theme.Rul.bw} has been referenced but 
does not exist, replaced by a fixed one


pdfTeX warning (dest): name{Rfn.ggplot2::theme.Rul.set} has been referenced but
 does not exist, replaced by a fixed one


pdfTeX warning (dest): name{Rfn.ggplot2} has been referenced but does not exist
, replaced by a fixed one


pdfTeX warning (dest): name{Rfn.nls} has been referenced but does not exist, re
placed by a fixed one


pdfTeX warning (dest): name{Rfn.vector} has been referenced but does not exist,
 replaced by a fixed one


pdfTeX warning (dest): name{Rfn.list} has been referenced but does not exist, r
eplaced by a fixed one


pdfTeX warning (dest): name{Rfn.DEoptim::DEoptim} has been referenced but does 
not exist, replaced by a fixed one


pdfTeX warning (dest): name{Rfn.DEoptim::DEoptim.control} has been referenced b
ut does not exist, replaced by a fixed one


pdfTeX warning (dest): name{Rfn.minpack.lm::nlsLM} has been referenced but does
 not exist, replaced by a fixed one


pdfTeX warning (dest): name{Rfn.character} has been referenced but does not exi
st, replaced by a fixed one


pdfTeX warning (dest): name{Rfn.logical} has been referenced but does not exist
, replaced by a fixed one


pdfTeX warning (dest): name{Rfn.numeric} has been referenced but does not exist
, replaced by a fixed one


pdfTeX warning (dest): name{Rfn.RLum.Data.Curve.Rdash.class} has been reference
d but does not exist, replaced by a fixed one


pdfTeX warning (dest): name{Rfn.matrix} has been referenced but does not exist,
 replaced by a fixed one


pdfTeX warning (dest): name{Rfn.data.frame} has been referenced but does not ex
ist, replaced by a fixed one

</usr/local/texlive/2023/texmf-dist/fonts/type1/public/inconsolata/Inconsolata-
zi4r.pfb></usr/local/texlive/2023/texmf-dist/fonts/type1/public/amsfonts/cm/cmm
i10.pfb></usr/local/texlive/2023/texmf-dist/fonts/type1/public/amsfonts/cm/cmmi
7.pfb></usr/local/texlive/2023/texmf-dist/fonts/type1/public/amsfonts/cm/cmr10.
pfb></usr/local/texlive/2023/texmf-dist/fonts/type1/public/amsfonts/cm/cmr7.pfb
></usr/local/texlive/2023/texmf-dist/fonts/type1/public/amsfonts/cm/cmsy10.pfb>
</usr/local/texlive/2023/texmf-dist/fonts/type1/public/amsfonts/cm/cmsy7.pfb></
usr/local/texlive/2023/texmf-dist/fonts/type1/urw/helvetic/uhvr8a.pfb></usr/loc
al/texlive/2023/texmf-dist/fonts/type1/urw/times/utmb8a.pfb></usr/local/texlive
/2023/texmf-dist/fonts/type1/urw/times/utmr8a.pfb></usr/local/texlive/2023/texm
f-dist/fonts/type1/urw/times/utmr8a.pfb></usr/local/texlive/2023/texmf-dist/fon
ts/type1/urw/times/utmri8a.pfb>
Output written on Rd2.pdf (29 pages, 240560 bytes).
Transcript written on Rd2.log.
This is makeindex, version 2.17 [TeX Live 2023] (kpathsea + Thai support).
Scanning input file Rd2.idx....done (294 entries accepted, 0 rejected).
Sorting entries.....done (2570 comparisons).
Generating output file Rd2.ind....done (177 lines written, 1 warning).
Output written in Rd2.ind.
Transcript written in Rd2.ilg.
This is pdfTeX, Version 3.141592653-2.6-1.40.25 (TeX Live 2023) (preloaded format=pdflatex)
 restricted \write18 enabled.
entering extended mode
LaTeX2e <2022-11-01> patch level 1
L3 programming layer <2023-06-30> (./Rd2.tex
(/usr/local/texlive/2023/texmf-dist/tex/latex/base/book.cls
Document Class: book 2022/07/02 v1.4n Standard LaTeX document class
(/usr/local/texlive/2023/texmf-dist/tex/latex/base/bk10.clo))
(/Library/Frameworks/R.framework/Resources/share/texmf/tex/latex/Rd.sty
(/usr/local/texlive/2023/texmf-dist/tex/latex/base/ifthen.sty)
(/usr/local/texlive/2023/texmf-dist/tex/latex/tools/longtable.sty)
(/usr/local/texlive/2023/texmf-dist/tex/latex/tools/bm.sty)
(/usr/local/texlive/2023/texmf-dist/tex/latex/base/alltt.sty)
(/usr/local/texlive/2023/texmf-dist/tex/latex/tools/verbatim.sty)
(/usr/local/texlive/2023/texmf-dist/tex/latex/url/url.sty)
(/usr/local/texlive/2023/texmf-dist/tex/latex/base/textcomp.sty)
(/usr/local/texlive/2023/texmf-dist/tex/latex/amsmath/amsmath.sty
For additional information on amsmath, use the `?' option.
(/usr/local/texlive/2023/texmf-dist/tex/latex/amsmath/amstext.sty
(/usr/local/texlive/2023/texmf-dist/tex/latex/amsmath/amsgen.sty))
(/usr/local/texlive/2023/texmf-dist/tex/latex/amsmath/amsbsy.sty)
(/usr/local/texlive/2023/texmf-dist/tex/latex/amsmath/amsopn.sty))
(/usr/local/texlive/2023/texmf-dist/tex/latex/amsfonts/amsfonts.sty)
(/usr/local/texlive/2023/texmf-dist/tex/latex/amsfonts/amssymb.sty)
(/usr/local/texlive/2023/texmf-dist/tex/latex/jknapltx/mathrsfs.sty)
(/usr/local/texlive/2023/texmf-dist/tex/generic/iftex/iftex.sty)
(/usr/local/texlive/2023/texmf-dist/tex/latex/base/fontenc.sty)
(/usr/local/texlive/2023/texmf-dist/tex/latex/psnfss/times.sty)
(/usr/local/texlive/2023/texmf-dist/tex/latex/inconsolata/zi4.sty
`inconsolata-zi4' v1.12, 2019/05/17 Text macros for Inconsolata (msharpe)
(/usr/local/texlive/2023/texmf-dist/tex/latex/xkeyval/xkeyval.sty
(/usr/local/texlive/2023/texmf-dist/tex/generic/xkeyval/xkeyval.tex
(/usr/local/texlive/2023/texmf-dist/tex/generic/xkeyval/xkvutils.tex
(/usr/local/texlive/2023/texmf-dist/tex/generic/xkeyval/keyval.tex)))))
(/usr/local/texlive/2023/texmf-dist/tex/latex/graphics/color.sty
(/usr/local/texlive/2023/texmf-dist/tex/latex/graphics-cfg/color.cfg)
(/usr/local/texlive/2023/texmf-dist/tex/latex/graphics-def/pdftex.def)
(/usr/local/texlive/2023/texmf-dist/tex/latex/graphics/mathcolor.ltx))
(/usr/local/texlive/2023/texmf-dist/tex/latex/hyperref/hyperref.sty
(/usr/local/texlive/2023/texmf-dist/tex/generic/ltxcmds/ltxcmds.sty)
(/usr/local/texlive/2023/texmf-dist/tex/generic/pdftexcmds/pdftexcmds.sty
(/usr/local/texlive/2023/texmf-dist/tex/generic/infwarerr/infwarerr.sty))
(/usr/local/texlive/2023/texmf-dist/tex/latex/kvsetkeys/kvsetkeys.sty)
(/usr/local/texlive/2023/texmf-dist/tex/generic/kvdefinekeys/kvdefinekeys.sty)
(/usr/local/texlive/2023/texmf-dist/tex/generic/pdfescape/pdfescape.sty)
(/usr/local/texlive/2023/texmf-dist/tex/latex/hycolor/hycolor.sty)
(/usr/local/texlive/2023/texmf-dist/tex/latex/letltxmacro/letltxmacro.sty)
(/usr/local/texlive/2023/texmf-dist/tex/latex/auxhook/auxhook.sty)
(/usr/local/texlive/2023/texmf-dist/tex/latex/hyperref/nameref.sty
(/usr/local/texlive/2023/texmf-dist/tex/latex/refcount/refcount.sty)
(/usr/local/texlive/2023/texmf-dist/tex/generic/gettitlestring/gettitlestring.s
ty (/usr/local/texlive/2023/texmf-dist/tex/latex/kvoptions/kvoptions.sty)))
(/usr/local/texlive/2023/texmf-dist/tex/latex/etoolbox/etoolbox.sty)
(/usr/local/texlive/2023/texmf-dist/tex/latex/hyperref/pd1enc.def)
(/usr/local/texlive/2023/texmf-dist/tex/generic/intcalc/intcalc.sty)
(/usr/local/texlive/2023/texmf-dist/tex/latex/hyperref/puenc.def)
(/usr/local/texlive/2023/texmf-dist/tex/generic/bitset/bitset.sty
(/usr/local/texlive/2023/texmf-dist/tex/generic/bigintcalc/bigintcalc.sty))
(/usr/local/texlive/2023/texmf-dist/tex/latex/base/atbegshi-ltx.sty))
(/usr/local/texlive/2023/texmf-dist/tex/latex/hyperref/hpdftex.def
(/usr/local/texlive/2023/texmf-dist/tex/latex/base/atveryend-ltx.sty)
(/usr/local/texlive/2023/texmf-dist/tex/latex/rerunfilecheck/rerunfilecheck.sty

(/usr/local/texlive/2023/texmf-dist/tex/generic/uniquecounter/uniquecounter.sty
)))) (/usr/local/texlive/2023/texmf-dist/tex/latex/base/makeidx.sty)
(/usr/local/texlive/2023/texmf-dist/tex/latex/base/inputenc.sty)
Writing index file Rd2.idx
(/usr/local/texlive/2023/texmf-dist/tex/latex/psnfss/t1ptm.fd)
(/usr/local/texlive/2023/texmf-dist/tex/latex/l3backend/l3backend-pdftex.def)
(/private/var/folders/yz/3s5p1pss4352wtlzt9_bzbp00000gp/T/RtmpJGGe4V/Rd2pdfd1c5
4a595b5d/Rd2.aux)
(/usr/local/texlive/2023/texmf-dist/tex/context/base/mkii/supp-pdf.mkii
[Loading MPS to PDF converter (version 2006.09.02).]
)
(/private/var/folders/yz/3s5p1pss4352wtlzt9_bzbp00000gp/T/RtmpJGGe4V/Rd2pdfd1c5
4a595b5d/Rd2.out)
(/private/var/folders/yz/3s5p1pss4352wtlzt9_bzbp00000gp/T/RtmpJGGe4V/Rd2pdfd1c5
4a595b5d/Rd2.out)
(/usr/local/texlive/2023/texmf-dist/tex/latex/inconsolata/t1zi4.fd)
(/usr/local/texlive/2023/texmf-dist/tex/latex/psnfss/ts1ptm.fd)
(/usr/local/texlive/2023/texmf-dist/tex/latex/amsfonts/umsa.fd)
(/usr/local/texlive/2023/texmf-dist/tex/latex/amsfonts/umsb.fd)
(/usr/local/texlive/2023/texmf-dist/tex/latex/jknapltx/ursfs.fd)
(/usr/local/texlive/2023/texmf-dist/tex/latex/psnfss/t1phv.fd)
(/private/var/folders/yz/3s5p1pss4352wtlzt9_bzbp00000gp/T/RtmpJGGe4V/Rd2pdfd1c5
4a595b5d/Rd2.toc [1{/usr/local/texlive/2023/texmf-var/fonts/map/pdftex/updmap/p
dftex.map}{/usr/local/texlive/2023/texmf-dist/fonts/enc/dvips/base/8r.enc}{/usr
/local/texlive/2023/texmf-dist/fonts/enc/dvips/inconsolata/i4-t1-0.enc}])
[2]
Overfull \hbox (12.6373pt too wide) in paragraph at lines 161--164
[][][]\T1/ptm/m/n/10 character[][][] string (\T1/ptm/m/it/10 with de-fault\T1/p
tm/m/n/10 ): in-te-gral er-ror es-ti-ma-tion ap-proach, ei-ther []\T1/zi4/m/n/1
0 "empiric"
[3]
Overfull \hbox (20.18642pt too wide) in paragraph at lines 202--207
[]\T1/ptm/m/n/10 As al-ter-na-tive al-go-rithm, Levenberg-Marquardt non-lin-ear
 re-gres-sion is avail-able, see [][]min-pack.lm::nlsLM[][][]
[4] [5] [6] [7] [8]
Overfull \hbox (66.25981pt too wide) in alignment at lines 485--485
 [] [] [] 

Overfull \hbox (54.05728pt too wide) in paragraph at lines 519--521
[][][]\T1/ptm/m/n/10 RLum.OSL_decomposition[][][], [][]sum_OSLcurves[][][], [][
]de-com-pose_OSLcurve[][][], [][]plot_OSLcurve[][][], [][]plot_PhotoCrosssectio
ns[][][],
[9]
Overfull \hbox (26.68665pt too wide) in paragraph at lines 542--544
[]\T1/ptm/m/n/10 This func-tion de-fines in-te-gra-tion in-ter-vals for CW-OSL 
com-po-nent sep-a-ra-tion with [][]de-com-pose_OSLcurve[][][].

Overfull \hbox (10.46823pt too wide) in paragraph at lines 569--572
\T1/ptm/m/n/10 serves as time axis tem-plate. The in-put curve will be used to 
de-fine []\T1/zi4/m/n/10 channel.width
[10] [11] [12]
Overfull \hbox (53.98825pt too wide) in paragraph at lines 710--715
\T1/ptm/m/n/10 is for-warded to [][]gg-plot2::theme_set[][][]. Rec-om-mended th
emes are []\T1/zi4/m/n/10 ggplot2::theme_minimal()[]\T1/ptm/m/n/10 ,

Overfull \hbox (12.25989pt too wide) in paragraph at lines 710--715
[]\T1/zi4/m/n/10 ggplot2::theme_classic() []\T1/ptm/m/n/10 and []\T1/zi4/m/n/10
 ggplot2::theme_bw()[]\T1/ptm/m/n/10 , see [][]gg-plot2::theme_bw[][][]

Overfull \hbox (350.49683pt too wide) in alignment at lines 748--748
 [] [] 
[13]
Overfull \hbox (6.75635pt too wide) in paragraph at lines 798--798
 []\T1/zi4/m/n/9 curve <- simulate_OSLcomponents(components, simulate.curve = T
RUE, add.poisson.noise = TRUE)[] 
[14]
Overfull \hbox (14.02776pt too wide) in paragraph at lines 835--838
\T1/ptm/m/n/10 late the pho-toion-i-sa-tion cross sec-tions. If not given, the 
in-put value for [][]fit_OSLcurve[][][]
[15]
Overfull \hbox (6.75635pt too wide) in paragraph at lines 924--924
 []\T1/zi4/m/n/9 curve <- simulate_OSLcomponents(components, simulate.curve = T
RUE, add.poisson.noise = TRUE)[] 
[16]
Overfull \hbox (16.50032pt too wide) in paragraph at lines 965--968
[]\T1/zi4/m/n/10 object[[]]@records[[]]@recordType[]\T1/ptm/m/n/10 . Com-mon ar
e: []\T1/zi4/m/n/10 "OSL"[]\T1/ptm/m/n/10 ,[]\T1/zi4/m/n/10 "SGOSL" []\T1/ptm/m
/n/10 or []\T1/zi4/m/n/10 "IRSL"[]\T1/ptm/m/n/10 . 

Overfull \hbox (73.82906pt too wide) in paragraph at lines 969--975
\T1/zi4/m/n/10 @recordType \T1/ptm/m/n/10 of the back-ground mea-sure-ments wil
l be re-named to []\T1/zi4/m/n/10 "{record_type}background"[]\T1/ptm/m/n/10 . 

Overfull \hbox (13.25963pt too wide) in paragraph at lines 980--987
\T1/ptm/m/n/10 ram-e-ter will be enu-mer-ated []\T1/zi4/m/n/10 record_type "{re
cord_type}2"[]\T1/ptm/m/n/10 , []\T1/zi4/m/n/10 "{record_type}3"
[17]
Overfull \hbox (18.74608pt too wide) in paragraph at lines 1011--1014
\T1/ptm/m/n/10 Those data sets must be for-mat-ted as [][]RLum.Analysis[][][] o
b-jects. Out-put ob-jects will also be [][]RLum.Analysis[][][]
[18] (/usr/local/texlive/2023/texmf-dist/tex/latex/inconsolata/ts1zi4.fd)
Overfull \hbox (15.75635pt too wide) in paragraph at lines 1114--1114
 []\T1/zi4/m/n/9 data_set_corrected <- RLum.OSL_correction(data_set, background
 = 11, remove_light_off = FALSE)[] 
[19{/usr/local/texlive/2023/texmf-dist/fonts/enc/dvips/inconsolata/i4-ts1.enc}]
[20]
Overfull \hbox (8.89772pt too wide) in paragraph at lines 1207--1210
\T1/ptm/m/n/10 Uses the []\T1/zi4/m/n/10 "det" []\T1/ptm/m/n/10 al-go-rithm if 
a back-ground cor-rec-tion was per-formed with [][]RLum.OSL_correction[][][]

Overfull \hbox (60.96652pt too wide) in paragraph at lines 1215--1219
[]\T1/ptm/m/n/10 Data sets must be for-mat-ted as [][]RLum.Analysis[][][] ob-je
cts and should have been pro-cessed with [][]RLum.OSL_correction[][][]

Overfull \hbox (82.88737pt too wide) in paragraph at lines 1231--1233
[]\T1/ptm/m/n/10 The in-put []\T1/zi4/m/n/10 object[]\T1/ptm/m/n/10 , a [][]lis
t[][][] of [][]RLum.Analysis[][][] ob-jects is re-turned but with a new list el
-e-ment []\T1/zi4/m/n/10 object[["DECOMPOSITION"]][]\T1/ptm/m/n/10 ,

Overfull \hbox (2.3679pt too wide) in paragraph at lines 1243--1246
[]\T1/ptm/m/n/10 The [][]RLum.Data.Curve[][][] at-tribute \T1/zi4/m/n/10 @info 
\T1/ptm/m/n/10 of each CW-OSL record con-tains the new en-try \T1/zi4/m/n/10 $C
OMPONENTS
[21]
Overfull \hbox (62.81647pt too wide) in paragraph at lines 1274--1275
[][][]\T1/ptm/m/n/10 RLum.OSL_global_fitting[][][], [][]de-com-pose_OSLcurve[][
][], [][]op-ti-mise_OSLintervals[][][], [][]Lu-mi-nes-cence::analyse_SAR.CWOSL[
][][] 
[22]
Overfull \hbox (60.96652pt too wide) in paragraph at lines 1381--1385
[]\T1/ptm/m/n/10 Data sets must be for-mat-ted as [][]RLum.Analysis[][][] ob-je
cts and should have been pro-cessed with [][]RLum.OSL_correction[][][]
[23]
Overfull \hbox (87.88737pt too wide) in paragraph at lines 1397--1399
[]\T1/ptm/m/n/10 The in-put []\T1/zi4/m/n/10 object[]\T1/ptm/m/n/10 , a [][]lis
t[][][] of [][]RLum.Analysis[][][] ob-jects is re-turned but with a new list el
-e-ment []\T1/zi4/m/n/10 object[["OSL_COMPONENTS"]][]\T1/ptm/m/n/10 ,
[24] [25]
Overfull \hbox (36.6179pt too wide) in paragraph at lines 1512--1514
[][][]\T1/ptm/m/n/10 logical[][][] (\T1/ptm/m/it/10 with de-fault\T1/ptm/m/n/10
 ): Adds pois-son dis-tributed shot noise to \T1/zi4/m/n/10 $signal \T1/ptm/m/n
/10 if []\T1/zi4/m/n/10 simulate.curve
[26]
Overfull \hbox (6.75635pt too wide) in paragraph at lines 1565--1565
 []\T1/zi4/m/n/9 curve <- simulate_OSLcomponents(components, simulate.curve = T
RUE, add.poisson.noise = TRUE)[] 
[27]
(/private/var/folders/yz/3s5p1pss4352wtlzt9_bzbp00000gp/T/RtmpJGGe4V/Rd2pdfd1c5
4a595b5d/Rd2.ind [28]

LaTeX Font Warning: Font shape `T1/zi4/m/it' undefined
(Font)              using `T1/zi4/m/n' instead on input line 119.

[29])
(/private/var/folders/yz/3s5p1pss4352wtlzt9_bzbp00000gp/T/RtmpJGGe4V/Rd2pdfd1c5
4a595b5d/Rd2.aux)

LaTeX Font Warning: Some font shapes were not available, defaults substituted.

 )
(see the transcript file for additional information)
pdfTeX warning (dest): name{Rfn.knitr::kable} has been referenced but does not 
exist, replaced by a fixed one


pdfTeX warning (dest): name{Rfn.rmarkdown.Rdash.package} has been referenced bu
t does not exist, replaced by a fixed one


pdfTeX warning (dest): name{Rfn.Luminescence::analyse.Rul.SAR.CWOSL} has been r
eferenced but does not exist, replaced by a fixed one


pdfTeX warning (dest): name{Rfn.rmarkdown} has been referenced but does not exi
st, replaced by a fixed one


pdfTeX warning (dest): name{Rfn.Luminescence.Rdash.package} has been referenced
 but does not exist, replaced by a fixed one


pdfTeX warning (dest): name{Rfn.RLum.Analysis.Rdash.class} has been referenced 
but does not exist, replaced by a fixed one


pdfTeX warning (dest): name{Rfn.ggplot2.Rdash.package} has been referenced but 
does not exist, replaced by a fixed one


pdfTeX warning (dest): name{Rfn.ggplot2::ggplot} has been referenced but does n
ot exist, replaced by a fixed one


pdfTeX warning (dest): name{Rfn.ggplot2::ggsave} has been referenced but does n
ot exist, replaced by a fixed one


pdfTeX warning (dest): name{Rfn.gridExtra::grid.arrange} has been referenced bu
t does not exist, replaced by a fixed one


pdfTeX warning (dest): name{Rfn.ggplot2::theme.Rul.bw} has been referenced but 
does not exist, replaced by a fixed one


pdfTeX warning (dest): name{Rfn.ggplot2::theme.Rul.set} has been referenced but
 does not exist, replaced by a fixed one


pdfTeX warning (dest): name{Rfn.ggplot2} has been referenced but does not exist
, replaced by a fixed one


pdfTeX warning (dest): name{Rfn.nls} has been referenced but does not exist, re
placed by a fixed one


pdfTeX warning (dest): name{Rfn.vector} has been referenced but does not exist,
 replaced by a fixed one


pdfTeX warning (dest): name{Rfn.list} has been referenced but does not exist, r
eplaced by a fixed one


pdfTeX warning (dest): name{Rfn.DEoptim::DEoptim} has been referenced but does 
not exist, replaced by a fixed one


pdfTeX warning (dest): name{Rfn.DEoptim::DEoptim.control} has been referenced b
ut does not exist, replaced by a fixed one


pdfTeX warning (dest): name{Rfn.minpack.lm::nlsLM} has been referenced but does
 not exist, replaced by a fixed one


pdfTeX warning (dest): name{Rfn.character} has been referenced but does not exi
st, replaced by a fixed one


pdfTeX warning (dest): name{Rfn.logical} has been referenced but does not exist
, replaced by a fixed one


pdfTeX warning (dest): name{Rfn.numeric} has been referenced but does not exist
, replaced by a fixed one


pdfTeX warning (dest): name{Rfn.RLum.Data.Curve.Rdash.class} has been reference
d but does not exist, replaced by a fixed one


pdfTeX warning (dest): name{Rfn.matrix} has been referenced but does not exist,
 replaced by a fixed one


pdfTeX warning (dest): name{Rfn.data.frame} has been referenced but does not ex
ist, replaced by a fixed one

</usr/local/texlive/2023/texmf-dist/fonts/type1/public/inconsolata/Inconsolata-
zi4r.pfb></usr/local/texlive/2023/texmf-dist/fonts/type1/public/amsfonts/cm/cmm
i10.pfb></usr/local/texlive/2023/texmf-dist/fonts/type1/public/amsfonts/cm/cmmi
7.pfb></usr/local/texlive/2023/texmf-dist/fonts/type1/public/amsfonts/cm/cmr10.
pfb></usr/local/texlive/2023/texmf-dist/fonts/type1/public/amsfonts/cm/cmr7.pfb
></usr/local/texlive/2023/texmf-dist/fonts/type1/public/amsfonts/cm/cmsy10.pfb>
</usr/local/texlive/2023/texmf-dist/fonts/type1/public/amsfonts/cm/cmsy7.pfb></
usr/local/texlive/2023/texmf-dist/fonts/type1/urw/helvetic/uhvr8a.pfb></usr/loc
al/texlive/2023/texmf-dist/fonts/type1/urw/times/utmb8a.pfb></usr/local/texlive
/2023/texmf-dist/fonts/type1/urw/times/utmr8a.pfb></usr/local/texlive/2023/texm
f-dist/fonts/type1/urw/times/utmr8a.pfb></usr/local/texlive/2023/texmf-dist/fon
ts/type1/urw/times/utmri8a.pfb>
Output written on Rd2.pdf (29 pages, 241028 bytes).
Transcript written on Rd2.log.
This is makeindex, version 2.17 [TeX Live 2023] (kpathsea + Thai support).
Scanning input file Rd2.idx....done (294 entries accepted, 0 rejected).
Sorting entries.....done (2572 comparisons).
Generating output file Rd2.ind....done (176 lines written, 1 warning).
Output written in Rd2.ind.
Transcript written in Rd2.ilg.
This is pdfTeX, Version 3.141592653-2.6-1.40.25 (TeX Live 2023) (preloaded format=pdflatex)
 restricted \write18 enabled.
entering extended mode
LaTeX2e <2022-11-01> patch level 1
L3 programming layer <2023-06-30> (./Rd2.tex
(/usr/local/texlive/2023/texmf-dist/tex/latex/base/book.cls
Document Class: book 2022/07/02 v1.4n Standard LaTeX document class
(/usr/local/texlive/2023/texmf-dist/tex/latex/base/bk10.clo))
(/Library/Frameworks/R.framework/Resources/share/texmf/tex/latex/Rd.sty
(/usr/local/texlive/2023/texmf-dist/tex/latex/base/ifthen.sty)
(/usr/local/texlive/2023/texmf-dist/tex/latex/tools/longtable.sty)
(/usr/local/texlive/2023/texmf-dist/tex/latex/tools/bm.sty)
(/usr/local/texlive/2023/texmf-dist/tex/latex/base/alltt.sty)
(/usr/local/texlive/2023/texmf-dist/tex/latex/tools/verbatim.sty)
(/usr/local/texlive/2023/texmf-dist/tex/latex/url/url.sty)
(/usr/local/texlive/2023/texmf-dist/tex/latex/base/textcomp.sty)
(/usr/local/texlive/2023/texmf-dist/tex/latex/amsmath/amsmath.sty
For additional information on amsmath, use the `?' option.
(/usr/local/texlive/2023/texmf-dist/tex/latex/amsmath/amstext.sty
(/usr/local/texlive/2023/texmf-dist/tex/latex/amsmath/amsgen.sty))
(/usr/local/texlive/2023/texmf-dist/tex/latex/amsmath/amsbsy.sty)
(/usr/local/texlive/2023/texmf-dist/tex/latex/amsmath/amsopn.sty))
(/usr/local/texlive/2023/texmf-dist/tex/latex/amsfonts/amsfonts.sty)
(/usr/local/texlive/2023/texmf-dist/tex/latex/amsfonts/amssymb.sty)
(/usr/local/texlive/2023/texmf-dist/tex/latex/jknapltx/mathrsfs.sty)
(/usr/local/texlive/2023/texmf-dist/tex/generic/iftex/iftex.sty)
(/usr/local/texlive/2023/texmf-dist/tex/latex/base/fontenc.sty)
(/usr/local/texlive/2023/texmf-dist/tex/latex/psnfss/times.sty)
(/usr/local/texlive/2023/texmf-dist/tex/latex/inconsolata/zi4.sty
`inconsolata-zi4' v1.12, 2019/05/17 Text macros for Inconsolata (msharpe)
(/usr/local/texlive/2023/texmf-dist/tex/latex/xkeyval/xkeyval.sty
(/usr/local/texlive/2023/texmf-dist/tex/generic/xkeyval/xkeyval.tex
(/usr/local/texlive/2023/texmf-dist/tex/generic/xkeyval/xkvutils.tex
(/usr/local/texlive/2023/texmf-dist/tex/generic/xkeyval/keyval.tex)))))
(/usr/local/texlive/2023/texmf-dist/tex/latex/graphics/color.sty
(/usr/local/texlive/2023/texmf-dist/tex/latex/graphics-cfg/color.cfg)
(/usr/local/texlive/2023/texmf-dist/tex/latex/graphics-def/pdftex.def)
(/usr/local/texlive/2023/texmf-dist/tex/latex/graphics/mathcolor.ltx))
(/usr/local/texlive/2023/texmf-dist/tex/latex/hyperref/hyperref.sty
(/usr/local/texlive/2023/texmf-dist/tex/generic/ltxcmds/ltxcmds.sty)
(/usr/local/texlive/2023/texmf-dist/tex/generic/pdftexcmds/pdftexcmds.sty
(/usr/local/texlive/2023/texmf-dist/tex/generic/infwarerr/infwarerr.sty))
(/usr/local/texlive/2023/texmf-dist/tex/latex/kvsetkeys/kvsetkeys.sty)
(/usr/local/texlive/2023/texmf-dist/tex/generic/kvdefinekeys/kvdefinekeys.sty)
(/usr/local/texlive/2023/texmf-dist/tex/generic/pdfescape/pdfescape.sty)
(/usr/local/texlive/2023/texmf-dist/tex/latex/hycolor/hycolor.sty)
(/usr/local/texlive/2023/texmf-dist/tex/latex/letltxmacro/letltxmacro.sty)
(/usr/local/texlive/2023/texmf-dist/tex/latex/auxhook/auxhook.sty)
(/usr/local/texlive/2023/texmf-dist/tex/latex/hyperref/nameref.sty
(/usr/local/texlive/2023/texmf-dist/tex/latex/refcount/refcount.sty)
(/usr/local/texlive/2023/texmf-dist/tex/generic/gettitlestring/gettitlestring.s
ty (/usr/local/texlive/2023/texmf-dist/tex/latex/kvoptions/kvoptions.sty)))
(/usr/local/texlive/2023/texmf-dist/tex/latex/etoolbox/etoolbox.sty)
(/usr/local/texlive/2023/texmf-dist/tex/latex/hyperref/pd1enc.def)
(/usr/local/texlive/2023/texmf-dist/tex/generic/intcalc/intcalc.sty)
(/usr/local/texlive/2023/texmf-dist/tex/latex/hyperref/puenc.def)
(/usr/local/texlive/2023/texmf-dist/tex/generic/bitset/bitset.sty
(/usr/local/texlive/2023/texmf-dist/tex/generic/bigintcalc/bigintcalc.sty))
(/usr/local/texlive/2023/texmf-dist/tex/latex/base/atbegshi-ltx.sty))
(/usr/local/texlive/2023/texmf-dist/tex/latex/hyperref/hpdftex.def
(/usr/local/texlive/2023/texmf-dist/tex/latex/base/atveryend-ltx.sty)
(/usr/local/texlive/2023/texmf-dist/tex/latex/rerunfilecheck/rerunfilecheck.sty

(/usr/local/texlive/2023/texmf-dist/tex/generic/uniquecounter/uniquecounter.sty
)))) (/usr/local/texlive/2023/texmf-dist/tex/latex/base/makeidx.sty)
(/usr/local/texlive/2023/texmf-dist/tex/latex/base/inputenc.sty)
Writing index file Rd2.idx
(/usr/local/texlive/2023/texmf-dist/tex/latex/psnfss/t1ptm.fd)
(/usr/local/texlive/2023/texmf-dist/tex/latex/l3backend/l3backend-pdftex.def)
(/private/var/folders/yz/3s5p1pss4352wtlzt9_bzbp00000gp/T/RtmpJGGe4V/Rd2pdfd1c5
4a595b5d/Rd2.aux)
(/usr/local/texlive/2023/texmf-dist/tex/context/base/mkii/supp-pdf.mkii
[Loading MPS to PDF converter (version 2006.09.02).]
)
(/private/var/folders/yz/3s5p1pss4352wtlzt9_bzbp00000gp/T/RtmpJGGe4V/Rd2pdfd1c5
4a595b5d/Rd2.out)
(/private/var/folders/yz/3s5p1pss4352wtlzt9_bzbp00000gp/T/RtmpJGGe4V/Rd2pdfd1c5
4a595b5d/Rd2.out)
(/usr/local/texlive/2023/texmf-dist/tex/latex/inconsolata/t1zi4.fd)
(/usr/local/texlive/2023/texmf-dist/tex/latex/psnfss/ts1ptm.fd)
(/usr/local/texlive/2023/texmf-dist/tex/latex/amsfonts/umsa.fd)
(/usr/local/texlive/2023/texmf-dist/tex/latex/amsfonts/umsb.fd)
(/usr/local/texlive/2023/texmf-dist/tex/latex/jknapltx/ursfs.fd)
(/usr/local/texlive/2023/texmf-dist/tex/latex/psnfss/t1phv.fd)
(/private/var/folders/yz/3s5p1pss4352wtlzt9_bzbp00000gp/T/RtmpJGGe4V/Rd2pdfd1c5
4a595b5d/Rd2.toc [1{/usr/local/texlive/2023/texmf-var/fonts/map/pdftex/updmap/p
dftex.map}{/usr/local/texlive/2023/texmf-dist/fonts/enc/dvips/base/8r.enc}{/usr
/local/texlive/2023/texmf-dist/fonts/enc/dvips/inconsolata/i4-t1-0.enc}])
[2]
Overfull \hbox (12.6373pt too wide) in paragraph at lines 161--164
[][][]\T1/ptm/m/n/10 character[][][] string (\T1/ptm/m/it/10 with de-fault\T1/p
tm/m/n/10 ): in-te-gral er-ror es-ti-ma-tion ap-proach, ei-ther []\T1/zi4/m/n/1
0 "empiric"
[3]
Overfull \hbox (20.18642pt too wide) in paragraph at lines 202--207
[]\T1/ptm/m/n/10 As al-ter-na-tive al-go-rithm, Levenberg-Marquardt non-lin-ear
 re-gres-sion is avail-able, see [][]min-pack.lm::nlsLM[][][]
[4] [5] [6] [7] [8]
Overfull \hbox (66.25981pt too wide) in alignment at lines 485--485
 [] [] [] 

Overfull \hbox (54.05728pt too wide) in paragraph at lines 519--521
[][][]\T1/ptm/m/n/10 RLum.OSL_decomposition[][][], [][]sum_OSLcurves[][][], [][
]de-com-pose_OSLcurve[][][], [][]plot_OSLcurve[][][], [][]plot_PhotoCrosssectio
ns[][][],
[9]
Overfull \hbox (26.68665pt too wide) in paragraph at lines 542--544
[]\T1/ptm/m/n/10 This func-tion de-fines in-te-gra-tion in-ter-vals for CW-OSL 
com-po-nent sep-a-ra-tion with [][]de-com-pose_OSLcurve[][][].

Overfull \hbox (10.46823pt too wide) in paragraph at lines 569--572
\T1/ptm/m/n/10 serves as time axis tem-plate. The in-put curve will be used to 
de-fine []\T1/zi4/m/n/10 channel.width
[10] [11] [12]
Overfull \hbox (53.98825pt too wide) in paragraph at lines 710--715
\T1/ptm/m/n/10 is for-warded to [][]gg-plot2::theme_set[][][]. Rec-om-mended th
emes are []\T1/zi4/m/n/10 ggplot2::theme_minimal()[]\T1/ptm/m/n/10 ,

Overfull \hbox (12.25989pt too wide) in paragraph at lines 710--715
[]\T1/zi4/m/n/10 ggplot2::theme_classic() []\T1/ptm/m/n/10 and []\T1/zi4/m/n/10
 ggplot2::theme_bw()[]\T1/ptm/m/n/10 , see [][]gg-plot2::theme_bw[][][]

Overfull \hbox (350.49683pt too wide) in alignment at lines 748--748
 [] [] 
[13]
Overfull \hbox (6.75635pt too wide) in paragraph at lines 798--798
 []\T1/zi4/m/n/9 curve <- simulate_OSLcomponents(components, simulate.curve = T
RUE, add.poisson.noise = TRUE)[] 
[14]
Overfull \hbox (14.02776pt too wide) in paragraph at lines 835--838
\T1/ptm/m/n/10 late the pho-toion-i-sa-tion cross sec-tions. If not given, the 
in-put value for [][]fit_OSLcurve[][][]
[15]
Overfull \hbox (6.75635pt too wide) in paragraph at lines 924--924
 []\T1/zi4/m/n/9 curve <- simulate_OSLcomponents(components, simulate.curve = T
RUE, add.poisson.noise = TRUE)[] 
[16]
Overfull \hbox (16.50032pt too wide) in paragraph at lines 965--968
[]\T1/zi4/m/n/10 object[[]]@records[[]]@recordType[]\T1/ptm/m/n/10 . Com-mon ar
e: []\T1/zi4/m/n/10 "OSL"[]\T1/ptm/m/n/10 ,[]\T1/zi4/m/n/10 "SGOSL" []\T1/ptm/m
/n/10 or []\T1/zi4/m/n/10 "IRSL"[]\T1/ptm/m/n/10 . 

Overfull \hbox (73.82906pt too wide) in paragraph at lines 969--975
\T1/zi4/m/n/10 @recordType \T1/ptm/m/n/10 of the back-ground mea-sure-ments wil
l be re-named to []\T1/zi4/m/n/10 "{record_type}background"[]\T1/ptm/m/n/10 . 

Overfull \hbox (13.25963pt too wide) in paragraph at lines 980--987
\T1/ptm/m/n/10 ram-e-ter will be enu-mer-ated []\T1/zi4/m/n/10 record_type "{re
cord_type}2"[]\T1/ptm/m/n/10 , []\T1/zi4/m/n/10 "{record_type}3"
[17]
Overfull \hbox (18.74608pt too wide) in paragraph at lines 1011--1014
\T1/ptm/m/n/10 Those data sets must be for-mat-ted as [][]RLum.Analysis[][][] o
b-jects. Out-put ob-jects will also be [][]RLum.Analysis[][][]
[18] (/usr/local/texlive/2023/texmf-dist/tex/latex/inconsolata/ts1zi4.fd)
Overfull \hbox (15.75635pt too wide) in paragraph at lines 1114--1114
 []\T1/zi4/m/n/9 data_set_corrected <- RLum.OSL_correction(data_set, background
 = 11, remove_light_off = FALSE)[] 
[19{/usr/local/texlive/2023/texmf-dist/fonts/enc/dvips/inconsolata/i4-ts1.enc}]
[20]
Overfull \hbox (8.89772pt too wide) in paragraph at lines 1207--1210
\T1/ptm/m/n/10 Uses the []\T1/zi4/m/n/10 "det" []\T1/ptm/m/n/10 al-go-rithm if 
a back-ground cor-rec-tion was per-formed with [][]RLum.OSL_correction[][][]

Overfull \hbox (60.96652pt too wide) in paragraph at lines 1215--1219
[]\T1/ptm/m/n/10 Data sets must be for-mat-ted as [][]RLum.Analysis[][][] ob-je
cts and should have been pro-cessed with [][]RLum.OSL_correction[][][]

Overfull \hbox (82.88737pt too wide) in paragraph at lines 1231--1233
[]\T1/ptm/m/n/10 The in-put []\T1/zi4/m/n/10 object[]\T1/ptm/m/n/10 , a [][]lis
t[][][] of [][]RLum.Analysis[][][] ob-jects is re-turned but with a new list el
-e-ment []\T1/zi4/m/n/10 object[["DECOMPOSITION"]][]\T1/ptm/m/n/10 ,

Overfull \hbox (2.3679pt too wide) in paragraph at lines 1243--1246
[]\T1/ptm/m/n/10 The [][]RLum.Data.Curve[][][] at-tribute \T1/zi4/m/n/10 @info 
\T1/ptm/m/n/10 of each CW-OSL record con-tains the new en-try \T1/zi4/m/n/10 $C
OMPONENTS
[21]
Overfull \hbox (62.81647pt too wide) in paragraph at lines 1274--1275
[][][]\T1/ptm/m/n/10 RLum.OSL_global_fitting[][][], [][]de-com-pose_OSLcurve[][
][], [][]op-ti-mise_OSLintervals[][][], [][]Lu-mi-nes-cence::analyse_SAR.CWOSL[
][][] 
[22]
Overfull \hbox (60.96652pt too wide) in paragraph at lines 1381--1385
[]\T1/ptm/m/n/10 Data sets must be for-mat-ted as [][]RLum.Analysis[][][] ob-je
cts and should have been pro-cessed with [][]RLum.OSL_correction[][][]
[23]
Overfull \hbox (87.88737pt too wide) in paragraph at lines 1397--1399
[]\T1/ptm/m/n/10 The in-put []\T1/zi4/m/n/10 object[]\T1/ptm/m/n/10 , a [][]lis
t[][][] of [][]RLum.Analysis[][][] ob-jects is re-turned but with a new list el
-e-ment []\T1/zi4/m/n/10 object[["OSL_COMPONENTS"]][]\T1/ptm/m/n/10 ,
[24] [25]
Overfull \hbox (36.6179pt too wide) in paragraph at lines 1512--1514
[][][]\T1/ptm/m/n/10 logical[][][] (\T1/ptm/m/it/10 with de-fault\T1/ptm/m/n/10
 ): Adds pois-son dis-tributed shot noise to \T1/zi4/m/n/10 $signal \T1/ptm/m/n
/10 if []\T1/zi4/m/n/10 simulate.curve
[26]
Overfull \hbox (6.75635pt too wide) in paragraph at lines 1565--1565
 []\T1/zi4/m/n/9 curve <- simulate_OSLcomponents(components, simulate.curve = T
RUE, add.poisson.noise = TRUE)[] 
[27]
(/private/var/folders/yz/3s5p1pss4352wtlzt9_bzbp00000gp/T/RtmpJGGe4V/Rd2pdfd1c5
4a595b5d/Rd2.ind [28]

LaTeX Font Warning: Font shape `T1/zi4/m/it' undefined
(Font)              using `T1/zi4/m/n' instead on input line 118.

[29])
(/private/var/folders/yz/3s5p1pss4352wtlzt9_bzbp00000gp/T/RtmpJGGe4V/Rd2pdfd1c5
4a595b5d/Rd2.aux)

LaTeX Font Warning: Some font shapes were not available, defaults substituted.

 )
(see the transcript file for additional information)
pdfTeX warning (dest): name{Rfn.knitr::kable} has been referenced but does not 
exist, replaced by a fixed one


pdfTeX warning (dest): name{Rfn.rmarkdown.Rdash.package} has been referenced bu
t does not exist, replaced by a fixed one


pdfTeX warning (dest): name{Rfn.Luminescence::analyse.Rul.SAR.CWOSL} has been r
eferenced but does not exist, replaced by a fixed one


pdfTeX warning (dest): name{Rfn.rmarkdown} has been referenced but does not exi
st, replaced by a fixed one


pdfTeX warning (dest): name{Rfn.Luminescence.Rdash.package} has been referenced
 but does not exist, replaced by a fixed one


pdfTeX warning (dest): name{Rfn.RLum.Analysis.Rdash.class} has been referenced 
but does not exist, replaced by a fixed one


pdfTeX warning (dest): name{Rfn.ggplot2.Rdash.package} has been referenced but 
does not exist, replaced by a fixed one


pdfTeX warning (dest): name{Rfn.ggplot2::ggplot} has been referenced but does n
ot exist, replaced by a fixed one


pdfTeX warning (dest): name{Rfn.ggplot2::ggsave} has been referenced but does n
ot exist, replaced by a fixed one


pdfTeX warning (dest): name{Rfn.gridExtra::grid.arrange} has been referenced bu
t does not exist, replaced by a fixed one


pdfTeX warning (dest): name{Rfn.ggplot2::theme.Rul.bw} has been referenced but 
does not exist, replaced by a fixed one


pdfTeX warning (dest): name{Rfn.ggplot2::theme.Rul.set} has been referenced but
 does not exist, replaced by a fixed one


pdfTeX warning (dest): name{Rfn.ggplot2} has been referenced but does not exist
, replaced by a fixed one


pdfTeX warning (dest): name{Rfn.nls} has been referenced but does not exist, re
placed by a fixed one


pdfTeX warning (dest): name{Rfn.vector} has been referenced but does not exist,
 replaced by a fixed one


pdfTeX warning (dest): name{Rfn.list} has been referenced but does not exist, r
eplaced by a fixed one


pdfTeX warning (dest): name{Rfn.DEoptim::DEoptim} has been referenced but does 
not exist, replaced by a fixed one


pdfTeX warning (dest): name{Rfn.DEoptim::DEoptim.control} has been referenced b
ut does not exist, replaced by a fixed one


pdfTeX warning (dest): name{Rfn.minpack.lm::nlsLM} has been referenced but does
 not exist, replaced by a fixed one


pdfTeX warning (dest): name{Rfn.character} has been referenced but does not exi
st, replaced by a fixed one


pdfTeX warning (dest): name{Rfn.logical} has been referenced but does not exist
, replaced by a fixed one


pdfTeX warning (dest): name{Rfn.numeric} has been referenced but does not exist
, replaced by a fixed one


pdfTeX warning (dest): name{Rfn.RLum.Data.Curve.Rdash.class} has been reference
d but does not exist, replaced by a fixed one


pdfTeX warning (dest): name{Rfn.matrix} has been referenced but does not exist,
 replaced by a fixed one


pdfTeX warning (dest): name{Rfn.data.frame} has been referenced but does not ex
ist, replaced by a fixed one

</usr/local/texlive/2023/texmf-dist/fonts/type1/public/inconsolata/Inconsolata-
zi4r.pfb></usr/local/texlive/2023/texmf-dist/fonts/type1/public/amsfonts/cm/cmm
i10.pfb></usr/local/texlive/2023/texmf-dist/fonts/type1/public/amsfonts/cm/cmmi
7.pfb></usr/local/texlive/2023/texmf-dist/fonts/type1/public/amsfonts/cm/cmr10.
pfb></usr/local/texlive/2023/texmf-dist/fonts/type1/public/amsfonts/cm/cmr7.pfb
></usr/local/texlive/2023/texmf-dist/fonts/type1/public/amsfonts/cm/cmsy10.pfb>
</usr/local/texlive/2023/texmf-dist/fonts/type1/public/amsfonts/cm/cmsy7.pfb></
usr/local/texlive/2023/texmf-dist/fonts/type1/urw/helvetic/uhvr8a.pfb></usr/loc
al/texlive/2023/texmf-dist/fonts/type1/urw/times/utmb8a.pfb></usr/local/texlive
/2023/texmf-dist/fonts/type1/urw/times/utmr8a.pfb></usr/local/texlive/2023/texm
f-dist/fonts/type1/urw/times/utmr8a.pfb></usr/local/texlive/2023/texmf-dist/fon
ts/type1/urw/times/utmri8a.pfb>
Output written on Rd2.pdf (29 pages, 241099 bytes).
Transcript written on Rd2.log.
Saving output to OSLdecomposition-manual.pdf ...
Done
You may want to clean up by 'rm -Rf /var/folders/yz/3s5p1pss4352wtlzt9_bzbp00000gp/T//RtmpJGGe4V/Rd2pdfd1c54a595b5d'
