* installing *source* package ‘Luminescence’ ...
** using staged installation
** libs
using C++ compiler: ‘Apple clang version 14.0.3 (clang-1403.0.22.14.1)’
using C++17
using SDK: ‘’
clang++ -arch arm64 -std=gnu++17 -I"/Library/Frameworks/R.framework/Resources/include" -DNDEBUG -I../inst/include -I'/Library/Frameworks/R.framework/Versions/4.4-arm64/Resources/library/Rcpp/include' -I'/Library/Frameworks/R.framework/Versions/4.4-arm64/Resources/library/RcppArmadillo/include' -I/opt/homebrew/include    -fPIC  -falign-functions=64 -Wall -g -O2  -c RcppExports.cpp -o RcppExports.o
clang++ -arch arm64 -std=gnu++17 -I"/Library/Frameworks/R.framework/Resources/include" -DNDEBUG -I../inst/include -I'/Library/Frameworks/R.framework/Versions/4.4-arm64/Resources/library/Rcpp/include' -I'/Library/Frameworks/R.framework/Versions/4.4-arm64/Resources/library/RcppArmadillo/include' -I/opt/homebrew/include    -fPIC  -falign-functions=64 -Wall -g -O2  -c create_UID.cpp -o create_UID.o
clang++ -arch arm64 -std=gnu++17 -I"/Library/Frameworks/R.framework/Resources/include" -DNDEBUG -I../inst/include -I'/Library/Frameworks/R.framework/Versions/4.4-arm64/Resources/library/Rcpp/include' -I'/Library/Frameworks/R.framework/Versions/4.4-arm64/Resources/library/RcppArmadillo/include' -I/opt/homebrew/include    -fPIC  -falign-functions=64 -Wall -g -O2  -c src_analyse_IRSARRF_SRS.cpp -o src_analyse_IRSARRF_SRS.o
clang++ -arch arm64 -std=gnu++17 -I"/Library/Frameworks/R.framework/Resources/include" -DNDEBUG -I../inst/include -I'/Library/Frameworks/R.framework/Versions/4.4-arm64/Resources/library/Rcpp/include' -I'/Library/Frameworks/R.framework/Versions/4.4-arm64/Resources/library/RcppArmadillo/include' -I/opt/homebrew/include    -fPIC  -falign-functions=64 -Wall -g -O2  -c src_create_RLumDataCurve_matrix.cpp -o src_create_RLumDataCurve_matrix.o
clang++ -arch arm64 -std=gnu++17 -I"/Library/Frameworks/R.framework/Resources/include" -DNDEBUG -I../inst/include -I'/Library/Frameworks/R.framework/Versions/4.4-arm64/Resources/library/Rcpp/include' -I'/Library/Frameworks/R.framework/Versions/4.4-arm64/Resources/library/RcppArmadillo/include' -I/opt/homebrew/include    -fPIC  -falign-functions=64 -Wall -g -O2  -c src_get_XSYG_curve_values.cpp -o src_get_XSYG_curve_values.o
clang++ -arch arm64 -std=gnu++17 -dynamiclib -Wl,-headerpad_max_install_names -undefined dynamic_lookup -L/Library/Frameworks/R.framework/Resources/lib -L/opt/homebrew/lib -o Luminescence.so RcppExports.o create_UID.o src_analyse_IRSARRF_SRS.o src_create_RLumDataCurve_matrix.o src_get_XSYG_curve_values.o -F/Library/Frameworks/R.framework/.. -framework R -Wl,-framework -Wl,CoreFoundation
installing to /Users/kreutzer/GitHub/Luminescence/Luminescence.BuildResults/Luminescence.Rcheck/00LOCK-Luminescence/00new/Luminescence/libs
** R
** data
** inst
** byte-compile and prepare package for lazy loading
** help
*** installing help indices
*** copying figures
** building package indices
** installing vignettes
** testing if installed package can be loaded from temporary location
** checking absolute paths in shared objects and dynamic libraries
** testing if installed package can be loaded from final location
** testing if installed package keeps a record of temporary installation path
* DONE (Luminescence)
