This is pdfTeX, Version 3.141592653-2.6-1.40.23 (TeX Live 2022/dev) (preloaded format=pdflatex 2021.7.22)  24 AUG 2021 09:48
entering extended mode
 restricted \write18 enabled.
 %&-line parsing enabled.
**\nonstopmode \input ./Rd2.tex \input ./Rd2.tex \input ./Rd2.tex \input ./Rd2.
tex
(./Rd2.tex
(/usr/local/texlive/2021/texmf-dist/tex/latex/base/book.cls
Document Class: book 2021/02/12 v1.4n Standard LaTeX document class
(/usr/local/texlive/2021/texmf-dist/tex/latex/base/bk10.clo
File: bk10.clo 2021/02/12 v1.4n Standard LaTeX file (size option)
)
\c@part=\count182
\c@chapter=\count183
\c@section=\count184
\c@subsection=\count185
\c@subsubsection=\count186
\c@paragraph=\count187
\c@subparagraph=\count188
\c@figure=\count189
\c@table=\count190
\abovecaptionskip=\skip47
\belowcaptionskip=\skip48
\bibindent=\dimen138
)
(/Library/Frameworks/R.framework/Resources/share/texmf/tex/latex/Rd.sty
Package: Rd 

(/usr/local/texlive/2021/texmf-dist/tex/latex/base/ifthen.sty
Package: ifthen 2020/11/24 v1.1c Standard LaTeX ifthen package (DPC)
)
(/usr/local/texlive/2021/texmf-dist/tex/latex/tools/longtable.sty
Package: longtable 2021-05-07 v4.16 Multi-page Table package (DPC)
\LTleft=\skip49
\LTright=\skip50
\LTpre=\skip51
\LTpost=\skip52
\LTchunksize=\count191
\LTcapwidth=\dimen139
\LT@head=\box50
\LT@firsthead=\box51
\LT@foot=\box52
\LT@lastfoot=\box53
\LT@gbox=\box54
\LT@cols=\count192
\LT@rows=\count193
\c@LT@tables=\count194
\c@LT@chunks=\count195
\LT@p@ftn=\toks16
)
(/usr/local/texlive/2021/texmf-dist/tex/latex/tools/bm.sty
Package: bm 2021/04/25 v1.2e Bold Symbol Support (DPC/FMi)
\symboldoperators=\mathgroup4
\symboldletters=\mathgroup5
\symboldsymbols=\mathgroup6
Package bm Info: No bold for \OMX/cmex/m/n, using \pmb.
LaTeX Font Info:    Redeclaring math alphabet \mathbf on input line 149.
)
(/usr/local/texlive/2021/texmf-dist/tex/latex/base/alltt.sty
Package: alltt 2021/01/29 v2.0g defines alltt environment
)
(/usr/local/texlive/2021/texmf-dist/tex/latex/tools/verbatim.sty
Package: verbatim 2020-07-07 v1.5u LaTeX2e package for verbatim enhancements
\every@verbatim=\toks17
\verbatim@line=\toks18
\verbatim@in@stream=\read2
)
(/usr/local/texlive/2021/texmf-dist/tex/latex/url/url.sty
\Urlmuskip=\muskip16
Package: url 2013/09/16  ver 3.4  Verb mode for urls, etc.
)
(/usr/local/texlive/2021/texmf-dist/tex/latex/base/textcomp.sty
Package: textcomp 2020/02/02 v2.0n Standard LaTeX package
)
\ldescriptionwidth=\skip53

(/usr/local/texlive/2021/texmf-dist/tex/latex/base/fontenc.sty
Package: fontenc 2021/04/29 v2.0v Standard LaTeX package
)
(/usr/local/texlive/2021/texmf-dist/tex/latex/psnfss/times.sty
Package: times 2020/03/25 PSNFSS-v9.3 (SPQR) 
)
(/usr/local/texlive/2021/texmf-dist/tex/latex/inconsolata/zi4.sty
Package: zi4 2019/05/17 v1.12

`inconsolata-zi4' v1.12, 2019/05/17 Text macros for Inconsolata (msharpe)
(/usr/local/texlive/2021/texmf-dist/tex/latex/xkeyval/xkeyval.sty
Package: xkeyval 2020/11/20 v2.8 package option processing (HA)

(/usr/local/texlive/2021/texmf-dist/tex/generic/xkeyval/xkeyval.tex
(/usr/local/texlive/2021/texmf-dist/tex/generic/xkeyval/xkvutils.tex
\XKV@toks=\toks19
\XKV@tempa@toks=\toks20

(/usr/local/texlive/2021/texmf-dist/tex/generic/xkeyval/keyval.tex))
\XKV@depth=\count196
File: xkeyval.tex 2014/12/03 v2.7a key=value parser (HA)
))
\zifour@ocount=\count197
)
(/usr/local/texlive/2021/texmf-dist/tex/latex/graphics/color.sty
Package: color 2020/02/24 v1.2b Standard LaTeX Color (DPC)

(/usr/local/texlive/2021/texmf-dist/tex/latex/graphics-cfg/color.cfg
File: color.cfg 2016/01/02 v1.6 sample color configuration
)
Package color Info: Driver file: pdftex.def on input line 149.

(/usr/local/texlive/2021/texmf-dist/tex/latex/graphics-def/pdftex.def
File: pdftex.def 2020/10/05 v1.2a Graphics/color driver for pdftex
))
(/usr/local/texlive/2021/texmf-dist/tex/latex/hyperref/hyperref.sty
Package: hyperref 2021-06-07 v7.00m Hypertext links for LaTeX

(/usr/local/texlive/2021/texmf-dist/tex/generic/ltxcmds/ltxcmds.sty
Package: ltxcmds 2020-05-10 v1.25 LaTeX kernel commands for general use (HO)
)
(/usr/local/texlive/2021/texmf-dist/tex/generic/iftex/iftex.sty
Package: iftex 2020/03/06 v1.0d TeX engine tests
)
(/usr/local/texlive/2021/texmf-dist/tex/generic/pdftexcmds/pdftexcmds.sty
Package: pdftexcmds 2020-06-27 v0.33 Utility functions of pdfTeX for LuaTeX (HO
)

(/usr/local/texlive/2021/texmf-dist/tex/generic/infwarerr/infwarerr.sty
Package: infwarerr 2019/12/03 v1.5 Providing info/warning/error messages (HO)
)
Package pdftexcmds Info: \pdf@primitive is available.
Package pdftexcmds Info: \pdf@ifprimitive is available.
Package pdftexcmds Info: \pdfdraftmode found.
)
(/usr/local/texlive/2021/texmf-dist/tex/generic/kvsetkeys/kvsetkeys.sty
Package: kvsetkeys 2019/12/15 v1.18 Key value parser (HO)
)
(/usr/local/texlive/2021/texmf-dist/tex/generic/kvdefinekeys/kvdefinekeys.sty
Package: kvdefinekeys 2019-12-19 v1.6 Define keys (HO)
)
(/usr/local/texlive/2021/texmf-dist/tex/generic/pdfescape/pdfescape.sty
Package: pdfescape 2019/12/09 v1.15 Implements pdfTeX's escape features (HO)
)
(/usr/local/texlive/2021/texmf-dist/tex/latex/hycolor/hycolor.sty
Package: hycolor 2020-01-27 v1.10 Color options for hyperref/bookmark (HO)
)
(/usr/local/texlive/2021/texmf-dist/tex/latex/letltxmacro/letltxmacro.sty
Package: letltxmacro 2019/12/03 v1.6 Let assignment for LaTeX macros (HO)
)
(/usr/local/texlive/2021/texmf-dist/tex/latex/auxhook/auxhook.sty
Package: auxhook 2019-12-17 v1.6 Hooks for auxiliary files (HO)
)
(/usr/local/texlive/2021/texmf-dist/tex/latex/kvoptions/kvoptions.sty
Package: kvoptions 2020-10-07 v3.14 Key value format for package options (HO)
)
\@linkdim=\dimen140
\Hy@linkcounter=\count198
\Hy@pagecounter=\count199

(/usr/local/texlive/2021/texmf-dist/tex/latex/hyperref/pd1enc.def
File: pd1enc.def 2021-06-07 v7.00m Hyperref: PDFDocEncoding definition (HO)
Now handling font encoding PD1 ...
... no UTF-8 mapping file for font encoding PD1
)
(/usr/local/texlive/2021/texmf-dist/tex/latex/hyperref/hyperref-langpatches.def
File: hyperref-langpatches.def 2021-06-07 v7.00m Hyperref: patches for babel la
nguages
) (/usr/local/texlive/2021/texmf-dist/tex/generic/intcalc/intcalc.sty
Package: intcalc 2019/12/15 v1.3 Expandable calculations with integers (HO)
)
(/usr/local/texlive/2021/texmf-dist/tex/generic/etexcmds/etexcmds.sty
Package: etexcmds 2019/12/15 v1.7 Avoid name clashes with e-TeX commands (HO)
)
\Hy@SavedSpaceFactor=\count266

(/usr/local/texlive/2021/texmf-dist/tex/latex/hyperref/puenc.def
File: puenc.def 2021-06-07 v7.00m Hyperref: PDF Unicode definition (HO)
Now handling font encoding PU ...
... no UTF-8 mapping file for font encoding PU
)
Package hyperref Info: Hyper figures OFF on input line 4192.
Package hyperref Info: Link nesting OFF on input line 4197.
Package hyperref Info: Hyper index ON on input line 4200.
Package hyperref Info: Plain pages OFF on input line 4207.
Package hyperref Info: Backreferencing OFF on input line 4212.
Package hyperref Info: Implicit mode ON; LaTeX internals redefined.
Package hyperref Info: Bookmarks ON on input line 4445.
\c@Hy@tempcnt=\count267
LaTeX Info: Redefining \url on input line 4804.
\XeTeXLinkMargin=\dimen141

(/usr/local/texlive/2021/texmf-dist/tex/generic/bitset/bitset.sty
Package: bitset 2019/12/09 v1.3 Handle bit-vector datatype (HO)

(/usr/local/texlive/2021/texmf-dist/tex/generic/bigintcalc/bigintcalc.sty
Package: bigintcalc 2019/12/15 v1.5 Expandable calculations on big integers (HO
)
))
\Fld@menulength=\count268
\Field@Width=\dimen142
\Fld@charsize=\dimen143
Package hyperref Info: Hyper figures OFF on input line 6076.
Package hyperref Info: Link nesting OFF on input line 6081.
Package hyperref Info: Hyper index ON on input line 6084.
Package hyperref Info: backreferencing OFF on input line 6091.
Package hyperref Info: Link coloring OFF on input line 6096.
Package hyperref Info: Link coloring with OCG OFF on input line 6101.
Package hyperref Info: PDF/A mode OFF on input line 6106.
LaTeX Info: Redefining \ref on input line 6146.
LaTeX Info: Redefining \pageref on input line 6150.

(/usr/local/texlive/2021/texmf-dist/tex/latex/base/atbegshi-ltx.sty
Package: atbegshi-ltx 2021/01/10 v1.0c Emulation of the original atbegshi
package with kernel methods
)
\Hy@abspage=\count269
\c@Item=\count270
\c@Hfootnote=\count271
)
Package hyperref Info: Driver (autodetected): hpdftex.

(/usr/local/texlive/2021/texmf-dist/tex/latex/hyperref/hpdftex.def
File: hpdftex.def 2021-06-07 v7.00m Hyperref driver for pdfTeX

(/usr/local/texlive/2021/texmf-dist/tex/latex/base/atveryend-ltx.sty
Package: atveryend-ltx 2020/08/19 v1.0a Emulation of the original atvery packag
e
with kernel methods
)
\Fld@listcount=\count272
\c@bookmark@seq@number=\count273

(/usr/local/texlive/2021/texmf-dist/tex/latex/rerunfilecheck/rerunfilecheck.sty
Package: rerunfilecheck 2019/12/05 v1.9 Rerun checks for auxiliary files (HO)

(/usr/local/texlive/2021/texmf-dist/tex/generic/uniquecounter/uniquecounter.sty
Package: uniquecounter 2019/12/15 v1.4 Provide unlimited unique counter (HO)
)
Package uniquecounter Info: New unique counter `rerunfilecheck' on input line 2
86.
)
\Hy@SectionHShift=\skip54
)

Package hyperref Warning: Option `hyperindex' has already been used,
(hyperref)                setting the option has no effect on input line 378.

Package hyperref Info: Option `colorlinks' set `true' on input line 378.

Package hyperref Warning: Option `pagebackref' has already been used,
(hyperref)                setting the option has no effect on input line 378.

Package hyperref Info: Option `linktocpage' set `true' on input line 378.
Package hyperref Info: Option `plainpages' set `false' on input line 378.
) (/usr/local/texlive/2021/texmf-dist/tex/latex/base/makeidx.sty
Package: makeidx 2014/09/29 v1.0m Standard LaTeX package
)
(/usr/local/texlive/2021/texmf-dist/tex/latex/base/inputenc.sty
Package: inputenc 2021/02/14 v1.3d Input encoding file
\inpenc@prehook=\toks21
\inpenc@posthook=\toks22
)
\@indexfile=\write3
\openout3 = `Rd2.idx'.


Writing index file Rd2.idx
LaTeX Font Info:    Trying to load font information for T1+ptm on input line 8.

(/usr/local/texlive/2021/texmf-dist/tex/latex/psnfss/t1ptm.fd
File: t1ptm.fd 2001/06/04 font definitions for T1/ptm.
)
(/usr/local/texlive/2021/texmf-dist/tex/latex/l3backend/l3backend-pdftex.def
File: l3backend-pdftex.def 2021-07-12 L3 backend support: PDF output (pdfTeX)
\l__color_backend_stack_int=\count274
\l__pdf_internal_box=\box55
)
(/private/var/folders/yz/3s5p1pss4352wtlzt9_bzbp00000gp/T/RtmppJEvNO/Rd2pdf9a3e
a3465a2/Rd2.aux)
\openout1 = `Rd2.aux'.

LaTeX Font Info:    Checking defaults for OML/cmm/m/it on input line 8.
LaTeX Font Info:    ... okay on input line 8.
LaTeX Font Info:    Checking defaults for OMS/cmsy/m/n on input line 8.
LaTeX Font Info:    ... okay on input line 8.
LaTeX Font Info:    Checking defaults for OT1/cmr/m/n on input line 8.
LaTeX Font Info:    ... okay on input line 8.
LaTeX Font Info:    Checking defaults for T1/cmr/m/n on input line 8.
LaTeX Font Info:    ... okay on input line 8.
LaTeX Font Info:    Checking defaults for TS1/cmr/m/n on input line 8.
LaTeX Font Info:    ... okay on input line 8.
LaTeX Font Info:    Checking defaults for OMX/cmex/m/n on input line 8.
LaTeX Font Info:    ... okay on input line 8.
LaTeX Font Info:    Checking defaults for U/cmr/m/n on input line 8.
LaTeX Font Info:    ... okay on input line 8.
LaTeX Font Info:    Checking defaults for PD1/pdf/m/n on input line 8.
LaTeX Font Info:    ... okay on input line 8.
LaTeX Font Info:    Checking defaults for PU/pdf/m/n on input line 8.
LaTeX Font Info:    ... okay on input line 8.

(/usr/local/texlive/2021/texmf-dist/tex/context/base/mkii/supp-pdf.mkii
[Loading MPS to PDF converter (version 2006.09.02).]
\scratchcounter=\count275
\scratchdimen=\dimen144
\scratchbox=\box56
\nofMPsegments=\count276
\nofMParguments=\count277
\everyMPshowfont=\toks23
\MPscratchCnt=\count278
\MPscratchDim=\dimen145
\MPnumerator=\count279
\makeMPintoPDFobject=\count280
\everyMPtoPDFconversion=\toks24
)
Package hyperref Info: Link coloring ON on input line 8.
 (/usr/local/texlive/2021/texmf-dist/tex/latex/hyperref/nameref.sty
Package: nameref 2021-04-02 v2.47 Cross-referencing by name of section

(/usr/local/texlive/2021/texmf-dist/tex/latex/refcount/refcount.sty
Package: refcount 2019/12/15 v3.6 Data extraction from label references (HO)
)
(/usr/local/texlive/2021/texmf-dist/tex/generic/gettitlestring/gettitlestring.s
ty
Package: gettitlestring 2019/12/15 v1.6 Cleanup title references (HO)
)
\c@section@level=\count281
)
LaTeX Info: Redefining \ref on input line 8.
LaTeX Info: Redefining \pageref on input line 8.
LaTeX Info: Redefining \nameref on input line 8.

(/private/var/folders/yz/3s5p1pss4352wtlzt9_bzbp00000gp/T/RtmppJEvNO/Rd2pdf9a3e
a3465a2/Rd2.out)
(/private/var/folders/yz/3s5p1pss4352wtlzt9_bzbp00000gp/T/RtmppJEvNO/Rd2pdf9a3e
a3465a2/Rd2.out)
\@outlinefile=\write4
\openout4 = `Rd2.out'.

LaTeX Font Info:    Trying to load font information for T1+zi4 on input line 23
.

(/usr/local/texlive/2021/texmf-dist/tex/latex/inconsolata/t1zi4.fd
File: t1zi4.fd 2018/01/14 T1/zi4 (Inconsolata)
)
LaTeX Font Info:    Font shape `T1/zi4/m/n' will be
(Font)              scaled to size 10.0pt on input line 23.
LaTeX Font Info:    External font `cmex10' loaded for size
(Font)              <7> on input line 23.
LaTeX Font Info:    External font `cmex10' loaded for size
(Font)              <5> on input line 23.
 [1


{/usr/local/texlive/2021/texmf-var/fonts/map/pdftex/updmap/pdftex.map}]
LaTeX Font Info:    Trying to load font information for TS1+ptm on input line 1
19.

(/usr/local/texlive/2021/texmf-dist/tex/latex/psnfss/ts1ptm.fd
File: ts1ptm.fd 2001/06/04 font definitions for TS1/ptm.
) [2]
LaTeX Font Info:    Trying to load font information for T1+phv on input line 12
3.

(/usr/local/texlive/2021/texmf-dist/tex/latex/psnfss/t1phv.fd
File: t1phv.fd 2020/03/25 scalable font definitions for T1/phv.
)
(/private/var/folders/yz/3s5p1pss4352wtlzt9_bzbp00000gp/T/RtmppJEvNO/Rd2pdf9a3e
a3465a2/Rd2.toc [3] [4] [5])
\tf@toc=\write5
\openout5 = `Rd2.toc'.


Overfull \hbox (0.5173pt too wide) in paragraph at lines 194--198
[]\T1/ptm/m/n/10 Cooperation and per-sonal ex-change be-tween the de-vel-op-ers
 is grate-fully funded by the DFG (SCHM
 []

[6]
Overfull \hbox (115.3664pt too wide) in paragraph at lines 232--235
\T1/ptm/m/n/10 at-ing fading-correction model per-for-mance. Ra-di-a-tion Mea-s
ure-ments 119, 58-73. https://doi.org/10.1016/j.radmeas.2018.07.013 
 []

[7]
Overfull \hbox (20.06723pt too wide) in paragraph at lines 274--276
[][][]\T1/ptm/m/n/10 character[][][] (\T1/ptm/m/it/10 with de-fault\T1/ptm/m/n/
10 ): in-put curve se-lec-tion, which is passed to func-tion [][]get_RLum[][][]
.
 []


Underfull \hbox (badness 10000) in paragraph at lines 294--297

 []


Underfull \hbox (badness 10000) in paragraph at lines 315--318

 []

[8]
LaTeX Font Info:    Font shape `T1/zi4/m/n' will be
(Font)              scaled to size 9.0pt on input line 350.
 [9]
Overfull \hbox (20.06723pt too wide) in paragraph at lines 399--401
[][][]\T1/ptm/m/n/10 character[][][] (\T1/ptm/m/it/10 with de-fault\T1/ptm/m/n/
10 ): in-put curve se-lec-tion, which is passed to func-tion [][]get_RLum[][][]
.
 []


Overfull \hbox (1.74043pt too wide) in alignment at lines 437--437
 [] [] [] 
 []


Underfull \hbox (badness 10000) in paragraph at lines 443--446

 []

[10]
Underfull \hbox (badness 10000) in paragraph at lines 464--467

 []

[11]
Overfull \hbox (20.06723pt too wide) in paragraph at lines 551--553
[][][]\T1/ptm/m/n/10 character[][][] (\T1/ptm/m/it/10 with de-fault\T1/ptm/m/n/
10 ): in-put curve se-lec-tion, which is passed to func-tion [][]get_RLum[][][]
.
 []

[12]
Overfull \hbox (5.14711pt too wide) in paragraph at lines 570--573
[][][]\T1/ptm/m/n/10 list[][][] (\T1/ptm/m/it/10 with de-fault\T1/ptm/m/n/10 ):
 set test pa-ram-e-ters. Sup-ported pa-ram-e-ters are: \T1/zi4/m/n/10 TL_peak_s
hift
 []


Overfull \hbox (13.25743pt too wide) in paragraph at lines 588--592
[]\T1/ptm/m/n/10 The func-tion al-lows to de-fine par-tic-u-lar aliquots as tra
vel dosime-ters. For ex-am-ple: \T1/zi4/m/n/10 travel_dosimeter
 []


Underfull \hbox (badness 10000) in paragraph at lines 618--621

 []

[13]
Underfull \hbox (badness 10000) in paragraph at lines 643--646

 []

[14] [15]
Overfull \hbox (8.47919pt too wide) in paragraph at lines 760--764
\T1/ptm/m/n/10 cu-la-tion, e.g., \T1/zi4/m/n/10 signal.integral = c(1:5)\T1/ptm
/m/n/10 . Ig-nored if \T1/zi4/m/n/10 object \T1/ptm/m/n/10 is an [][]RLum.Resul
ts[][][]
 []

LaTeX Font Info:    Trying to load font information for TS1+zi4 on input line 8
06.
(/usr/local/texlive/2021/texmf-dist/tex/latex/inconsolata/ts1zi4.fd
File: ts1zi4.fd 2018/01/14 TS1/zi4 (Inconsolata)
)
LaTeX Font Info:    Font shape `TS1/zi4/m/n' will be
(Font)              scaled to size 10.0pt on input line 806.
 [16]
Overfull \hbox (0.82823pt too wide) in paragraph at lines 845--848
\T1/ptm/m/n/10 sup-port), [][]readxl::read_excel[][][] (full sup-port), [][]rea
d_BIN2R[][][] (\T1/zi4/m/n/10 n.records\T1/ptm/m/n/10 , \T1/zi4/m/n/10 position
\T1/ptm/m/n/10 ,
 []

[17]
Overfull \hbox (466.64758pt too wide) in alignment at lines 943--943
 [] [] [] 
 []


Underfull \hbox (badness 10000) in paragraph at lines 945--946

 []

[18]
Underfull \hbox (badness 10000) in paragraph at lines 968--969

 []


Underfull \hbox (badness 10000) in paragraph at lines 979--980

 []


Overfull \hbox (158.92035pt too wide) in alignment at lines 1006--1006
 [] [] [] [] 
 []


Underfull \hbox (badness 10000) in paragraph at lines 1012--1015

 []

[19]
Overfull \hbox (160.60999pt too wide) in alignment at lines 1028--1028
 [] [] [] 
 []


Underfull \hbox (badness 10000) in paragraph at lines 1034--1037

 []


Overfull \hbox (70.36096pt too wide) in paragraph at lines 1070--1072
[]\T1/zi4/m/n/10 source_doserate\T1/ptm/m/n/10 , \T1/zi4/m/n/10 signal.integral
\T1/ptm/m/n/10 , \T1/zi4/m/n/10 signal.integral.Tx\T1/ptm/m/n/10 , \T1/zi4/m/n/
10 background.integral\T1/ptm/m/n/10 , \T1/zi4/m/n/10 background.integral.Tx\T1
/ptm/m/n/10 ,
 []

[20]
Overfull \hbox (4.91809pt too wide) in paragraph at lines 1099--1101
\T1/ptm/m/n/10 regenerative-dose pro-to-col. Ra-di-a-tion Mea-sure-ments 32, 57
-73. doi:10.1016/S1350-4487(99)00253-
 []


Overfull \hbox (5.01747pt too wide) in paragraph at lines 1106--1109
[][][]\T1/ptm/m/n/10 read_BIN2R[][][], [][]calc_OSLLxTxRatio[][][], [][]plot_Gr
owthCurve[][][], [][]readxl::read_excel[][][], [][]ver-ify_SingleGrainData[][][
],
 []

[21] [22]
Overfull \hbox (23.40855pt too wide) in paragraph at lines 1212--1214
[][][]\T1/ptm/m/n/10 vector[][][] (\T1/ptm/b/n/10 re-quired\T1/ptm/m/n/10 ): ve
c-tor with chan-nels for the back-ground in-te-gral (e.g., \T1/zi4/m/n/10 c(90:
100)\T1/ptm/m/n/10 ).
 []


Overfull \hbox (11.44836pt too wide) in paragraph at lines 1215--1221
\T1/ptm/m/n/10 tion if in-put is \T1/ptm/b/n/10 not \T1/ptm/m/n/10 a \T1/zi4/m/
n/10 data.frame\T1/ptm/m/n/10 . Op-tions are: \TS1/zi4/m/n/10 '\T1/zi4/m/n/10 h
alf\TS1/zi4/m/n/10 ' \T1/ptm/m/n/10 (the de-fault), \TS1/ptm/m/n/10 '\T1/ptm/m/
n/10 half_complex,
 []


Underfull \hbox (badness 10000) in paragraph at lines 1215--1221

 []

[23] [24]
Overfull \hbox (10.32637pt too wide) in paragraph at lines 1327--1328
\T1/ptm/m/n/10 Dat-ing Data Anal-y-sis. R pack-age ver-sion 0.9.15. https://CRA
N.R-project.org/package=Luminescence 
 []

[25] [26]
Overfull \hbox (11.80989pt too wide) in paragraph at lines 1438--1443
\T1/ptm/m/n/10 sen method. These are for (1) \T1/zi4/m/n/10 method = "FIT"\T1/p
tm/m/n/10 : \TS1/zi4/m/n/10 '\T1/zi4/m/n/10 trace\TS1/zi4/m/n/10 '\T1/ptm/m/n/1
0 , \TS1/zi4/m/n/10 '\T1/zi4/m/n/10 maxiter\TS1/zi4/m/n/10 '\T1/ptm/m/n/10 , \T
S1/zi4/m/n/10 '\T1/zi4/m/n/10 warnOnly\TS1/zi4/m/n/10 '\T1/ptm/m/n/10 ,
 []


Overfull \hbox (15.01064pt too wide) in paragraph at lines 1438--1443
\TS1/zi4/m/n/10 '\T1/zi4/m/n/10 minFactor\TS1/zi4/m/n/10 ' \T1/ptm/m/n/10 and f
or (2) \T1/zi4/m/n/10 method = "SLIDE"\T1/ptm/m/n/10 : \TS1/zi4/m/n/10 '\T1/zi4
/m/n/10 correct_onset\TS1/zi4/m/n/10 '\T1/ptm/m/n/10 , \TS1/zi4/m/n/10 '\T1/zi4
/m/n/10 show_density\TS1/zi4/m/n/10 '\T1/ptm/m/n/10 ,
 []


Overfull \hbox (2.64711pt too wide) in paragraph at lines 1444--1449
[][][]\T1/ptm/m/n/10 list[][][] (\T1/ptm/m/it/10 with de-fault\T1/ptm/m/n/10 ):
 set test pa-ram-e-ters. Sup-ported pa-ram-e-ters are: \T1/zi4/m/n/10 curves_ra
tio\T1/ptm/m/n/10 ,
 []


Overfull \hbox (15.3907pt too wide) in paragraph at lines 1444--1449
\T1/zi4/m/n/10 residuals_slope \T1/ptm/m/n/10 (only for \T1/zi4/m/n/10 method =
 "SLIDE"\T1/ptm/m/n/10 ), \T1/zi4/m/n/10 curves_bounds\T1/ptm/m/n/10 , \T1/zi4/
m/n/10 dynamic_ratio\T1/ptm/m/n/10 ,
 []


Overfull \hbox (19.53046pt too wide) in paragraph at lines 1468--1473
\T1/ptm/m/n/10 gu-ments are \T1/zi4/m/n/10 main\T1/ptm/m/n/10 , \T1/zi4/m/n/10 
xlab\T1/ptm/m/n/10 , \T1/zi4/m/n/10 ylab\T1/ptm/m/n/10 , \T1/zi4/m/n/10 xlim\T1
/ptm/m/n/10 , \T1/zi4/m/n/10 ylim\T1/ptm/m/n/10 , \T1/zi4/m/n/10 log\T1/ptm/m/n
/10 , \T1/zi4/m/n/10 legend \T1/ptm/m/n/10 (\T1/zi4/m/n/10 TRUE/FALSE\T1/ptm/m/
n/10 ), \T1/zi4/m/n/10 legend.pos\T1/ptm/m/n/10 ,
 []

[27]
Overfull \hbox (1335.7276pt too wide) in alignment at lines 1565--1565
 [] [] [] 
 []

[28]
Underfull \hbox (badness 10000) in paragraph at lines 1637--1640

 []


Overfull \hbox (9.66156pt too wide) in alignment at lines 1661--1661
 [] [] [] 
 []

[29]
Overfull \hbox (18.78009pt too wide) in alignment at lines 1679--1679
 [] [] [] 
 []


Overfull \hbox (808.17198pt too wide) in alignment at lines 1705--1705
 [] [] [] 
 []


Underfull \hbox (badness 10000) in paragraph at lines 1713--1716

 []

[30]
Overfull \hbox (66.69646pt too wide) in paragraph at lines 1764--1767
\T1/ptm/m/n/10 ment fa-cil-i-ties in ret-ro-spec-tive dosime-try. Ra-di-a-tion 
Mea-sure-ments 47, 803-808. doi:10.1016/j.radmeas.2012.02.006 
 []

[31]
LaTeX Font Info:    Font shape `TS1/zi4/m/n' will be
(Font)              scaled to size 9.0pt on input line 1796.

Overfull \hbox (13.45598pt too wide) in paragraph at lines 1825--1828
[]\T1/ptm/m/n/10 The func-tion per-forms an anal-y-sis of post-IR IRSL se-quenc
es in-clud-ing curve fit-ting on [][]RLum.Analysis[][][]
 []

[32] [33]
Overfull \hbox (3.48816pt too wide) in paragraph at lines 1955--1958
\T1/ptm/m/n/10 regenerative-dose pro-to-col. Ra-di-a-tion Mea-sure-ments 32, 57
-73. doi: [][]10.1016/S1350-4487(99)00253-
 []

[34]
Underfull \vbox (badness 10000) has occurred while \output is active []

 [35]
Overfull \hbox (3.20554pt too wide) in paragraph at lines 2037--2040
\T1/ptm/m/n/10 duces a com-bined plot of OSL/IRSL sig-nal in-ten-si-ties, OSL/I
RSL de-ple-tion ra-tios and the IRSL/OSL
 []

[36]
Overfull \hbox (15.74715pt too wide) in paragraph at lines 2119--2119
 []\T1/zi4/m/n/9 results <- analyse_portableOSL(merged, signal.integral = 1:5, 
invert = FALSE, normalise = TRUE)[] 
 []

[37]
Overfull \hbox (55.29695pt too wide) in paragraph at lines 2188--2199
\T1/ptm/m/n/10 the name of the OSL com-po-nent as-signed by [OSLde-com-po-si-ti
on::RLum.OSL_global_fitting]
 []


Overfull \hbox (27.17007pt too wide) in paragraph at lines 2205--2211
[]\T1/ptm/m/n/10 Allowed ar-gu-ments are \T1/zi4/m/n/10 recycling.ratio\T1/ptm/
m/n/10 , \T1/zi4/m/n/10 recuperation.rate\T1/ptm/m/n/10 , \T1/zi4/m/n/10 palaeo
dose.error\T1/ptm/m/n/10 ,
 []


Overfull \hbox (60.82042pt too wide) in paragraph at lines 2205--2211
\T1/zi4/m/n/10 testdose.error \T1/ptm/m/n/10 and \T1/zi4/m/n/10 exceed.max.regp
oint = TRUE/FALSE\T1/ptm/m/n/10 . Ex-am-ple: \T1/zi4/m/n/10 rejection.criteria
 []

[38]
Overfull \hbox (58.98749pt too wide) in paragraph at lines 2237--2242
[]\T1/ptm/m/n/10 further ar-gu-ments that will be passed to the func-tion [][]p
lot_GrowthCurve[][][] or [][]calc_OSLLxTxRatio[][][]
 []

[39] [40] [41]
Overfull \hbox (30.73862pt too wide) in paragraph at lines 2458--2460
[][][]\T1/ptm/m/n/10 vector[][][] (\T1/ptm/b/n/10 re-quired\T1/ptm/m/n/10 ): ch
an-nels used for the sig-nal in-te-gral, e.g. \T1/zi4/m/n/10 signal.integral=c(
1:2) 
 []


Overfull \hbox (89.05884pt too wide) in paragraph at lines 2461--2463
[][][]\T1/ptm/m/n/10 vector[][][] (\T1/ptm/b/n/10 re-quired\T1/ptm/m/n/10 ): ch
an-nels used for the back-ground in-te-gral, e.g. \T1/zi4/m/n/10 background.int
egral=c(85:100) 
 []


Overfull \hbox (18.49832pt too wide) in paragraph at lines 2464--2468
[][][]\T1/ptm/m/n/10 vector[][][] (\T1/ptm/m/it/10 op-tional\T1/ptm/m/n/10 ): r
eader po-si-tions that want to be anal-ysed (e.g. \T1/zi4/m/n/10 position=c(1:4
8)\T1/ptm/m/n/10 .
 []


Overfull \hbox (3.18674pt too wide) in paragraph at lines 2483--2487
[][][]\T1/ptm/m/n/10 logical[][][] (de-fault): op-tion al-low-ing to use the \T
1/zi4/m/n/10 SEL \T1/ptm/m/n/10 el-e-ment of the [][]Risoe.BINfileData[][][]
 []

[42]
Overfull \hbox (19.17696pt too wide) in paragraph at lines 2510--2513
\T1/ptm/m/n/10 tle (2000) with CW-OSL curves. For the cal-cu-la-tion of the Lx/
Tx value the func-tion [][]calc_OSLLxTxRatio[][][]
 []

[43] [44]
Overfull \hbox (26.90813pt too wide) in paragraph at lines 2644--2649
[][][]\T1/ptm/m/n/10 character[][][] (\T1/ptm/m/it/10 with de-fault\T1/ptm/m/n/
10 ): de-fines the in-put for the the ar-gu-ments \T1/zi4/m/n/10 signal.integra
l.min
 []

[45]
Overfull \hbox (2.34798pt too wide) in paragraph at lines 2673--2677
\T1/ptm/m/n/10 by Mur-ray and Win-tle (2000). For the cal-cu-la-tion of the \T1
/zi4/m/n/10 Lx/Tx \T1/ptm/m/n/10 value the func-tion [][]calc_TLLxTxRatio[][][]

 []


Overfull \hbox (20.23634pt too wide) in paragraph at lines 2706--2707
\T1/ptm/m/n/10 cence: Com-pre-hen-sive Lu-mi-nes-cence Dat-ing Data Anal-y-sis.
 R pack-age ver-sion 0.9.15. https://CRAN.R-
 []

[46]
Overfull \hbox (40.217pt too wide) in paragraph at lines 2759--2762
[]\T1/ptm/m/n/10 The func-tion pro-vides sev-eral meth-ods for cosmic-ray re-mo
val and spec-trum smooth-ing [][]RLum.Data.Spectrum[][][]
 []

[47]
Overfull \hbox (18.89844pt too wide) in paragraph at lines 2786--2790
\T1/ptm/m/n/10 Al-lowed meth-ods are \T1/zi4/m/n/10 smooth\T1/ptm/m/n/10 , the 
de-fault, ([][]smooth[][][]), \T1/zi4/m/n/10 smooth.spline \T1/ptm/m/n/10 ([][]
smooth.spline[][][])
 []


Overfull \hbox (16.46875pt too wide) in paragraph at lines 2810--2811
[]\T1/ptm/b/n/10 Note: \T1/ptm/m/n/10 This ar-gu-ment cur-rently only af-fects 
the meth-ods \T1/zi4/m/n/10 smooth \T1/ptm/m/n/10 and \T1/zi4/m/n/10 smooth.spl
ine 
 []


Overfull \hbox (14.10852pt too wide) in paragraph at lines 2833--2834
[]\T1/ptm/m/n/10 The num-ber of breaks to con-struct the his-togram is set to: 
\T1/zi4/m/n/10 length(number.of.input.values)/2 
 []

[48]
Overfull \hbox (51.6671pt too wide) in paragraph at lines 2867--2868
[]\T1/ptm/m/n/10 Kreutzer, S., 2021. ap-ply_CosmicRayRemoval(): Func-tion to re
-move cos-mic rays from an RLum.Data.Spectrum
 []


Underfull \hbox (badness 10000) in paragraph at lines 2898--2898
[]\T1/ptm/m/it/10 Function to ap-ply spec-tral ef-fi-ciency cor-rec-tion to
 []


Overfull \hbox (58.8779pt too wide) in paragraph at lines 2914--2917
[][][]\T1/ptm/m/n/10 RLum.Data.Spectrum[][][] or [][]RLum.Analysis[][][] (\T1/p
tm/b/n/10 re-quired\T1/ptm/m/n/10 ): S4 ob-ject of class \T1/zi4/m/n/10 RLum.Da
ta.Spectrum\T1/ptm/m/n/10 ,
 []

[49]
Overfull \hbox (2.05698pt too wide) in paragraph at lines 2954--2957
[]\T1/ptm/m/n/10 Sebastian Kreutzer, IRAMAT-CRP2A, UMR 5060, CNRS-Université Bo
r-deaux Mon-taigne (France) 
 []

[50]
Overfull \hbox (20.23634pt too wide) in paragraph at lines 3002--3003
\T1/ptm/m/n/10 cence: Com-pre-hen-sive Lu-mi-nes-cence Dat-ing Data Anal-y-sis.
 R pack-age ver-sion 0.9.15. https://CRAN.R-
 []

[51] [52]
Overfull \hbox (670.76492pt too wide) in alignment at lines 3185--3185
 [] [] 
 []

[53] [54] [55] [56] [57] [58]
Overfull \hbox (11.46475pt too wide) in paragraph at lines 3520--3528
[]\T1/ptm/m/n/10 For the mean grain size ran-dom sam-ples are taken first from 
$\OML/cmm/m/it/10 N\OT1/cmr/m/n/10 (\OML/cmm/m/it/10 ^^V[]; ^^[[]\OT1/cmr/m/n/1
0 )$\T1/ptm/m/n/10 , where $\OML/cmm/m/it/10 ^^V[] \OT1/cmr/m/n/10 = \OML/cmm/m
/it/10 mean:grain:size$
 []

[59] [60]
Underfull \hbox (badness 10000) in paragraph at lines 3659--3664

 []


Underfull \hbox (badness 10000) in paragraph at lines 3670--3671

 []

[61]
Underfull \hbox (badness 10000) in paragraph at lines 3681--3685

 []


Underfull \hbox (badness 10000) in paragraph at lines 3686--3687

 []


Underfull \hbox (badness 10000) in paragraph at lines 3688--3689

 []


Underfull \hbox (badness 10000) in paragraph at lines 3706--3707

 []


Underfull \hbox (badness 10000) in paragraph at lines 3708--3709

 []


Underfull \hbox (badness 10000) in paragraph at lines 3710--3711

 []


Underfull \hbox (badness 10000) in paragraph at lines 3714--3717

 []

[62]
Underfull \hbox (badness 10000) in paragraph at lines 3752--3753

 []

[63] [64] [65]
Overfull \hbox (73.21725pt too wide) in paragraph at lines 3934--3935
[]\T1/ptm/m/n/10 Which dose rate con-ver-sion fac-tors to use. For ac-cepted va
l-ues see [][]Base-DataSet.ConversionFactors[][][] 
 []


Overfull \hbox (275.94733pt too wide) in alignment at lines 3967--3967
 [] [] [] 
 []


Overfull \hbox (8.83725pt too wide) in paragraph at lines 3976--3982
[]\T1/ptm/m/n/10 The func-tion re-turns an [][]RLum.Results[][][] ob-ject for w
hich the first el-e-ment is a [][]ma-trix[][][] (\T1/zi4/m/n/10 DataIndividual\
T1/ptm/m/n/10 )
 []

[66] [67] [68] [69] [70] [71] [72] [73] [74]
Underfull \hbox (badness 10000) in paragraph at lines 4496--4500

 []


Underfull \hbox (badness 10000) in paragraph at lines 4517--4521

 []


Underfull \hbox (badness 10000) in paragraph at lines 4524--4528

 []


Underfull \hbox (badness 10000) in paragraph at lines 4529--4530

 []


Underfull \hbox (badness 10000) in paragraph at lines 4531--4532

 []


Underfull \hbox (badness 10000) in paragraph at lines 4533--4537

 []


Underfull \hbox (badness 10000) in paragraph at lines 4540--4541

 []


Underfull \hbox (badness 10000) in paragraph at lines 4542--4543

 []

[75]
Underfull \hbox (badness 10000) in paragraph at lines 4550--4551

 []

[76] [77] [78] [79] [80] [81] [82]
Overfull \hbox (11.58763pt too wide) in paragraph at lines 5041--5045
[]\T1/ptm/m/n/10 If the co-ef-fi-cient of vari-a-tion (\T1/zi4/m/n/10 c[v]\T1/p
tm/m/n/10 ) of the first two val-ues is larger than the thresh-old \T1/zi4/m/n/
10 c[v_threshold]\T1/ptm/m/n/10 ,
 []

[83] [84]
Overfull \hbox (169.72871pt too wide) in paragraph at lines 5150--5156
\T1/ptm/m/n/10 named list. Nomen-cla-ture fol-lows Li et al., 2015, i.e. \T1/zi
4/m/n/10 list(A,A.error,D0,D0.error,c,c.error,Y0,Y0.error,range)\T1/ptm/m/n/10 
,
 []


Underfull \hbox (badness 10000) in paragraph at lines 5179--5186

 []

[85]
Overfull \hbox (196.17819pt too wide) in paragraph at lines 5248--5250
[][][]\T1/ptm/m/n/10 data.frame[][][] (\T1/ptm/b/n/10 re-quired\T1/ptm/m/n/10 )
: data frame with five columns per sam-ple \T1/zi4/m/n/10 c("LnTn","LnTn.error"
,"Lr1Tr1","Lr1Tr1.error","Dr1") 
 []

[86]
Underfull \hbox (badness 10000) in paragraph at lines 5275--5282

 []

[87] [88] [89] [90] [91]
Underfull \hbox (badness 10000) in paragraph at lines 5581--5585

 []


Underfull \hbox (badness 10000) in paragraph at lines 5635--5636

 []


Overfull \hbox (489.4272pt too wide) in alignment at lines 5647--5647
 [] [] [] 
 []

[92]
Underfull \hbox (badness 10000) in paragraph at lines 5649--5650

 []


Overfull \hbox (5.37787pt too wide) in paragraph at lines 5688--5690
[]\T1/ptm/m/n/10 King, G.E., Her-man, F., Lam-bert, R., Valla, P.G., Gu-ral-nik
, B., 2016. Multi-OSL-thermochronometry
 []

[93] [94] [95]
Overfull \hbox (13.42662pt too wide) in paragraph at lines 5830--5832
[][][]\T1/ptm/m/n/10 plot[][][], [][]calc_CommonDose[][][], [][]calc_CentralDos
e[][][], [][]calc_FiniteMixture[][][], [][]calc_FuchsLang2001[][][], [][]calc_M
inDose[][][] 
 []

[96]
Overfull \hbox (5.37787pt too wide) in paragraph at lines 5916--5918
[]\T1/ptm/m/n/10 King, G.E., Her-man, F., Lam-bert, R., Valla, P.G., Gu-ral-nik
, B., 2016. Multi-OSL-thermochronometry
 []

[97] [98]
Underfull \hbox (badness 10000) in paragraph at lines 6022--6025

 []

[99] [100]
Overfull \hbox (6.64671pt too wide) in paragraph at lines 6108--6111
[]\T1/ptm/m/n/10 Function to fit the max-i-mum age model to De data. This is a 
wrap-per func-tion that calls [][]calc_MinDose[][][]
 []


Overfull \hbox (32.99907pt too wide) in paragraph at lines 6151--6154
\T1/ptm/m/n/10 val-ues need to be pro-vided in a vec-tor of length three in the
 form of \T1/zi4/m/n/10 c(gamma,sigma,p0)\T1/ptm/m/n/10 . 
 []

[101] [102] [103] [104]
Overfull \hbox (3.75694pt too wide) in paragraph at lines 6397--6409
\T1/ptm/m/n/10 PORT rou-tines. Ac-cord-ingly, ini-tial val-ues for the four pa-
ram-e-ters can be spec-i-fied via \T1/zi4/m/n/10 init.values\T1/ptm/m/n/10 .
 []

[105]
Overfull \hbox (10.32637pt too wide) in paragraph at lines 6479--6480
\T1/ptm/m/n/10 Dat-ing Data Anal-y-sis. R pack-age ver-sion 0.9.15. https://CRA
N.R-project.org/package=Luminescence 
 []

[106] [107]
Underfull \vbox (badness 10000) has occurred while \output is active []

 [108]
Overfull \hbox (88.94675pt too wide) in paragraph at lines 6672--6676
[][][]\T1/ptm/m/n/10 data.frame[][][] (\T1/ptm/b/n/10 re-quired\T1/ptm/m/n/10 )
: Com-po-nent ta-ble cre-ated by [OSLde-com-po-si-tion::RLum.OSL_decomposition]

 []


Overfull \hbox (8.88963pt too wide) in paragraph at lines 6672--6676
\T1/ptm/m/n/10 and per de-fault lo-cated at \T1/zi4/m/n/10 object@records[[...]
]@info$COMPONENTS\T1/ptm/m/n/10 .The value
 []

[109]
Overfull \hbox (85.4367pt too wide) in paragraph at lines 6677--6681
[][][]\T1/ptm/m/n/10 data.frame[][][] (\T1/ptm/m/it/10 op-tional\T1/ptm/m/n/10 
): Com-po-nent ta-ble cre-ated by [OSLde-com-po-si-tion::RLum.OSL_decomposition
]
 []


Overfull \hbox (12.59857pt too wide) in paragraph at lines 6677--6681
\T1/ptm/m/n/10 value of $n[OSL.component] is set as \T1/zi4/m/n/10 TnTx\T1/ptm/
m/n/10 . The value of $n.error[OSL.component]
 []


Overfull \hbox (7.38731pt too wide) in paragraph at lines 6682--6688
\T1/ptm/m/n/10 the OSL com-po-nent as-signed by [OSLde-com-po-si-tion::RLum.OSL
_global_fitting]
 []


Underfull \hbox (badness 10000) in paragraph at lines 6730--6734

 []

[110] [111] [112]
Underfull \hbox (badness 10000) in paragraph at lines 6916--6918

 []

[113] [114]
Overfull \hbox (14.97823pt too wide) in paragraph at lines 6985--6988
[][][]\T1/ptm/m/n/10 character[][][] (\T1/ptm/m/it/10 with de-fault\T1/ptm/m/n/
10 ): spec-ify ir-ra-di-a-tion source (\T1/zi4/m/n/10 Sr-90\T1/ptm/m/n/10 , \T1
/zi4/m/n/10 Co-60\T1/ptm/m/n/10 , \T1/zi4/m/n/10 Cs-137\T1/ptm/m/n/10 , \T1/zi4
/m/n/10 Am-214\T1/ptm/m/n/10 ),
 []

[115]
Overfull \hbox (15.05788pt too wide) in paragraph at lines 7051--7059
[]\T1/ptm/m/n/10 Please be care-ful when us-ing the op-tion \T1/zi4/m/n/10 pred
ict\T1/ptm/m/n/10 , es-pe-cially when a mul-ti-ple set for \T1/zi4/m/n/10 measu
rement.date
 []

[116] [117] [118]
Overfull \hbox (13.21759pt too wide) in paragraph at lines 7279--7281
[][][]\T1/ptm/m/n/10 logical[][][]: en-ables/disables out-put plot, cur-rently 
only in com-bi-na-tion with \T1/zi4/m/n/10 profiling
 []

[119] [120] [121] [122] [123] [124] [125]
Overfull \hbox (8.79907pt too wide) in paragraph at lines 7683--7686
\T1/ptm/m/n/10 dionuk-li-den. AE-QUIVAL/MASSAKT, ISSN 1865-8725, [][]$\T1/zi4/m
/n/10 https : / / www . bmu . de / fileadmin / Daten _
 []

[126]
Overfull \hbox (32.72705pt too wide) in paragraph at lines 7725--7727
[]\T1/ptm/m/n/10 further ar-gu-ments that will be passed to the func-tion [][]r
ead_BIN2R[][][] and [][]write_RLum2CSV[][][] 
 []

[127]
Overfull \hbox (13.78125pt too wide) in alignment at lines 7827--7827
 [] [] [] 
 []

[128] [129] [130]
Overfull \hbox (8.3565pt too wide) in paragraph at lines 7944--7946
[][][]\T1/ptm/m/n/10 RLum.Analysis[][][], [][]RLum.Data[][][], [][]RLum.Results
[][][], [][]utils::write.table[][][], [][]write_RLum2CSV[][][], [][]read_Daybre
ak2R[][][] 
 []


Overfull \hbox (32.73706pt too wide) in paragraph at lines 7986--7988
[]\T1/ptm/m/n/10 further ar-gu-ments that will be passed to the func-tion [][]r
ead_PSL2R[][][] and [][]write_RLum2CSV[][][] 
 []


Overfull \hbox (20.23634pt too wide) in paragraph at lines 8001--8002
\T1/ptm/m/n/10 cence: Com-pre-hen-sive Lu-mi-nes-cence Dat-ing Data Anal-y-sis.
 R pack-age ver-sion 0.9.15. https://CRAN.R-
 []

[131]
Underfull \hbox (badness 1215) in paragraph at lines 8030--8030
[]\T1/ptm/m/it/10 Converts RLum.Analysis-objects and RLum.Data.Curve-objects to

 []


Overfull \hbox (37.62679pt too wide) in paragraph at lines 8034--8038
[]\T1/ptm/m/n/10 The func-tions con-verts [][]RLum.Analysis[][][] and [][]RLum.
Data.Curve[][][] ob-jects and a [][]list[][][] of those to [][]Risoe.BINfileDat
a[][][]
 []

[132]
Overfull \hbox (8.56712pt too wide) in paragraph at lines 8065--8066
\T1/ptm/m/n/10 RLum.Data.Curve-objects to RLum2Risoe.BINfileData-objects. Func-
tion ver-sion 0.1.3. In: Kreutzer,
 []


Overfull \hbox (6.14706pt too wide) in paragraph at lines 8108--8110
[][][]\T1/ptm/m/n/10 Risoe.BINfileData[][][] [][]char-ac-ter[][][] (\T1/ptm/b/n
/10 re-quired\T1/ptm/m/n/10 ): [][]Risoe.BINfileData[][][] ob-ject or BIN/BINX-

 []

[133] [134]
Overfull \hbox (0.17792pt too wide) in paragraph at lines 8183--8186
\T1/ptm/m/n/10 length and cor-re-spond-ing in-ten-sity val-ues (e.g., Ap-pendix
 4 in Blasse and Grab-meier, 1994; Mooney
 []

[135]
Overfull \hbox (5.85643pt too wide) in paragraph at lines 8218--8220
[]\T1/ptm/m/n/10 Sebastian Kreutzer, IRAMAT-CRP2A, UMR 5060, CNRS - Uni-ver-sit
é Bor-deaux Mon-taigne (France)
 []

[136]
Overfull \hbox (42.72705pt too wide) in paragraph at lines 8323--8325
[]\T1/ptm/m/n/10 further ar-gu-ments that will be passed to the func-tion [][]r
ead_XSYG2R[][][] and [][]write_RLum2CSV[][][] 
 []

[137] [138] [139]
Overfull \hbox (10.32637pt too wide) in paragraph at lines 8473--8474
\T1/ptm/m/n/10 Dat-ing Data Anal-y-sis. R pack-age ver-sion 0.9.15. https://CRA
N.R-project.org/package=Luminescence 
 []


Underfull \hbox (badness 10000) in paragraph at lines 8497--8499

 []

[140]
Underfull \vbox (badness 10000) has occurred while \output is active []

 [141]
[142]
Overfull \hbox (27.78088pt too wide) in paragraph at lines 8680--8680
 []\T1/zi4/m/n/9 x<-seq(CWOSL.SAR.Data@METADATA[id.OSL[1],"HIGH"]/CWOSL.SAR.Dat
a@METADATA[id.OSL[1],"NPOINTS"],[] 
 []


Overfull \hbox (36.75328pt too wide) in paragraph at lines 8682--8682
 []       \T1/zi4/m/n/9 by = CWOSL.SAR.Data@METADATA[id.OSL[1],"HIGH"]/CWOSL.SA
R.Data@METADATA[id.OSL[1],"NPOINTS"])[] 
 []

[143] [144] [145] [146] [147] [148] [149] [150]
Overfull \hbox (44.46887pt too wide) in alignment at lines 9175--9175
 [] [] 
 []

[151] [152]
Overfull \hbox (15.79935pt too wide) in alignment at lines 9331--9331
 [] [] 
 []


Overfull \hbox (111.03862pt too wide) in alignment at lines 9343--9343
 [] [] 
 []

[153]
Overfull \hbox (43.2266pt too wide) in paragraph at lines 9381--9387
[]\T1/ptm/m/n/10 $fading.data: A named [][]list[][][] of [][]data.frame[][][]s,
 each hav-ing three named columns (LxTx, LxTx.error, timeSin-
 []


Underfull \hbox (badness 10000) in paragraph at lines 9381--9387

 []


Overfull \hbox (55.0669pt too wide) in paragraph at lines 9388--9394
[]\T1/ptm/m/n/10 $equivalentDose.data: A named of [][]data.frame[][][]s, each h
av-ing three named columns (dose, LxTx, LxTx.error). 
 []


Underfull \hbox (badness 10000) in paragraph at lines 9388--9394

 []


Overfull \hbox (18.64778pt too wide) in paragraph at lines 9400--9403
[]\T1/ptm/m/n/10 These data were kindly pro-vided by Georgina E. King. De-taile
d in-for-ma-tion on the sam-ple UNIL/NB123
 []


Overfull \hbox (5.37787pt too wide) in paragraph at lines 9406--9409
[]\T1/ptm/m/n/10 King, G.E., Her-man, F., Lam-bert, R., Valla, P.G., Gu-ral-nik
, B., 2016. Multi-OSL-thermochronometry
 []


Overfull \hbox (1.74956pt too wide) in alignment at lines 9421--9421
 [] [] 
 []

[154]
Overfull \hbox (49.11932pt too wide) in alignment at lines 9485--9485
 [] [] 
 []

[155] [156] [157] [158] [159] [160] [161]
Underfull \vbox (badness 10000) has occurred while \output is active []

 [162]
[163] [164]
Overfull \hbox (77.25652pt too wide) in paragraph at lines 10038--10040
[][][]\T1/ptm/m/n/10 read_XSYG2R[][][], [][]RLum.Analysis[][][], [][]RLum.Data.
Spectrum[][][], [][]plot_RLum[][][], [][]plot_RLum.Analysis[][][], [][]plot_RLu
m.Data.Spectrum[][][] 
 []

[165]
Underfull \hbox (badness 10000) in paragraph at lines 10113--10122

 []


Underfull \hbox (badness 10000) in paragraph at lines 10125--10127

 []

[166]
Overfull \hbox (1.4879pt too wide) in paragraph at lines 10180--10187
\T1/ptm/m/n/10 file for-mat, only the rel-e-vant curves are se-lected by us-ing
 the func-tion [][]get_RLum[][][].
 []

[167] [168] [169]
Overfull \hbox (22.64665pt too wide) in paragraph at lines 10361--10363
[][][]\T1/ptm/m/n/10 logical[][][] (\T1/ptm/m/it/10 with de-fault\T1/ptm/m/n/10
 ): cal-cu-late 1-sigma er-ror range of com-po-nents us-ing [][]stats::confint[
][][] 
 []


Overfull \hbox (12.76692pt too wide) in paragraph at lines 10364--10368
[][][]\T1/ptm/m/n/10 numeric[][][] (\T1/ptm/m/it/10 with de-fault\T1/ptm/m/n/10
 ): LED power (max.) used for in-ten-sity ramp-ing in mW/cm^2.
 []

[170] [171]
Underfull \hbox (badness 10000) in paragraph at lines 10485--10489

 []

[172] [173]
Underfull \hbox (badness 10000) in paragraph at lines 10633--10634

 []


Underfull \hbox (badness 10000) in paragraph at lines 10634--10635

 []


Underfull \hbox (badness 10000) in paragraph at lines 10635--10636

 []


Underfull \hbox (badness 10000) in paragraph at lines 10640--10646

 []


Overfull \hbox (179.97797pt too wide) in alignment at lines 10665--10665
 [] [] [] [] 
 []

[174]
Underfull \hbox (badness 10000) in paragraph at lines 10669--10672

 []


Underfull \hbox (badness 10000) in paragraph at lines 10690--10693

 []


Underfull \hbox (badness 10000) in paragraph at lines 10698--10701

 []

[175]
Overfull \hbox (7.3573pt too wide) in paragraph at lines 10723--10725
[][][]\T1/ptm/m/n/10 RLum.Data.Spectrum[][][], [][]RLum.Results[][][], [][]plot
_RLum[][][], [][]con-vert_Wavelength2Energy[][][], [][]min-pack.lm::nls.lm[][][
] 
 []

[176]
Overfull \hbox (12.76692pt too wide) in paragraph at lines 10826--10830
[][][]\T1/ptm/m/n/10 numeric[][][] (\T1/ptm/m/it/10 with de-fault\T1/ptm/m/n/10
 ): LED power (max.) used for in-ten-sity ramp-ing in mW/cm^2.
 []


Overfull \hbox (25.14665pt too wide) in paragraph at lines 10844--10846
[][][]\T1/ptm/m/n/10 logical[][][] (\T1/ptm/m/it/10 with de-fault\T1/ptm/m/n/10
 ): cal-cu-late 1-sigma er-ror range of com-po-nents us-ing [][]stats::confint[
][][]. 
 []


Overfull \hbox (12.99786pt too wide) in paragraph at lines 10847--10850
[][][]\T1/ptm/m/n/10 character[][][] (\T1/ptm/m/it/10 with de-fault\T1/ptm/m/n/
10 ): spec-i-fies method for back-ground sub-trac-tion (\T1/zi4/m/n/10 polynomi
al\T1/ptm/m/n/10 ,
 []

[177]
Overfull \hbox (34.54889pt too wide) detected at line 10872
\OML/cmm/m/it/10 y \OT1/cmr/m/n/10 = (\OML/cmm/m/it/10 exp\OT1/cmr/m/n/10 (0\OM
L/cmm/m/it/10 :\OT1/cmr/m/n/10 5) \OMS/cmsy/m/n/10 ^^C \OML/cmm/m/it/10 Im[] \O
MS/cmsy/m/n/10 ^^C \OML/cmm/m/it/10 x=xm[]\OT1/cmr/m/n/10 ) \OMS/cmsy/m/n/10 ^^
C \OML/cmm/m/it/10 exp\OT1/cmr/m/n/10 (\OMS/cmsy/m/n/10 ^^@\OML/cmm/m/it/10 x[]
=\OT1/cmr/m/n/10 (2 \OMS/cmsy/m/n/10 ^^C \OML/cmm/m/it/10 xm[]\OT1/cmr/m/n/10 )
)+\OML/cmm/m/it/10 ; [] ; \OT1/cmr/m/n/10 +\OML/cmm/m/it/10 exp\OT1/cmr/m/n/10 
(0\OML/cmm/m/it/10 :\OT1/cmr/m/n/10 5) \OMS/cmsy/m/n/10 ^^C \OML/cmm/m/it/10 Im
[] \OMS/cmsy/m/n/10 ^^C \OML/cmm/m/it/10 x=xm[]\OT1/cmr/m/n/10 ) \OMS/cmsy/m/n/
10 ^^C \OML/cmm/m/it/10 exp\OT1/cmr/m/n/10 (\OMS/cmsy/m/n/10 ^^@\OML/cmm/m/it/1
0 x[]=\OT1/cmr/m/n/10 (2 \OMS/cmsy/m/n/10 ^^C \OML/cmm/m/it/10 xm[]\OT1/cmr/m/n
/10 ))
 []

[178] [179] [180] [181]
Overfull \hbox (529.8347pt too wide) in alignment at lines 11148--11148
 [] [] [] 
 []


Underfull \hbox (badness 10000) in paragraph at lines 11152--11155

 []

[182]
Underfull \hbox (badness 10000) in paragraph at lines 11173--11176

 []


Underfull \hbox (badness 10000) in paragraph at lines 11186--11187

 []


Underfull \hbox (badness 10000) in paragraph at lines 11190--11195

 []


Underfull \hbox (badness 10000) in paragraph at lines 11201--11204

 []


Underfull \hbox (badness 10000) in paragraph at lines 11224--11226

 []

[183] [184] [185]
Underfull \hbox (badness 10000) in paragraph at lines 11401--11404

 []


Underfull \hbox (badness 10000) in paragraph at lines 11423--11426

 []

[186] [187]
Underfull \hbox (badness 10000) in paragraph at lines 11552--11553

 []

[188]
Underfull \hbox (badness 10000) in paragraph at lines 11562--11563

 []


Underfull \hbox (badness 10000) in paragraph at lines 11567--11568

 []


Underfull \hbox (badness 10000) in paragraph at lines 11573--11574

 []


Overfull \hbox (720.3849pt too wide) in alignment at lines 11589--11589
 [] [] [] 
 []


Underfull \hbox (badness 10000) in paragraph at lines 11595--11598

 []


Underfull \hbox (badness 10000) in paragraph at lines 11603--11604

 []


Underfull \hbox (badness 10000) in paragraph at lines 11607--11608

 []


Underfull \hbox (badness 10000) in paragraph at lines 11615--11616

 []


Underfull \hbox (badness 10000) in paragraph at lines 11619--11622

 []

[189] [190] [191]
Overfull \hbox (2.12674pt too wide) in paragraph at lines 11777--11779
[]\T1/ptm/m/n/10 Michael Di-etze, GFZ Pots-dam (Ger-many), Se-bas-tian Kreutzer
, Ge-og-ra-phy & Earth Sci-ence, Aberys-
 []

[192] [193] [194]
Package textcomp Info: Symbol \textasciigrave not provided by
(textcomp)             font family zi4 in TS1 encoding.
(textcomp)             Default family used instead on input line 11902.
LaTeX Font Info:    Trying to load font information for T1+cmtt on input line 1
1902.
 (/usr/local/texlive/2021/texmf-dist/tex/latex/base/t1cmtt.fd
File: t1cmtt.fd 2019/12/16 v2.5j Standard LaTeX font definitions
)
LaTeX Font Info:    Trying to load font information for TS1+cmtt on input line 
11902.
(/usr/local/texlive/2021/texmf-dist/tex/latex/base/ts1cmtt.fd
File: ts1cmtt.fd 2019/12/16 v2.5j Standard LaTeX font definitions
)
Package textcomp Info: Symbol \textasciigrave not provided by
(textcomp)             font family zi4 in TS1 encoding.
(textcomp)             Default family used instead on input line 11902.
 [195]
Overfull \hbox (16.69789pt too wide) in paragraph at lines 12007--12009
[][][]\T1/ptm/m/n/10 character[][][] (\T1/ptm/m/it/10 with de-fault\T1/ptm/m/n/
10 ): name of a GitHub repos-i-tory (de-faults to \TS1/zi4/m/n/10 '\T1/zi4/m/n/
10 luminescence\TS1/zi4/m/n/10 '\T1/ptm/m/n/10 ). 
 []


Underfull \hbox (badness 10000) in paragraph at lines 12022--12023

 []

[196]
Overfull \hbox (10.32637pt too wide) in paragraph at lines 12074--12075
\T1/ptm/m/n/10 Dat-ing Data Anal-y-sis. R pack-age ver-sion 0.9.15. https://CRA
N.R-project.org/package=Luminescence 
 []

[197] [198]
Overfull \hbox (9.7473pt too wide) in paragraph at lines 12194--12197
[]\T1/ptm/m/n/10 Sebastian Kreutzer, Ge-og-ra-phy & Earth Sci-ences, Aberys-t-w
yth Uni-ver-sity (United King-dom) (France)
 []

[199]
Overfull \hbox (20.08011pt too wide) in paragraph at lines 12228--12233
\T1/ptm/m/n/10 and files names (e.g. \T1/zi4/m/n/10 input.objects = c("path/fil
e1.bin","path/file2.bin")
 []


Overfull \hbox (32.79735pt too wide) in paragraph at lines 12234--12237
[][][]\T1/ptm/m/n/10 character[][][] (\T1/ptm/m/it/10 op-tional\T1/ptm/m/n/10 )
: File out-put path and name. If no value is given, a [][]Risoe.BINfileData[][]
[]
 []


Overfull \hbox (24.35909pt too wide) in paragraph at lines 12273--12277
\T1/ptm/m/n/10 un-wanted. Us-ing the ar-gu-ment \T1/zi4/m/n/10 position.number.
append.gap = 1 \T1/ptm/m/n/10 it will be-come: 1,3,5,7,9,11,13,15,17. 
 []

[200] [201] [202]
Overfull \hbox (12.12804pt too wide) in paragraph at lines 12447--12448
[]\T1/zi4/m/n/10 names_RLum,list-method\T1/ptm/m/n/10 : Re-turns a list of [][]
RLum[][][] ob-jects that had been passed to [][]names_RLum[][][] 
 []

[203] [204] [205] [206] [207] [208]
Underfull \vbox (badness 10000) has occurred while \output is active []

 [209]
Underfull \vbox (badness 10000) has occurred while \output is active []

 [210]
[211] [212]
Overfull \hbox (36.08739pt too wide) in paragraph at lines 13067--13071
[]\T1/ptm/m/n/10 further ar-gu-ments and graph-i-cal pa-ram-e-ters passed to []
[]plot.default[][][], [][]anal-yse_SAR.CWOSL[][][]
 []


Overfull \hbox (47.94893pt too wide) in paragraph at lines 13087--13089
[]\T1/ptm/m/n/10 The ar-gu-ment \T1/zi4/m/n/10 analyse_function.control \T1/ptm
/m/n/10 cur-rently sup-ports the fol-low-ing ar-gu-ments \T1/zi4/m/n/10 sequenc
e.structure\T1/ptm/m/n/10 ,
 []

[213] [214]
Overfull \hbox (33.15805pt too wide) in paragraph at lines 13212--13214
[]\T1/ptm/m/n/10 If you want plot your DRC on an en-ergy scale (dose in Gy), yo
u can ei-ther use the op-tion \T1/zi4/m/n/10 source_dose_rate
 []


Underfull \hbox (badness 10000) in paragraph at lines 13219--13220

 []


Underfull \hbox (badness 10000) in paragraph at lines 13228--13229

 []

[215] [216] [217] [218] [219] [220]
Overfull \hbox (53.68733pt too wide) in paragraph at lines 13588--13591
[]\T1/ptm/m/n/10 Same as CASE 2 but ad-di-tion-ally a re-flec-tion fac-tor P is
 pro-vided, e.g., \T1/zi4/m/n/10 list(filter1 = list(filter_matrix,d
 []


Overfull \hbox (80.00017pt too wide) in alignment at lines 13608--13608
 [] [] [] 
 []

[221] [222] [223]
Overfull \hbox (37.72838pt too wide) in paragraph at lines 13722--13727
[][][]\T1/ptm/m/n/10 data.frame[][][] (\T1/ptm/b/n/10 re-quired\T1/ptm/m/n/10 )
: data frame with three columns for \T1/zi4/m/n/10 x=Dose\T1/ptm/m/n/10 ,\T1/zi
4/m/n/10 y=LxTx\T1/ptm/m/n/10 ,\T1/zi4/m/n/10 z=LxTx.Error\T1/ptm/m/n/10 ,
 []

[224]
Overfull \hbox (39.93842pt too wide) in paragraph at lines 13808--13812
\T1/ptm/m/n/10 re-sults in sin-gle plot win-dows. Re-quires \T1/zi4/m/n/10 outp
ut.plot = TRUE \T1/ptm/m/n/10 and \T1/zi4/m/n/10 output.plotExtended
 []


Overfull \hbox (0.69853pt too wide) in paragraph at lines 13816--13819
[][][]\T1/ptm/m/n/10 logical[][][] (\T1/ptm/m/it/10 with de-fault\T1/ptm/m/n/10
 ): en-ables or dis-ables \T1/zi4/m/n/10 txtProgressBar\T1/ptm/m/n/10 . If \T1/
zi4/m/n/10 verbose = FALSE
 []

[225]
Overfull \hbox (232.96965pt too wide) in alignment at lines 13925--13925
 [] [] [] 
 []

[226] [227]
Underfull \vbox (badness 10000) has occurred while \output is active []

 [228]
[229]
Overfull \hbox (85.38858pt too wide) in paragraph at lines 14109--14114
\T1/ptm/m/n/10 lines, nor-mal dis-tri-bu-tion curve and stan-dard er-ror points
 (e.g., \T1/zi4/m/n/10 c("grey","black","red","grey")\T1/ptm/m/n/10 ). 
 []

[230] [231] [232] [233] [234] [235]
Overfull \hbox (48.316pt too wide) in paragraph at lines 14475--14476
\T1/ptm/m/n/10 nes-cence Dat-ing Data Anal-y-sis. R pack-age ver-sion 0.9.15. h
ttps://CRAN.R-project.org/package=Luminescence 
 []

[236] [237] [238] [239] [240] [241] [242]
Overfull \hbox (3.79773pt too wide) in paragraph at lines 14918--14920
[][][]\T1/ptm/m/n/10 Risoe.BINfileData[][][] (\T1/ptm/b/n/10 re-quired\T1/ptm/m
/n/10 ): re-quires an S4 ob-ject re-turned by the [][]read_BIN2R[][][]
 []

[243] [244] [245]
Overfull \hbox (84.46672pt too wide) in paragraph at lines 15105--15109
[][][]\T1/ptm/m/n/10 plot_RLum.Data.Curve[][][], [][]RLum.Data.Curve[][][], [][
]plot_RLum.Data.Spectrum[][][], [][]RLum.Data.Spectrum[][][], [][]plot_RLum.Dat
a.Image[][][],
 []

[246] [247] [248]
Overfull \hbox (19.57732pt too wide) in paragraph at lines 15315--15317
[][][]\T1/ptm/m/n/10 logical[][][] (\T1/ptm/m/it/10 with de-fault\T1/ptm/m/n/10
 ): pro-vides an au-to-matic curve smooth-ing based on [][]zoo::rollmean[][][] 

 []

[249] [250]
Underfull \hbox (badness 10000) in paragraph at lines 15430--15433

 []

[251] [252]
Overfull \hbox (19.42819pt too wide) in paragraph at lines 15606--15611
[][][]\T1/ptm/m/n/10 RLum.Data.Spectrum[][][] or [][]ma-trix[][][] (\T1/ptm/b/n
/10 re-quired\T1/ptm/m/n/10 ): S4 ob-ject of class \T1/zi4/m/n/10 RLum.Data.Spe
ctrum
 []


Underfull \hbox (badness 10000) in paragraph at lines 15616--15620

 []

[253] [254]
Overfull \hbox (12.9774pt too wide) in paragraph at lines 15698--15699
[][][]\T1/ptm/m/n/10 RLum.Data.Spectrum[][][], [][]con-vert_Wavelength2Energy[]
[][], [][]plot[][][], [][]plot_RLum[][][], [][]graph-ics::persp[][][], [][]plot
ly::plot_ly[][][],
 []

[255] [256]
Overfull \hbox (36.74408pt too wide) in paragraph at lines 15844--15844
 []\T1/zi4/m/n/9 grains<- calc_AliquotSize(grain.size = c(100,150), sample.diam
eter = 1, plot = FALSE, MC.iter = 100)[] 
 []

[257]
Overfull \hbox (19.81839pt too wide) in paragraph at lines 15899--15903
\T1/ptm/m/n/10 ics::plot.default[][][] the fol-low-ing ar-gu-ments are sup-port
ed: \T1/zi4/m/n/10 lwd.ROI\T1/ptm/m/n/10 , \T1/zi4/m/n/10 lty.ROI\T1/ptm/m/n/10
 , \T1/zi4/m/n/10 col.ROI\T1/ptm/m/n/10 ,
 []


Overfull \hbox (24.63083pt too wide) in paragraph at lines 15899--15903
\T1/zi4/m/n/10 col.pixel\T1/ptm/m/n/10 , \T1/zi4/m/n/10 text.labels\T1/ptm/m/n/
10 , \T1/zi4/m/n/10 text.offset\T1/ptm/m/n/10 , \T1/zi4/m/n/10 grid \T1/ptm/m/n
/10 (\T1/zi4/m/n/10 TRUE/FALSE\T1/ptm/m/n/10 ), \T1/zi4/m/n/10 legend \T1/ptm/m
/n/10 (\T1/zi4/m/n/10 TRUE/FALSE\T1/ptm/m/n/10 ),
 []

[258] [259] [260]
Overfull \hbox (15.09973pt too wide) in paragraph at lines 16058--16060
[]\T1/ptm/m/n/10 Converts an \T1/zi4/m/n/10 RLum.Analysis \T1/ptm/m/n/10 ob-jec
t pro-duced by the func-tion \T1/zi4/m/n/10 read_PSL2R() \T1/ptm/m/n/10 to an \
T1/zi4/m/n/10 Risoe.BINfileData
 []

[261] [262]
Overfull \hbox (32.54706pt too wide) in paragraph at lines 16223--16226
[]\T1/ptm/m/n/10 further ar-gu-ments that will be passed to the func-tion [][]R
isoe.BINfileData2RLum.Analysis[][][].
 []

[263]
Overfull \hbox (59.98526pt too wide) in paragraph at lines 16279--16282
[][][]\T1/ptm/m/n/10 write_R2BIN[][][], [][]Risoe.BINfileData[][][], [][]base::
readBin[][][], [][]merge_Risoe.BINfileData[][][], [][]RLum.Analysis[][][] [][]u
tils::txtProgressBar[][][],
 []

[264] [265] [266]
Overfull \hbox (14.45581pt too wide) in paragraph at lines 16442--16446
\T1/ptm/m/n/10 beta sta-tus. If the rou-tine fails to im-port a spe-cific PSL f
ile please re-port to <christoph.burow@gmx.net>
 []


Overfull \hbox (2.23795pt too wide) in paragraph at lines 16463--16463
 []\T1/zi4/m/n/9 psl <- read_PSL2R(file, drop_bg = FALSE, as_decay_curve = TRUE
, smooth = TRUE, merge = FALSE)[] 
 []

[267]
Overfull \hbox (7.62747pt too wide) in paragraph at lines 16492--16495
\T1/ptm/m/n/10 pack-age 'Lu-mi-nes-cence'. The out-put of the func-tion can be 
passed to the func-tion [][]anal-yse_IRSAR.RF[][][] 
 []

[268]
Overfull \hbox (31.77559pt too wide) in paragraph at lines 16537--16539
[]\T1/ptm/m/n/10 Function im-ports Prince-ton In-stru-ments (TM) SPE-files into
 R en-vi-ron-ment and pro-vides [][]RLum.Data.Image[][][]
 []


Overfull \hbox (47.83801pt too wide) in paragraph at lines 16566--16569
[][][]\T1/ptm/m/n/10 character[][][] (\T1/ptm/m/it/10 with de-fault\T1/ptm/m/n/
10 ): set \T1/zi4/m/n/10 RLum \T1/ptm/m/n/10 out-put ob-ject. Al-lowed types ar
e \T1/zi4/m/n/10 "RLum.Data.Spectrum"\T1/ptm/m/n/10 ,
 []

[269]
Overfull \hbox (3.29681pt too wide) in paragraph at lines 16638--16640
[]\T1/ptm/m/n/10 Hall, C., 2012: read-SPE.m. https://www.mathworks.com/matlabce
ntral/fileexchange/35940-readspe 
 []

[270] [271] [272] [273] [274] [275] [276]
Overfull \hbox (5.91928pt too wide) in alignment at lines 17074--17074
 [] [] 
 []


Overfull \hbox (595.15996pt too wide) in alignment at lines 17106--17106
 [] [] 
 []

[277] [278]
Underfull \vbox (badness 10000) has occurred while \output is active []

 [279]
Overfull \hbox (11.97665pt too wide) in paragraph at lines 17220--17222
[]\T1/ptm/m/n/10 Converts val-ues from one spe-cific po-si-tion of a Risoe.BINf
ileData S4-class ob-ject to an RLum.Analysis
 []


Overfull \hbox (4.47858pt too wide) in paragraph at lines 17246--17251
[][][]\T1/ptm/m/n/10 numeric[][][] (\T1/ptm/m/it/10 op-tional\T1/ptm/m/n/10 ): 
po-si-tion num-ber of the \T1/zi4/m/n/10 Risoe.BINfileData \T1/ptm/m/n/10 ob-je
ct for which
 []


Overfull \hbox (6.58734pt too wide) in paragraph at lines 17266--17270
\T1/ptm/m/n/10 al-lowed val-ues are: \T1/zi4/m/n/10 IRSL\T1/ptm/m/n/10 , \T1/zi
4/m/n/10 OSL\T1/ptm/m/n/10 , \T1/zi4/m/n/10 TL\T1/ptm/m/n/10 , \T1/zi4/m/n/10 R
IR\T1/ptm/m/n/10 , \T1/zi4/m/n/10 RBR \T1/ptm/m/n/10 and \T1/zi4/m/n/10 USER \T
1/ptm/m/n/10 (see also [][]Risoe.BINfileData[][][]) 
 []

[280] [281] [282]
Overfull \hbox (33.31688pt too wide) in paragraph at lines 17420--17422
[][][]\T1/ptm/m/n/10 RLum.Data[][][], [][]RLum.Data.Curve[][][], [][]RLum.Data.
Spectrum[][][], [][]RLum.Data.Image[][][], [][]RLum.Analysis[][][], [][]RLum.Re
sults[][][],
 []


Overfull \hbox (14.76044pt too wide) in paragraph at lines 17447--17447
 []  \T1/zi4/m/n/10 conversion_factors = c("Cresswelletal2018", "Guerinetal2011
", "AdamiecAitken1998",[] 
 []

[283] [284] [285]
Underfull \hbox (badness 10000) in paragraph at lines 17619--17622

 []


Underfull \hbox (badness 10000) in paragraph at lines 17642--17645

 []

[286] [287] [288] [289] [290] [291] [292]
Overfull \hbox (21.02805pt too wide) in paragraph at lines 18048--18049
[]\T1/zi4/m/n/10 smooth_RLum,list-method\T1/ptm/m/n/10 : Re-turns a list of [][
]RLum[][][] ob-jects that had been passed to [][]smooth_RLum[][][] 
 []

[293] [294] [295] [296]
Package textcomp Info: Symbol \textasciigrave not provided by
(textcomp)             font family zi4 in TS1 encoding.
(textcomp)             Default family used instead on input line 18314.
Package textcomp Info: Symbol \textasciigrave not provided by
(textcomp)             font family zi4 in TS1 encoding.
(textcomp)             Default family used instead on input line 18314.
Package textcomp Info: Symbol \textasciigrave not provided by
(textcomp)             font family zi4 in TS1 encoding.
(textcomp)             Default family used instead on input line 18321.
Package textcomp Info: Symbol \textasciigrave not provided by
(textcomp)             font family zi4 in TS1 encoding.
(textcomp)             Default family used instead on input line 18321.
Package textcomp Info: Symbol \textasciigrave not provided by
(textcomp)             font family zi4 in TS1 encoding.
(textcomp)             Default family used instead on input line 18322.
Package textcomp Info: Symbol \textasciigrave not provided by
(textcomp)             font family zi4 in TS1 encoding.
(textcomp)             Default family used instead on input line 18322.
Package textcomp Info: Symbol \textasciigrave not provided by
(textcomp)             font family zi4 in TS1 encoding.
(textcomp)             Default family used instead on input line 18323.
Package textcomp Info: Symbol \textasciigrave not provided by
(textcomp)             font family zi4 in TS1 encoding.
(textcomp)             Default family used instead on input line 18323.
Package textcomp Info: Symbol \textasciigrave not provided by
(textcomp)             font family zi4 in TS1 encoding.
(textcomp)             Default family used instead on input line 18324.
Package textcomp Info: Symbol \textasciigrave not provided by
(textcomp)             font family zi4 in TS1 encoding.
(textcomp)             Default family used instead on input line 18324.
Package textcomp Info: Symbol \textasciigrave not provided by
(textcomp)             font family zi4 in TS1 encoding.
(textcomp)             Default family used instead on input line 18325.
Package textcomp Info: Symbol \textasciigrave not provided by
(textcomp)             font family zi4 in TS1 encoding.
(textcomp)             Default family used instead on input line 18325.
Package textcomp Info: Symbol \textasciigrave not provided by
(textcomp)             font family zi4 in TS1 encoding.
(textcomp)             Default family used instead on input line 18326.
Package textcomp Info: Symbol \textasciigrave not provided by
(textcomp)             font family zi4 in TS1 encoding.
(textcomp)             Default family used instead on input line 18326.
Package textcomp Info: Symbol \textasciigrave not provided by
(textcomp)             font family zi4 in TS1 encoding.
(textcomp)             Default family used instead on input line 18327.
Package textcomp Info: Symbol \textasciigrave not provided by
(textcomp)             font family zi4 in TS1 encoding.
(textcomp)             Default family used instead on input line 18327.
Package textcomp Info: Symbol \textasciigrave not provided by
(textcomp)             font family zi4 in TS1 encoding.
(textcomp)             Default family used instead on input line 18328.
Package textcomp Info: Symbol \textasciigrave not provided by
(textcomp)             font family zi4 in TS1 encoding.
(textcomp)             Default family used instead on input line 18328.
Package textcomp Info: Symbol \textasciigrave not provided by
(textcomp)             font family zi4 in TS1 encoding.
(textcomp)             Default family used instead on input line 18329.
Package textcomp Info: Symbol \textasciigrave not provided by
(textcomp)             font family zi4 in TS1 encoding.
(textcomp)             Default family used instead on input line 18329.
Package textcomp Info: Symbol \textasciigrave not provided by
(textcomp)             font family zi4 in TS1 encoding.
(textcomp)             Default family used instead on input line 18330.
Package textcomp Info: Symbol \textasciigrave not provided by
(textcomp)             font family zi4 in TS1 encoding.
(textcomp)             Default family used instead on input line 18330.
Package textcomp Info: Symbol \textasciigrave not provided by
(textcomp)             font family zi4 in TS1 encoding.
(textcomp)             Default family used instead on input line 18331.
Package textcomp Info: Symbol \textasciigrave not provided by
(textcomp)             font family zi4 in TS1 encoding.
(textcomp)             Default family used instead on input line 18331.
Package textcomp Info: Symbol \textasciigrave not provided by
(textcomp)             font family zi4 in TS1 encoding.
(textcomp)             Default family used instead on input line 18332.
Package textcomp Info: Symbol \textasciigrave not provided by
(textcomp)             font family zi4 in TS1 encoding.
(textcomp)             Default family used instead on input line 18332.
Package textcomp Info: Symbol \textasciigrave not provided by
(textcomp)             font family zi4 in TS1 encoding.
(textcomp)             Default family used instead on input line 18333.
Package textcomp Info: Symbol \textasciigrave not provided by
(textcomp)             font family zi4 in TS1 encoding.
(textcomp)             Default family used instead on input line 18333.
Package textcomp Info: Symbol \textasciigrave not provided by
(textcomp)             font family zi4 in TS1 encoding.
(textcomp)             Default family used instead on input line 18334.
Package textcomp Info: Symbol \textasciigrave not provided by
(textcomp)             font family zi4 in TS1 encoding.
(textcomp)             Default family used instead on input line 18334.
Package textcomp Info: Symbol \textasciigrave not provided by
(textcomp)             font family zi4 in TS1 encoding.
(textcomp)             Default family used instead on input line 18335.
Package textcomp Info: Symbol \textasciigrave not provided by
(textcomp)             font family zi4 in TS1 encoding.
(textcomp)             Default family used instead on input line 18335.
Package textcomp Info: Symbol \textasciigrave not provided by
(textcomp)             font family zi4 in TS1 encoding.
(textcomp)             Default family used instead on input line 18336.
Package textcomp Info: Symbol \textasciigrave not provided by
(textcomp)             font family zi4 in TS1 encoding.
(textcomp)             Default family used instead on input line 18336.
Package textcomp Info: Symbol \textasciigrave not provided by
(textcomp)             font family zi4 in TS1 encoding.
(textcomp)             Default family used instead on input line 18337.
Package textcomp Info: Symbol \textasciigrave not provided by
(textcomp)             font family zi4 in TS1 encoding.
(textcomp)             Default family used instead on input line 18337.
Package textcomp Info: Symbol \textasciigrave not provided by
(textcomp)             font family zi4 in TS1 encoding.
(textcomp)             Default family used instead on input line 18338.
Package textcomp Info: Symbol \textasciigrave not provided by
(textcomp)             font family zi4 in TS1 encoding.
(textcomp)             Default family used instead on input line 18338.
 [297]
Package textcomp Info: Symbol \textasciigrave not provided by
(textcomp)             font family zi4 in TS1 encoding.
(textcomp)             Default family used instead on input line 18339.
Package textcomp Info: Symbol \textasciigrave not provided by
(textcomp)             font family zi4 in TS1 encoding.
(textcomp)             Default family used instead on input line 18339.
Package textcomp Info: Symbol \textasciigrave not provided by
(textcomp)             font family zi4 in TS1 encoding.
(textcomp)             Default family used instead on input line 18340.
Package textcomp Info: Symbol \textasciigrave not provided by
(textcomp)             font family zi4 in TS1 encoding.
(textcomp)             Default family used instead on input line 18340.
Package textcomp Info: Symbol \textasciigrave not provided by
(textcomp)             font family zi4 in TS1 encoding.
(textcomp)             Default family used instead on input line 18341.
Package textcomp Info: Symbol \textasciigrave not provided by
(textcomp)             font family zi4 in TS1 encoding.
(textcomp)             Default family used instead on input line 18341.
Package textcomp Info: Symbol \textasciigrave not provided by
(textcomp)             font family zi4 in TS1 encoding.
(textcomp)             Default family used instead on input line 18342.
Package textcomp Info: Symbol \textasciigrave not provided by
(textcomp)             font family zi4 in TS1 encoding.
(textcomp)             Default family used instead on input line 18342.
Package textcomp Info: Symbol \textasciigrave not provided by
(textcomp)             font family zi4 in TS1 encoding.
(textcomp)             Default family used instead on input line 18343.
Package textcomp Info: Symbol \textasciigrave not provided by
(textcomp)             font family zi4 in TS1 encoding.
(textcomp)             Default family used instead on input line 18343.
Package textcomp Info: Symbol \textasciigrave not provided by
(textcomp)             font family zi4 in TS1 encoding.
(textcomp)             Default family used instead on input line 18344.
Package textcomp Info: Symbol \textasciigrave not provided by
(textcomp)             font family zi4 in TS1 encoding.
(textcomp)             Default family used instead on input line 18344.
Package textcomp Info: Symbol \textasciigrave not provided by
(textcomp)             font family zi4 in TS1 encoding.
(textcomp)             Default family used instead on input line 18345.
Package textcomp Info: Symbol \textasciigrave not provided by
(textcomp)             font family zi4 in TS1 encoding.
(textcomp)             Default family used instead on input line 18345.
 [298] [299] [300]
Package textcomp Info: Symbol \textasciigrave not provided by
(textcomp)             font family zi4 in TS1 encoding.
(textcomp)             Default family used instead on input line 18535.
Package textcomp Info: Symbol \textasciigrave not provided by
(textcomp)             font family zi4 in TS1 encoding.
(textcomp)             Default family used instead on input line 18535.
Package textcomp Info: Symbol \textasciigrave not provided by
(textcomp)             font family zi4 in TS1 encoding.
(textcomp)             Default family used instead on input line 18536.
Package textcomp Info: Symbol \textasciigrave not provided by
(textcomp)             font family zi4 in TS1 encoding.
(textcomp)             Default family used instead on input line 18536.
Package textcomp Info: Symbol \textasciigrave not provided by
(textcomp)             font family zi4 in TS1 encoding.
(textcomp)             Default family used instead on input line 18537.
Package textcomp Info: Symbol \textasciigrave not provided by
(textcomp)             font family zi4 in TS1 encoding.
(textcomp)             Default family used instead on input line 18537.
Package textcomp Info: Symbol \textasciigrave not provided by
(textcomp)             font family zi4 in TS1 encoding.
(textcomp)             Default family used instead on input line 18538.
Package textcomp Info: Symbol \textasciigrave not provided by
(textcomp)             font family zi4 in TS1 encoding.
(textcomp)             Default family used instead on input line 18538.
Package textcomp Info: Symbol \textasciigrave not provided by
(textcomp)             font family zi4 in TS1 encoding.
(textcomp)             Default family used instead on input line 18539.
Package textcomp Info: Symbol \textasciigrave not provided by
(textcomp)             font family zi4 in TS1 encoding.
(textcomp)             Default family used instead on input line 18539.
Package textcomp Info: Symbol \textasciigrave not provided by
(textcomp)             font family zi4 in TS1 encoding.
(textcomp)             Default family used instead on input line 18540.
Package textcomp Info: Symbol \textasciigrave not provided by
(textcomp)             font family zi4 in TS1 encoding.
(textcomp)             Default family used instead on input line 18540.
Package textcomp Info: Symbol \textasciigrave not provided by
(textcomp)             font family zi4 in TS1 encoding.
(textcomp)             Default family used instead on input line 18541.
Package textcomp Info: Symbol \textasciigrave not provided by
(textcomp)             font family zi4 in TS1 encoding.
(textcomp)             Default family used instead on input line 18541.
Package textcomp Info: Symbol \textasciigrave not provided by
(textcomp)             font family zi4 in TS1 encoding.
(textcomp)             Default family used instead on input line 18542.
Package textcomp Info: Symbol \textasciigrave not provided by
(textcomp)             font family zi4 in TS1 encoding.
(textcomp)             Default family used instead on input line 18542.
Package textcomp Info: Symbol \textasciigrave not provided by
(textcomp)             font family zi4 in TS1 encoding.
(textcomp)             Default family used instead on input line 18543.
Package textcomp Info: Symbol \textasciigrave not provided by
(textcomp)             font family zi4 in TS1 encoding.
(textcomp)             Default family used instead on input line 18543.
Package textcomp Info: Symbol \textasciigrave not provided by
(textcomp)             font family zi4 in TS1 encoding.
(textcomp)             Default family used instead on input line 18544.
Package textcomp Info: Symbol \textasciigrave not provided by
(textcomp)             font family zi4 in TS1 encoding.
(textcomp)             Default family used instead on input line 18544.
Package textcomp Info: Symbol \textasciigrave not provided by
(textcomp)             font family zi4 in TS1 encoding.
(textcomp)             Default family used instead on input line 18545.
Package textcomp Info: Symbol \textasciigrave not provided by
(textcomp)             font family zi4 in TS1 encoding.
(textcomp)             Default family used instead on input line 18545.
Package textcomp Info: Symbol \textasciigrave not provided by
(textcomp)             font family zi4 in TS1 encoding.
(textcomp)             Default family used instead on input line 18546.
Package textcomp Info: Symbol \textasciigrave not provided by
(textcomp)             font family zi4 in TS1 encoding.
(textcomp)             Default family used instead on input line 18546.
Package textcomp Info: Symbol \textasciigrave not provided by
(textcomp)             font family zi4 in TS1 encoding.
(textcomp)             Default family used instead on input line 18547.
Package textcomp Info: Symbol \textasciigrave not provided by
(textcomp)             font family zi4 in TS1 encoding.
(textcomp)             Default family used instead on input line 18547.
Package textcomp Info: Symbol \textasciigrave not provided by
(textcomp)             font family zi4 in TS1 encoding.
(textcomp)             Default family used instead on input line 18548.
Package textcomp Info: Symbol \textasciigrave not provided by
(textcomp)             font family zi4 in TS1 encoding.
(textcomp)             Default family used instead on input line 18548.
Package textcomp Info: Symbol \textasciigrave not provided by
(textcomp)             font family zi4 in TS1 encoding.
(textcomp)             Default family used instead on input line 18549.
Package textcomp Info: Symbol \textasciigrave not provided by
(textcomp)             font family zi4 in TS1 encoding.
(textcomp)             Default family used instead on input line 18549.
Package textcomp Info: Symbol \textasciigrave not provided by
(textcomp)             font family zi4 in TS1 encoding.
(textcomp)             Default family used instead on input line 18550.
Package textcomp Info: Symbol \textasciigrave not provided by
(textcomp)             font family zi4 in TS1 encoding.
(textcomp)             Default family used instead on input line 18550.
Package textcomp Info: Symbol \textasciigrave not provided by
(textcomp)             font family zi4 in TS1 encoding.
(textcomp)             Default family used instead on input line 18551.
Package textcomp Info: Symbol \textasciigrave not provided by
(textcomp)             font family zi4 in TS1 encoding.
(textcomp)             Default family used instead on input line 18551.
Package textcomp Info: Symbol \textasciigrave not provided by
(textcomp)             font family zi4 in TS1 encoding.
(textcomp)             Default family used instead on input line 18552.
Package textcomp Info: Symbol \textasciigrave not provided by
(textcomp)             font family zi4 in TS1 encoding.
(textcomp)             Default family used instead on input line 18552.
Package textcomp Info: Symbol \textasciigrave not provided by
(textcomp)             font family zi4 in TS1 encoding.
(textcomp)             Default family used instead on input line 18553.
Package textcomp Info: Symbol \textasciigrave not provided by
(textcomp)             font family zi4 in TS1 encoding.
(textcomp)             Default family used instead on input line 18553.
Package textcomp Info: Symbol \textasciigrave not provided by
(textcomp)             font family zi4 in TS1 encoding.
(textcomp)             Default family used instead on input line 18554.
Package textcomp Info: Symbol \textasciigrave not provided by
(textcomp)             font family zi4 in TS1 encoding.
(textcomp)             Default family used instead on input line 18554.
Package textcomp Info: Symbol \textasciigrave not provided by
(textcomp)             font family zi4 in TS1 encoding.
(textcomp)             Default family used instead on input line 18555.
Package textcomp Info: Symbol \textasciigrave not provided by
(textcomp)             font family zi4 in TS1 encoding.
(textcomp)             Default family used instead on input line 18555.
Package textcomp Info: Symbol \textasciigrave not provided by
(textcomp)             font family zi4 in TS1 encoding.
(textcomp)             Default family used instead on input line 18556.
Package textcomp Info: Symbol \textasciigrave not provided by
(textcomp)             font family zi4 in TS1 encoding.
(textcomp)             Default family used instead on input line 18556.
Package textcomp Info: Symbol \textasciigrave not provided by
(textcomp)             font family zi4 in TS1 encoding.
(textcomp)             Default family used instead on input line 18557.
Package textcomp Info: Symbol \textasciigrave not provided by
(textcomp)             font family zi4 in TS1 encoding.
(textcomp)             Default family used instead on input line 18557.
Package textcomp Info: Symbol \textasciigrave not provided by
(textcomp)             font family zi4 in TS1 encoding.
(textcomp)             Default family used instead on input line 18558.
Package textcomp Info: Symbol \textasciigrave not provided by
(textcomp)             font family zi4 in TS1 encoding.
(textcomp)             Default family used instead on input line 18558.
Package textcomp Info: Symbol \textasciigrave not provided by
(textcomp)             font family zi4 in TS1 encoding.
(textcomp)             Default family used instead on input line 18559.
Package textcomp Info: Symbol \textasciigrave not provided by
(textcomp)             font family zi4 in TS1 encoding.
(textcomp)             Default family used instead on input line 18559.
 [301]
Underfull \hbox (badness 10000) in paragraph at lines 18656--18659

 []

[302] [303] [304] [305] [306] [307]
(/private/var/folders/yz/3s5p1pss4352wtlzt9_bzbp00000gp/T/RtmppJEvNO/Rd2pdf9a3e
a3465a2/Rd2.ind [308] [309

] [310]

LaTeX Font Warning: Font shape `T1/zi4/m/it' undefined
(Font)              using `T1/zi4/m/n' instead on input line 391.

LaTeX Font Info:    Font shape `T1/zi4/m/it' will be
(Font)              scaled to size 10.0pt on input line 393.
[311] [312] [313] [314])
(/private/var/folders/yz/3s5p1pss4352wtlzt9_bzbp00000gp/T/RtmppJEvNO/Rd2pdf9a3e
a3465a2/Rd2.aux)

LaTeX Font Warning: Some font shapes were not available, defaults substituted.

Package rerunfilecheck Info: File `Rd2.out' has not changed.
(rerunfilecheck)             Checksum: AE80C81AAEB17D6A445B40ADE7DFD08D;20635.
 ) 
Here is how much of TeX's memory you used:
 11218 strings out of 478542
 164580 string characters out of 5850387
 477052 words of memory out of 5000000
 26784 multiletter control sequences out of 15000+600000
 445449 words of font info for 71 fonts, out of 8000000 for 9000
 1141 hyphenation exceptions out of 8191
 77i,6n,82p,652b,618s stack positions out of 5000i,500n,10000p,200000b,80000s
pdfTeX warning (dest): name{Rfn.writeBin} has been referenced but does not ex
ist, replaced by a fixed one

pdfTeX warning (dest): name{Rfn.as.data.frame} has been referenced but does not
 exist, replaced by a fixed one

pdfTeX warning (dest): name{Rfn.barplot} has been referenced but does not exist
, replaced by a fixed one

pdfTeX warning (dest): name{Rfn.methods.Rul.RLum} has been referenced but does 
not exist, replaced by a fixed one

pdfTeX warning (dest): name{Rfn.browseURL} has been referenced but does not exi
st, replaced by a fixed one

pdfTeX warning (dest): name{Rfn.rstudioapi::viewer} has been referenced but doe
s not exist, replaced by a fixed one

pdfTeX warning (dest): name{Rfn.pander::openFileInOS} has been referenced but d
oes not exist, replaced by a fixed one

pdfTeX warning (dest): name{Rfn.pander::pander.Rul.return} has been referenced 
but does not exist, replaced by a fixed one

pdfTeX warning (dest): name{Rfn.rmarkdown::render} has been referenced but does
 not exist, replaced by a fixed one

pdfTeX warning (dest): name{Rfn.xml} has been referenced but does not exist, re
placed by a fixed one

pdfTeX warning (dest): name{Rfn.regex} has been referenced but does not exist, 
replaced by a fixed one

pdfTeX warning (dest): name{Rfn.readBin} has been referenced but does not exist
, replaced by a fixed one

pdfTeX warning (dest): name{Rfn.data.table::data.table} has been referenced but
 does not exist, replaced by a fixed one

pdfTeX warning (dest): name{Rfn.utils::txtProgressBar} has been referenced but 
does not exist, replaced by a fixed one

pdfTeX warning (dest): name{Rfn.base::readBin} has been referenced but does not
 exist, replaced by a fixed one

pdfTeX warning (dest): name{Rfn.list.files} has been referenced but does not ex
ist, replaced by a fixed one

pdfTeX warning (dest): name{Rfn.raw} has been referenced but does not exist, re
placed by a fixed one

pdfTeX warning (dest): name{Rfn.rug} has been referenced but does not exist, re
placed by a fixed one

pdfTeX warning (dest): name{Rfn.boxplot} has been referenced but does not exist
, replaced by a fixed one

pdfTeX warning (dest): name{Rfn.graphics::boxplot} has been referenced but does
 not exist, replaced by a fixed one

pdfTeX warning (dest): name{Rfn.stats::density} has been referenced but does no
t exist, replaced by a fixed one

pdfTeX warning (dest): name{Rfn.stats::dist} has been referenced but does not e
xist, replaced by a fixed one

pdfTeX warning (dest): name{Rfn.plotly::plot.Rul.ly} has been referenced but do
es not exist, replaced by a fixed one

pdfTeX warning (dest): name{Rfn.graphics::contour} has been referenced but does
 not exist, replaced by a fixed one

pdfTeX warning (dest): name{Rfn.graphics::image} has been referenced but does n
ot exist, replaced by a fixed one

pdfTeX warning (dest): name{Rfn.graphics::persp} has been referenced but does n
ot exist, replaced by a fixed one

pdfTeX warning (dest): name{Rfn.raster::contour} has been referenced but does n
ot exist, replaced by a fixed one

pdfTeX warning (dest): name{Rfn.raster::plotRGB} has been referenced but does n
ot exist, replaced by a fixed one

pdfTeX warning (dest): name{Rfn.raster::plot} has been referenced but does not 
exist, replaced by a fixed one

pdfTeX warning (dest): name{Rfn.raster::raster} has been referenced but does no
t exist, replaced by a fixed one

pdfTeX warning (dest): name{Rfn.raster} has been referenced but does not exist,
 replaced by a fixed one

pdfTeX warning (dest): name{Rfn.zoo::rollmean} has been referenced but does not
 exist, replaced by a fixed one

pdfTeX warning (dest): name{Rfn.pdf} has been referenced but does not exist, re
placed by a fixed one

pdfTeX warning (dest): name{Rfn.abline} has been referenced but does not exist,
 replaced by a fixed one

pdfTeX warning (dest): name{Rfn.par} has been referenced but does not exist, re
placed by a fixed one

pdfTeX warning (dest): name{Rfn.legend} has been referenced but does not exist,
 replaced by a fixed one

pdfTeX warning (dest): name{Rfn.rollmean} has been referenced but does not exis
t, replaced by a fixed one

pdfTeX warning (dest): name{Rfn.density} has been referenced but does not exist
, replaced by a fixed one

pdfTeX warning (dest): name{Rfn.hist} has been referenced but does not exist, r
eplaced by a fixed one

pdfTeX warning (dest): name{Rfn.mtext} has been referenced but does not exist, 
replaced by a fixed one

pdfTeX warning (dest): name{Rfn.expression} has been referenced but does not ex
ist, replaced by a fixed one

pdfTeX warning (dest): name{Rfn.lamW::lambertW0} has been referenced but does n
ot exist, replaced by a fixed one

pdfTeX warning (dest): name{Rfn.graphics::grid} has been referenced but does no
t exist, replaced by a fixed one

pdfTeX warning (dest): name{Rfn.graphics::plot.default} has been referenced but
 does not exist, replaced by a fixed one

pdfTeX warning (dest): name{Rfn.graphics::par} has been referenced but does not
 exist, replaced by a fixed one

pdfTeX warning (dest): name{Rfn.devtools::remote.Rdash.reexports} has been refe
renced but does not exist, replaced by a fixed one

pdfTeX warning (dest): name{Rfn.DEoptim::DEoptim} has been referenced but does 
not exist, replaced by a fixed one

pdfTeX warning (dest): name{Rfn.DEoptim::DEoptim.control} has been referenced b
ut does not exist, replaced by a fixed one

pdfTeX warning (dest): name{Rfn.stats::FDist} has been referenced but does not 
exist, replaced by a fixed one

pdfTeX warning (dest): name{Rfn.glm} has been referenced but does not exist, re
placed by a fixed one

pdfTeX warning (dest): name{Rfn.max.col} has been referenced but does not exist
, replaced by a fixed one

pdfTeX warning (dest): name{Rfn.stats::embed} has been referenced but does not 
exist, replaced by a fixed one

pdfTeX warning (dest): name{Rfn.minpack.lm::nls.lm} has been referenced but doe
s not exist, replaced by a fixed one

pdfTeX warning (dest): name{Rfn.confint} has been referenced but does not exist
, replaced by a fixed one

pdfTeX warning (dest): name{Rfn.profile} has been referenced but does not exist
, replaced by a fixed one

pdfTeX warning (dest): name{Rfn.summary} has been referenced but does not exist
, replaced by a fixed one

pdfTeX warning (dest): name{Rfn.stats::confint} has been referenced but does no
t exist, replaced by a fixed one

pdfTeX warning (dest): name{Rfn.approx} has been referenced but does not exist,
 replaced by a fixed one

pdfTeX warning (dest): name{Rfn.lm} has been referenced but does not exist, rep
laced by a fixed one

pdfTeX warning (dest): name{Rfn.utils::write.table} has been referenced but doe
s not exist, replaced by a fixed one

pdfTeX warning (dest): name{Rfn.stats::rnorm} has been referenced but does not 
exist, replaced by a fixed one

pdfTeX warning (dest): name{Rfn.graphics::matplot} has been referenced but does
 not exist, replaced by a fixed one

pdfTeX warning (dest): name{Rfn.array} has been referenced but does not exist, 
replaced by a fixed one

pdfTeX warning (dest): name{Rfn.Date} has been referenced but does not exist, r
eplaced by a fixed one

pdfTeX warning (dest): name{Rfn.profile.mle2} has been referenced but does not 
exist, replaced by a fixed one

pdfTeX warning (dest): name{Rfn.mle2} has been referenced but does not exist, r
eplaced by a fixed one

pdfTeX warning (dest): name{Rfn.nlminb} has been referenced but does not exist,
 replaced by a fixed one

pdfTeX warning (dest): name{Rfn.pchisq} has been referenced but does not exist,
 replaced by a fixed one

pdfTeX warning (dest): name{Rfn.graphics::barplot} has been referenced but does
 not exist, replaced by a fixed one

pdfTeX warning (dest): name{Rfn.uniroot} has been referenced but does not exist
, replaced by a fixed one

pdfTeX warning (dest): name{Rfn.txtProgressBar} has been referenced but does no
t exist, replaced by a fixed one

pdfTeX warning (dest): name{Rfn.stats::uniroot} has been referenced but does no
t exist, replaced by a fixed one

pdfTeX warning (dest): name{Rfn.set.seed} has been referenced but does not exis
t, replaced by a fixed one

pdfTeX warning (dest): name{Rfn.plot} has been referenced but does not exist, r
eplaced by a fixed one

pdfTeX warning (dest): name{Rfn.read.table} has been referenced but does not ex
ist, replaced by a fixed one

pdfTeX warning (dest): name{Rfn.graphics::hist} has been referenced but does no
t exist, replaced by a fixed one

pdfTeX warning (dest): name{Rfn.RLum.Data.Rdash.class} has been referenced but 
does not exist, replaced by a fixed one

pdfTeX warning (dest): name{Rfn.methods::as} has been referenced but does not e
xist, replaced by a fixed one

pdfTeX warning (dest): name{Rfn.RLum.Data.Image.Rdash.class} has been reference
d but does not exist, replaced by a fixed one

pdfTeX warning (dest): name{Rfn.matrix} has been referenced but does not exist,
 replaced by a fixed one

pdfTeX warning (dest): name{Rfn.RLumShiny::RLumShiny.Rdash.package} has been re
ferenced but does not exist, replaced by a fixed one

pdfTeX warning (dest): name{Rfn.RLumShiny::app.Rul.RLum} has been referenced bu
t does not exist, replaced by a fixed one

pdfTeX warning (dest): name{Rfn.stats::approx} has been referenced but does not
 exist, replaced by a fixed one

pdfTeX warning (dest): name{Rfn.smooth.spline} has been referenced but does not
 exist, replaced by a fixed one

pdfTeX warning (dest): name{Rfn.smooth} has been referenced but does not exist,
 replaced by a fixed one

pdfTeX warning (dest): name{Rfn.RLum.Data.Spectrum.Rdash.class} has been refere
nced but does not exist, replaced by a fixed one

pdfTeX warning (dest): name{Rfn.plot.default} has been referenced but does not 
exist, replaced by a fixed one

pdfTeX warning (dest): name{Rfn.formula} has been referenced but does not exist
, replaced by a fixed one

pdfTeX warning (dest): name{Rfn.RLum.Data.Curve.Rdash.class} has been reference
d but does not exist, replaced by a fixed one

pdfTeX warning (dest): name{Rfn.call} has been referenced but does not exist, r
eplaced by a fixed one

pdfTeX warning (dest): name{Rfn.methods::language} has been referenced but does
 not exist, replaced by a fixed one

pdfTeX warning (dest): name{Rfn.minpack.lm::nlsLM} has been referenced but does
 not exist, replaced by a fixed one

pdfTeX warning (dest): name{Rfn.nls} has been referenced but does not exist, re
placed by a fixed one

pdfTeX warning (dest): name{Rfn.graphics::legend} has been referenced but does 
not exist, replaced by a fixed one

pdfTeX warning (dest): name{Rfn.stats::nls} has been referenced but does not ex
ist, replaced by a fixed one

pdfTeX warning (dest): name{Rfn.stats::lm} has been referenced but does not exi
st, replaced by a fixed one

pdfTeX warning (dest): name{Rfn.data.frame} has been referenced but does not ex
ist, replaced by a fixed one

pdfTeX warning (dest): name{Rfn.boxplot.default} has been referenced but does n
ot exist, replaced by a fixed one

pdfTeX warning (dest): name{Rfn.rjags::coda.samples} has been referenced but do
es not exist, replaced by a fixed one

pdfTeX warning (dest): name{Rfn.coda::mcmc.list} has been referenced but does n
ot exist, replaced by a fixed one

pdfTeX warning (dest): name{Rfn.rjags::jags.model} has been referenced but does
 not exist, replaced by a fixed one

pdfTeX warning (dest): name{Rfn.readxl::read.Rul.excel} has been referenced but
 does not exist, replaced by a fixed one

pdfTeX warning (dest): name{Rfn.integer} has been referenced but does not exist
, replaced by a fixed one

pdfTeX warning (dest): name{Rfn.vector} has been referenced but does not exist,
 replaced by a fixed one

pdfTeX warning (dest): name{Rfn.Risoe.BINfileData.Rdash.class} has been referen
ced but does not exist, replaced by a fixed one

pdfTeX warning (dest): name{Rfn.logical} has been referenced but does not exist
, replaced by a fixed one

pdfTeX warning (dest): name{Rfn.list} has been referenced but does not exist, r
eplaced by a fixed one

pdfTeX warning (dest): name{Rfn.RLum.Results.Rdash.class} has been referenced b
ut does not exist, replaced by a fixed one

pdfTeX warning (dest): name{Rfn.character} has been referenced but does not exi
st, replaced by a fixed one

pdfTeX warning (dest): name{Rfn.numeric} has been referenced but does not exist
, replaced by a fixed one

pdfTeX warning (dest): name{Rfn.RLum.Analysis.Rdash.class} has been referenced 
but does not exist, replaced by a fixed one

{/usr/local/texlive/2021/texmf-dist/fonts/enc/dvips/cm-super/cm-super-ts1.enc}{
/usr/local/texlive/2021/texmf-dist/fonts/enc/dvips/base/8r.enc}{/usr/local/texl
ive/2021/texmf-dist/fonts/enc/dvips/inconsolata/i4-ts1.enc}{/usr/local/texlive/
2021/texmf-dist/fonts/enc/dvips/inconsolata/i4-t1-0.enc}</usr/local/texlive/202
1/texmf-dist/fonts/type1/public/inconsolata/Inconsolata-zi4r.pfb></usr/local/te
xlive/2021/texmf-dist/fonts/type1/public/amsfonts/cm/cmex10.pfb></usr/local/tex
live/2021/texmf-dist/fonts/type1/public/amsfonts/cm/cmmi10.pfb></usr/local/texl
ive/2021/texmf-dist/fonts/type1/public/amsfonts/cm/cmmi5.pfb></usr/local/texliv
e/2021/texmf-dist/fonts/type1/public/amsfonts/cm/cmmi7.pfb></usr/local/texlive/
2021/texmf-dist/fonts/type1/public/amsfonts/cm/cmr10.pfb></usr/local/texlive/20
21/texmf-dist/fonts/type1/public/amsfonts/cm/cmr7.pfb></usr/local/texlive/2021/
texmf-dist/fonts/type1/public/amsfonts/cm/cmsy10.pfb></usr/local/texlive/2021/t
exmf-dist/fonts/type1/public/amsfonts/cm/cmsy7.pfb></usr/local/texlive/2021/tex
mf-dist/fonts/type1/public/cm-super/sftt0900.pfb></usr/local/texlive/2021/texmf
-dist/fonts/type1/public/cm-super/sftt1000.pfb></usr/local/texlive/2021/texmf-d
ist/fonts/type1/urw/helvetic/uhvr8a.pfb></usr/local/texlive/2021/texmf-dist/fon
ts/type1/urw/times/utmb8a.pfb></usr/local/texlive/2021/texmf-dist/fonts/type1/u
rw/times/utmbi8a.pfb></usr/local/texlive/2021/texmf-dist/fonts/type1/urw/times/
utmr8a.pfb></usr/local/texlive/2021/texmf-dist/fonts/type1/urw/times/utmr8a.pfb
></usr/local/texlive/2021/texmf-dist/fonts/type1/urw/times/utmri8a.pfb>
Output written on Rd2.pdf (314 pages, 1015989 bytes).
PDF statistics:
 8070 PDF objects out of 8907 (max. 8388607)
 7642 compressed objects within 77 object streams
 2214 named destinations out of 2487 (max. 500000)
 1129 words of extra memory for PDF output out of 10000 (max. 10000000)

