Hmm ... looks like a package
Converting parsed Rd's to LaTeX 
Creating pdf output from LaTeX ...

This is pdfTeX, Version 3.141592653-2.6-1.40.26 (TeX Live 2024) (preloaded format=pdflatex)
 restricted \write18 enabled.
entering extended mode
LaTeX2e <2024-06-01> patch level 2
L3 programming layer <2024-08-30>
(./Rd2.tex
(/Users/kreutzer/Library/TinyTeX/texmf-dist/tex/latex/base/book.cls
Document Class: book 2024/02/08 v1.4n Standard LaTeX document class
(/Users/kreutzer/Library/TinyTeX/texmf-dist/tex/latex/base/bk10.clo)) (/Library/Frameworks/R.framework/Resources/share/texmf/tex/latex/Rd.sty (/Users/kreutzer/Library/TinyTeX/texmf-dist/tex/latex/base/ifthen.sty) (/Users/kreutzer/Library/TinyTeX/texmf-dist/tex/generic/iftex/iftex.sty) (/Users/kreutzer/Library/TinyTeX/texmf-dist/tex/latex/tools/longtable.sty) (/Users/kreutzer/Library/TinyTeX/texmf-dist/tex/latex/tools/bm.sty) (/Users/kreutzer/Library/TinyTeX/texmf-dist/tex/latex/base/alltt.sty) (/Users/kreutzer/Library/TinyTeX/texmf-dist/tex/latex/tools/verbatim.sty) (/Users/kreutzer/Library/TinyTeX/texmf-dist/tex/latex/url/url.sty) (/Users/kreutzer/Library/TinyTeX/texmf-dist/tex/latex/base/textcomp.sty) (/Users/kreutzer/Library/TinyTeX/texmf-dist/tex/latex/amsmath/amsmath.sty
For additional information on amsmath, use the `?' option.
(/Users/kreutzer/Library/TinyTeX/texmf-dist/tex/latex/amsmath/amstext.sty (/Users/kreutzer/Library/TinyTeX/texmf-dist/tex/latex/amsmath/amsgen.sty)) (/Users/kreutzer/Library/TinyTeX/texmf-dist/tex/latex/amsmath/amsbsy.sty) (/Users/kreutzer/Library/TinyTeX/texmf-dist/tex/latex/amsmath/amsopn.sty)) (/Users/kreutzer/Library/TinyTeX/texmf-dist/tex/latex/amsfonts/amsfonts.sty) (/Users/kreutzer/Library/TinyTeX/texmf-dist/tex/latex/amsfonts/amssymb.sty) (/Users/kreutzer/Library/TinyTeX/texmf-dist/tex/latex/amsfonts/eucal.sty) (/Users/kreutzer/Library/TinyTeX/texmf-dist/tex/latex/base/fontenc.sty) (/Users/kreutzer/Library/TinyTeX/texmf-dist/tex/latex/psnfss/times.sty) (/Users/kreutzer/Library/TinyTeX/texmf-dist/tex/latex/inconsolata/zi4.sty `inconsolata-zi4' v1.12, 2019/05/17 Text macros for Inconsolata (msharpe) (/Users/kreutzer/Library/TinyTeX/texmf-dist/tex/latex/xkeyval/xkeyval.sty (/Users/kreutzer/Library/TinyTeX/texmf-dist/tex/generic/xkeyval/xkeyval.tex (/Users/kreutzer/Library/TinyTeX/texmf-dist/tex/generic/xkeyval/xkvutils.tex (/Users/kreutzer/Library/TinyTeX/texmf-dist/tex/generic/xkeyval/keyval.tex))))) (/Users/kreutzer/Library/TinyTeX/texmf-dist/tex/latex/graphics/color.sty (/Users/kreutzer/Library/TinyTeX/texmf-dist/tex/latex/graphics-cfg/color.cfg) (/Users/kreutzer/Library/TinyTeX/texmf-dist/tex/latex/graphics-def/pdftex.def) (/Users/kreutzer/Library/TinyTeX/texmf-dist/tex/latex/graphics/mathcolor.ltx)) (/Users/kreutzer/Library/TinyTeX/texmf-dist/tex/latex/hyperref/hyperref.sty (/Users/kreutzer/Library/TinyTeX/texmf-dist/tex/latex/kvsetkeys/kvsetkeys.sty) (/Users/kreutzer/Library/TinyTeX/texmf-dist/tex/generic/kvdefinekeys/kvdefinekeys.sty) (/Users/kreutzer/Library/TinyTeX/texmf-dist/tex/generic/pdfescape/pdfescape.sty (/Users/kreutzer/Library/TinyTeX/texmf-dist/tex/generic/ltxcmds/ltxcmds.sty) (/Users/kreutzer/Library/TinyTeX/texmf-dist/tex/generic/pdftexcmds/pdftexcmds.sty (/Users/kreutzer/Library/TinyTeX/texmf-dist/tex/generic/infwarerr/infwarerr.sty))) (/Users/kreutzer/Library/TinyTeX/texmf-dist/tex/latex/hycolor/hycolor.sty) (/Users/kreutzer/Library/TinyTeX/texmf-dist/tex/latex/hyperref/nameref.sty (/Users/kreutzer/Library/TinyTeX/texmf-dist/tex/latex/refcount/refcount.sty) (/Users/kreutzer/Library/TinyTeX/texmf-dist/tex/generic/gettitlestring/gettitlestring.sty (/Users/kreutzer/Library/TinyTeX/texmf-dist/tex/latex/kvoptions/kvoptions.sty))) (/Users/kreutzer/Library/TinyTeX/texmf-dist/tex/latex/etoolbox/etoolbox.sty) (/Users/kreutzer/Library/TinyTeX/texmf-dist/tex/generic/stringenc/stringenc.sty) (/Users/kreutzer/Library/TinyTeX/texmf-dist/tex/latex/hyperref/pd1enc.def) (/Users/kreutzer/Library/TinyTeX/texmf-dist/tex/generic/intcalc/intcalc.sty) (/Users/kreutzer/Library/TinyTeX/texmf-dist/tex/latex/hyperref/puenc.def) (/Users/kreutzer/Library/TinyTeX/texmf-dist/tex/generic/bitset/bitset.sty (/Users/kreutzer/Library/TinyTeX/texmf-dist/tex/generic/bigintcalc/bigintcalc.sty)) (/Users/kreutzer/Library/TinyTeX/texmf-dist/tex/latex/base/atbegshi-ltx.sty)) (/Users/kreutzer/Library/TinyTeX/texmf-dist/tex/latex/hyperref/hpdftex.def (/Users/kreutzer/Library/TinyTeX/texmf-dist/tex/latex/base/atveryend-ltx.sty) (/Users/kreutzer/Library/TinyTeX/texmf-dist/tex/latex/rerunfilecheck/rerunfilecheck.sty (/Users/kreutzer/Library/TinyTeX/texmf-dist/tex/generic/uniquecounter/uniquecounter.sty)))) (/Users/kreutzer/Library/TinyTeX/texmf-dist/tex/latex/base/makeidx.sty)
Writing index file Rd2.idx
(/Users/kreutzer/Library/TinyTeX/texmf-dist/tex/latex/psnfss/t1ptm.fd) (/Users/kreutzer/Library/TinyTeX/texmf-dist/tex/latex/l3backend/l3backend-pdftex.def)
No file Rd2.aux.
(/Users/kreutzer/Library/TinyTeX/texmf-dist/tex/latex/psnfss/ts1ptm.fd) (/Users/kreutzer/Library/TinyTeX/texmf-dist/tex/latex/inconsolata/t1zi4.fd) (/Users/kreutzer/Library/TinyTeX/texmf-dist/tex/latex/amsfonts/umsa.fd) (/Users/kreutzer/Library/TinyTeX/texmf-dist/tex/latex/amsfonts/umsb.fd)
No file Rd2.toc.

[1{/Users/kreutzer/Library/TinyTeX/texmf-var/fonts/map/pdftex/updmap/pdftex.map}{/Users/kreutzer/Library/TinyTeX/texmf-dist/fonts/enc/dvips/base/8r.enc}{/Users/kreutzer/Library/TinyTeX/texmf-dist/fonts/enc/dvips/inconsolata/i4-t1-0.enc}]
Overfull \hbox (31.03044pt too wide) in alignment at lines 115--115
 [] [] [] 
[2]
[3]
Overfull \hbox (0.69946pt too wide) in paragraph at lines 209--214
[]\T1/ptm/m/n/10 Other in-put.elements: [][][]\T1/zi4/m/n/10 animationOptions[][][][]\T1/ptm/m/n/10 , [][][]\T1/zi4/m/n/10 sliderInput[][][][]\T1/ptm/m/n/10 ; [][][]\T1/zi4/m/n/10 checkboxGroupInput[][][][]\T1/ptm/m/n/10 ; [][][]\T1/zi4/m/n/10 checkboxInput[][][][]\T1/ptm/m/n/10 ;

Overfull \hbox (36.56036pt too wide) in paragraph at lines 209--214
[][][]\T1/zi4/m/n/10 dateInput[][][][]\T1/ptm/m/n/10 ; [][][]\T1/zi4/m/n/10 dateRangeInput[][][][]\T1/ptm/m/n/10 ; [][][]\T1/zi4/m/n/10 fileInput[][][][]\T1/ptm/m/n/10 ; [][][]\T1/zi4/m/n/10 numericInput[][][][]\T1/ptm/m/n/10 ; [][][]\T1/zi4/m/n/10 passwordInput[][][][]\T1/ptm/m/n/10 ; [][][]\T1/zi4/m/n/10 radioButtons[][][][]\T1/ptm/m/n/10 ; [][][]\T1/zi4/m/n/10 selectInput[][][][]\T1/ptm/m/n/10 ,

[4]
[5]
[6] (/Users/kreutzer/Library/TinyTeX/texmf-dist/tex/latex/inconsolata/ts1zi4.fd)
Overfull \hbox (7.35785pt too wide) in paragraph at lines 351--353
[][][]\T1/zi4/m/n/10 character[][][] []\T1/ptm/m/n/10 (\T1/ptm/m/it/10 op-tional\T1/ptm/m/n/10 ): At-tach tooltip to all el-e-ments with at-tribute []\T1/zi4/m/n/10 attr=\TS1/zi4/m/n/10 '\T1/zi4/m/n/10 refId\TS1/zi4/m/n/10 '[]\T1/ptm/m/n/10 . 
No file Rd2.ind.

[7{/Users/kreutzer/Library/TinyTeX/texmf-dist/fonts/enc/dvips/inconsolata/i4-ts1.enc}] (/private/var/folders/yz/3s5p1pss4352wtlzt9_bzbp00000gp/T/RtmpcAdqEp/Rd2pdf11b47a9cffed/Rd2.aux)

Package rerunfilecheck Warning: File `Rd2.out' has changed.
(rerunfilecheck)                Rerun to get outlines right
(rerunfilecheck)                or use package `bookmark'.

 )
(see the transcript file for additional information)
pdfTeX warning (dest): name{Rfn.numeric} has been referenced but does not exist, replaced by a fixed one


pdfTeX warning (dest): name{Rfn.textInput} has been referenced but does not exist, replaced by a fixed one


pdfTeX warning (dest): name{Rfn.submitButton} has been referenced but does not exist, replaced by a fixed one


pdfTeX warning (dest): name{Rfn.selectizeInput} has been referenced but does not exist, replaced by a fixed one


pdfTeX warning (dest): name{Rfn.selectInput} has been referenced but does not exist, replaced by a fixed one


pdfTeX warning (dest): name{Rfn.radioButtons} has been referenced but does not exist, replaced by a fixed one


pdfTeX warning (dest): name{Rfn.passwordInput} has been referenced but does not exist, replaced by a fixed one


pdfTeX warning (dest): name{Rfn.numericInput} has been referenced but does not exist, replaced by a fixed one


pdfTeX warning (dest): name{Rfn.fileInput} has been referenced but does not exist, replaced by a fixed one


pdfTeX warning (dest): name{Rfn.dateRangeInput} has been referenced but does not exist, replaced by a fixed one


pdfTeX warning (dest): name{Rfn.dateInput} has been referenced but does not exist, replaced by a fixed one


pdfTeX warning (dest): name{Rfn.checkboxInput} has been referenced but does not exist, replaced by a fixed one


pdfTeX warning (dest): name{Rfn.checkboxGroupInput} has been referenced but does not exist, replaced by a fixed one


pdfTeX warning (dest): name{Rfn.sliderInput} has been referenced but does not exist, replaced by a fixed one


pdfTeX warning (dest): name{Rfn.animationOptions} has been referenced but does not exist, replaced by a fixed one


pdfTeX warning (dest): name{Rfn.logical} has been referenced but does not exist, replaced by a fixed one


pdfTeX warning (dest): name{Rfn.RCarb::model.Rul.DoseRate} has been referenced but does not exist, replaced by a fixed one


pdfTeX warning (dest): name{Rfn.plot.Rul.RLum} has been referenced but does not exist, replaced by a fixed one


pdfTeX warning (dest): name{Rfn.calc.Rul.FadingCorr} has been referenced but does not exist, replaced by a fixed one


pdfTeX warning (dest): name{Rfn.analyse.Rul.FadingMeasurement} has been referenced but does not exist, replaced by a fixed one


pdfTeX warning (dest): name{Rfn.calc.Rul.FastRatio} has been referenced but does not exist, replaced by a fixed one


pdfTeX warning (dest): name{Rfn.plot.Rul.FilterCombinations} has been referenced but does not exist, replaced by a fixed one


pdfTeX warning (dest): name{Rfn.CW2pPMi} has been referenced but does not exist, replaced by a fixed one


pdfTeX warning (dest): name{Rfn.CW2pLMi} has been referenced but does not exist, replaced by a fixed one


pdfTeX warning (dest): name{Rfn.CW2pLM} has been referenced but does not exist, replaced by a fixed one


pdfTeX warning (dest): name{Rfn.CW2pHMi} has been referenced but does not exist, replaced by a fixed one


pdfTeX warning (dest): name{Rfn.calc.Rul.CosmicDoseRate} has been referenced but does not exist, replaced by a fixed one


pdfTeX warning (dest): name{Rfn.plot.Rul.DRTResults} has been referenced but does not exist, replaced by a fixed one


pdfTeX warning (dest): name{Rfn.plot.Rul.RadialPlot} has been referenced but does not exist, replaced by a fixed one


pdfTeX warning (dest): name{Rfn.plot.Rul.KDE} has been referenced but does not exist, replaced by a fixed one


pdfTeX warning (dest): name{Rfn.plot.Rul.Histogram} has been referenced but does not exist, replaced by a fixed one


pdfTeX warning (dest): name{Rfn.plot.Rul.AbanicoPlot} has been referenced but does not exist, replaced by a fixed one


pdfTeX warning (dest): name{Rfn.character} has been referenced but does not exist, replaced by a fixed one


pdfTeX warning (dest): name{Rfn.runApp} has been referenced but does not exist, replaced by a fixed one

</Users/kreutzer/Library/TinyTeX/texmf-dist/fonts/type1/public/inconsolata/Inconsolata-zi4r.pfb></Users/kreutzer/Library/TinyTeX/texmf-dist/fonts/type1/urw/times/utmb8a.pfb></Users/kreutzer/Library/TinyTeX/texmf-dist/fonts/type1/urw/times/utmr8a.pfb></Users/kreutzer/Library/TinyTeX/texmf-dist/fonts/type1/urw/times/utmr8a.pfb></Users/kreutzer/Library/TinyTeX/texmf-dist/fonts/type1/urw/times/utmri8a.pfb>
Output written on Rd2.pdf (7 pages, 97696 bytes).
Transcript written on Rd2.log.
This is makeindex, version 2.17 [TeX Live 2024] (kpathsea + Thai support).
Scanning input file Rd2.idx....done (69 entries accepted, 0 rejected).
Sorting entries....done (461 comparisons).
Generating output file Rd2.ind....done (84 lines written, 1 warning).
Output written in Rd2.ind.
Transcript written in Rd2.ilg.
This is pdfTeX, Version 3.141592653-2.6-1.40.26 (TeX Live 2024) (preloaded format=pdflatex)
 restricted \write18 enabled.
entering extended mode
LaTeX2e <2024-06-01> patch level 2
L3 programming layer <2024-08-30>
(./Rd2.tex
(/Users/kreutzer/Library/TinyTeX/texmf-dist/tex/latex/base/book.cls
Document Class: book 2024/02/08 v1.4n Standard LaTeX document class
(/Users/kreutzer/Library/TinyTeX/texmf-dist/tex/latex/base/bk10.clo)) (/Library/Frameworks/R.framework/Resources/share/texmf/tex/latex/Rd.sty (/Users/kreutzer/Library/TinyTeX/texmf-dist/tex/latex/base/ifthen.sty) (/Users/kreutzer/Library/TinyTeX/texmf-dist/tex/generic/iftex/iftex.sty) (/Users/kreutzer/Library/TinyTeX/texmf-dist/tex/latex/tools/longtable.sty) (/Users/kreutzer/Library/TinyTeX/texmf-dist/tex/latex/tools/bm.sty) (/Users/kreutzer/Library/TinyTeX/texmf-dist/tex/latex/base/alltt.sty) (/Users/kreutzer/Library/TinyTeX/texmf-dist/tex/latex/tools/verbatim.sty) (/Users/kreutzer/Library/TinyTeX/texmf-dist/tex/latex/url/url.sty) (/Users/kreutzer/Library/TinyTeX/texmf-dist/tex/latex/base/textcomp.sty) (/Users/kreutzer/Library/TinyTeX/texmf-dist/tex/latex/amsmath/amsmath.sty
For additional information on amsmath, use the `?' option.
(/Users/kreutzer/Library/TinyTeX/texmf-dist/tex/latex/amsmath/amstext.sty (/Users/kreutzer/Library/TinyTeX/texmf-dist/tex/latex/amsmath/amsgen.sty)) (/Users/kreutzer/Library/TinyTeX/texmf-dist/tex/latex/amsmath/amsbsy.sty) (/Users/kreutzer/Library/TinyTeX/texmf-dist/tex/latex/amsmath/amsopn.sty)) (/Users/kreutzer/Library/TinyTeX/texmf-dist/tex/latex/amsfonts/amsfonts.sty) (/Users/kreutzer/Library/TinyTeX/texmf-dist/tex/latex/amsfonts/amssymb.sty) (/Users/kreutzer/Library/TinyTeX/texmf-dist/tex/latex/amsfonts/eucal.sty) (/Users/kreutzer/Library/TinyTeX/texmf-dist/tex/latex/base/fontenc.sty) (/Users/kreutzer/Library/TinyTeX/texmf-dist/tex/latex/psnfss/times.sty) (/Users/kreutzer/Library/TinyTeX/texmf-dist/tex/latex/inconsolata/zi4.sty `inconsolata-zi4' v1.12, 2019/05/17 Text macros for Inconsolata (msharpe) (/Users/kreutzer/Library/TinyTeX/texmf-dist/tex/latex/xkeyval/xkeyval.sty (/Users/kreutzer/Library/TinyTeX/texmf-dist/tex/generic/xkeyval/xkeyval.tex (/Users/kreutzer/Library/TinyTeX/texmf-dist/tex/generic/xkeyval/xkvutils.tex (/Users/kreutzer/Library/TinyTeX/texmf-dist/tex/generic/xkeyval/keyval.tex))))) (/Users/kreutzer/Library/TinyTeX/texmf-dist/tex/latex/graphics/color.sty (/Users/kreutzer/Library/TinyTeX/texmf-dist/tex/latex/graphics-cfg/color.cfg) (/Users/kreutzer/Library/TinyTeX/texmf-dist/tex/latex/graphics-def/pdftex.def) (/Users/kreutzer/Library/TinyTeX/texmf-dist/tex/latex/graphics/mathcolor.ltx)) (/Users/kreutzer/Library/TinyTeX/texmf-dist/tex/latex/hyperref/hyperref.sty (/Users/kreutzer/Library/TinyTeX/texmf-dist/tex/latex/kvsetkeys/kvsetkeys.sty) (/Users/kreutzer/Library/TinyTeX/texmf-dist/tex/generic/kvdefinekeys/kvdefinekeys.sty) (/Users/kreutzer/Library/TinyTeX/texmf-dist/tex/generic/pdfescape/pdfescape.sty (/Users/kreutzer/Library/TinyTeX/texmf-dist/tex/generic/ltxcmds/ltxcmds.sty) (/Users/kreutzer/Library/TinyTeX/texmf-dist/tex/generic/pdftexcmds/pdftexcmds.sty (/Users/kreutzer/Library/TinyTeX/texmf-dist/tex/generic/infwarerr/infwarerr.sty))) (/Users/kreutzer/Library/TinyTeX/texmf-dist/tex/latex/hycolor/hycolor.sty) (/Users/kreutzer/Library/TinyTeX/texmf-dist/tex/latex/hyperref/nameref.sty (/Users/kreutzer/Library/TinyTeX/texmf-dist/tex/latex/refcount/refcount.sty) (/Users/kreutzer/Library/TinyTeX/texmf-dist/tex/generic/gettitlestring/gettitlestring.sty (/Users/kreutzer/Library/TinyTeX/texmf-dist/tex/latex/kvoptions/kvoptions.sty))) (/Users/kreutzer/Library/TinyTeX/texmf-dist/tex/latex/etoolbox/etoolbox.sty) (/Users/kreutzer/Library/TinyTeX/texmf-dist/tex/generic/stringenc/stringenc.sty) (/Users/kreutzer/Library/TinyTeX/texmf-dist/tex/latex/hyperref/pd1enc.def) (/Users/kreutzer/Library/TinyTeX/texmf-dist/tex/generic/intcalc/intcalc.sty) (/Users/kreutzer/Library/TinyTeX/texmf-dist/tex/latex/hyperref/puenc.def) (/Users/kreutzer/Library/TinyTeX/texmf-dist/tex/generic/bitset/bitset.sty (/Users/kreutzer/Library/TinyTeX/texmf-dist/tex/generic/bigintcalc/bigintcalc.sty)) (/Users/kreutzer/Library/TinyTeX/texmf-dist/tex/latex/base/atbegshi-ltx.sty)) (/Users/kreutzer/Library/TinyTeX/texmf-dist/tex/latex/hyperref/hpdftex.def (/Users/kreutzer/Library/TinyTeX/texmf-dist/tex/latex/base/atveryend-ltx.sty) (/Users/kreutzer/Library/TinyTeX/texmf-dist/tex/latex/rerunfilecheck/rerunfilecheck.sty (/Users/kreutzer/Library/TinyTeX/texmf-dist/tex/generic/uniquecounter/uniquecounter.sty)))) (/Users/kreutzer/Library/TinyTeX/texmf-dist/tex/latex/base/makeidx.sty)
Writing index file Rd2.idx
(/Users/kreutzer/Library/TinyTeX/texmf-dist/tex/latex/psnfss/t1ptm.fd) (/Users/kreutzer/Library/TinyTeX/texmf-dist/tex/latex/l3backend/l3backend-pdftex.def) (/private/var/folders/yz/3s5p1pss4352wtlzt9_bzbp00000gp/T/RtmpcAdqEp/Rd2pdf11b47a9cffed/Rd2.aux) (/private/var/folders/yz/3s5p1pss4352wtlzt9_bzbp00000gp/T/RtmpcAdqEp/Rd2pdf11b47a9cffed/Rd2.out) (/private/var/folders/yz/3s5p1pss4352wtlzt9_bzbp00000gp/T/RtmpcAdqEp/Rd2pdf11b47a9cffed/Rd2.out) (/Users/kreutzer/Library/TinyTeX/texmf-dist/tex/latex/psnfss/ts1ptm.fd) (/Users/kreutzer/Library/TinyTeX/texmf-dist/tex/latex/inconsolata/t1zi4.fd) (/Users/kreutzer/Library/TinyTeX/texmf-dist/tex/latex/amsfonts/umsa.fd) (/Users/kreutzer/Library/TinyTeX/texmf-dist/tex/latex/amsfonts/umsb.fd) (/private/var/folders/yz/3s5p1pss4352wtlzt9_bzbp00000gp/T/RtmpcAdqEp/Rd2pdf11b47a9cffed/Rd2.toc
[1{/Users/kreutzer/Library/TinyTeX/texmf-var/fonts/map/pdftex/updmap/pdftex.map}{/Users/kreutzer/Library/TinyTeX/texmf-dist/fonts/enc/dvips/base/8r.enc}{/Users/kreutzer/Library/TinyTeX/texmf-dist/fonts/enc/dvips/inconsolata/i4-t1-0.enc}])
Overfull \hbox (31.03044pt too wide) in alignment at lines 115--115
 [] [] [] 

[2]
[3]
Overfull \hbox (0.69946pt too wide) in paragraph at lines 209--214
[]\T1/ptm/m/n/10 Other in-put.elements: [][][]\T1/zi4/m/n/10 animationOptions[][][][]\T1/ptm/m/n/10 , [][][]\T1/zi4/m/n/10 sliderInput[][][][]\T1/ptm/m/n/10 ; [][][]\T1/zi4/m/n/10 checkboxGroupInput[][][][]\T1/ptm/m/n/10 ; [][][]\T1/zi4/m/n/10 checkboxInput[][][][]\T1/ptm/m/n/10 ;

Overfull \hbox (36.56036pt too wide) in paragraph at lines 209--214
[][][]\T1/zi4/m/n/10 dateInput[][][][]\T1/ptm/m/n/10 ; [][][]\T1/zi4/m/n/10 dateRangeInput[][][][]\T1/ptm/m/n/10 ; [][][]\T1/zi4/m/n/10 fileInput[][][][]\T1/ptm/m/n/10 ; [][][]\T1/zi4/m/n/10 numericInput[][][][]\T1/ptm/m/n/10 ; [][][]\T1/zi4/m/n/10 passwordInput[][][][]\T1/ptm/m/n/10 ; [][][]\T1/zi4/m/n/10 radioButtons[][][][]\T1/ptm/m/n/10 ; [][][]\T1/zi4/m/n/10 selectInput[][][][]\T1/ptm/m/n/10 ,

[4]
[5]
[6] (/Users/kreutzer/Library/TinyTeX/texmf-dist/tex/latex/inconsolata/ts1zi4.fd)
Overfull \hbox (7.35785pt too wide) in paragraph at lines 351--353
[][][]\T1/zi4/m/n/10 character[][][] []\T1/ptm/m/n/10 (\T1/ptm/m/it/10 op-tional\T1/ptm/m/n/10 ): At-tach tooltip to all el-e-ments with at-tribute []\T1/zi4/m/n/10 attr=\TS1/zi4/m/n/10 '\T1/zi4/m/n/10 refId\TS1/zi4/m/n/10 '[]\T1/ptm/m/n/10 . 

[7{/Users/kreutzer/Library/TinyTeX/texmf-dist/fonts/enc/dvips/inconsolata/i4-ts1.enc}] (/private/var/folders/yz/3s5p1pss4352wtlzt9_bzbp00000gp/T/RtmpcAdqEp/Rd2pdf11b47a9cffed/Rd2.ind
[8]

[9]) (/private/var/folders/yz/3s5p1pss4352wtlzt9_bzbp00000gp/T/RtmpcAdqEp/Rd2pdf11b47a9cffed/Rd2.aux)

Package rerunfilecheck Warning: File `Rd2.out' has changed.
(rerunfilecheck)                Rerun to get outlines right
(rerunfilecheck)                or use package `bookmark'.

 )
(see the transcript file for additional information)
pdfTeX warning (dest): name{Rfn.numeric} has been referenced but does not exist, replaced by a fixed one


pdfTeX warning (dest): name{Rfn.textInput} has been referenced but does not exist, replaced by a fixed one


pdfTeX warning (dest): name{Rfn.submitButton} has been referenced but does not exist, replaced by a fixed one


pdfTeX warning (dest): name{Rfn.selectizeInput} has been referenced but does not exist, replaced by a fixed one


pdfTeX warning (dest): name{Rfn.selectInput} has been referenced but does not exist, replaced by a fixed one


pdfTeX warning (dest): name{Rfn.radioButtons} has been referenced but does not exist, replaced by a fixed one


pdfTeX warning (dest): name{Rfn.passwordInput} has been referenced but does not exist, replaced by a fixed one


pdfTeX warning (dest): name{Rfn.numericInput} has been referenced but does not exist, replaced by a fixed one


pdfTeX warning (dest): name{Rfn.fileInput} has been referenced but does not exist, replaced by a fixed one


pdfTeX warning (dest): name{Rfn.dateRangeInput} has been referenced but does not exist, replaced by a fixed one


pdfTeX warning (dest): name{Rfn.dateInput} has been referenced but does not exist, replaced by a fixed one


pdfTeX warning (dest): name{Rfn.checkboxInput} has been referenced but does not exist, replaced by a fixed one


pdfTeX warning (dest): name{Rfn.checkboxGroupInput} has been referenced but does not exist, replaced by a fixed one


pdfTeX warning (dest): name{Rfn.sliderInput} has been referenced but does not exist, replaced by a fixed one


pdfTeX warning (dest): name{Rfn.animationOptions} has been referenced but does not exist, replaced by a fixed one


pdfTeX warning (dest): name{Rfn.logical} has been referenced but does not exist, replaced by a fixed one


pdfTeX warning (dest): name{Rfn.RCarb::model.Rul.DoseRate} has been referenced but does not exist, replaced by a fixed one


pdfTeX warning (dest): name{Rfn.plot.Rul.RLum} has been referenced but does not exist, replaced by a fixed one


pdfTeX warning (dest): name{Rfn.calc.Rul.FadingCorr} has been referenced but does not exist, replaced by a fixed one


pdfTeX warning (dest): name{Rfn.analyse.Rul.FadingMeasurement} has been referenced but does not exist, replaced by a fixed one


pdfTeX warning (dest): name{Rfn.calc.Rul.FastRatio} has been referenced but does not exist, replaced by a fixed one


pdfTeX warning (dest): name{Rfn.plot.Rul.FilterCombinations} has been referenced but does not exist, replaced by a fixed one


pdfTeX warning (dest): name{Rfn.CW2pPMi} has been referenced but does not exist, replaced by a fixed one


pdfTeX warning (dest): name{Rfn.CW2pLMi} has been referenced but does not exist, replaced by a fixed one


pdfTeX warning (dest): name{Rfn.CW2pLM} has been referenced but does not exist, replaced by a fixed one


pdfTeX warning (dest): name{Rfn.CW2pHMi} has been referenced but does not exist, replaced by a fixed one


pdfTeX warning (dest): name{Rfn.calc.Rul.CosmicDoseRate} has been referenced but does not exist, replaced by a fixed one


pdfTeX warning (dest): name{Rfn.plot.Rul.DRTResults} has been referenced but does not exist, replaced by a fixed one


pdfTeX warning (dest): name{Rfn.plot.Rul.RadialPlot} has been referenced but does not exist, replaced by a fixed one


pdfTeX warning (dest): name{Rfn.plot.Rul.KDE} has been referenced but does not exist, replaced by a fixed one


pdfTeX warning (dest): name{Rfn.plot.Rul.Histogram} has been referenced but does not exist, replaced by a fixed one


pdfTeX warning (dest): name{Rfn.plot.Rul.AbanicoPlot} has been referenced but does not exist, replaced by a fixed one


pdfTeX warning (dest): name{Rfn.character} has been referenced but does not exist, replaced by a fixed one


pdfTeX warning (dest): name{Rfn.runApp} has been referenced but does not exist, replaced by a fixed one

</Users/kreutzer/Library/TinyTeX/texmf-dist/fonts/type1/public/inconsolata/Inconsolata-zi4r.pfb></Users/kreutzer/Library/TinyTeX/texmf-dist/fonts/type1/urw/times/utmb8a.pfb></Users/kreutzer/Library/TinyTeX/texmf-dist/fonts/type1/urw/times/utmr8a.pfb></Users/kreutzer/Library/TinyTeX/texmf-dist/fonts/type1/urw/times/utmr8a.pfb></Users/kreutzer/Library/TinyTeX/texmf-dist/fonts/type1/urw/times/utmri8a.pfb>
Output written on Rd2.pdf (9 pages, 102034 bytes).
Transcript written on Rd2.log.
This is makeindex, version 2.17 [TeX Live 2024] (kpathsea + Thai support).
Scanning input file Rd2.idx....done (69 entries accepted, 0 rejected).
Sorting entries....done (460 comparisons).
Generating output file Rd2.ind....done (83 lines written, 1 warning).
Output written in Rd2.ind.
Transcript written in Rd2.ilg.
This is pdfTeX, Version 3.141592653-2.6-1.40.26 (TeX Live 2024) (preloaded format=pdflatex)
 restricted \write18 enabled.
entering extended mode
LaTeX2e <2024-06-01> patch level 2
L3 programming layer <2024-08-30>
(./Rd2.tex
(/Users/kreutzer/Library/TinyTeX/texmf-dist/tex/latex/base/book.cls
Document Class: book 2024/02/08 v1.4n Standard LaTeX document class
(/Users/kreutzer/Library/TinyTeX/texmf-dist/tex/latex/base/bk10.clo)) (/Library/Frameworks/R.framework/Resources/share/texmf/tex/latex/Rd.sty (/Users/kreutzer/Library/TinyTeX/texmf-dist/tex/latex/base/ifthen.sty) (/Users/kreutzer/Library/TinyTeX/texmf-dist/tex/generic/iftex/iftex.sty) (/Users/kreutzer/Library/TinyTeX/texmf-dist/tex/latex/tools/longtable.sty) (/Users/kreutzer/Library/TinyTeX/texmf-dist/tex/latex/tools/bm.sty) (/Users/kreutzer/Library/TinyTeX/texmf-dist/tex/latex/base/alltt.sty) (/Users/kreutzer/Library/TinyTeX/texmf-dist/tex/latex/tools/verbatim.sty) (/Users/kreutzer/Library/TinyTeX/texmf-dist/tex/latex/url/url.sty) (/Users/kreutzer/Library/TinyTeX/texmf-dist/tex/latex/base/textcomp.sty) (/Users/kreutzer/Library/TinyTeX/texmf-dist/tex/latex/amsmath/amsmath.sty
For additional information on amsmath, use the `?' option.
(/Users/kreutzer/Library/TinyTeX/texmf-dist/tex/latex/amsmath/amstext.sty (/Users/kreutzer/Library/TinyTeX/texmf-dist/tex/latex/amsmath/amsgen.sty)) (/Users/kreutzer/Library/TinyTeX/texmf-dist/tex/latex/amsmath/amsbsy.sty) (/Users/kreutzer/Library/TinyTeX/texmf-dist/tex/latex/amsmath/amsopn.sty)) (/Users/kreutzer/Library/TinyTeX/texmf-dist/tex/latex/amsfonts/amsfonts.sty) (/Users/kreutzer/Library/TinyTeX/texmf-dist/tex/latex/amsfonts/amssymb.sty) (/Users/kreutzer/Library/TinyTeX/texmf-dist/tex/latex/amsfonts/eucal.sty) (/Users/kreutzer/Library/TinyTeX/texmf-dist/tex/latex/base/fontenc.sty) (/Users/kreutzer/Library/TinyTeX/texmf-dist/tex/latex/psnfss/times.sty) (/Users/kreutzer/Library/TinyTeX/texmf-dist/tex/latex/inconsolata/zi4.sty `inconsolata-zi4' v1.12, 2019/05/17 Text macros for Inconsolata (msharpe) (/Users/kreutzer/Library/TinyTeX/texmf-dist/tex/latex/xkeyval/xkeyval.sty (/Users/kreutzer/Library/TinyTeX/texmf-dist/tex/generic/xkeyval/xkeyval.tex (/Users/kreutzer/Library/TinyTeX/texmf-dist/tex/generic/xkeyval/xkvutils.tex (/Users/kreutzer/Library/TinyTeX/texmf-dist/tex/generic/xkeyval/keyval.tex))))) (/Users/kreutzer/Library/TinyTeX/texmf-dist/tex/latex/graphics/color.sty (/Users/kreutzer/Library/TinyTeX/texmf-dist/tex/latex/graphics-cfg/color.cfg) (/Users/kreutzer/Library/TinyTeX/texmf-dist/tex/latex/graphics-def/pdftex.def) (/Users/kreutzer/Library/TinyTeX/texmf-dist/tex/latex/graphics/mathcolor.ltx)) (/Users/kreutzer/Library/TinyTeX/texmf-dist/tex/latex/hyperref/hyperref.sty (/Users/kreutzer/Library/TinyTeX/texmf-dist/tex/latex/kvsetkeys/kvsetkeys.sty) (/Users/kreutzer/Library/TinyTeX/texmf-dist/tex/generic/kvdefinekeys/kvdefinekeys.sty) (/Users/kreutzer/Library/TinyTeX/texmf-dist/tex/generic/pdfescape/pdfescape.sty (/Users/kreutzer/Library/TinyTeX/texmf-dist/tex/generic/ltxcmds/ltxcmds.sty) (/Users/kreutzer/Library/TinyTeX/texmf-dist/tex/generic/pdftexcmds/pdftexcmds.sty (/Users/kreutzer/Library/TinyTeX/texmf-dist/tex/generic/infwarerr/infwarerr.sty))) (/Users/kreutzer/Library/TinyTeX/texmf-dist/tex/latex/hycolor/hycolor.sty) (/Users/kreutzer/Library/TinyTeX/texmf-dist/tex/latex/hyperref/nameref.sty (/Users/kreutzer/Library/TinyTeX/texmf-dist/tex/latex/refcount/refcount.sty) (/Users/kreutzer/Library/TinyTeX/texmf-dist/tex/generic/gettitlestring/gettitlestring.sty (/Users/kreutzer/Library/TinyTeX/texmf-dist/tex/latex/kvoptions/kvoptions.sty))) (/Users/kreutzer/Library/TinyTeX/texmf-dist/tex/latex/etoolbox/etoolbox.sty) (/Users/kreutzer/Library/TinyTeX/texmf-dist/tex/generic/stringenc/stringenc.sty) (/Users/kreutzer/Library/TinyTeX/texmf-dist/tex/latex/hyperref/pd1enc.def) (/Users/kreutzer/Library/TinyTeX/texmf-dist/tex/generic/intcalc/intcalc.sty) (/Users/kreutzer/Library/TinyTeX/texmf-dist/tex/latex/hyperref/puenc.def) (/Users/kreutzer/Library/TinyTeX/texmf-dist/tex/generic/bitset/bitset.sty (/Users/kreutzer/Library/TinyTeX/texmf-dist/tex/generic/bigintcalc/bigintcalc.sty)) (/Users/kreutzer/Library/TinyTeX/texmf-dist/tex/latex/base/atbegshi-ltx.sty)) (/Users/kreutzer/Library/TinyTeX/texmf-dist/tex/latex/hyperref/hpdftex.def (/Users/kreutzer/Library/TinyTeX/texmf-dist/tex/latex/base/atveryend-ltx.sty) (/Users/kreutzer/Library/TinyTeX/texmf-dist/tex/latex/rerunfilecheck/rerunfilecheck.sty (/Users/kreutzer/Library/TinyTeX/texmf-dist/tex/generic/uniquecounter/uniquecounter.sty)))) (/Users/kreutzer/Library/TinyTeX/texmf-dist/tex/latex/base/makeidx.sty)
Writing index file Rd2.idx
(/Users/kreutzer/Library/TinyTeX/texmf-dist/tex/latex/psnfss/t1ptm.fd) (/Users/kreutzer/Library/TinyTeX/texmf-dist/tex/latex/l3backend/l3backend-pdftex.def) (/private/var/folders/yz/3s5p1pss4352wtlzt9_bzbp00000gp/T/RtmpcAdqEp/Rd2pdf11b47a9cffed/Rd2.aux) (/private/var/folders/yz/3s5p1pss4352wtlzt9_bzbp00000gp/T/RtmpcAdqEp/Rd2pdf11b47a9cffed/Rd2.out) (/private/var/folders/yz/3s5p1pss4352wtlzt9_bzbp00000gp/T/RtmpcAdqEp/Rd2pdf11b47a9cffed/Rd2.out) (/Users/kreutzer/Library/TinyTeX/texmf-dist/tex/latex/psnfss/ts1ptm.fd) (/Users/kreutzer/Library/TinyTeX/texmf-dist/tex/latex/inconsolata/t1zi4.fd) (/Users/kreutzer/Library/TinyTeX/texmf-dist/tex/latex/amsfonts/umsa.fd) (/Users/kreutzer/Library/TinyTeX/texmf-dist/tex/latex/amsfonts/umsb.fd) (/private/var/folders/yz/3s5p1pss4352wtlzt9_bzbp00000gp/T/RtmpcAdqEp/Rd2pdf11b47a9cffed/Rd2.toc
[1{/Users/kreutzer/Library/TinyTeX/texmf-var/fonts/map/pdftex/updmap/pdftex.map}{/Users/kreutzer/Library/TinyTeX/texmf-dist/fonts/enc/dvips/base/8r.enc}{/Users/kreutzer/Library/TinyTeX/texmf-dist/fonts/enc/dvips/inconsolata/i4-t1-0.enc}])
[2]
Overfull \hbox (31.03044pt too wide) in alignment at lines 115--115
 [] [] [] 

[3]
Overfull \hbox (0.69946pt too wide) in paragraph at lines 209--214
[]\T1/ptm/m/n/10 Other in-put.elements: [][][]\T1/zi4/m/n/10 animationOptions[][][][]\T1/ptm/m/n/10 , [][][]\T1/zi4/m/n/10 sliderInput[][][][]\T1/ptm/m/n/10 ; [][][]\T1/zi4/m/n/10 checkboxGroupInput[][][][]\T1/ptm/m/n/10 ; [][][]\T1/zi4/m/n/10 checkboxInput[][][][]\T1/ptm/m/n/10 ;

Overfull \hbox (36.56036pt too wide) in paragraph at lines 209--214
[][][]\T1/zi4/m/n/10 dateInput[][][][]\T1/ptm/m/n/10 ; [][][]\T1/zi4/m/n/10 dateRangeInput[][][][]\T1/ptm/m/n/10 ; [][][]\T1/zi4/m/n/10 fileInput[][][][]\T1/ptm/m/n/10 ; [][][]\T1/zi4/m/n/10 numericInput[][][][]\T1/ptm/m/n/10 ; [][][]\T1/zi4/m/n/10 passwordInput[][][][]\T1/ptm/m/n/10 ; [][][]\T1/zi4/m/n/10 radioButtons[][][][]\T1/ptm/m/n/10 ; [][][]\T1/zi4/m/n/10 selectInput[][][][]\T1/ptm/m/n/10 ,

[4]
[5]
[6] (/Users/kreutzer/Library/TinyTeX/texmf-dist/tex/latex/inconsolata/ts1zi4.fd)
Overfull \hbox (7.35785pt too wide) in paragraph at lines 351--353
[][][]\T1/zi4/m/n/10 character[][][] []\T1/ptm/m/n/10 (\T1/ptm/m/it/10 op-tional\T1/ptm/m/n/10 ): At-tach tooltip to all el-e-ments with at-tribute []\T1/zi4/m/n/10 attr=\TS1/zi4/m/n/10 '\T1/zi4/m/n/10 refId\TS1/zi4/m/n/10 '[]\T1/ptm/m/n/10 . 

[7{/Users/kreutzer/Library/TinyTeX/texmf-dist/fonts/enc/dvips/inconsolata/i4-ts1.enc}] (/private/var/folders/yz/3s5p1pss4352wtlzt9_bzbp00000gp/T/RtmpcAdqEp/Rd2pdf11b47a9cffed/Rd2.ind
[8]

[9]) (/private/var/folders/yz/3s5p1pss4352wtlzt9_bzbp00000gp/T/RtmpcAdqEp/Rd2pdf11b47a9cffed/Rd2.aux) )
(see the transcript file for additional information)
pdfTeX warning (dest): name{Rfn.numeric} has been referenced but does not exist, replaced by a fixed one


pdfTeX warning (dest): name{Rfn.textInput} has been referenced but does not exist, replaced by a fixed one


pdfTeX warning (dest): name{Rfn.submitButton} has been referenced but does not exist, replaced by a fixed one


pdfTeX warning (dest): name{Rfn.selectizeInput} has been referenced but does not exist, replaced by a fixed one


pdfTeX warning (dest): name{Rfn.selectInput} has been referenced but does not exist, replaced by a fixed one


pdfTeX warning (dest): name{Rfn.radioButtons} has been referenced but does not exist, replaced by a fixed one


pdfTeX warning (dest): name{Rfn.passwordInput} has been referenced but does not exist, replaced by a fixed one


pdfTeX warning (dest): name{Rfn.numericInput} has been referenced but does not exist, replaced by a fixed one


pdfTeX warning (dest): name{Rfn.fileInput} has been referenced but does not exist, replaced by a fixed one


pdfTeX warning (dest): name{Rfn.dateRangeInput} has been referenced but does not exist, replaced by a fixed one


pdfTeX warning (dest): name{Rfn.dateInput} has been referenced but does not exist, replaced by a fixed one


pdfTeX warning (dest): name{Rfn.checkboxInput} has been referenced but does not exist, replaced by a fixed one


pdfTeX warning (dest): name{Rfn.checkboxGroupInput} has been referenced but does not exist, replaced by a fixed one


pdfTeX warning (dest): name{Rfn.sliderInput} has been referenced but does not exist, replaced by a fixed one


pdfTeX warning (dest): name{Rfn.animationOptions} has been referenced but does not exist, replaced by a fixed one


pdfTeX warning (dest): name{Rfn.logical} has been referenced but does not exist, replaced by a fixed one


pdfTeX warning (dest): name{Rfn.RCarb::model.Rul.DoseRate} has been referenced but does not exist, replaced by a fixed one


pdfTeX warning (dest): name{Rfn.plot.Rul.RLum} has been referenced but does not exist, replaced by a fixed one


pdfTeX warning (dest): name{Rfn.calc.Rul.FadingCorr} has been referenced but does not exist, replaced by a fixed one


pdfTeX warning (dest): name{Rfn.analyse.Rul.FadingMeasurement} has been referenced but does not exist, replaced by a fixed one


pdfTeX warning (dest): name{Rfn.calc.Rul.FastRatio} has been referenced but does not exist, replaced by a fixed one


pdfTeX warning (dest): name{Rfn.plot.Rul.FilterCombinations} has been referenced but does not exist, replaced by a fixed one


pdfTeX warning (dest): name{Rfn.CW2pPMi} has been referenced but does not exist, replaced by a fixed one


pdfTeX warning (dest): name{Rfn.CW2pLMi} has been referenced but does not exist, replaced by a fixed one


pdfTeX warning (dest): name{Rfn.CW2pLM} has been referenced but does not exist, replaced by a fixed one


pdfTeX warning (dest): name{Rfn.CW2pHMi} has been referenced but does not exist, replaced by a fixed one


pdfTeX warning (dest): name{Rfn.calc.Rul.CosmicDoseRate} has been referenced but does not exist, replaced by a fixed one


pdfTeX warning (dest): name{Rfn.plot.Rul.DRTResults} has been referenced but does not exist, replaced by a fixed one


pdfTeX warning (dest): name{Rfn.plot.Rul.RadialPlot} has been referenced but does not exist, replaced by a fixed one


pdfTeX warning (dest): name{Rfn.plot.Rul.KDE} has been referenced but does not exist, replaced by a fixed one


pdfTeX warning (dest): name{Rfn.plot.Rul.Histogram} has been referenced but does not exist, replaced by a fixed one


pdfTeX warning (dest): name{Rfn.plot.Rul.AbanicoPlot} has been referenced but does not exist, replaced by a fixed one


pdfTeX warning (dest): name{Rfn.character} has been referenced but does not exist, replaced by a fixed one


pdfTeX warning (dest): name{Rfn.runApp} has been referenced but does not exist, replaced by a fixed one

</Users/kreutzer/Library/TinyTeX/texmf-dist/fonts/type1/public/inconsolata/Inconsolata-zi4r.pfb></Users/kreutzer/Library/TinyTeX/texmf-dist/fonts/type1/urw/times/utmb8a.pfb></Users/kreutzer/Library/TinyTeX/texmf-dist/fonts/type1/urw/times/utmr8a.pfb></Users/kreutzer/Library/TinyTeX/texmf-dist/fonts/type1/urw/times/utmr8a.pfb></Users/kreutzer/Library/TinyTeX/texmf-dist/fonts/type1/urw/times/utmri8a.pfb>
Output written on Rd2.pdf (9 pages, 102365 bytes).
Transcript written on Rd2.log.
Saving output to ‘RLumShiny-manual.pdf’ ...
Done
You may want to clean up by 'rm -Rf /var/folders/yz/3s5p1pss4352wtlzt9_bzbp00000gp/T//RtmpcAdqEp/Rd2pdf11b47a9cffed'
