Hmm ... looks like a package

This is pdfTeX, Version 3.14159265-2.6-1.40.17 (TeX Live 2016) (preloaded format=pdflatex)
 restricted \write18 enabled.
entering extended mode
LaTeX2e <2016/03/31>
Babel <3.9r> and hyphenation patterns for 83 language(s) loaded.
(./Rd2.tex
(/usr/local/texlive/2016/texmf-dist/tex/latex/base/book.cls
Document Class: book 2014/09/29 v1.4h Standard LaTeX document class
(/usr/local/texlive/2016/texmf-dist/tex/latex/base/bk10.clo))
(/Library/Frameworks/R.framework/Resources/share/texmf/tex/latex/Rd.sty
(/usr/local/texlive/2016/texmf-dist/tex/latex/base/ifthen.sty)
(/usr/local/texlive/2016/texmf-dist/tex/latex/tools/longtable.sty)
(/usr/local/texlive/2016/texmf-dist/tex/latex/tools/bm.sty)
(/usr/local/texlive/2016/texmf-dist/tex/latex/base/alltt.sty)
(/usr/local/texlive/2016/texmf-dist/tex/latex/tools/verbatim.sty)
(/usr/local/texlive/2016/texmf-dist/tex/latex/url/url.sty)
(/usr/local/texlive/2016/texmf-dist/tex/latex/base/textcomp.sty
(/usr/local/texlive/2016/texmf-dist/tex/latex/base/ts1enc.def))
(/usr/local/texlive/2016/texmf-dist/tex/latex/base/fontenc.sty
(/usr/local/texlive/2016/texmf-dist/tex/latex/base/t1enc.def))
(/usr/local/texlive/2016/texmf-dist/tex/latex/psnfss/times.sty)
(/usr/local/texlive/2016/texmf-dist/tex/latex/inconsolata/zi4.sty
`inconsolata-zi4' v1.10, 2016/02/22 Text macros for Inconsolata (msharpe)
(/usr/local/texlive/2016/texmf-dist/tex/latex/graphics/keyval.sty))
(/usr/local/texlive/2016/texmf-dist/tex/latex/graphics/color.sty
(/usr/local/texlive/2016/texmf-dist/tex/latex/graphics-cfg/color.cfg)
(/usr/local/texlive/2016/texmf-dist/tex/latex/pdftex-def/pdftex.def
(/usr/local/texlive/2016/texmf-dist/tex/generic/oberdiek/infwarerr.sty)
(/usr/local/texlive/2016/texmf-dist/tex/generic/oberdiek/ltxcmds.sty)))
(/usr/local/texlive/2016/texmf-dist/tex/latex/hyperref/hyperref.sty
(/usr/local/texlive/2016/texmf-dist/tex/generic/oberdiek/hobsub-hyperref.sty
(/usr/local/texlive/2016/texmf-dist/tex/generic/oberdiek/hobsub-generic.sty))
(/usr/local/texlive/2016/texmf-dist/tex/generic/ifxetex/ifxetex.sty)
(/usr/local/texlive/2016/texmf-dist/tex/latex/oberdiek/auxhook.sty)
(/usr/local/texlive/2016/texmf-dist/tex/latex/oberdiek/kvoptions.sty)
(/usr/local/texlive/2016/texmf-dist/tex/latex/hyperref/pd1enc.def)
(/usr/local/texlive/2016/texmf-dist/tex/latex/latexconfig/hyperref.cfg))

Package hyperref Message: Driver (autodetected): hpdftex.

(/usr/local/texlive/2016/texmf-dist/tex/latex/hyperref/hpdftex.def
(/usr/local/texlive/2016/texmf-dist/tex/latex/oberdiek/rerunfilecheck.sty))

Package hyperref Warning: Option `hyperindex' has already been used,
(hyperref)                setting the option has no effect on input line 366.


Package hyperref Warning: Option `pagebackref' has already been used,
(hyperref)                setting the option has no effect on input line 366.

) (/usr/local/texlive/2016/texmf-dist/tex/latex/base/makeidx.sty)
(/usr/local/texlive/2016/texmf-dist/tex/latex/base/inputenc.sty
(/usr/local/texlive/2016/texmf-dist/tex/latex/base/utf8.def
(/usr/local/texlive/2016/texmf-dist/tex/latex/base/t1enc.dfu)
(/usr/local/texlive/2016/texmf-dist/tex/latex/base/ot1enc.dfu)
(/usr/local/texlive/2016/texmf-dist/tex/latex/base/omsenc.dfu)
(/usr/local/texlive/2016/texmf-dist/tex/latex/base/ts1enc.dfu))
(/usr/local/texlive/2016/texmf-dist/tex/latex/base/latin1.def))
Writing index file Rd2.idx
No file Rd2.aux.
(/usr/local/texlive/2016/texmf-dist/tex/latex/base/ts1cmr.fd)
(/usr/local/texlive/2016/texmf-dist/tex/latex/psnfss/t1ptm.fd)
(/usr/local/texlive/2016/texmf-dist/tex/context/base/mkii/supp-pdf.mkii
[Loading MPS to PDF converter (version 2006.09.02).]
) (/usr/local/texlive/2016/texmf-dist/tex/latex/hyperref/nameref.sty
(/usr/local/texlive/2016/texmf-dist/tex/generic/oberdiek/gettitlestring.sty))
(/usr/local/texlive/2016/texmf-dist/tex/latex/inconsolata/t1zi4.fd)
(/usr/local/texlive/2016/texmf-dist/tex/latex/psnfss/t1phv.fd)
(/usr/local/texlive/2016/texmf-dist/tex/latex/base/utf8.def) [1{/usr/local/texl
ive/2016/texmf-var/fonts/map/pdftex/updmap/pdftex.map}]
Underfull \hbox (badness 10000) in paragraph at lines 77--78


Underfull \hbox (badness 10000) in paragraph at lines 79--81


Underfull \hbox (badness 10000) in paragraph at lines 82--87


Overfull \hbox (3.4564pt too wide) in paragraph at lines 95--97
\T1/ptm/m/n/10 'Mod-elling quartz lu-mi-nes-cence sig-nal dy-nam-ics rel-e-vant
 for dat-ing and dosime-try' (SCHM 305114-
[2] (/usr/local/texlive/2016/texmf-dist/tex/latex/base/utf8.def)
(/usr/local/texlive/2016/texmf-dist/tex/latex/base/utf8.def) [3]
Underfull \hbox (badness 10000) in paragraph at lines 191--192


Overfull \hbox (101.80542pt too wide) in alignment at lines 205--205
 [] [] [] 
[4]
Underfull \hbox (badness 10000) in paragraph at lines 209--210


Overfull \hbox (6.53053pt too wide) in alignment at lines 225--225
 [] [] [] 
[5] [6]
Overfull \hbox (7.98096pt too wide) in paragraph at lines 328--328
 []\T1/zi4/m/n/9 # model = "Pagonis2008" (palaeodose = 200 Gy) and simulate_sam
ple_history = FALSE (default),[] 

Overfull \hbox (3.48096pt too wide) in paragraph at lines 359--359
 []\T1/zi4/m/n/9 # model = "Pagonis2007" (palaeodose = 20 Gy) and simulate_samp
le_history = FALSE (default),[] 

Underfull \vbox (badness 10000) has occurred while \output is active [7]
Underfull \vbox (badness 10000) has occurred while \output is active [8]
(/usr/local/texlive/2016/texmf-dist/tex/latex/base/utf8.def)
Underfull \hbox (badness 10000) in paragraph at lines 487--488


Underfull \hbox (badness 10000) in paragraph at lines 489--490


Overfull \hbox (45.4482pt too wide) in paragraph at lines 493--495
[]\T1/ptm/m/n/10 This func-tion re-turns a [][]\T1/zi4/m/n/10 list[][][] \T1/pt
m/m/n/10 with the parsed *.seq file and the re-quired steps for [][]\T1/zi4/m/n
/10 model_LuminescenceSignals[][][]\T1/ptm/m/n/10 . 
[9]
Overfull \hbox (29.78088pt too wide) in paragraph at lines 506--508
\T1/zi4/m/n/10 media / Andre _ Universitetsenheder / Nutech / Produkter % 20og 
% 20services / Dosimetri / radiation _
No file Rd2.ind.
[10] (./Rd2.aux)

Package rerunfilecheck Warning: File `Rd2.out' has changed.
(rerunfilecheck)                Rerun to get outlines right
(rerunfilecheck)                or use package `bookmark'.

 )
(see the transcript file for additional information)pdfTeX warning (dest): name
{Rfn.readLines} has been referenced but does not exist, replaced by a fixed one


pdfTeX warning (dest): name{Rfn.RLum.Rdash.class} has been referenced but does 
not exist, replaced by a fixed one

pdfTeX warning (dest): name{Rfn.plot} has been referenced but does not exist, r
eplaced by a fixed one

pdfTeX warning (dest): name{Rfn.RLum.Data.Curve.Rdash.class} has been reference
d but does not exist, replaced by a fixed one

pdfTeX warning (dest): name{Rfn.plot.default} has been referenced but does not 
exist, replaced by a fixed one

pdfTeX warning (dest): name{Rfn.logical} has been referenced but does not exist
, replaced by a fixed one

pdfTeX warning (dest): name{Rfn.numeric} has been referenced but does not exist
, replaced by a fixed one

pdfTeX warning (dest): name{Rfn.character} has been referenced but does not exi
st, replaced by a fixed one

pdfTeX warning (dest): name{Rfn.plot.Rul.RLum.Analysis} has been referenced but
 does not exist, replaced by a fixed one

pdfTeX warning (dest): name{Rfn.RLum.Analysis.Rdash.class} has been referenced 
but does not exist, replaced by a fixed one

pdfTeX warning (dest): name{Rfn.list} has been referenced but does not exist, r
eplaced by a fixed one

{/usr/local/texlive/2016/texmf-dist/fonts/enc/dvips/base/8r.enc}{/usr/local/tex
live/2016/texmf-dist/fonts/enc/dvips/inconsolata/i4-t1-0.enc}</usr/local/texliv
e/2016/texmf-dist/fonts/type1/public/inconsolata/Inconsolata-zi4r.pfb></usr/loc
al/texlive/2016/texmf-dist/fonts/type1/public/amsfonts/cm/cmsy7.pfb></usr/local
/texlive/2016/texmf-dist/fonts/type1/urw/helvetic/uhvr8a.pfb></usr/local/texliv
e/2016/texmf-dist/fonts/type1/urw/times/utmb8a.pfb></usr/local/texlive/2016/tex
mf-dist/fonts/type1/urw/times/utmr8a.pfb></usr/local/texlive/2016/texmf-dist/fo
nts/type1/urw/times/utmr8a.pfb></usr/local/texlive/2016/texmf-dist/fonts/type1/
urw/times/utmri8a.pfb>
Output written on Rd2.pdf (10 pages, 112771 bytes).
Transcript written on Rd2.log.
This is makeindex, version 2.15 [TeX Live 2016] (kpathsea + Thai support).
Scanning input file Rd2.idx....done (31 entries accepted, 0 rejected).
Sorting entries....done (155 comparisons).
Generating output file Rd2.ind....done (51 lines written, 0 warnings).
Output written in Rd2.ind.
Transcript written in Rd2.ilg.
This is pdfTeX, Version 3.14159265-2.6-1.40.17 (TeX Live 2016) (preloaded format=pdflatex)
 restricted \write18 enabled.
entering extended mode
LaTeX2e <2016/03/31>
Babel <3.9r> and hyphenation patterns for 83 language(s) loaded.
(./Rd2.tex
(/usr/local/texlive/2016/texmf-dist/tex/latex/base/book.cls
Document Class: book 2014/09/29 v1.4h Standard LaTeX document class
(/usr/local/texlive/2016/texmf-dist/tex/latex/base/bk10.clo))
(/Library/Frameworks/R.framework/Resources/share/texmf/tex/latex/Rd.sty
(/usr/local/texlive/2016/texmf-dist/tex/latex/base/ifthen.sty)
(/usr/local/texlive/2016/texmf-dist/tex/latex/tools/longtable.sty)
(/usr/local/texlive/2016/texmf-dist/tex/latex/tools/bm.sty)
(/usr/local/texlive/2016/texmf-dist/tex/latex/base/alltt.sty)
(/usr/local/texlive/2016/texmf-dist/tex/latex/tools/verbatim.sty)
(/usr/local/texlive/2016/texmf-dist/tex/latex/url/url.sty)
(/usr/local/texlive/2016/texmf-dist/tex/latex/base/textcomp.sty
(/usr/local/texlive/2016/texmf-dist/tex/latex/base/ts1enc.def))
(/usr/local/texlive/2016/texmf-dist/tex/latex/base/fontenc.sty
(/usr/local/texlive/2016/texmf-dist/tex/latex/base/t1enc.def))
(/usr/local/texlive/2016/texmf-dist/tex/latex/psnfss/times.sty)
(/usr/local/texlive/2016/texmf-dist/tex/latex/inconsolata/zi4.sty
`inconsolata-zi4' v1.10, 2016/02/22 Text macros for Inconsolata (msharpe)
(/usr/local/texlive/2016/texmf-dist/tex/latex/graphics/keyval.sty))
(/usr/local/texlive/2016/texmf-dist/tex/latex/graphics/color.sty
(/usr/local/texlive/2016/texmf-dist/tex/latex/graphics-cfg/color.cfg)
(/usr/local/texlive/2016/texmf-dist/tex/latex/pdftex-def/pdftex.def
(/usr/local/texlive/2016/texmf-dist/tex/generic/oberdiek/infwarerr.sty)
(/usr/local/texlive/2016/texmf-dist/tex/generic/oberdiek/ltxcmds.sty)))
(/usr/local/texlive/2016/texmf-dist/tex/latex/hyperref/hyperref.sty
(/usr/local/texlive/2016/texmf-dist/tex/generic/oberdiek/hobsub-hyperref.sty
(/usr/local/texlive/2016/texmf-dist/tex/generic/oberdiek/hobsub-generic.sty))
(/usr/local/texlive/2016/texmf-dist/tex/generic/ifxetex/ifxetex.sty)
(/usr/local/texlive/2016/texmf-dist/tex/latex/oberdiek/auxhook.sty)
(/usr/local/texlive/2016/texmf-dist/tex/latex/oberdiek/kvoptions.sty)
(/usr/local/texlive/2016/texmf-dist/tex/latex/hyperref/pd1enc.def)
(/usr/local/texlive/2016/texmf-dist/tex/latex/latexconfig/hyperref.cfg))

Package hyperref Message: Driver (autodetected): hpdftex.

(/usr/local/texlive/2016/texmf-dist/tex/latex/hyperref/hpdftex.def
(/usr/local/texlive/2016/texmf-dist/tex/latex/oberdiek/rerunfilecheck.sty))

Package hyperref Warning: Option `hyperindex' has already been used,
(hyperref)                setting the option has no effect on input line 366.


Package hyperref Warning: Option `pagebackref' has already been used,
(hyperref)                setting the option has no effect on input line 366.

) (/usr/local/texlive/2016/texmf-dist/tex/latex/base/makeidx.sty)
(/usr/local/texlive/2016/texmf-dist/tex/latex/base/inputenc.sty
(/usr/local/texlive/2016/texmf-dist/tex/latex/base/utf8.def
(/usr/local/texlive/2016/texmf-dist/tex/latex/base/t1enc.dfu)
(/usr/local/texlive/2016/texmf-dist/tex/latex/base/ot1enc.dfu)
(/usr/local/texlive/2016/texmf-dist/tex/latex/base/omsenc.dfu)
(/usr/local/texlive/2016/texmf-dist/tex/latex/base/ts1enc.dfu))
(/usr/local/texlive/2016/texmf-dist/tex/latex/base/latin1.def))
Writing index file Rd2.idx
(./Rd2.aux) (/usr/local/texlive/2016/texmf-dist/tex/latex/base/ts1cmr.fd)
(/usr/local/texlive/2016/texmf-dist/tex/latex/psnfss/t1ptm.fd)
(/usr/local/texlive/2016/texmf-dist/tex/context/base/mkii/supp-pdf.mkii
[Loading MPS to PDF converter (version 2006.09.02).]
) (/usr/local/texlive/2016/texmf-dist/tex/latex/hyperref/nameref.sty
(/usr/local/texlive/2016/texmf-dist/tex/generic/oberdiek/gettitlestring.sty))
(./Rd2.out) (./Rd2.out)
(/usr/local/texlive/2016/texmf-dist/tex/latex/inconsolata/t1zi4.fd)
(/usr/local/texlive/2016/texmf-dist/tex/latex/psnfss/t1phv.fd) (./Rd2.toc)
(/usr/local/texlive/2016/texmf-dist/tex/latex/base/utf8.def) [1{/usr/local/texl
ive/2016/texmf-var/fonts/map/pdftex/updmap/pdftex.map}]
Underfull \hbox (badness 10000) in paragraph at lines 77--78


Underfull \hbox (badness 10000) in paragraph at lines 79--81


Underfull \hbox (badness 10000) in paragraph at lines 82--87


Overfull \hbox (3.4564pt too wide) in paragraph at lines 95--97
\T1/ptm/m/n/10 'Mod-elling quartz lu-mi-nes-cence sig-nal dy-nam-ics rel-e-vant
 for dat-ing and dosime-try' (SCHM 305114-
[2] (/usr/local/texlive/2016/texmf-dist/tex/latex/base/utf8.def)
(/usr/local/texlive/2016/texmf-dist/tex/latex/base/utf8.def) [3]
Underfull \hbox (badness 10000) in paragraph at lines 191--192


Overfull \hbox (101.80542pt too wide) in alignment at lines 205--205
 [] [] [] 
[4]
Underfull \hbox (badness 10000) in paragraph at lines 209--210


Overfull \hbox (6.53053pt too wide) in alignment at lines 225--225
 [] [] [] 
[5] [6]
Overfull \hbox (7.98096pt too wide) in paragraph at lines 328--328
 []\T1/zi4/m/n/9 # model = "Pagonis2008" (palaeodose = 200 Gy) and simulate_sam
ple_history = FALSE (default),[] 

Overfull \hbox (3.48096pt too wide) in paragraph at lines 359--359
 []\T1/zi4/m/n/9 # model = "Pagonis2007" (palaeodose = 20 Gy) and simulate_samp
le_history = FALSE (default),[] 

Underfull \vbox (badness 10000) has occurred while \output is active [7]
Underfull \vbox (badness 10000) has occurred while \output is active [8]
(/usr/local/texlive/2016/texmf-dist/tex/latex/base/utf8.def)
Underfull \hbox (badness 10000) in paragraph at lines 487--488


Underfull \hbox (badness 10000) in paragraph at lines 489--490


Overfull \hbox (45.4482pt too wide) in paragraph at lines 493--495
[]\T1/ptm/m/n/10 This func-tion re-turns a [][]\T1/zi4/m/n/10 list[][][] \T1/pt
m/m/n/10 with the parsed *.seq file and the re-quired steps for [][]\T1/zi4/m/n
/10 model_LuminescenceSignals[][][]\T1/ptm/m/n/10 . 
[9]
Overfull \hbox (29.78088pt too wide) in paragraph at lines 506--508
\T1/zi4/m/n/10 media / Andre _ Universitetsenheder / Nutech / Produkter % 20og 
% 20services / Dosimetri / radiation _
(./Rd2.ind [10]

LaTeX Font Warning: Font shape `T1/zi4/m/it' undefined
(Font)              using `T1/zi4/m/n' instead on input line 26.

[11]) (./Rd2.aux)

Package rerunfilecheck Warning: File `Rd2.out' has changed.
(rerunfilecheck)                Rerun to get outlines right
(rerunfilecheck)                or use package `bookmark'.


LaTeX Font Warning: Some font shapes were not available, defaults substituted.

 )
(see the transcript file for additional information)pdfTeX warning (dest): name
{Rfn.readLines} has been referenced but does not exist, replaced by a fixed one


pdfTeX warning (dest): name{Rfn.RLum.Rdash.class} has been referenced but does 
not exist, replaced by a fixed one

pdfTeX warning (dest): name{Rfn.plot} has been referenced but does not exist, r
eplaced by a fixed one

pdfTeX warning (dest): name{Rfn.RLum.Data.Curve.Rdash.class} has been reference
d but does not exist, replaced by a fixed one

pdfTeX warning (dest): name{Rfn.plot.default} has been referenced but does not 
exist, replaced by a fixed one

pdfTeX warning (dest): name{Rfn.logical} has been referenced but does not exist
, replaced by a fixed one

pdfTeX warning (dest): name{Rfn.numeric} has been referenced but does not exist
, replaced by a fixed one

pdfTeX warning (dest): name{Rfn.character} has been referenced but does not exi
st, replaced by a fixed one

pdfTeX warning (dest): name{Rfn.plot.Rul.RLum.Analysis} has been referenced but
 does not exist, replaced by a fixed one

pdfTeX warning (dest): name{Rfn.RLum.Analysis.Rdash.class} has been referenced 
but does not exist, replaced by a fixed one

pdfTeX warning (dest): name{Rfn.list} has been referenced but does not exist, r
eplaced by a fixed one

{/usr/local/texlive/2016/texmf-dist/fonts/enc/dvips/base/8r.enc}{/usr/local/tex
live/2016/texmf-dist/fonts/enc/dvips/inconsolata/i4-t1-0.enc}</usr/local/texliv
e/2016/texmf-dist/fonts/type1/public/inconsolata/Inconsolata-zi4r.pfb></usr/loc
al/texlive/2016/texmf-dist/fonts/type1/public/amsfonts/cm/cmsy10.pfb></usr/loca
l/texlive/2016/texmf-dist/fonts/type1/public/amsfonts/cm/cmsy7.pfb></usr/local/
texlive/2016/texmf-dist/fonts/type1/urw/helvetic/uhvr8a.pfb></usr/local/texlive
/2016/texmf-dist/fonts/type1/urw/times/utmb8a.pfb></usr/local/texlive/2016/texm
f-dist/fonts/type1/urw/times/utmr8a.pfb></usr/local/texlive/2016/texmf-dist/fon
ts/type1/urw/times/utmr8a.pfb></usr/local/texlive/2016/texmf-dist/fonts/type1/u
rw/times/utmri8a.pfb>
Output written on Rd2.pdf (11 pages, 122963 bytes).
Transcript written on Rd2.log.
This is makeindex, version 2.15 [TeX Live 2016] (kpathsea + Thai support).
Scanning input file Rd2.idx....done (31 entries accepted, 0 rejected).
Sorting entries....done (155 comparisons).
Generating output file Rd2.ind....done (51 lines written, 0 warnings).
Output written in Rd2.ind.
Transcript written in Rd2.ilg.
This is pdfTeX, Version 3.14159265-2.6-1.40.17 (TeX Live 2016) (preloaded format=pdflatex)
 restricted \write18 enabled.
entering extended mode
LaTeX2e <2016/03/31>
Babel <3.9r> and hyphenation patterns for 83 language(s) loaded.
(./Rd2.tex
(/usr/local/texlive/2016/texmf-dist/tex/latex/base/book.cls
Document Class: book 2014/09/29 v1.4h Standard LaTeX document class
(/usr/local/texlive/2016/texmf-dist/tex/latex/base/bk10.clo))
(/Library/Frameworks/R.framework/Resources/share/texmf/tex/latex/Rd.sty
(/usr/local/texlive/2016/texmf-dist/tex/latex/base/ifthen.sty)
(/usr/local/texlive/2016/texmf-dist/tex/latex/tools/longtable.sty)
(/usr/local/texlive/2016/texmf-dist/tex/latex/tools/bm.sty)
(/usr/local/texlive/2016/texmf-dist/tex/latex/base/alltt.sty)
(/usr/local/texlive/2016/texmf-dist/tex/latex/tools/verbatim.sty)
(/usr/local/texlive/2016/texmf-dist/tex/latex/url/url.sty)
(/usr/local/texlive/2016/texmf-dist/tex/latex/base/textcomp.sty
(/usr/local/texlive/2016/texmf-dist/tex/latex/base/ts1enc.def))
(/usr/local/texlive/2016/texmf-dist/tex/latex/base/fontenc.sty
(/usr/local/texlive/2016/texmf-dist/tex/latex/base/t1enc.def))
(/usr/local/texlive/2016/texmf-dist/tex/latex/psnfss/times.sty)
(/usr/local/texlive/2016/texmf-dist/tex/latex/inconsolata/zi4.sty
`inconsolata-zi4' v1.10, 2016/02/22 Text macros for Inconsolata (msharpe)
(/usr/local/texlive/2016/texmf-dist/tex/latex/graphics/keyval.sty))
(/usr/local/texlive/2016/texmf-dist/tex/latex/graphics/color.sty
(/usr/local/texlive/2016/texmf-dist/tex/latex/graphics-cfg/color.cfg)
(/usr/local/texlive/2016/texmf-dist/tex/latex/pdftex-def/pdftex.def
(/usr/local/texlive/2016/texmf-dist/tex/generic/oberdiek/infwarerr.sty)
(/usr/local/texlive/2016/texmf-dist/tex/generic/oberdiek/ltxcmds.sty)))
(/usr/local/texlive/2016/texmf-dist/tex/latex/hyperref/hyperref.sty
(/usr/local/texlive/2016/texmf-dist/tex/generic/oberdiek/hobsub-hyperref.sty
(/usr/local/texlive/2016/texmf-dist/tex/generic/oberdiek/hobsub-generic.sty))
(/usr/local/texlive/2016/texmf-dist/tex/generic/ifxetex/ifxetex.sty)
(/usr/local/texlive/2016/texmf-dist/tex/latex/oberdiek/auxhook.sty)
(/usr/local/texlive/2016/texmf-dist/tex/latex/oberdiek/kvoptions.sty)
(/usr/local/texlive/2016/texmf-dist/tex/latex/hyperref/pd1enc.def)
(/usr/local/texlive/2016/texmf-dist/tex/latex/latexconfig/hyperref.cfg))

Package hyperref Message: Driver (autodetected): hpdftex.

(/usr/local/texlive/2016/texmf-dist/tex/latex/hyperref/hpdftex.def
(/usr/local/texlive/2016/texmf-dist/tex/latex/oberdiek/rerunfilecheck.sty))

Package hyperref Warning: Option `hyperindex' has already been used,
(hyperref)                setting the option has no effect on input line 366.


Package hyperref Warning: Option `pagebackref' has already been used,
(hyperref)                setting the option has no effect on input line 366.

) (/usr/local/texlive/2016/texmf-dist/tex/latex/base/makeidx.sty)
(/usr/local/texlive/2016/texmf-dist/tex/latex/base/inputenc.sty
(/usr/local/texlive/2016/texmf-dist/tex/latex/base/utf8.def
(/usr/local/texlive/2016/texmf-dist/tex/latex/base/t1enc.dfu)
(/usr/local/texlive/2016/texmf-dist/tex/latex/base/ot1enc.dfu)
(/usr/local/texlive/2016/texmf-dist/tex/latex/base/omsenc.dfu)
(/usr/local/texlive/2016/texmf-dist/tex/latex/base/ts1enc.dfu))
(/usr/local/texlive/2016/texmf-dist/tex/latex/base/latin1.def))
Writing index file Rd2.idx
(./Rd2.aux) (/usr/local/texlive/2016/texmf-dist/tex/latex/base/ts1cmr.fd)
(/usr/local/texlive/2016/texmf-dist/tex/latex/psnfss/t1ptm.fd)
(/usr/local/texlive/2016/texmf-dist/tex/context/base/mkii/supp-pdf.mkii
[Loading MPS to PDF converter (version 2006.09.02).]
) (/usr/local/texlive/2016/texmf-dist/tex/latex/hyperref/nameref.sty
(/usr/local/texlive/2016/texmf-dist/tex/generic/oberdiek/gettitlestring.sty))
(./Rd2.out) (./Rd2.out)
(/usr/local/texlive/2016/texmf-dist/tex/latex/inconsolata/t1zi4.fd)
(/usr/local/texlive/2016/texmf-dist/tex/latex/psnfss/t1phv.fd) (./Rd2.toc
[1{/usr/local/texlive/2016/texmf-var/fonts/map/pdftex/updmap/pdftex.map}])
(/usr/local/texlive/2016/texmf-dist/tex/latex/base/utf8.def)
Underfull \hbox (badness 10000) in paragraph at lines 77--78


Underfull \hbox (badness 10000) in paragraph at lines 79--81


Underfull \hbox (badness 10000) in paragraph at lines 82--87


Overfull \hbox (3.4564pt too wide) in paragraph at lines 95--97
\T1/ptm/m/n/10 'Mod-elling quartz lu-mi-nes-cence sig-nal dy-nam-ics rel-e-vant
 for dat-ing and dosime-try' (SCHM 305114-
[2] (/usr/local/texlive/2016/texmf-dist/tex/latex/base/utf8.def)
(/usr/local/texlive/2016/texmf-dist/tex/latex/base/utf8.def) [3]
Underfull \hbox (badness 10000) in paragraph at lines 191--192


Overfull \hbox (101.80542pt too wide) in alignment at lines 205--205
 [] [] [] 
[4]
Underfull \hbox (badness 10000) in paragraph at lines 209--210


Overfull \hbox (6.53053pt too wide) in alignment at lines 225--225
 [] [] [] 
[5] [6]
Overfull \hbox (7.98096pt too wide) in paragraph at lines 328--328
 []\T1/zi4/m/n/9 # model = "Pagonis2008" (palaeodose = 200 Gy) and simulate_sam
ple_history = FALSE (default),[] 

Overfull \hbox (3.48096pt too wide) in paragraph at lines 359--359
 []\T1/zi4/m/n/9 # model = "Pagonis2007" (palaeodose = 20 Gy) and simulate_samp
le_history = FALSE (default),[] 

Underfull \vbox (badness 10000) has occurred while \output is active [7]
Underfull \vbox (badness 10000) has occurred while \output is active [8]
(/usr/local/texlive/2016/texmf-dist/tex/latex/base/utf8.def)
Underfull \hbox (badness 10000) in paragraph at lines 487--488


Underfull \hbox (badness 10000) in paragraph at lines 489--490


Overfull \hbox (45.4482pt too wide) in paragraph at lines 493--495
[]\T1/ptm/m/n/10 This func-tion re-turns a [][]\T1/zi4/m/n/10 list[][][] \T1/pt
m/m/n/10 with the parsed *.seq file and the re-quired steps for [][]\T1/zi4/m/n
/10 model_LuminescenceSignals[][][]\T1/ptm/m/n/10 . 
[9]
Overfull \hbox (29.78088pt too wide) in paragraph at lines 506--508
\T1/zi4/m/n/10 media / Andre _ Universitetsenheder / Nutech / Produkter % 20og 
% 20services / Dosimetri / radiation _
(./Rd2.ind [10]

LaTeX Font Warning: Font shape `T1/zi4/m/it' undefined
(Font)              using `T1/zi4/m/n' instead on input line 26.

[11]) (./Rd2.aux)

LaTeX Font Warning: Some font shapes were not available, defaults substituted.

 )
(see the transcript file for additional information)pdfTeX warning (dest): name
{Rfn.readLines} has been referenced but does not exist, replaced by a fixed one


pdfTeX warning (dest): name{Rfn.RLum.Rdash.class} has been referenced but does 
not exist, replaced by a fixed one

pdfTeX warning (dest): name{Rfn.plot} has been referenced but does not exist, r
eplaced by a fixed one

pdfTeX warning (dest): name{Rfn.RLum.Data.Curve.Rdash.class} has been reference
d but does not exist, replaced by a fixed one

pdfTeX warning (dest): name{Rfn.plot.default} has been referenced but does not 
exist, replaced by a fixed one

pdfTeX warning (dest): name{Rfn.logical} has been referenced but does not exist
, replaced by a fixed one

pdfTeX warning (dest): name{Rfn.numeric} has been referenced but does not exist
, replaced by a fixed one

pdfTeX warning (dest): name{Rfn.character} has been referenced but does not exi
st, replaced by a fixed one

pdfTeX warning (dest): name{Rfn.plot.Rul.RLum.Analysis} has been referenced but
 does not exist, replaced by a fixed one

pdfTeX warning (dest): name{Rfn.RLum.Analysis.Rdash.class} has been referenced 
but does not exist, replaced by a fixed one

pdfTeX warning (dest): name{Rfn.list} has been referenced but does not exist, r
eplaced by a fixed one

{/usr/local/texlive/2016/texmf-dist/fonts/enc/dvips/base/8r.enc}{/usr/local/tex
live/2016/texmf-dist/fonts/enc/dvips/inconsolata/i4-t1-0.enc}</usr/local/texliv
e/2016/texmf-dist/fonts/type1/public/inconsolata/Inconsolata-zi4r.pfb></usr/loc
al/texlive/2016/texmf-dist/fonts/type1/public/amsfonts/cm/cmsy10.pfb></usr/loca
l/texlive/2016/texmf-dist/fonts/type1/public/amsfonts/cm/cmsy7.pfb></usr/local/
texlive/2016/texmf-dist/fonts/type1/urw/helvetic/uhvr8a.pfb></usr/local/texlive
/2016/texmf-dist/fonts/type1/urw/times/utmb8a.pfb></usr/local/texlive/2016/texm
f-dist/fonts/type1/urw/times/utmr8a.pfb></usr/local/texlive/2016/texmf-dist/fon
ts/type1/urw/times/utmr8a.pfb></usr/local/texlive/2016/texmf-dist/fonts/type1/u
rw/times/utmri8a.pfb>
Output written on Rd2.pdf (11 pages, 123176 bytes).
Transcript written on Rd2.log.
Saving output to 'RLumModel-manual.pdf' ...
Done
You may want to clean up by 'rm -rf /var/folders/yz/3s5p1pss4352wtlzt9_bzbp00000gp/T//RtmpbP0qhN/Rd2pdf17bd58c64caa'
